                                      1 ;--------------------------------------------------------
                                      2 ; File Created by SDCC : free open source ANSI-C Compiler
                                      3 ; Version 3.3.1 #8804 (Aug  6 2013) (Linux)
                                      4 ; This file was generated Mon Aug 25 04:16:53 2014
                                      5 ;--------------------------------------------------------
                                      6 	.module iic
                                      7 	.optsdcc -mmcs51 --model-huge
                                      8 	
                                      9 ;--------------------------------------------------------
                                     10 ; Public variables in this module
                                     11 ;--------------------------------------------------------
                                     12 	.globl _clock_delay_usec
                                     13 	.globl _ACTIVE
                                     14 	.globl _TX_BYTE
                                     15 	.globl _RX_BYTE
                                     16 	.globl _ERR
                                     17 	.globl _FE
                                     18 	.globl _SLAVE
                                     19 	.globl _RE
                                     20 	.globl _MODE
                                     21 	.globl _T3OVFIF
                                     22 	.globl _T3CH0IF
                                     23 	.globl _T3CH1IF
                                     24 	.globl _T4OVFIF
                                     25 	.globl _T4CH0IF
                                     26 	.globl _T4CH1IF
                                     27 	.globl _OVFIM
                                     28 	.globl _B_0
                                     29 	.globl _B_1
                                     30 	.globl _B_2
                                     31 	.globl _B_3
                                     32 	.globl _B_4
                                     33 	.globl _B_5
                                     34 	.globl _B_6
                                     35 	.globl _B_7
                                     36 	.globl _P2IF
                                     37 	.globl _UTX0IF
                                     38 	.globl _UTX1IF
                                     39 	.globl _P1IF
                                     40 	.globl _WDTIF
                                     41 	.globl _ACC_0
                                     42 	.globl _ACC_1
                                     43 	.globl _ACC_2
                                     44 	.globl _ACC_3
                                     45 	.globl _ACC_4
                                     46 	.globl _ACC_5
                                     47 	.globl _ACC_6
                                     48 	.globl _ACC_7
                                     49 	.globl _P
                                     50 	.globl _F1
                                     51 	.globl _OV
                                     52 	.globl _RS0
                                     53 	.globl _RS1
                                     54 	.globl _F0
                                     55 	.globl _AC
                                     56 	.globl _CY
                                     57 	.globl _DMAIF
                                     58 	.globl _T1IF
                                     59 	.globl _T2IF
                                     60 	.globl _T3IF
                                     61 	.globl _T4IF
                                     62 	.globl _P0IF
                                     63 	.globl _STIF
                                     64 	.globl _DMAIE
                                     65 	.globl _T1IE
                                     66 	.globl _T2IE
                                     67 	.globl _T3IE
                                     68 	.globl _T4IE
                                     69 	.globl _P0IE
                                     70 	.globl _RFERRIE
                                     71 	.globl _ADCIE
                                     72 	.globl _URX0IE
                                     73 	.globl _URX1IE
                                     74 	.globl _ENCIE
                                     75 	.globl _STIE
                                     76 	.globl _EA
                                     77 	.globl _P2_0
                                     78 	.globl _P2_1
                                     79 	.globl _P2_2
                                     80 	.globl _P2_3
                                     81 	.globl _P2_4
                                     82 	.globl _P2_5
                                     83 	.globl _P2_6
                                     84 	.globl _P2_7
                                     85 	.globl _ENCIF_0
                                     86 	.globl _ENCIF_1
                                     87 	.globl _P1_0
                                     88 	.globl _P1_1
                                     89 	.globl _P1_2
                                     90 	.globl _P1_3
                                     91 	.globl _P1_4
                                     92 	.globl _P1_5
                                     93 	.globl _P1_6
                                     94 	.globl _P1_7
                                     95 	.globl _IT0
                                     96 	.globl _RFERRIF
                                     97 	.globl _IT1
                                     98 	.globl _URX0IF
                                     99 	.globl _ADCIF
                                    100 	.globl _URX1IF
                                    101 	.globl _P0_0
                                    102 	.globl _P0_1
                                    103 	.globl _P0_2
                                    104 	.globl _P0_3
                                    105 	.globl _P0_4
                                    106 	.globl _P0_5
                                    107 	.globl _P0_6
                                    108 	.globl _P0_7
                                    109 	.globl _WDCTL
                                    110 	.globl _U1GCR
                                    111 	.globl _U1UCR
                                    112 	.globl _U1BAUD
                                    113 	.globl _U1DBUF
                                    114 	.globl _U1CSR
                                    115 	.globl _U0GCR
                                    116 	.globl _U0UCR
                                    117 	.globl _U0BAUD
                                    118 	.globl _U0DBUF
                                    119 	.globl _U0CSR
                                    120 	.globl _TIMIF
                                    121 	.globl _T4CC1
                                    122 	.globl _T4CCTL1
                                    123 	.globl _T4CC0
                                    124 	.globl _T4CCTL0
                                    125 	.globl _T4CTL
                                    126 	.globl _T4CNT
                                    127 	.globl _T3CC1
                                    128 	.globl _T3CCTL1
                                    129 	.globl _T3CC0
                                    130 	.globl _T3CCTL0
                                    131 	.globl _T3CTL
                                    132 	.globl _T3CNT
                                    133 	.globl _T2MSEL
                                    134 	.globl _T2IRQM
                                    135 	.globl _T2MOVF2
                                    136 	.globl _T2MOVF1
                                    137 	.globl _T2MOVF0
                                    138 	.globl _T2M1
                                    139 	.globl _T2M0
                                    140 	.globl _T2IRQF
                                    141 	.globl _T2EVTCFG
                                    142 	.globl _T2CTRL
                                    143 	.globl _T1STAT
                                    144 	.globl _T1CCTL2
                                    145 	.globl _T1CCTL1
                                    146 	.globl _T1CCTL0
                                    147 	.globl _T1CTL
                                    148 	.globl _T1CNTH
                                    149 	.globl _T1CNTL
                                    150 	.globl _T1CC2H
                                    151 	.globl _T1CC2L
                                    152 	.globl _T1CC1H
                                    153 	.globl _T1CC1L
                                    154 	.globl _T1CC0H
                                    155 	.globl _T1CC0L
                                    156 	.globl _CLKCONSTA
                                    157 	.globl _CLKCONCMD
                                    158 	.globl _SLEEPSTA
                                    159 	.globl _SLEEPCMD
                                    160 	.globl _STLOAD
                                    161 	.globl _ST2
                                    162 	.globl _ST1
                                    163 	.globl _ST0
                                    164 	.globl _RFERRF
                                    165 	.globl _RFIRQF0
                                    166 	.globl _RFST
                                    167 	.globl _RFD
                                    168 	.globl _RFIRQF1
                                    169 	.globl _PSBANK
                                    170 	.globl _FMAP
                                    171 	.globl _MEMCTR
                                    172 	.globl __XPAGE
                                    173 	.globl _MPAGE
                                    174 	.globl _PMUX
                                    175 	.globl _P2DIR
                                    176 	.globl _P1DIR
                                    177 	.globl _P0DIR
                                    178 	.globl _P2INP
                                    179 	.globl _P1INP
                                    180 	.globl _P2SEL
                                    181 	.globl _P1SEL
                                    182 	.globl _P0SEL
                                    183 	.globl _APCFG
                                    184 	.globl _PERCFG
                                    185 	.globl _P0INP
                                    186 	.globl _P2IEN
                                    187 	.globl _P1IEN
                                    188 	.globl _P0IEN
                                    189 	.globl _PICTL
                                    190 	.globl _P2IFG
                                    191 	.globl _P1IFG
                                    192 	.globl _P0IFG
                                    193 	.globl _DMAREQ
                                    194 	.globl _DMAARM
                                    195 	.globl _DMA0CFGH
                                    196 	.globl _DMA0CFGL
                                    197 	.globl _DMA1CFGH
                                    198 	.globl _DMA1CFGL
                                    199 	.globl _DMAIRQ
                                    200 	.globl _ENCCS
                                    201 	.globl _ENCDO
                                    202 	.globl _ENCDI
                                    203 	.globl _RNDH
                                    204 	.globl _RNDL
                                    205 	.globl _ADCH
                                    206 	.globl _ADCL
                                    207 	.globl _ADCCON3
                                    208 	.globl _ADCCON2
                                    209 	.globl _ADCCON1
                                    210 	.globl _B
                                    211 	.globl _IRCON2
                                    212 	.globl _ACC
                                    213 	.globl _PSW
                                    214 	.globl _IRCON
                                    215 	.globl _IP1
                                    216 	.globl _IEN1
                                    217 	.globl _IP0
                                    218 	.globl _IEN0
                                    219 	.globl _P2
                                    220 	.globl _S1CON
                                    221 	.globl _IEN2
                                    222 	.globl _S0CON
                                    223 	.globl _DPS
                                    224 	.globl _P1
                                    225 	.globl _TCON
                                    226 	.globl _PCON
                                    227 	.globl _DPH1
                                    228 	.globl _DPL1
                                    229 	.globl _DPH0
                                    230 	.globl _DPL0
                                    231 	.globl _SP
                                    232 	.globl _P0
                                    233 	.globl _X_IEEE_ADDR
                                    234 	.globl _X_INFOPAGE
                                    235 	.globl _X_P2DIR
                                    236 	.globl _X_P1DIR
                                    237 	.globl _X_P0DIR
                                    238 	.globl _X_U1GCR
                                    239 	.globl _X_U1UCR
                                    240 	.globl _X_U1BAUD
                                    241 	.globl _X_U1DBUF
                                    242 	.globl _X_U1CSR
                                    243 	.globl _X_P2INP
                                    244 	.globl _X_P1INP
                                    245 	.globl _X_P2SEL
                                    246 	.globl _X_P1SEL
                                    247 	.globl _X_P0SEL
                                    248 	.globl _X_APCFG
                                    249 	.globl _X_PERCFG
                                    250 	.globl _X_T4CC1
                                    251 	.globl _X_T4CCTL1
                                    252 	.globl _X_T4CC0
                                    253 	.globl _X_T4CCTL0
                                    254 	.globl _X_T4CTL
                                    255 	.globl _X_T4CNT
                                    256 	.globl _X_RFIRQF0
                                    257 	.globl _X_T1CCTL2
                                    258 	.globl _X_T1CCTL1
                                    259 	.globl _X_T1CCTL0
                                    260 	.globl _X_T1CTL
                                    261 	.globl _X_T1CNTH
                                    262 	.globl _X_T1CNTL
                                    263 	.globl _X_RFST
                                    264 	.globl _X_T1CC2H
                                    265 	.globl _X_T1CC2L
                                    266 	.globl _X_T1CC1H
                                    267 	.globl _X_T1CC1L
                                    268 	.globl _X_T1CC0H
                                    269 	.globl _X_T1CC0L
                                    270 	.globl _X_RFD
                                    271 	.globl _X_TIMIF
                                    272 	.globl _X_DMAREQ
                                    273 	.globl _X_DMAARM
                                    274 	.globl _X_DMA0CFGH
                                    275 	.globl _X_DMA0CFGL
                                    276 	.globl _X_DMA1CFGH
                                    277 	.globl _X_DMA1CFGL
                                    278 	.globl _X_DMAIRQ
                                    279 	.globl _X_T3CC1
                                    280 	.globl _X_T3CCTL1
                                    281 	.globl _X_T3CC0
                                    282 	.globl _X_T3CCTL0
                                    283 	.globl _X_T3CTL
                                    284 	.globl _X_T3CNT
                                    285 	.globl _X_WDCTL
                                    286 	.globl _X_MEMCTR
                                    287 	.globl _X_CLKCONCMD
                                    288 	.globl _X_U0GCR
                                    289 	.globl _X_U0UCR
                                    290 	.globl _X_T2MSEL
                                    291 	.globl _X_U0BAUD
                                    292 	.globl _X_U0DBUF
                                    293 	.globl _X_RFERRF
                                    294 	.globl _X_SLEEPCMD
                                    295 	.globl _X_RNDH
                                    296 	.globl _X_RNDL
                                    297 	.globl _X_ADCH
                                    298 	.globl _X_ADCL
                                    299 	.globl _X_ADCCON3
                                    300 	.globl _X_ADCCON2
                                    301 	.globl _X_ADCCON1
                                    302 	.globl _X_ENCCS
                                    303 	.globl _X_ENCDO
                                    304 	.globl _X_ENCDI
                                    305 	.globl _X_T1STAT
                                    306 	.globl _X_PMUX
                                    307 	.globl _X_STLOAD
                                    308 	.globl _X_P2IEN
                                    309 	.globl _X_P0IEN
                                    310 	.globl _X_T2IRQM
                                    311 	.globl _X_T2MOVF2
                                    312 	.globl _X_T2MOVF1
                                    313 	.globl _X_T2MOVF0
                                    314 	.globl _X_T2M1
                                    315 	.globl _X_T2M0
                                    316 	.globl _X_T2IRQF
                                    317 	.globl _X_P2
                                    318 	.globl _X_PSBANK
                                    319 	.globl _X_FMAP
                                    320 	.globl _X_CLKCONSTA
                                    321 	.globl _X_SLEEPSTA
                                    322 	.globl _X_T2EVTCFG
                                    323 	.globl _X_ST2
                                    324 	.globl _X_ST1
                                    325 	.globl _X_ST0
                                    326 	.globl _X_T2CTRL
                                    327 	.globl _X__XPAGE
                                    328 	.globl _X_MPAGE
                                    329 	.globl _X_RFIRQF1
                                    330 	.globl _X_P1
                                    331 	.globl _X_P0INP
                                    332 	.globl _X_P1IEN
                                    333 	.globl _X_PICTL
                                    334 	.globl _X_P2IFG
                                    335 	.globl _X_P1IFG
                                    336 	.globl _X_P0IFG
                                    337 	.globl _X_U0CSR
                                    338 	.globl _X_P0
                                    339 	.globl _USBF5
                                    340 	.globl _USBF4
                                    341 	.globl _USBF3
                                    342 	.globl _USBF2
                                    343 	.globl _USBF1
                                    344 	.globl _USBF0
                                    345 	.globl _USBCNTH
                                    346 	.globl _USBCNTL
                                    347 	.globl _USBCNT0
                                    348 	.globl _USBCSOH
                                    349 	.globl _USBCSOL
                                    350 	.globl _USBMAXO
                                    351 	.globl _USBCSIH
                                    352 	.globl _USBCSIL
                                    353 	.globl _USBCS0
                                    354 	.globl _USBMAXI
                                    355 	.globl _USBCTRL
                                    356 	.globl _USBINDEX
                                    357 	.globl _USBFRMH
                                    358 	.globl _USBFRML
                                    359 	.globl _USBCIE
                                    360 	.globl _USBOIE
                                    361 	.globl _USBIIE
                                    362 	.globl _USBCIF
                                    363 	.globl _USBOIF
                                    364 	.globl _USBIIF
                                    365 	.globl _USBPOW
                                    366 	.globl _USBADDR
                                    367 	.globl _CSPT
                                    368 	.globl _CSPZ
                                    369 	.globl _CSPY
                                    370 	.globl _CSPX
                                    371 	.globl _CSPSTAT
                                    372 	.globl _CSPCTRL
                                    373 	.globl _CSPPROG23
                                    374 	.globl _CSPPROG22
                                    375 	.globl _CSPPROG21
                                    376 	.globl _CSPPROG20
                                    377 	.globl _CSPPROG19
                                    378 	.globl _CSPPROG18
                                    379 	.globl _CSPPROG17
                                    380 	.globl _CSPPROG16
                                    381 	.globl _CSPPROG15
                                    382 	.globl _CSPPROG14
                                    383 	.globl _CSPPROG13
                                    384 	.globl _CSPPROG12
                                    385 	.globl _CSPPROG11
                                    386 	.globl _CSPPROG10
                                    387 	.globl _CSPPROG9
                                    388 	.globl _CSPPROG8
                                    389 	.globl _CSPPROG7
                                    390 	.globl _CSPPROG6
                                    391 	.globl _CSPPROG5
                                    392 	.globl _CSPPROG4
                                    393 	.globl _CSPPROG3
                                    394 	.globl _CSPPROG2
                                    395 	.globl _CSPPROG1
                                    396 	.globl _CSPPROG0
                                    397 	.globl _RFC_OBS_CTRL2
                                    398 	.globl _RFC_OBS_CTRL1
                                    399 	.globl _RFC_OBS_CTRL0
                                    400 	.globl _TXFILTCFG
                                    401 	.globl _PTEST1
                                    402 	.globl _PTEST0
                                    403 	.globl _ATEST
                                    404 	.globl _DACTEST2
                                    405 	.globl _DACTEST1
                                    406 	.globl _DACTEST0
                                    407 	.globl _MDMTEST1
                                    408 	.globl _MDMTEST0
                                    409 	.globl _ADCTEST2
                                    410 	.globl _ADCTEST1
                                    411 	.globl _ADCTEST0
                                    412 	.globl _AGCCTRL3
                                    413 	.globl _AGCCTRL2
                                    414 	.globl _AGCCTRL1
                                    415 	.globl _AGCCTRL0
                                    416 	.globl _FSCAL3
                                    417 	.globl _FSCAL2
                                    418 	.globl _FSCAL1
                                    419 	.globl _FSCAL0
                                    420 	.globl _FSCTRL
                                    421 	.globl _RXCTRL
                                    422 	.globl _FREQEST
                                    423 	.globl _MDMCTRL1
                                    424 	.globl _MDMCTRL0
                                    425 	.globl _RFRND
                                    426 	.globl _RFERRM
                                    427 	.globl _RFIRQM1
                                    428 	.globl _RFIRQM0
                                    429 	.globl _TXLAST_PTR
                                    430 	.globl _TXFIRST_PTR
                                    431 	.globl _RXP1_PTR
                                    432 	.globl _RXLAST_PTR
                                    433 	.globl _RXFIRST_PTR
                                    434 	.globl _TXFIFOCNT
                                    435 	.globl _RXFIFOCNT
                                    436 	.globl _RXFIRST
                                    437 	.globl _RSSISTAT
                                    438 	.globl _RSSI
                                    439 	.globl _CCACTRL1
                                    440 	.globl _CCACTRL0
                                    441 	.globl _FSMCTRL
                                    442 	.globl _FIFOPCTRL
                                    443 	.globl _FSMSTAT1
                                    444 	.globl _FSMSTAT0
                                    445 	.globl _TXCTRL
                                    446 	.globl _TXPOWER
                                    447 	.globl _FREQCTRL
                                    448 	.globl _FREQTUNE
                                    449 	.globl _RXMASKCLR
                                    450 	.globl _RXMASKSET
                                    451 	.globl _RXENABLE
                                    452 	.globl _FRMCTRL1
                                    453 	.globl _FRMCTRL0
                                    454 	.globl _SRCEXTEN2
                                    455 	.globl _SRCEXTEN1
                                    456 	.globl _SRCEXTEN0
                                    457 	.globl _SRCSHORTEN2
                                    458 	.globl _SRCSHORTEN1
                                    459 	.globl _SRCSHORTEN0
                                    460 	.globl _SRCMATCH
                                    461 	.globl _FRMFILT1
                                    462 	.globl _FRMFILT0
                                    463 	.globl _SHORT_ADDR1
                                    464 	.globl _SHORT_ADDR0
                                    465 	.globl _PAN_ID1
                                    466 	.globl _PAN_ID0
                                    467 	.globl _EXT_ADDR7
                                    468 	.globl _EXT_ADDR6
                                    469 	.globl _EXT_ADDR5
                                    470 	.globl _EXT_ADDR4
                                    471 	.globl _EXT_ADDR3
                                    472 	.globl _EXT_ADDR2
                                    473 	.globl _EXT_ADDR1
                                    474 	.globl _EXT_ADDR0
                                    475 	.globl _SRCSHORTPENDEN2
                                    476 	.globl _SRCSHORTPENDEN1
                                    477 	.globl _SRCSHORTPENDEN0
                                    478 	.globl _SRCEXTPENDEN2
                                    479 	.globl _SRCEXTPENDEN1
                                    480 	.globl _SRCEXTPENDEN0
                                    481 	.globl _SRCRESINDEX
                                    482 	.globl _SRCRESMASK2
                                    483 	.globl _SRCRESMASK1
                                    484 	.globl _SRCRESMASK0
                                    485 	.globl _SRC_ADDR_TABLE
                                    486 	.globl _TXFIFO
                                    487 	.globl _RXFIFO
                                    488 	.globl _RFCORE_RAM
                                    489 	.globl _CMPCTL
                                    490 	.globl _OPAMPS
                                    491 	.globl _OPAMPC
                                    492 	.globl _STCV2
                                    493 	.globl _STCV1
                                    494 	.globl _STCV0
                                    495 	.globl _STCS
                                    496 	.globl _STCC
                                    497 	.globl _T1CC4H
                                    498 	.globl _T1CC4L
                                    499 	.globl _T1CC3H
                                    500 	.globl _T1CC3L
                                    501 	.globl _XX_T1CC2H
                                    502 	.globl _XX_T1CC2L
                                    503 	.globl _XX_T1CC1H
                                    504 	.globl _XX_T1CC1L
                                    505 	.globl _XX_T1CC0H
                                    506 	.globl _XX_T1CC0L
                                    507 	.globl _T1CCTL4
                                    508 	.globl _T1CCTL3
                                    509 	.globl _XX_T1CCTL2
                                    510 	.globl _XX_T1CCTL1
                                    511 	.globl _XX_T1CCTL0
                                    512 	.globl _CLD
                                    513 	.globl _IRCTL
                                    514 	.globl _CHIPINFO1
                                    515 	.globl _CHIPINFO0
                                    516 	.globl _FWDATA
                                    517 	.globl _FADDRH
                                    518 	.globl _FADDRL
                                    519 	.globl _FCTL
                                    520 	.globl _IVCTRL
                                    521 	.globl _BATTMON
                                    522 	.globl _SRCRC
                                    523 	.globl _DBGDATA
                                    524 	.globl _TESTREG0
                                    525 	.globl _CHIPID
                                    526 	.globl _CHVER
                                    527 	.globl _OBSSEL5
                                    528 	.globl _OBSSEL4
                                    529 	.globl _OBSSEL3
                                    530 	.globl _OBSSEL2
                                    531 	.globl _OBSSEL1
                                    532 	.globl _OBSSEL0
                                    533 	.globl _I2CIO
                                    534 	.globl _I2CWC
                                    535 	.globl _I2CADDR
                                    536 	.globl _I2CDATA
                                    537 	.globl _I2CSTAT
                                    538 	.globl _I2CCFG
                                    539 	.globl _OPAMPMC
                                    540 	.globl _MONMUX
                                    541 	.globl _I2C_Start
                                    542 	.globl _I2C_Stop
                                    543 	.globl _Sendack
                                    544 	.globl _I2C_Check_ack
                                    545 	.globl _I2C_Write_Byte
                                    546 	.globl _I2C_Read_Byte
                                    547 	.globl _I2C_Write
                                    548 	.globl _I2C_Read
                                    549 ;--------------------------------------------------------
                                    550 ; special function registers
                                    551 ;--------------------------------------------------------
                                    552 	.area RSEG    (ABS,DATA)
      000000                        553 	.org 0x0000
                           000080   554 _P0	=	0x0080
                           000081   555 _SP	=	0x0081
                           000082   556 _DPL0	=	0x0082
                           000083   557 _DPH0	=	0x0083
                           000084   558 _DPL1	=	0x0084
                           000085   559 _DPH1	=	0x0085
                           000087   560 _PCON	=	0x0087
                           000088   561 _TCON	=	0x0088
                           000090   562 _P1	=	0x0090
                           000092   563 _DPS	=	0x0092
                           000098   564 _S0CON	=	0x0098
                           00009A   565 _IEN2	=	0x009a
                           00009B   566 _S1CON	=	0x009b
                           0000A0   567 _P2	=	0x00a0
                           0000A8   568 _IEN0	=	0x00a8
                           0000A9   569 _IP0	=	0x00a9
                           0000B8   570 _IEN1	=	0x00b8
                           0000B9   571 _IP1	=	0x00b9
                           0000C0   572 _IRCON	=	0x00c0
                           0000D0   573 _PSW	=	0x00d0
                           0000E0   574 _ACC	=	0x00e0
                           0000E8   575 _IRCON2	=	0x00e8
                           0000F0   576 _B	=	0x00f0
                           0000B4   577 _ADCCON1	=	0x00b4
                           0000B5   578 _ADCCON2	=	0x00b5
                           0000B6   579 _ADCCON3	=	0x00b6
                           0000BA   580 _ADCL	=	0x00ba
                           0000BB   581 _ADCH	=	0x00bb
                           0000BC   582 _RNDL	=	0x00bc
                           0000BD   583 _RNDH	=	0x00bd
                           0000B1   584 _ENCDI	=	0x00b1
                           0000B2   585 _ENCDO	=	0x00b2
                           0000B3   586 _ENCCS	=	0x00b3
                           0000D1   587 _DMAIRQ	=	0x00d1
                           0000D2   588 _DMA1CFGL	=	0x00d2
                           0000D3   589 _DMA1CFGH	=	0x00d3
                           0000D4   590 _DMA0CFGL	=	0x00d4
                           0000D5   591 _DMA0CFGH	=	0x00d5
                           0000D6   592 _DMAARM	=	0x00d6
                           0000D7   593 _DMAREQ	=	0x00d7
                           000089   594 _P0IFG	=	0x0089
                           00008A   595 _P1IFG	=	0x008a
                           00008B   596 _P2IFG	=	0x008b
                           00008C   597 _PICTL	=	0x008c
                           0000AB   598 _P0IEN	=	0x00ab
                           00008D   599 _P1IEN	=	0x008d
                           0000AC   600 _P2IEN	=	0x00ac
                           00008F   601 _P0INP	=	0x008f
                           0000F1   602 _PERCFG	=	0x00f1
                           0000F2   603 _APCFG	=	0x00f2
                           0000F3   604 _P0SEL	=	0x00f3
                           0000F4   605 _P1SEL	=	0x00f4
                           0000F5   606 _P2SEL	=	0x00f5
                           0000F6   607 _P1INP	=	0x00f6
                           0000F7   608 _P2INP	=	0x00f7
                           0000FD   609 _P0DIR	=	0x00fd
                           0000FE   610 _P1DIR	=	0x00fe
                           0000FF   611 _P2DIR	=	0x00ff
                           0000AE   612 _PMUX	=	0x00ae
                           000093   613 _MPAGE	=	0x0093
                           000093   614 __XPAGE	=	0x0093
                           0000C7   615 _MEMCTR	=	0x00c7
                           00009F   616 _FMAP	=	0x009f
                           00009F   617 _PSBANK	=	0x009f
                           000091   618 _RFIRQF1	=	0x0091
                           0000D9   619 _RFD	=	0x00d9
                           0000E1   620 _RFST	=	0x00e1
                           0000E9   621 _RFIRQF0	=	0x00e9
                           0000BF   622 _RFERRF	=	0x00bf
                           000095   623 _ST0	=	0x0095
                           000096   624 _ST1	=	0x0096
                           000097   625 _ST2	=	0x0097
                           0000AD   626 _STLOAD	=	0x00ad
                           0000BE   627 _SLEEPCMD	=	0x00be
                           00009D   628 _SLEEPSTA	=	0x009d
                           0000C6   629 _CLKCONCMD	=	0x00c6
                           00009E   630 _CLKCONSTA	=	0x009e
                           0000DA   631 _T1CC0L	=	0x00da
                           0000DB   632 _T1CC0H	=	0x00db
                           0000DC   633 _T1CC1L	=	0x00dc
                           0000DD   634 _T1CC1H	=	0x00dd
                           0000DE   635 _T1CC2L	=	0x00de
                           0000DF   636 _T1CC2H	=	0x00df
                           0000E2   637 _T1CNTL	=	0x00e2
                           0000E3   638 _T1CNTH	=	0x00e3
                           0000E4   639 _T1CTL	=	0x00e4
                           0000E5   640 _T1CCTL0	=	0x00e5
                           0000E6   641 _T1CCTL1	=	0x00e6
                           0000E7   642 _T1CCTL2	=	0x00e7
                           0000AF   643 _T1STAT	=	0x00af
                           000094   644 _T2CTRL	=	0x0094
                           00009C   645 _T2EVTCFG	=	0x009c
                           0000A1   646 _T2IRQF	=	0x00a1
                           0000A2   647 _T2M0	=	0x00a2
                           0000A3   648 _T2M1	=	0x00a3
                           0000A4   649 _T2MOVF0	=	0x00a4
                           0000A5   650 _T2MOVF1	=	0x00a5
                           0000A6   651 _T2MOVF2	=	0x00a6
                           0000A7   652 _T2IRQM	=	0x00a7
                           0000C3   653 _T2MSEL	=	0x00c3
                           0000CA   654 _T3CNT	=	0x00ca
                           0000CB   655 _T3CTL	=	0x00cb
                           0000CC   656 _T3CCTL0	=	0x00cc
                           0000CD   657 _T3CC0	=	0x00cd
                           0000CE   658 _T3CCTL1	=	0x00ce
                           0000CF   659 _T3CC1	=	0x00cf
                           0000EA   660 _T4CNT	=	0x00ea
                           0000EB   661 _T4CTL	=	0x00eb
                           0000EC   662 _T4CCTL0	=	0x00ec
                           0000ED   663 _T4CC0	=	0x00ed
                           0000EE   664 _T4CCTL1	=	0x00ee
                           0000EF   665 _T4CC1	=	0x00ef
                           0000D8   666 _TIMIF	=	0x00d8
                           000086   667 _U0CSR	=	0x0086
                           0000C1   668 _U0DBUF	=	0x00c1
                           0000C2   669 _U0BAUD	=	0x00c2
                           0000C4   670 _U0UCR	=	0x00c4
                           0000C5   671 _U0GCR	=	0x00c5
                           0000F8   672 _U1CSR	=	0x00f8
                           0000F9   673 _U1DBUF	=	0x00f9
                           0000FA   674 _U1BAUD	=	0x00fa
                           0000FB   675 _U1UCR	=	0x00fb
                           0000FC   676 _U1GCR	=	0x00fc
                           0000C9   677 _WDCTL	=	0x00c9
                                    678 ;--------------------------------------------------------
                                    679 ; special function bits
                                    680 ;--------------------------------------------------------
                                    681 	.area RSEG    (ABS,DATA)
      000000                        682 	.org 0x0000
                           000087   683 _P0_7	=	0x0087
                           000086   684 _P0_6	=	0x0086
                           000085   685 _P0_5	=	0x0085
                           000084   686 _P0_4	=	0x0084
                           000083   687 _P0_3	=	0x0083
                           000082   688 _P0_2	=	0x0082
                           000081   689 _P0_1	=	0x0081
                           000080   690 _P0_0	=	0x0080
                           00008F   691 _URX1IF	=	0x008f
                           00008D   692 _ADCIF	=	0x008d
                           00008B   693 _URX0IF	=	0x008b
                           00008A   694 _IT1	=	0x008a
                           000089   695 _RFERRIF	=	0x0089
                           000088   696 _IT0	=	0x0088
                           000097   697 _P1_7	=	0x0097
                           000096   698 _P1_6	=	0x0096
                           000095   699 _P1_5	=	0x0095
                           000094   700 _P1_4	=	0x0094
                           000093   701 _P1_3	=	0x0093
                           000092   702 _P1_2	=	0x0092
                           000091   703 _P1_1	=	0x0091
                           000090   704 _P1_0	=	0x0090
                           000099   705 _ENCIF_1	=	0x0099
                           000098   706 _ENCIF_0	=	0x0098
                           0000A7   707 _P2_7	=	0x00a7
                           0000A6   708 _P2_6	=	0x00a6
                           0000A5   709 _P2_5	=	0x00a5
                           0000A4   710 _P2_4	=	0x00a4
                           0000A3   711 _P2_3	=	0x00a3
                           0000A2   712 _P2_2	=	0x00a2
                           0000A1   713 _P2_1	=	0x00a1
                           0000A0   714 _P2_0	=	0x00a0
                           0000AF   715 _EA	=	0x00af
                           0000AD   716 _STIE	=	0x00ad
                           0000AC   717 _ENCIE	=	0x00ac
                           0000AB   718 _URX1IE	=	0x00ab
                           0000AA   719 _URX0IE	=	0x00aa
                           0000A9   720 _ADCIE	=	0x00a9
                           0000A8   721 _RFERRIE	=	0x00a8
                           0000BD   722 _P0IE	=	0x00bd
                           0000BC   723 _T4IE	=	0x00bc
                           0000BB   724 _T3IE	=	0x00bb
                           0000BA   725 _T2IE	=	0x00ba
                           0000B9   726 _T1IE	=	0x00b9
                           0000B8   727 _DMAIE	=	0x00b8
                           0000C7   728 _STIF	=	0x00c7
                           0000C5   729 _P0IF	=	0x00c5
                           0000C4   730 _T4IF	=	0x00c4
                           0000C3   731 _T3IF	=	0x00c3
                           0000C2   732 _T2IF	=	0x00c2
                           0000C1   733 _T1IF	=	0x00c1
                           0000C0   734 _DMAIF	=	0x00c0
                           0000D7   735 _CY	=	0x00d7
                           0000D6   736 _AC	=	0x00d6
                           0000D5   737 _F0	=	0x00d5
                           0000D4   738 _RS1	=	0x00d4
                           0000D3   739 _RS0	=	0x00d3
                           0000D2   740 _OV	=	0x00d2
                           0000D1   741 _F1	=	0x00d1
                           0000D0   742 _P	=	0x00d0
                           0000E7   743 _ACC_7	=	0x00e7
                           0000E6   744 _ACC_6	=	0x00e6
                           0000E5   745 _ACC_5	=	0x00e5
                           0000E4   746 _ACC_4	=	0x00e4
                           0000E3   747 _ACC_3	=	0x00e3
                           0000E2   748 _ACC_2	=	0x00e2
                           0000E1   749 _ACC_1	=	0x00e1
                           0000E0   750 _ACC_0	=	0x00e0
                           0000EC   751 _WDTIF	=	0x00ec
                           0000EB   752 _P1IF	=	0x00eb
                           0000EA   753 _UTX1IF	=	0x00ea
                           0000E9   754 _UTX0IF	=	0x00e9
                           0000E8   755 _P2IF	=	0x00e8
                           0000F7   756 _B_7	=	0x00f7
                           0000F6   757 _B_6	=	0x00f6
                           0000F5   758 _B_5	=	0x00f5
                           0000F4   759 _B_4	=	0x00f4
                           0000F3   760 _B_3	=	0x00f3
                           0000F2   761 _B_2	=	0x00f2
                           0000F1   762 _B_1	=	0x00f1
                           0000F0   763 _B_0	=	0x00f0
                           0000DE   764 _OVFIM	=	0x00de
                           0000DD   765 _T4CH1IF	=	0x00dd
                           0000DC   766 _T4CH0IF	=	0x00dc
                           0000DB   767 _T4OVFIF	=	0x00db
                           0000DA   768 _T3CH1IF	=	0x00da
                           0000D9   769 _T3CH0IF	=	0x00d9
                           0000D8   770 _T3OVFIF	=	0x00d8
                           0000FF   771 _MODE	=	0x00ff
                           0000FE   772 _RE	=	0x00fe
                           0000FD   773 _SLAVE	=	0x00fd
                           0000FC   774 _FE	=	0x00fc
                           0000FB   775 _ERR	=	0x00fb
                           0000FA   776 _RX_BYTE	=	0x00fa
                           0000F9   777 _TX_BYTE	=	0x00f9
                           0000F8   778 _ACTIVE	=	0x00f8
                                    779 ;--------------------------------------------------------
                                    780 ; overlayable register banks
                                    781 ;--------------------------------------------------------
                                    782 	.area REG_BANK_0	(REL,OVR,DATA)
      000000                        783 	.ds 8
                                    784 ;--------------------------------------------------------
                                    785 ; overlayable bit register bank
                                    786 ;--------------------------------------------------------
                                    787 	.area BIT_BANK	(REL,OVR,DATA)
      000000                        788 bits:
      000000                        789 	.ds 1
                           008000   790 	b0 = bits[0]
                           008100   791 	b1 = bits[1]
                           008200   792 	b2 = bits[2]
                           008300   793 	b3 = bits[3]
                           008400   794 	b4 = bits[4]
                           008500   795 	b5 = bits[5]
                           008600   796 	b6 = bits[6]
                           008700   797 	b7 = bits[7]
                                    798 ;--------------------------------------------------------
                                    799 ; internal ram data
                                    800 ;--------------------------------------------------------
                                    801 	.area DSEG    (DATA)
                                    802 ;--------------------------------------------------------
                                    803 ; overlayable items in internal ram 
                                    804 ;--------------------------------------------------------
                                    805 ;--------------------------------------------------------
                                    806 ; indirectly addressable internal ram data
                                    807 ;--------------------------------------------------------
                                    808 	.area ISEG    (DATA)
                                    809 ;--------------------------------------------------------
                                    810 ; absolute internal ram data
                                    811 ;--------------------------------------------------------
                                    812 	.area IABS    (ABS,DATA)
                                    813 	.area IABS    (ABS,DATA)
                                    814 ;--------------------------------------------------------
                                    815 ; bit data
                                    816 ;--------------------------------------------------------
                                    817 	.area BSEG    (BIT)
                                    818 ;--------------------------------------------------------
                                    819 ; paged external ram data
                                    820 ;--------------------------------------------------------
                                    821 	.area PSEG    (PAG,XDATA)
                                    822 ;--------------------------------------------------------
                                    823 ; external ram data
                                    824 ;--------------------------------------------------------
                                    825 	.area XSEG    (XDATA)
                           0061A6   826 _MONMUX	=	0x61a6
                           0061A6   827 _OPAMPMC	=	0x61a6
                           006230   828 _I2CCFG	=	0x6230
                           006231   829 _I2CSTAT	=	0x6231
                           006232   830 _I2CDATA	=	0x6232
                           006233   831 _I2CADDR	=	0x6233
                           006234   832 _I2CWC	=	0x6234
                           006235   833 _I2CIO	=	0x6235
                           006243   834 _OBSSEL0	=	0x6243
                           006244   835 _OBSSEL1	=	0x6244
                           006245   836 _OBSSEL2	=	0x6245
                           006246   837 _OBSSEL3	=	0x6246
                           006247   838 _OBSSEL4	=	0x6247
                           006248   839 _OBSSEL5	=	0x6248
                           006249   840 _CHVER	=	0x6249
                           00624A   841 _CHIPID	=	0x624a
                           00624B   842 _TESTREG0	=	0x624b
                           006260   843 _DBGDATA	=	0x6260
                           006262   844 _SRCRC	=	0x6262
                           006264   845 _BATTMON	=	0x6264
                           006265   846 _IVCTRL	=	0x6265
                           006270   847 _FCTL	=	0x6270
                           006271   848 _FADDRL	=	0x6271
                           006272   849 _FADDRH	=	0x6272
                           006273   850 _FWDATA	=	0x6273
                           006276   851 _CHIPINFO0	=	0x6276
                           006277   852 _CHIPINFO1	=	0x6277
                           006281   853 _IRCTL	=	0x6281
                           006290   854 _CLD	=	0x6290
                           0062A0   855 _XX_T1CCTL0	=	0x62a0
                           0062A1   856 _XX_T1CCTL1	=	0x62a1
                           0062A2   857 _XX_T1CCTL2	=	0x62a2
                           0062A3   858 _T1CCTL3	=	0x62a3
                           0062A4   859 _T1CCTL4	=	0x62a4
                           0062A6   860 _XX_T1CC0L	=	0x62a6
                           0062A7   861 _XX_T1CC0H	=	0x62a7
                           0062A8   862 _XX_T1CC1L	=	0x62a8
                           0062A9   863 _XX_T1CC1H	=	0x62a9
                           0062AA   864 _XX_T1CC2L	=	0x62aa
                           0062AB   865 _XX_T1CC2H	=	0x62ab
                           0062AC   866 _T1CC3L	=	0x62ac
                           0062AD   867 _T1CC3H	=	0x62ad
                           0062AE   868 _T1CC4L	=	0x62ae
                           0062AF   869 _T1CC4H	=	0x62af
                           0062B0   870 _STCC	=	0x62b0
                           0062B1   871 _STCS	=	0x62b1
                           0062B2   872 _STCV0	=	0x62b2
                           0062B3   873 _STCV1	=	0x62b3
                           0062B4   874 _STCV2	=	0x62b4
                           0062C0   875 _OPAMPC	=	0x62c0
                           0062C1   876 _OPAMPS	=	0x62c1
                           0062D0   877 _CMPCTL	=	0x62d0
                           006000   878 _RFCORE_RAM	=	0x6000
                           006000   879 _RXFIFO	=	0x6000
                           006080   880 _TXFIFO	=	0x6080
                           006100   881 _SRC_ADDR_TABLE	=	0x6100
                           006160   882 _SRCRESMASK0	=	0x6160
                           006161   883 _SRCRESMASK1	=	0x6161
                           006162   884 _SRCRESMASK2	=	0x6162
                           006163   885 _SRCRESINDEX	=	0x6163
                           006164   886 _SRCEXTPENDEN0	=	0x6164
                           006165   887 _SRCEXTPENDEN1	=	0x6165
                           006166   888 _SRCEXTPENDEN2	=	0x6166
                           006167   889 _SRCSHORTPENDEN0	=	0x6167
                           006168   890 _SRCSHORTPENDEN1	=	0x6168
                           006169   891 _SRCSHORTPENDEN2	=	0x6169
                           00616A   892 _EXT_ADDR0	=	0x616a
                           00616B   893 _EXT_ADDR1	=	0x616b
                           00616C   894 _EXT_ADDR2	=	0x616c
                           00616D   895 _EXT_ADDR3	=	0x616d
                           00616E   896 _EXT_ADDR4	=	0x616e
                           00616F   897 _EXT_ADDR5	=	0x616f
                           006170   898 _EXT_ADDR6	=	0x6170
                           006171   899 _EXT_ADDR7	=	0x6171
                           006172   900 _PAN_ID0	=	0x6172
                           006173   901 _PAN_ID1	=	0x6173
                           006174   902 _SHORT_ADDR0	=	0x6174
                           006175   903 _SHORT_ADDR1	=	0x6175
                           006180   904 _FRMFILT0	=	0x6180
                           006181   905 _FRMFILT1	=	0x6181
                           006182   906 _SRCMATCH	=	0x6182
                           006183   907 _SRCSHORTEN0	=	0x6183
                           006184   908 _SRCSHORTEN1	=	0x6184
                           006185   909 _SRCSHORTEN2	=	0x6185
                           006186   910 _SRCEXTEN0	=	0x6186
                           006187   911 _SRCEXTEN1	=	0x6187
                           006188   912 _SRCEXTEN2	=	0x6188
                           006189   913 _FRMCTRL0	=	0x6189
                           00618A   914 _FRMCTRL1	=	0x618a
                           00618B   915 _RXENABLE	=	0x618b
                           00618C   916 _RXMASKSET	=	0x618c
                           00618D   917 _RXMASKCLR	=	0x618d
                           00618E   918 _FREQTUNE	=	0x618e
                           00618F   919 _FREQCTRL	=	0x618f
                           006190   920 _TXPOWER	=	0x6190
                           006191   921 _TXCTRL	=	0x6191
                           006192   922 _FSMSTAT0	=	0x6192
                           006193   923 _FSMSTAT1	=	0x6193
                           006194   924 _FIFOPCTRL	=	0x6194
                           006195   925 _FSMCTRL	=	0x6195
                           006196   926 _CCACTRL0	=	0x6196
                           006197   927 _CCACTRL1	=	0x6197
                           006198   928 _RSSI	=	0x6198
                           006199   929 _RSSISTAT	=	0x6199
                           00619A   930 _RXFIRST	=	0x619a
                           00619B   931 _RXFIFOCNT	=	0x619b
                           00619C   932 _TXFIFOCNT	=	0x619c
                           00619D   933 _RXFIRST_PTR	=	0x619d
                           00619E   934 _RXLAST_PTR	=	0x619e
                           00619F   935 _RXP1_PTR	=	0x619f
                           0061A1   936 _TXFIRST_PTR	=	0x61a1
                           0061A2   937 _TXLAST_PTR	=	0x61a2
                           0061A3   938 _RFIRQM0	=	0x61a3
                           0061A4   939 _RFIRQM1	=	0x61a4
                           0061A5   940 _RFERRM	=	0x61a5
                           0061A7   941 _RFRND	=	0x61a7
                           0061A8   942 _MDMCTRL0	=	0x61a8
                           0061A9   943 _MDMCTRL1	=	0x61a9
                           0061AA   944 _FREQEST	=	0x61aa
                           0061AB   945 _RXCTRL	=	0x61ab
                           0061AC   946 _FSCTRL	=	0x61ac
                           0061AD   947 _FSCAL0	=	0x61ad
                           0061AE   948 _FSCAL1	=	0x61ae
                           0061AF   949 _FSCAL2	=	0x61af
                           0061B0   950 _FSCAL3	=	0x61b0
                           0061B1   951 _AGCCTRL0	=	0x61b1
                           0061B2   952 _AGCCTRL1	=	0x61b2
                           0061B3   953 _AGCCTRL2	=	0x61b3
                           0061B4   954 _AGCCTRL3	=	0x61b4
                           0061B5   955 _ADCTEST0	=	0x61b5
                           0061B6   956 _ADCTEST1	=	0x61b6
                           0061B7   957 _ADCTEST2	=	0x61b7
                           0061B8   958 _MDMTEST0	=	0x61b8
                           0061B9   959 _MDMTEST1	=	0x61b9
                           0061BA   960 _DACTEST0	=	0x61ba
                           0061BB   961 _DACTEST1	=	0x61bb
                           0061BC   962 _DACTEST2	=	0x61bc
                           0061BD   963 _ATEST	=	0x61bd
                           0061BE   964 _PTEST0	=	0x61be
                           0061BF   965 _PTEST1	=	0x61bf
                           0061FA   966 _TXFILTCFG	=	0x61fa
                           0061EB   967 _RFC_OBS_CTRL0	=	0x61eb
                           0061EC   968 _RFC_OBS_CTRL1	=	0x61ec
                           0061ED   969 _RFC_OBS_CTRL2	=	0x61ed
                           0061C0   970 _CSPPROG0	=	0x61c0
                           0061C1   971 _CSPPROG1	=	0x61c1
                           0061C2   972 _CSPPROG2	=	0x61c2
                           0061C3   973 _CSPPROG3	=	0x61c3
                           0061C4   974 _CSPPROG4	=	0x61c4
                           0061C5   975 _CSPPROG5	=	0x61c5
                           0061C6   976 _CSPPROG6	=	0x61c6
                           0061C7   977 _CSPPROG7	=	0x61c7
                           0061C8   978 _CSPPROG8	=	0x61c8
                           0061C9   979 _CSPPROG9	=	0x61c9
                           0061CA   980 _CSPPROG10	=	0x61ca
                           0061CB   981 _CSPPROG11	=	0x61cb
                           0061CC   982 _CSPPROG12	=	0x61cc
                           0061CD   983 _CSPPROG13	=	0x61cd
                           0061CE   984 _CSPPROG14	=	0x61ce
                           0061CF   985 _CSPPROG15	=	0x61cf
                           0061D0   986 _CSPPROG16	=	0x61d0
                           0061D1   987 _CSPPROG17	=	0x61d1
                           0061D2   988 _CSPPROG18	=	0x61d2
                           0061D3   989 _CSPPROG19	=	0x61d3
                           0061D4   990 _CSPPROG20	=	0x61d4
                           0061D5   991 _CSPPROG21	=	0x61d5
                           0061D6   992 _CSPPROG22	=	0x61d6
                           0061D7   993 _CSPPROG23	=	0x61d7
                           0061E0   994 _CSPCTRL	=	0x61e0
                           0061E1   995 _CSPSTAT	=	0x61e1
                           0061E2   996 _CSPX	=	0x61e2
                           0061E3   997 _CSPY	=	0x61e3
                           0061E4   998 _CSPZ	=	0x61e4
                           0061E5   999 _CSPT	=	0x61e5
                           006200  1000 _USBADDR	=	0x6200
                           006201  1001 _USBPOW	=	0x6201
                           006202  1002 _USBIIF	=	0x6202
                           006204  1003 _USBOIF	=	0x6204
                           006206  1004 _USBCIF	=	0x6206
                           006207  1005 _USBIIE	=	0x6207
                           006209  1006 _USBOIE	=	0x6209
                           00620B  1007 _USBCIE	=	0x620b
                           00620C  1008 _USBFRML	=	0x620c
                           00620D  1009 _USBFRMH	=	0x620d
                           00620E  1010 _USBINDEX	=	0x620e
                           00620F  1011 _USBCTRL	=	0x620f
                           006210  1012 _USBMAXI	=	0x6210
                           006211  1013 _USBCS0	=	0x6211
                           006211  1014 _USBCSIL	=	0x6211
                           006212  1015 _USBCSIH	=	0x6212
                           006213  1016 _USBMAXO	=	0x6213
                           006214  1017 _USBCSOL	=	0x6214
                           006215  1018 _USBCSOH	=	0x6215
                           006216  1019 _USBCNT0	=	0x6216
                           006216  1020 _USBCNTL	=	0x6216
                           006217  1021 _USBCNTH	=	0x6217
                           006220  1022 _USBF0	=	0x6220
                           006222  1023 _USBF1	=	0x6222
                           006224  1024 _USBF2	=	0x6224
                           006226  1025 _USBF3	=	0x6226
                           006228  1026 _USBF4	=	0x6228
                           00622A  1027 _USBF5	=	0x622a
                           007080  1028 _X_P0	=	0x7080
                           007086  1029 _X_U0CSR	=	0x7086
                           007089  1030 _X_P0IFG	=	0x7089
                           00708A  1031 _X_P1IFG	=	0x708a
                           00708B  1032 _X_P2IFG	=	0x708b
                           00708C  1033 _X_PICTL	=	0x708c
                           00708D  1034 _X_P1IEN	=	0x708d
                           00708F  1035 _X_P0INP	=	0x708f
                           007090  1036 _X_P1	=	0x7090
                           007091  1037 _X_RFIRQF1	=	0x7091
                           007093  1038 _X_MPAGE	=	0x7093
                           007093  1039 _X__XPAGE	=	0x7093
                           007094  1040 _X_T2CTRL	=	0x7094
                           007095  1041 _X_ST0	=	0x7095
                           007096  1042 _X_ST1	=	0x7096
                           007097  1043 _X_ST2	=	0x7097
                           00709C  1044 _X_T2EVTCFG	=	0x709c
                           00709D  1045 _X_SLEEPSTA	=	0x709d
                           00709E  1046 _X_CLKCONSTA	=	0x709e
                           00709F  1047 _X_FMAP	=	0x709f
                           00709F  1048 _X_PSBANK	=	0x709f
                           0070A0  1049 _X_P2	=	0x70a0
                           0070A1  1050 _X_T2IRQF	=	0x70a1
                           0070A2  1051 _X_T2M0	=	0x70a2
                           0070A3  1052 _X_T2M1	=	0x70a3
                           0070A4  1053 _X_T2MOVF0	=	0x70a4
                           0070A5  1054 _X_T2MOVF1	=	0x70a5
                           0070A6  1055 _X_T2MOVF2	=	0x70a6
                           0070A7  1056 _X_T2IRQM	=	0x70a7
                           0070AB  1057 _X_P0IEN	=	0x70ab
                           0070AC  1058 _X_P2IEN	=	0x70ac
                           0070AD  1059 _X_STLOAD	=	0x70ad
                           0070AE  1060 _X_PMUX	=	0x70ae
                           0070AF  1061 _X_T1STAT	=	0x70af
                           0070B1  1062 _X_ENCDI	=	0x70b1
                           0070B2  1063 _X_ENCDO	=	0x70b2
                           0070B3  1064 _X_ENCCS	=	0x70b3
                           0070B4  1065 _X_ADCCON1	=	0x70b4
                           0070B5  1066 _X_ADCCON2	=	0x70b5
                           0070B6  1067 _X_ADCCON3	=	0x70b6
                           0070BA  1068 _X_ADCL	=	0x70ba
                           0070BB  1069 _X_ADCH	=	0x70bb
                           0070BC  1070 _X_RNDL	=	0x70bc
                           0070BD  1071 _X_RNDH	=	0x70bd
                           0070BE  1072 _X_SLEEPCMD	=	0x70be
                           0070BF  1073 _X_RFERRF	=	0x70bf
                           0070C1  1074 _X_U0DBUF	=	0x70c1
                           0070C2  1075 _X_U0BAUD	=	0x70c2
                           0070C3  1076 _X_T2MSEL	=	0x70c3
                           0070C4  1077 _X_U0UCR	=	0x70c4
                           0070C5  1078 _X_U0GCR	=	0x70c5
                           0070C6  1079 _X_CLKCONCMD	=	0x70c6
                           0070C7  1080 _X_MEMCTR	=	0x70c7
                           0070C9  1081 _X_WDCTL	=	0x70c9
                           0070CA  1082 _X_T3CNT	=	0x70ca
                           0070CB  1083 _X_T3CTL	=	0x70cb
                           0070CC  1084 _X_T3CCTL0	=	0x70cc
                           0070CD  1085 _X_T3CC0	=	0x70cd
                           0070CE  1086 _X_T3CCTL1	=	0x70ce
                           0070CF  1087 _X_T3CC1	=	0x70cf
                           0070D1  1088 _X_DMAIRQ	=	0x70d1
                           0070D2  1089 _X_DMA1CFGL	=	0x70d2
                           0070D3  1090 _X_DMA1CFGH	=	0x70d3
                           0070D4  1091 _X_DMA0CFGL	=	0x70d4
                           0070D5  1092 _X_DMA0CFGH	=	0x70d5
                           0070D6  1093 _X_DMAARM	=	0x70d6
                           0070D7  1094 _X_DMAREQ	=	0x70d7
                           0070D8  1095 _X_TIMIF	=	0x70d8
                           0070D9  1096 _X_RFD	=	0x70d9
                           0070DA  1097 _X_T1CC0L	=	0x70da
                           0070DB  1098 _X_T1CC0H	=	0x70db
                           0070DC  1099 _X_T1CC1L	=	0x70dc
                           0070DD  1100 _X_T1CC1H	=	0x70dd
                           0070DE  1101 _X_T1CC2L	=	0x70de
                           0070DF  1102 _X_T1CC2H	=	0x70df
                           0070E1  1103 _X_RFST	=	0x70e1
                           0070E2  1104 _X_T1CNTL	=	0x70e2
                           0070E3  1105 _X_T1CNTH	=	0x70e3
                           0070E4  1106 _X_T1CTL	=	0x70e4
                           0070E5  1107 _X_T1CCTL0	=	0x70e5
                           0070E6  1108 _X_T1CCTL1	=	0x70e6
                           0070E7  1109 _X_T1CCTL2	=	0x70e7
                           0070E9  1110 _X_RFIRQF0	=	0x70e9
                           0070EA  1111 _X_T4CNT	=	0x70ea
                           0070EB  1112 _X_T4CTL	=	0x70eb
                           0070EC  1113 _X_T4CCTL0	=	0x70ec
                           0070ED  1114 _X_T4CC0	=	0x70ed
                           0070EE  1115 _X_T4CCTL1	=	0x70ee
                           0070EF  1116 _X_T4CC1	=	0x70ef
                           0070F1  1117 _X_PERCFG	=	0x70f1
                           0070F2  1118 _X_APCFG	=	0x70f2
                           0070F3  1119 _X_P0SEL	=	0x70f3
                           0070F4  1120 _X_P1SEL	=	0x70f4
                           0070F5  1121 _X_P2SEL	=	0x70f5
                           0070F6  1122 _X_P1INP	=	0x70f6
                           0070F7  1123 _X_P2INP	=	0x70f7
                           0070F8  1124 _X_U1CSR	=	0x70f8
                           0070F9  1125 _X_U1DBUF	=	0x70f9
                           0070FA  1126 _X_U1BAUD	=	0x70fa
                           0070FB  1127 _X_U1UCR	=	0x70fb
                           0070FC  1128 _X_U1GCR	=	0x70fc
                           0070FD  1129 _X_P0DIR	=	0x70fd
                           0070FE  1130 _X_P1DIR	=	0x70fe
                           0070FF  1131 _X_P2DIR	=	0x70ff
                           007800  1132 _X_INFOPAGE	=	0x7800
                           00780C  1133 _X_IEEE_ADDR	=	0x780c
                                   1134 ;--------------------------------------------------------
                                   1135 ; absolute external ram data
                                   1136 ;--------------------------------------------------------
                                   1137 	.area XABS    (ABS,XDATA)
                                   1138 ;--------------------------------------------------------
                                   1139 ; external initialized ram data
                                   1140 ;--------------------------------------------------------
                                   1141 	.area XISEG   (XDATA)
                                   1142 	.area HOME    (CODE)
                                   1143 	.area GSINIT0 (CODE)
                                   1144 	.area GSINIT1 (CODE)
                                   1145 	.area GSINIT2 (CODE)
                                   1146 	.area GSINIT3 (CODE)
                                   1147 	.area GSINIT4 (CODE)
                                   1148 	.area GSINIT5 (CODE)
                                   1149 	.area GSINIT  (CODE)
                                   1150 	.area GSFINAL (CODE)
                                   1151 	.area CSEG    (CODE)
                                   1152 ;--------------------------------------------------------
                                   1153 ; global & static initialisations
                                   1154 ;--------------------------------------------------------
                                   1155 	.area HOME    (CODE)
                                   1156 	.area GSINIT  (CODE)
                                   1157 	.area GSFINAL (CODE)
                                   1158 	.area GSINIT  (CODE)
                                   1159 ;--------------------------------------------------------
                                   1160 ; Home
                                   1161 ;--------------------------------------------------------
                                   1162 	.area HOME    (CODE)
                                   1163 	.area HOME    (CODE)
                                   1164 ;--------------------------------------------------------
                                   1165 ; code
                                   1166 ;--------------------------------------------------------
                                   1167 	.area BANK1   (CODE)
                                   1168 ;------------------------------------------------------------
                                   1169 ;Allocation info for local variables in function 'I2C_Start'
                                   1170 ;------------------------------------------------------------
                                   1171 ;	../../../../platform/cc2530eb/drivers/iic.c:4: void I2C_Start(void)
                                   1172 ;	-----------------------------------------
                                   1173 ;	 function I2C_Start
                                   1174 ;	-----------------------------------------
      000000                       1175 _I2C_Start:
                           000007  1176 	ar7 = 0x07
                           000006  1177 	ar6 = 0x06
                           000005  1178 	ar5 = 0x05
                           000004  1179 	ar4 = 0x04
                           000003  1180 	ar3 = 0x03
                           000002  1181 	ar2 = 0x02
                           000001  1182 	ar1 = 0x01
                           000000  1183 	ar0 = 0x00
                                   1184 ;	../../../../platform/cc2530eb/drivers/iic.c:6: SDA=1;
      000000 D2 93            [12] 1185 	setb	_P1_3
                                   1186 ;	../../../../platform/cc2530eb/drivers/iic.c:7: SCL=1;
      000002 D2 92            [12] 1187 	setb	_P1_2
                                   1188 ;	../../../../platform/cc2530eb/drivers/iic.c:8: clock_delay_usec(1);
      000004 90 00 01         [24] 1189 	mov	dptr,#0x0001
      000007 78r00            [12] 1190 	mov	r0,#_clock_delay_usec
      000009 79s00            [12] 1191 	mov	r1,#(_clock_delay_usec >> 8)
      00000B 7As00            [12] 1192 	mov	r2,#(_clock_delay_usec >> 16)
      00000D 12r00r00         [24] 1193 	lcall	__sdcc_banked_call
                                   1194 ;	../../../../platform/cc2530eb/drivers/iic.c:9: SDA=0;
      000010 C2 93            [12] 1195 	clr	_P1_3
                                   1196 ;	../../../../platform/cc2530eb/drivers/iic.c:10: SCL=0;
      000012 C2 92            [12] 1197 	clr	_P1_2
      000014 02r00r00         [24] 1198 	ljmp	__sdcc_banked_ret
                                   1199 ;------------------------------------------------------------
                                   1200 ;Allocation info for local variables in function 'I2C_Stop'
                                   1201 ;------------------------------------------------------------
                                   1202 ;	../../../../platform/cc2530eb/drivers/iic.c:13: void I2C_Stop(void)
                                   1203 ;	-----------------------------------------
                                   1204 ;	 function I2C_Stop
                                   1205 ;	-----------------------------------------
      000017                       1206 _I2C_Stop:
                                   1207 ;	../../../../platform/cc2530eb/drivers/iic.c:15: SCL=0;
      000017 C2 92            [12] 1208 	clr	_P1_2
                                   1209 ;	../../../../platform/cc2530eb/drivers/iic.c:16: SDA=0;
      000019 C2 93            [12] 1210 	clr	_P1_3
                                   1211 ;	../../../../platform/cc2530eb/drivers/iic.c:17: SCL=1;
      00001B D2 92            [12] 1212 	setb	_P1_2
                                   1213 ;	../../../../platform/cc2530eb/drivers/iic.c:18: SDA=1;
      00001D D2 93            [12] 1214 	setb	_P1_3
      00001F 02r00r00         [24] 1215 	ljmp	__sdcc_banked_ret
                                   1216 ;------------------------------------------------------------
                                   1217 ;Allocation info for local variables in function 'Sendack'
                                   1218 ;------------------------------------------------------------
                                   1219 ;h                         Allocated to registers r7 
                                   1220 ;------------------------------------------------------------
                                   1221 ;	../../../../platform/cc2530eb/drivers/iic.c:21: void Sendack(uint8_t h)
                                   1222 ;	-----------------------------------------
                                   1223 ;	 function Sendack
                                   1224 ;	-----------------------------------------
      000022                       1225 _Sendack:
      000022 AF 82            [24] 1226 	mov	r7,dpl
                                   1227 ;	../../../../platform/cc2530eb/drivers/iic.c:23: SCL=0;
      000024 C2 92            [12] 1228 	clr	_P1_2
                                   1229 ;	../../../../platform/cc2530eb/drivers/iic.c:24: SDA=h&0x01;
      000026 EF               [12] 1230 	mov	a,r7
      000027 13               [12] 1231 	rrc	a
      000028 92*00            [24] 1232 	mov  b0,c
      00002A 92 93            [24] 1233 	mov	_P1_3,c
                                   1234 ;	../../../../platform/cc2530eb/drivers/iic.c:25: SCL=1;
      00002C D2 92            [12] 1235 	setb	_P1_2
                                   1236 ;	../../../../platform/cc2530eb/drivers/iic.c:26: clock_delay_usec(1);
      00002E 90 00 01         [24] 1237 	mov	dptr,#0x0001
      000031 78r00            [12] 1238 	mov	r0,#_clock_delay_usec
      000033 79s00            [12] 1239 	mov	r1,#(_clock_delay_usec >> 8)
      000035 7As00            [12] 1240 	mov	r2,#(_clock_delay_usec >> 16)
      000037 12r00r00         [24] 1241 	lcall	__sdcc_banked_call
                                   1242 ;	../../../../platform/cc2530eb/drivers/iic.c:27: SCL=0;
      00003A C2 92            [12] 1243 	clr	_P1_2
      00003C 02r00r00         [24] 1244 	ljmp	__sdcc_banked_ret
                                   1245 ;------------------------------------------------------------
                                   1246 ;Allocation info for local variables in function 'I2C_Check_ack'
                                   1247 ;------------------------------------------------------------
                                   1248 ;	../../../../platform/cc2530eb/drivers/iic.c:30: uint8_t I2C_Check_ack(void)
                                   1249 ;	-----------------------------------------
                                   1250 ;	 function I2C_Check_ack
                                   1251 ;	-----------------------------------------
      00003F                       1252 _I2C_Check_ack:
                                   1253 ;	../../../../platform/cc2530eb/drivers/iic.c:32: SCL=0;
      00003F C2 92            [12] 1254 	clr	_P1_2
                                   1255 ;	../../../../platform/cc2530eb/drivers/iic.c:33: SDA=1;
      000041 D2 93            [12] 1256 	setb	_P1_3
                                   1257 ;	../../../../platform/cc2530eb/drivers/iic.c:34: SCL=1;
      000043 D2 92            [12] 1258 	setb	_P1_2
                                   1259 ;	../../../../platform/cc2530eb/drivers/iic.c:35: if(SDA==1)
      000045 30 93 07         [24] 1260 	jnb	_P1_3,00102$
                                   1261 ;	../../../../platform/cc2530eb/drivers/iic.c:37: SCL=0;
      000048 C2 92            [12] 1262 	clr	_P1_2
                                   1263 ;	../../../../platform/cc2530eb/drivers/iic.c:38: return 0;
      00004A 75 82 00         [24] 1264 	mov	dpl,#0x00
      00004D 80 05            [24] 1265 	sjmp	00103$
      00004F                       1266 00102$:
                                   1267 ;	../../../../platform/cc2530eb/drivers/iic.c:40: SCL=0;
      00004F C2 92            [12] 1268 	clr	_P1_2
                                   1269 ;	../../../../platform/cc2530eb/drivers/iic.c:41: return 1;
      000051 75 82 01         [24] 1270 	mov	dpl,#0x01
      000054                       1271 00103$:
      000054 02r00r00         [24] 1272 	ljmp	__sdcc_banked_ret
                                   1273 ;------------------------------------------------------------
                                   1274 ;Allocation info for local variables in function 'I2C_Write_Byte'
                                   1275 ;------------------------------------------------------------
                                   1276 ;b                         Allocated to registers r7 
                                   1277 ;e                         Allocated to registers r6 
                                   1278 ;------------------------------------------------------------
                                   1279 ;	../../../../platform/cc2530eb/drivers/iic.c:44: void I2C_Write_Byte(uint8_t b)
                                   1280 ;	-----------------------------------------
                                   1281 ;	 function I2C_Write_Byte
                                   1282 ;	-----------------------------------------
      000057                       1283 _I2C_Write_Byte:
      000057 AF 82            [24] 1284 	mov	r7,dpl
                                   1285 ;	../../../../platform/cc2530eb/drivers/iic.c:47: while(e--){
      000059 7E 08            [12] 1286 	mov	r6,#0x08
      00005B                       1287 00104$:
      00005B 8E 05            [24] 1288 	mov	ar5,r6
      00005D 1E               [12] 1289 	dec	r6
      00005E ED               [12] 1290 	mov	a,r5
      00005F 60 13            [24] 1291 	jz	00106$
                                   1292 ;	../../../../platform/cc2530eb/drivers/iic.c:48: SCL=0;
      000061 C2 92            [12] 1293 	clr	_P1_2
                                   1294 ;	../../../../platform/cc2530eb/drivers/iic.c:49: if(b&0x80)SDA=1;
      000063 EF               [12] 1295 	mov	a,r7
      000064 30 E7 04         [24] 1296 	jnb	acc.7,00102$
      000067 D2 93            [12] 1297 	setb	_P1_3
      000069 80 02            [24] 1298 	sjmp	00103$
      00006B                       1299 00102$:
                                   1300 ;	../../../../platform/cc2530eb/drivers/iic.c:50: else SDA=0;
      00006B C2 93            [12] 1301 	clr	_P1_3
      00006D                       1302 00103$:
                                   1303 ;	../../../../platform/cc2530eb/drivers/iic.c:51: b<<=1;
      00006D EF               [12] 1304 	mov	a,r7
      00006E 2F               [12] 1305 	add	a,r7
      00006F FF               [12] 1306 	mov	r7,a
                                   1307 ;	../../../../platform/cc2530eb/drivers/iic.c:52: SCL=1;
      000070 D2 92            [12] 1308 	setb	_P1_2
      000072 80 E7            [24] 1309 	sjmp	00104$
      000074                       1310 00106$:
                                   1311 ;	../../../../platform/cc2530eb/drivers/iic.c:54: SCL=0;
      000074 C2 92            [12] 1312 	clr	_P1_2
                                   1313 ;	../../../../platform/cc2530eb/drivers/iic.c:55: I2C_Check_ack();
      000076 78r3F            [12] 1314 	mov	r0,#_I2C_Check_ack
      000078 79s00            [12] 1315 	mov	r1,#(_I2C_Check_ack >> 8)
      00007A 7As00            [12] 1316 	mov	r2,#(_I2C_Check_ack >> 16)
      00007C 12r00r00         [24] 1317 	lcall	__sdcc_banked_call
      00007F 02r00r00         [24] 1318 	ljmp	__sdcc_banked_ret
                                   1319 ;------------------------------------------------------------
                                   1320 ;Allocation info for local variables in function 'I2C_Read_Byte'
                                   1321 ;------------------------------------------------------------
                                   1322 ;i                         Allocated to registers r6 
                                   1323 ;c                         Allocated to registers r7 
                                   1324 ;------------------------------------------------------------
                                   1325 ;	../../../../platform/cc2530eb/drivers/iic.c:58: uint8_t I2C_Read_Byte(void)
                                   1326 ;	-----------------------------------------
                                   1327 ;	 function I2C_Read_Byte
                                   1328 ;	-----------------------------------------
      000082                       1329 _I2C_Read_Byte:
                                   1330 ;	../../../../platform/cc2530eb/drivers/iic.c:61: uint8_t c=0;
      000082 7F 00            [12] 1331 	mov	r7,#0x00
                                   1332 ;	../../../../platform/cc2530eb/drivers/iic.c:62: SCL=0;
      000084 C2 92            [12] 1333 	clr	_P1_2
                                   1334 ;	../../../../platform/cc2530eb/drivers/iic.c:63: SDA=1;
      000086 D2 93            [12] 1335 	setb	_P1_3
                                   1336 ;	../../../../platform/cc2530eb/drivers/iic.c:64: while(i--){
      000088 7E 08            [12] 1337 	mov	r6,#0x08
      00008A                       1338 00104$:
      00008A 8E 05            [24] 1339 	mov	ar5,r6
      00008C 1E               [12] 1340 	dec	r6
      00008D ED               [12] 1341 	mov	a,r5
      00008E 60 28            [24] 1342 	jz	00106$
                                   1343 ;	../../../../platform/cc2530eb/drivers/iic.c:65: c<<=1;
      000090 EF               [12] 1344 	mov	a,r7
      000091 2F               [12] 1345 	add	a,r7
      000092 FF               [12] 1346 	mov	r7,a
                                   1347 ;	../../../../platform/cc2530eb/drivers/iic.c:66: SCL=0;
      000093 C2 92            [12] 1348 	clr	_P1_2
                                   1349 ;	../../../../platform/cc2530eb/drivers/iic.c:67: clock_delay_usec(1);
      000095 90 00 01         [24] 1350 	mov	dptr,#0x0001
      000098 C0 07            [24] 1351 	push	ar7
      00009A C0 06            [24] 1352 	push	ar6
      00009C 78r00            [12] 1353 	mov	r0,#_clock_delay_usec
      00009E 79s00            [12] 1354 	mov	r1,#(_clock_delay_usec >> 8)
      0000A0 7As00            [12] 1355 	mov	r2,#(_clock_delay_usec >> 16)
      0000A2 12r00r00         [24] 1356 	lcall	__sdcc_banked_call
      0000A5 D0 06            [24] 1357 	pop	ar6
      0000A7 D0 07            [24] 1358 	pop	ar7
                                   1359 ;	../../../../platform/cc2530eb/drivers/iic.c:68: SCL=1;
      0000A9 D2 92            [12] 1360 	setb	_P1_2
                                   1361 ;	../../../../platform/cc2530eb/drivers/iic.c:69: if(SDA==1)c|=0x01;
      0000AB 30 93 05         [24] 1362 	jnb	_P1_3,00102$
      0000AE 43 07 01         [24] 1363 	orl	ar7,#0x01
      0000B1 80 D7            [24] 1364 	sjmp	00104$
      0000B3                       1365 00102$:
                                   1366 ;	../../../../platform/cc2530eb/drivers/iic.c:70: else c&=0xfe;
      0000B3 53 07 FE         [24] 1367 	anl	ar7,#0xFE
      0000B6 80 D2            [24] 1368 	sjmp	00104$
      0000B8                       1369 00106$:
                                   1370 ;	../../../../platform/cc2530eb/drivers/iic.c:72: SCL=0;
      0000B8 C2 92            [12] 1371 	clr	_P1_2
                                   1372 ;	../../../../platform/cc2530eb/drivers/iic.c:73: return c;
      0000BA 8F 82            [24] 1373 	mov	dpl,r7
      0000BC 02r00r00         [24] 1374 	ljmp	__sdcc_banked_ret
                                   1375 ;------------------------------------------------------------
                                   1376 ;Allocation info for local variables in function 'I2C_Write'
                                   1377 ;------------------------------------------------------------
                                   1378 ;REG_Address               Allocated to stack - sp -3
                                   1379 ;REG_data                  Allocated to stack - sp -4
                                   1380 ;Slave_Addr                Allocated to registers r7 
                                   1381 ;------------------------------------------------------------
                                   1382 ;	../../../../platform/cc2530eb/drivers/iic.c:76: void I2C_Write(uint8_t Slave_Addr, uint8_t REG_Address,uint8_t REG_data)
                                   1383 ;	-----------------------------------------
                                   1384 ;	 function I2C_Write
                                   1385 ;	-----------------------------------------
      0000BF                       1386 _I2C_Write:
      0000BF AF 82            [24] 1387 	mov	r7,dpl
                                   1388 ;	../../../../platform/cc2530eb/drivers/iic.c:78: I2C_Start();
      0000C1 C0 07            [24] 1389 	push	ar7
      0000C3 78r00            [12] 1390 	mov	r0,#_I2C_Start
      0000C5 79s00            [12] 1391 	mov	r1,#(_I2C_Start >> 8)
      0000C7 7As00            [12] 1392 	mov	r2,#(_I2C_Start >> 16)
      0000C9 12r00r00         [24] 1393 	lcall	__sdcc_banked_call
      0000CC D0 07            [24] 1394 	pop	ar7
                                   1395 ;	../../../../platform/cc2530eb/drivers/iic.c:79: I2C_Write_Byte(Slave_Addr);
      0000CE 8F 82            [24] 1396 	mov	dpl,r7
      0000D0 78r57            [12] 1397 	mov	r0,#_I2C_Write_Byte
      0000D2 79s00            [12] 1398 	mov	r1,#(_I2C_Write_Byte >> 8)
      0000D4 7As00            [12] 1399 	mov	r2,#(_I2C_Write_Byte >> 16)
      0000D6 12r00r00         [24] 1400 	lcall	__sdcc_banked_call
                                   1401 ;	../../../../platform/cc2530eb/drivers/iic.c:80: I2C_Write_Byte(REG_Address);
      0000D9 E5 81            [12] 1402 	mov	a,sp
      0000DB 24 FD            [12] 1403 	add	a,#0xfd
      0000DD F8               [12] 1404 	mov	r0,a
      0000DE 86 82            [24] 1405 	mov	dpl,@r0
      0000E0 78r57            [12] 1406 	mov	r0,#_I2C_Write_Byte
      0000E2 79s00            [12] 1407 	mov	r1,#(_I2C_Write_Byte >> 8)
      0000E4 7As00            [12] 1408 	mov	r2,#(_I2C_Write_Byte >> 16)
      0000E6 12r00r00         [24] 1409 	lcall	__sdcc_banked_call
                                   1410 ;	../../../../platform/cc2530eb/drivers/iic.c:81: I2C_Write_Byte(REG_data);
      0000E9 E5 81            [12] 1411 	mov	a,sp
      0000EB 24 FC            [12] 1412 	add	a,#0xfc
      0000ED F8               [12] 1413 	mov	r0,a
      0000EE 86 82            [24] 1414 	mov	dpl,@r0
      0000F0 78r57            [12] 1415 	mov	r0,#_I2C_Write_Byte
      0000F2 79s00            [12] 1416 	mov	r1,#(_I2C_Write_Byte >> 8)
      0000F4 7As00            [12] 1417 	mov	r2,#(_I2C_Write_Byte >> 16)
      0000F6 12r00r00         [24] 1418 	lcall	__sdcc_banked_call
                                   1419 ;	../../../../platform/cc2530eb/drivers/iic.c:82: I2C_Stop();
      0000F9 78r17            [12] 1420 	mov	r0,#_I2C_Stop
      0000FB 79s00            [12] 1421 	mov	r1,#(_I2C_Stop >> 8)
      0000FD 7As00            [12] 1422 	mov	r2,#(_I2C_Stop >> 16)
      0000FF 12r00r00         [24] 1423 	lcall	__sdcc_banked_call
      000102 02r00r00         [24] 1424 	ljmp	__sdcc_banked_ret
                                   1425 ;------------------------------------------------------------
                                   1426 ;Allocation info for local variables in function 'I2C_Read'
                                   1427 ;------------------------------------------------------------
                                   1428 ;REG_Address               Allocated to stack - sp -3
                                   1429 ;Slave_Addr                Allocated to registers r7 
                                   1430 ;REG_data                  Allocated to registers r7 
                                   1431 ;------------------------------------------------------------
                                   1432 ;	../../../../platform/cc2530eb/drivers/iic.c:85: uint8_t I2C_Read(uint8_t Slave_Addr, uint8_t REG_Address)
                                   1433 ;	-----------------------------------------
                                   1434 ;	 function I2C_Read
                                   1435 ;	-----------------------------------------
      000105                       1436 _I2C_Read:
      000105 AF 82            [24] 1437 	mov	r7,dpl
                                   1438 ;	../../../../platform/cc2530eb/drivers/iic.c:88: I2C_Start();
      000107 C0 07            [24] 1439 	push	ar7
      000109 78r00            [12] 1440 	mov	r0,#_I2C_Start
      00010B 79s00            [12] 1441 	mov	r1,#(_I2C_Start >> 8)
      00010D 7As00            [12] 1442 	mov	r2,#(_I2C_Start >> 16)
      00010F 12r00r00         [24] 1443 	lcall	__sdcc_banked_call
      000112 D0 07            [24] 1444 	pop	ar7
                                   1445 ;	../../../../platform/cc2530eb/drivers/iic.c:89: I2C_Write_Byte(Slave_Addr);
      000114 8F 82            [24] 1446 	mov	dpl,r7
      000116 C0 07            [24] 1447 	push	ar7
      000118 78r57            [12] 1448 	mov	r0,#_I2C_Write_Byte
      00011A 79s00            [12] 1449 	mov	r1,#(_I2C_Write_Byte >> 8)
      00011C 7As00            [12] 1450 	mov	r2,#(_I2C_Write_Byte >> 16)
      00011E 12r00r00         [24] 1451 	lcall	__sdcc_banked_call
      000121 D0 07            [24] 1452 	pop	ar7
                                   1453 ;	../../../../platform/cc2530eb/drivers/iic.c:90: I2C_Write_Byte(REG_Address);
      000123 E5 81            [12] 1454 	mov	a,sp
      000125 24 FD            [12] 1455 	add	a,#0xfd
      000127 F8               [12] 1456 	mov	r0,a
      000128 86 82            [24] 1457 	mov	dpl,@r0
      00012A C0 07            [24] 1458 	push	ar7
      00012C 78r57            [12] 1459 	mov	r0,#_I2C_Write_Byte
      00012E 79s00            [12] 1460 	mov	r1,#(_I2C_Write_Byte >> 8)
      000130 7As00            [12] 1461 	mov	r2,#(_I2C_Write_Byte >> 16)
      000132 12r00r00         [24] 1462 	lcall	__sdcc_banked_call
                                   1463 ;	../../../../platform/cc2530eb/drivers/iic.c:91: I2C_Start();
      000135 78r00            [12] 1464 	mov	r0,#_I2C_Start
      000137 79s00            [12] 1465 	mov	r1,#(_I2C_Start >> 8)
      000139 7As00            [12] 1466 	mov	r2,#(_I2C_Start >> 16)
      00013B 12r00r00         [24] 1467 	lcall	__sdcc_banked_call
      00013E D0 07            [24] 1468 	pop	ar7
                                   1469 ;	../../../../platform/cc2530eb/drivers/iic.c:92: I2C_Write_Byte(Slave_Addr+1);
      000140 0F               [12] 1470 	inc	r7
      000141 8F 82            [24] 1471 	mov	dpl,r7
      000143 78r57            [12] 1472 	mov	r0,#_I2C_Write_Byte
      000145 79s00            [12] 1473 	mov	r1,#(_I2C_Write_Byte >> 8)
      000147 7As00            [12] 1474 	mov	r2,#(_I2C_Write_Byte >> 16)
      000149 12r00r00         [24] 1475 	lcall	__sdcc_banked_call
                                   1476 ;	../../../../platform/cc2530eb/drivers/iic.c:93: REG_data=I2C_Read_Byte();
      00014C 78r82            [12] 1477 	mov	r0,#_I2C_Read_Byte
      00014E 79s00            [12] 1478 	mov	r1,#(_I2C_Read_Byte >> 8)
      000150 7As00            [12] 1479 	mov	r2,#(_I2C_Read_Byte >> 16)
      000152 12r00r00         [24] 1480 	lcall	__sdcc_banked_call
      000155 AF 82            [24] 1481 	mov	r7,dpl
                                   1482 ;	../../../../platform/cc2530eb/drivers/iic.c:94: Sendack(1);
      000157 75 82 01         [24] 1483 	mov	dpl,#0x01
      00015A C0 07            [24] 1484 	push	ar7
      00015C 78r22            [12] 1485 	mov	r0,#_Sendack
      00015E 79s00            [12] 1486 	mov	r1,#(_Sendack >> 8)
      000160 7As00            [12] 1487 	mov	r2,#(_Sendack >> 16)
      000162 12r00r00         [24] 1488 	lcall	__sdcc_banked_call
                                   1489 ;	../../../../platform/cc2530eb/drivers/iic.c:95: I2C_Stop();
      000165 78r17            [12] 1490 	mov	r0,#_I2C_Stop
      000167 79s00            [12] 1491 	mov	r1,#(_I2C_Stop >> 8)
      000169 7As00            [12] 1492 	mov	r2,#(_I2C_Stop >> 16)
      00016B 12r00r00         [24] 1493 	lcall	__sdcc_banked_call
      00016E D0 07            [24] 1494 	pop	ar7
                                   1495 ;	../../../../platform/cc2530eb/drivers/iic.c:96: return REG_data;
      000170 8F 82            [24] 1496 	mov	dpl,r7
      000172 02r00r00         [24] 1497 	ljmp	__sdcc_banked_ret
                                   1498 	.area CSEG    (CODE)
                                   1499 	.area CONST   (CODE)
                                   1500 	.area XINIT   (CODE)
                                   1501 	.area CABS    (ABS,CODE)
