                                      1 ;--------------------------------------------------------
                                      2 ; File Created by SDCC : free open source ANSI-C Compiler
                                      3 ; Version 3.3.1 #8804 (Aug  6 2013) (Linux)
                                      4 ; This file was generated Mon Aug 25 04:16:51 2014
                                      5 ;--------------------------------------------------------
                                      6 	.module joystick_sensor
                                      7 	.optsdcc -mmcs51 --model-huge
                                      8 	
                                      9 ;--------------------------------------------------------
                                     10 ; Public variables in this module
                                     11 ;--------------------------------------------------------
                                     12 	.globl _joystick_sensor
                                     13 	.globl _sensors_changed
                                     14 	.globl _timer_expired
                                     15 	.globl _timer_set
                                     16 	.globl _ACTIVE
                                     17 	.globl _TX_BYTE
                                     18 	.globl _RX_BYTE
                                     19 	.globl _ERR
                                     20 	.globl _FE
                                     21 	.globl _SLAVE
                                     22 	.globl _RE
                                     23 	.globl _MODE
                                     24 	.globl _T3OVFIF
                                     25 	.globl _T3CH0IF
                                     26 	.globl _T3CH1IF
                                     27 	.globl _T4OVFIF
                                     28 	.globl _T4CH0IF
                                     29 	.globl _T4CH1IF
                                     30 	.globl _OVFIM
                                     31 	.globl _B_0
                                     32 	.globl _B_1
                                     33 	.globl _B_2
                                     34 	.globl _B_3
                                     35 	.globl _B_4
                                     36 	.globl _B_5
                                     37 	.globl _B_6
                                     38 	.globl _B_7
                                     39 	.globl _P2IF
                                     40 	.globl _UTX0IF
                                     41 	.globl _UTX1IF
                                     42 	.globl _P1IF
                                     43 	.globl _WDTIF
                                     44 	.globl _ACC_0
                                     45 	.globl _ACC_1
                                     46 	.globl _ACC_2
                                     47 	.globl _ACC_3
                                     48 	.globl _ACC_4
                                     49 	.globl _ACC_5
                                     50 	.globl _ACC_6
                                     51 	.globl _ACC_7
                                     52 	.globl _P
                                     53 	.globl _F1
                                     54 	.globl _OV
                                     55 	.globl _RS0
                                     56 	.globl _RS1
                                     57 	.globl _F0
                                     58 	.globl _AC
                                     59 	.globl _CY
                                     60 	.globl _DMAIF
                                     61 	.globl _T1IF
                                     62 	.globl _T2IF
                                     63 	.globl _T3IF
                                     64 	.globl _T4IF
                                     65 	.globl _P0IF
                                     66 	.globl _STIF
                                     67 	.globl _DMAIE
                                     68 	.globl _T1IE
                                     69 	.globl _T2IE
                                     70 	.globl _T3IE
                                     71 	.globl _T4IE
                                     72 	.globl _P0IE
                                     73 	.globl _RFERRIE
                                     74 	.globl _ADCIE
                                     75 	.globl _URX0IE
                                     76 	.globl _URX1IE
                                     77 	.globl _ENCIE
                                     78 	.globl _STIE
                                     79 	.globl _EA
                                     80 	.globl _P2_0
                                     81 	.globl _P2_1
                                     82 	.globl _P2_2
                                     83 	.globl _P2_3
                                     84 	.globl _P2_4
                                     85 	.globl _P2_5
                                     86 	.globl _P2_6
                                     87 	.globl _P2_7
                                     88 	.globl _ENCIF_0
                                     89 	.globl _ENCIF_1
                                     90 	.globl _P1_0
                                     91 	.globl _P1_1
                                     92 	.globl _P1_2
                                     93 	.globl _P1_3
                                     94 	.globl _P1_4
                                     95 	.globl _P1_5
                                     96 	.globl _P1_6
                                     97 	.globl _P1_7
                                     98 	.globl _IT0
                                     99 	.globl _RFERRIF
                                    100 	.globl _IT1
                                    101 	.globl _URX0IF
                                    102 	.globl _ADCIF
                                    103 	.globl _URX1IF
                                    104 	.globl _P0_0
                                    105 	.globl _P0_1
                                    106 	.globl _P0_2
                                    107 	.globl _P0_3
                                    108 	.globl _P0_4
                                    109 	.globl _P0_5
                                    110 	.globl _P0_6
                                    111 	.globl _P0_7
                                    112 	.globl _WDCTL
                                    113 	.globl _U1GCR
                                    114 	.globl _U1UCR
                                    115 	.globl _U1BAUD
                                    116 	.globl _U1DBUF
                                    117 	.globl _U1CSR
                                    118 	.globl _U0GCR
                                    119 	.globl _U0UCR
                                    120 	.globl _U0BAUD
                                    121 	.globl _U0DBUF
                                    122 	.globl _U0CSR
                                    123 	.globl _TIMIF
                                    124 	.globl _T4CC1
                                    125 	.globl _T4CCTL1
                                    126 	.globl _T4CC0
                                    127 	.globl _T4CCTL0
                                    128 	.globl _T4CTL
                                    129 	.globl _T4CNT
                                    130 	.globl _T3CC1
                                    131 	.globl _T3CCTL1
                                    132 	.globl _T3CC0
                                    133 	.globl _T3CCTL0
                                    134 	.globl _T3CTL
                                    135 	.globl _T3CNT
                                    136 	.globl _T2MSEL
                                    137 	.globl _T2IRQM
                                    138 	.globl _T2MOVF2
                                    139 	.globl _T2MOVF1
                                    140 	.globl _T2MOVF0
                                    141 	.globl _T2M1
                                    142 	.globl _T2M0
                                    143 	.globl _T2IRQF
                                    144 	.globl _T2EVTCFG
                                    145 	.globl _T2CTRL
                                    146 	.globl _T1STAT
                                    147 	.globl _T1CCTL2
                                    148 	.globl _T1CCTL1
                                    149 	.globl _T1CCTL0
                                    150 	.globl _T1CTL
                                    151 	.globl _T1CNTH
                                    152 	.globl _T1CNTL
                                    153 	.globl _T1CC2H
                                    154 	.globl _T1CC2L
                                    155 	.globl _T1CC1H
                                    156 	.globl _T1CC1L
                                    157 	.globl _T1CC0H
                                    158 	.globl _T1CC0L
                                    159 	.globl _CLKCONSTA
                                    160 	.globl _CLKCONCMD
                                    161 	.globl _SLEEPSTA
                                    162 	.globl _SLEEPCMD
                                    163 	.globl _STLOAD
                                    164 	.globl _ST2
                                    165 	.globl _ST1
                                    166 	.globl _ST0
                                    167 	.globl _RFERRF
                                    168 	.globl _RFIRQF0
                                    169 	.globl _RFST
                                    170 	.globl _RFD
                                    171 	.globl _RFIRQF1
                                    172 	.globl _PSBANK
                                    173 	.globl _FMAP
                                    174 	.globl _MEMCTR
                                    175 	.globl __XPAGE
                                    176 	.globl _MPAGE
                                    177 	.globl _PMUX
                                    178 	.globl _P2DIR
                                    179 	.globl _P1DIR
                                    180 	.globl _P0DIR
                                    181 	.globl _P2INP
                                    182 	.globl _P1INP
                                    183 	.globl _P2SEL
                                    184 	.globl _P1SEL
                                    185 	.globl _P0SEL
                                    186 	.globl _APCFG
                                    187 	.globl _PERCFG
                                    188 	.globl _P0INP
                                    189 	.globl _P2IEN
                                    190 	.globl _P1IEN
                                    191 	.globl _P0IEN
                                    192 	.globl _PICTL
                                    193 	.globl _P2IFG
                                    194 	.globl _P1IFG
                                    195 	.globl _P0IFG
                                    196 	.globl _DMAREQ
                                    197 	.globl _DMAARM
                                    198 	.globl _DMA0CFGH
                                    199 	.globl _DMA0CFGL
                                    200 	.globl _DMA1CFGH
                                    201 	.globl _DMA1CFGL
                                    202 	.globl _DMAIRQ
                                    203 	.globl _ENCCS
                                    204 	.globl _ENCDO
                                    205 	.globl _ENCDI
                                    206 	.globl _RNDH
                                    207 	.globl _RNDL
                                    208 	.globl _ADCH
                                    209 	.globl _ADCL
                                    210 	.globl _ADCCON3
                                    211 	.globl _ADCCON2
                                    212 	.globl _ADCCON1
                                    213 	.globl _B
                                    214 	.globl _IRCON2
                                    215 	.globl _ACC
                                    216 	.globl _PSW
                                    217 	.globl _IRCON
                                    218 	.globl _IP1
                                    219 	.globl _IEN1
                                    220 	.globl _IP0
                                    221 	.globl _IEN0
                                    222 	.globl _P2
                                    223 	.globl _S1CON
                                    224 	.globl _IEN2
                                    225 	.globl _S0CON
                                    226 	.globl _DPS
                                    227 	.globl _P1
                                    228 	.globl _TCON
                                    229 	.globl _PCON
                                    230 	.globl _DPH1
                                    231 	.globl _DPL1
                                    232 	.globl _DPH0
                                    233 	.globl _DPL0
                                    234 	.globl _SP
                                    235 	.globl _P0
                                    236 	.globl _X_IEEE_ADDR
                                    237 	.globl _X_INFOPAGE
                                    238 	.globl _X_P2DIR
                                    239 	.globl _X_P1DIR
                                    240 	.globl _X_P0DIR
                                    241 	.globl _X_U1GCR
                                    242 	.globl _X_U1UCR
                                    243 	.globl _X_U1BAUD
                                    244 	.globl _X_U1DBUF
                                    245 	.globl _X_U1CSR
                                    246 	.globl _X_P2INP
                                    247 	.globl _X_P1INP
                                    248 	.globl _X_P2SEL
                                    249 	.globl _X_P1SEL
                                    250 	.globl _X_P0SEL
                                    251 	.globl _X_APCFG
                                    252 	.globl _X_PERCFG
                                    253 	.globl _X_T4CC1
                                    254 	.globl _X_T4CCTL1
                                    255 	.globl _X_T4CC0
                                    256 	.globl _X_T4CCTL0
                                    257 	.globl _X_T4CTL
                                    258 	.globl _X_T4CNT
                                    259 	.globl _X_RFIRQF0
                                    260 	.globl _X_T1CCTL2
                                    261 	.globl _X_T1CCTL1
                                    262 	.globl _X_T1CCTL0
                                    263 	.globl _X_T1CTL
                                    264 	.globl _X_T1CNTH
                                    265 	.globl _X_T1CNTL
                                    266 	.globl _X_RFST
                                    267 	.globl _X_T1CC2H
                                    268 	.globl _X_T1CC2L
                                    269 	.globl _X_T1CC1H
                                    270 	.globl _X_T1CC1L
                                    271 	.globl _X_T1CC0H
                                    272 	.globl _X_T1CC0L
                                    273 	.globl _X_RFD
                                    274 	.globl _X_TIMIF
                                    275 	.globl _X_DMAREQ
                                    276 	.globl _X_DMAARM
                                    277 	.globl _X_DMA0CFGH
                                    278 	.globl _X_DMA0CFGL
                                    279 	.globl _X_DMA1CFGH
                                    280 	.globl _X_DMA1CFGL
                                    281 	.globl _X_DMAIRQ
                                    282 	.globl _X_T3CC1
                                    283 	.globl _X_T3CCTL1
                                    284 	.globl _X_T3CC0
                                    285 	.globl _X_T3CCTL0
                                    286 	.globl _X_T3CTL
                                    287 	.globl _X_T3CNT
                                    288 	.globl _X_WDCTL
                                    289 	.globl _X_MEMCTR
                                    290 	.globl _X_CLKCONCMD
                                    291 	.globl _X_U0GCR
                                    292 	.globl _X_U0UCR
                                    293 	.globl _X_T2MSEL
                                    294 	.globl _X_U0BAUD
                                    295 	.globl _X_U0DBUF
                                    296 	.globl _X_RFERRF
                                    297 	.globl _X_SLEEPCMD
                                    298 	.globl _X_RNDH
                                    299 	.globl _X_RNDL
                                    300 	.globl _X_ADCH
                                    301 	.globl _X_ADCL
                                    302 	.globl _X_ADCCON3
                                    303 	.globl _X_ADCCON2
                                    304 	.globl _X_ADCCON1
                                    305 	.globl _X_ENCCS
                                    306 	.globl _X_ENCDO
                                    307 	.globl _X_ENCDI
                                    308 	.globl _X_T1STAT
                                    309 	.globl _X_PMUX
                                    310 	.globl _X_STLOAD
                                    311 	.globl _X_P2IEN
                                    312 	.globl _X_P0IEN
                                    313 	.globl _X_T2IRQM
                                    314 	.globl _X_T2MOVF2
                                    315 	.globl _X_T2MOVF1
                                    316 	.globl _X_T2MOVF0
                                    317 	.globl _X_T2M1
                                    318 	.globl _X_T2M0
                                    319 	.globl _X_T2IRQF
                                    320 	.globl _X_P2
                                    321 	.globl _X_PSBANK
                                    322 	.globl _X_FMAP
                                    323 	.globl _X_CLKCONSTA
                                    324 	.globl _X_SLEEPSTA
                                    325 	.globl _X_T2EVTCFG
                                    326 	.globl _X_ST2
                                    327 	.globl _X_ST1
                                    328 	.globl _X_ST0
                                    329 	.globl _X_T2CTRL
                                    330 	.globl _X__XPAGE
                                    331 	.globl _X_MPAGE
                                    332 	.globl _X_RFIRQF1
                                    333 	.globl _X_P1
                                    334 	.globl _X_P0INP
                                    335 	.globl _X_P1IEN
                                    336 	.globl _X_PICTL
                                    337 	.globl _X_P2IFG
                                    338 	.globl _X_P1IFG
                                    339 	.globl _X_P0IFG
                                    340 	.globl _X_U0CSR
                                    341 	.globl _X_P0
                                    342 	.globl _USBF5
                                    343 	.globl _USBF4
                                    344 	.globl _USBF3
                                    345 	.globl _USBF2
                                    346 	.globl _USBF1
                                    347 	.globl _USBF0
                                    348 	.globl _USBCNTH
                                    349 	.globl _USBCNTL
                                    350 	.globl _USBCNT0
                                    351 	.globl _USBCSOH
                                    352 	.globl _USBCSOL
                                    353 	.globl _USBMAXO
                                    354 	.globl _USBCSIH
                                    355 	.globl _USBCSIL
                                    356 	.globl _USBCS0
                                    357 	.globl _USBMAXI
                                    358 	.globl _USBCTRL
                                    359 	.globl _USBINDEX
                                    360 	.globl _USBFRMH
                                    361 	.globl _USBFRML
                                    362 	.globl _USBCIE
                                    363 	.globl _USBOIE
                                    364 	.globl _USBIIE
                                    365 	.globl _USBCIF
                                    366 	.globl _USBOIF
                                    367 	.globl _USBIIF
                                    368 	.globl _USBPOW
                                    369 	.globl _USBADDR
                                    370 	.globl _CSPT
                                    371 	.globl _CSPZ
                                    372 	.globl _CSPY
                                    373 	.globl _CSPX
                                    374 	.globl _CSPSTAT
                                    375 	.globl _CSPCTRL
                                    376 	.globl _CSPPROG23
                                    377 	.globl _CSPPROG22
                                    378 	.globl _CSPPROG21
                                    379 	.globl _CSPPROG20
                                    380 	.globl _CSPPROG19
                                    381 	.globl _CSPPROG18
                                    382 	.globl _CSPPROG17
                                    383 	.globl _CSPPROG16
                                    384 	.globl _CSPPROG15
                                    385 	.globl _CSPPROG14
                                    386 	.globl _CSPPROG13
                                    387 	.globl _CSPPROG12
                                    388 	.globl _CSPPROG11
                                    389 	.globl _CSPPROG10
                                    390 	.globl _CSPPROG9
                                    391 	.globl _CSPPROG8
                                    392 	.globl _CSPPROG7
                                    393 	.globl _CSPPROG6
                                    394 	.globl _CSPPROG5
                                    395 	.globl _CSPPROG4
                                    396 	.globl _CSPPROG3
                                    397 	.globl _CSPPROG2
                                    398 	.globl _CSPPROG1
                                    399 	.globl _CSPPROG0
                                    400 	.globl _RFC_OBS_CTRL2
                                    401 	.globl _RFC_OBS_CTRL1
                                    402 	.globl _RFC_OBS_CTRL0
                                    403 	.globl _TXFILTCFG
                                    404 	.globl _PTEST1
                                    405 	.globl _PTEST0
                                    406 	.globl _ATEST
                                    407 	.globl _DACTEST2
                                    408 	.globl _DACTEST1
                                    409 	.globl _DACTEST0
                                    410 	.globl _MDMTEST1
                                    411 	.globl _MDMTEST0
                                    412 	.globl _ADCTEST2
                                    413 	.globl _ADCTEST1
                                    414 	.globl _ADCTEST0
                                    415 	.globl _AGCCTRL3
                                    416 	.globl _AGCCTRL2
                                    417 	.globl _AGCCTRL1
                                    418 	.globl _AGCCTRL0
                                    419 	.globl _FSCAL3
                                    420 	.globl _FSCAL2
                                    421 	.globl _FSCAL1
                                    422 	.globl _FSCAL0
                                    423 	.globl _FSCTRL
                                    424 	.globl _RXCTRL
                                    425 	.globl _FREQEST
                                    426 	.globl _MDMCTRL1
                                    427 	.globl _MDMCTRL0
                                    428 	.globl _RFRND
                                    429 	.globl _RFERRM
                                    430 	.globl _RFIRQM1
                                    431 	.globl _RFIRQM0
                                    432 	.globl _TXLAST_PTR
                                    433 	.globl _TXFIRST_PTR
                                    434 	.globl _RXP1_PTR
                                    435 	.globl _RXLAST_PTR
                                    436 	.globl _RXFIRST_PTR
                                    437 	.globl _TXFIFOCNT
                                    438 	.globl _RXFIFOCNT
                                    439 	.globl _RXFIRST
                                    440 	.globl _RSSISTAT
                                    441 	.globl _RSSI
                                    442 	.globl _CCACTRL1
                                    443 	.globl _CCACTRL0
                                    444 	.globl _FSMCTRL
                                    445 	.globl _FIFOPCTRL
                                    446 	.globl _FSMSTAT1
                                    447 	.globl _FSMSTAT0
                                    448 	.globl _TXCTRL
                                    449 	.globl _TXPOWER
                                    450 	.globl _FREQCTRL
                                    451 	.globl _FREQTUNE
                                    452 	.globl _RXMASKCLR
                                    453 	.globl _RXMASKSET
                                    454 	.globl _RXENABLE
                                    455 	.globl _FRMCTRL1
                                    456 	.globl _FRMCTRL0
                                    457 	.globl _SRCEXTEN2
                                    458 	.globl _SRCEXTEN1
                                    459 	.globl _SRCEXTEN0
                                    460 	.globl _SRCSHORTEN2
                                    461 	.globl _SRCSHORTEN1
                                    462 	.globl _SRCSHORTEN0
                                    463 	.globl _SRCMATCH
                                    464 	.globl _FRMFILT1
                                    465 	.globl _FRMFILT0
                                    466 	.globl _SHORT_ADDR1
                                    467 	.globl _SHORT_ADDR0
                                    468 	.globl _PAN_ID1
                                    469 	.globl _PAN_ID0
                                    470 	.globl _EXT_ADDR7
                                    471 	.globl _EXT_ADDR6
                                    472 	.globl _EXT_ADDR5
                                    473 	.globl _EXT_ADDR4
                                    474 	.globl _EXT_ADDR3
                                    475 	.globl _EXT_ADDR2
                                    476 	.globl _EXT_ADDR1
                                    477 	.globl _EXT_ADDR0
                                    478 	.globl _SRCSHORTPENDEN2
                                    479 	.globl _SRCSHORTPENDEN1
                                    480 	.globl _SRCSHORTPENDEN0
                                    481 	.globl _SRCEXTPENDEN2
                                    482 	.globl _SRCEXTPENDEN1
                                    483 	.globl _SRCEXTPENDEN0
                                    484 	.globl _SRCRESINDEX
                                    485 	.globl _SRCRESMASK2
                                    486 	.globl _SRCRESMASK1
                                    487 	.globl _SRCRESMASK0
                                    488 	.globl _SRC_ADDR_TABLE
                                    489 	.globl _TXFIFO
                                    490 	.globl _RXFIFO
                                    491 	.globl _RFCORE_RAM
                                    492 	.globl _CMPCTL
                                    493 	.globl _OPAMPS
                                    494 	.globl _OPAMPC
                                    495 	.globl _STCV2
                                    496 	.globl _STCV1
                                    497 	.globl _STCV0
                                    498 	.globl _STCS
                                    499 	.globl _STCC
                                    500 	.globl _T1CC4H
                                    501 	.globl _T1CC4L
                                    502 	.globl _T1CC3H
                                    503 	.globl _T1CC3L
                                    504 	.globl _XX_T1CC2H
                                    505 	.globl _XX_T1CC2L
                                    506 	.globl _XX_T1CC1H
                                    507 	.globl _XX_T1CC1L
                                    508 	.globl _XX_T1CC0H
                                    509 	.globl _XX_T1CC0L
                                    510 	.globl _T1CCTL4
                                    511 	.globl _T1CCTL3
                                    512 	.globl _XX_T1CCTL2
                                    513 	.globl _XX_T1CCTL1
                                    514 	.globl _XX_T1CCTL0
                                    515 	.globl _CLD
                                    516 	.globl _IRCTL
                                    517 	.globl _CHIPINFO1
                                    518 	.globl _CHIPINFO0
                                    519 	.globl _FWDATA
                                    520 	.globl _FADDRH
                                    521 	.globl _FADDRL
                                    522 	.globl _FCTL
                                    523 	.globl _IVCTRL
                                    524 	.globl _BATTMON
                                    525 	.globl _SRCRC
                                    526 	.globl _DBGDATA
                                    527 	.globl _TESTREG0
                                    528 	.globl _CHIPID
                                    529 	.globl _CHVER
                                    530 	.globl _OBSSEL5
                                    531 	.globl _OBSSEL4
                                    532 	.globl _OBSSEL3
                                    533 	.globl _OBSSEL2
                                    534 	.globl _OBSSEL1
                                    535 	.globl _OBSSEL0
                                    536 	.globl _I2CIO
                                    537 	.globl _I2CWC
                                    538 	.globl _I2CADDR
                                    539 	.globl _I2CDATA
                                    540 	.globl _I2CSTAT
                                    541 	.globl _I2CCFG
                                    542 	.globl _OPAMPMC
                                    543 	.globl _MONMUX
                                    544 	.globl _port_2_isr
                                    545 ;--------------------------------------------------------
                                    546 ; special function registers
                                    547 ;--------------------------------------------------------
                                    548 	.area RSEG    (ABS,DATA)
      000000                        549 	.org 0x0000
                           000080   550 _P0	=	0x0080
                           000081   551 _SP	=	0x0081
                           000082   552 _DPL0	=	0x0082
                           000083   553 _DPH0	=	0x0083
                           000084   554 _DPL1	=	0x0084
                           000085   555 _DPH1	=	0x0085
                           000087   556 _PCON	=	0x0087
                           000088   557 _TCON	=	0x0088
                           000090   558 _P1	=	0x0090
                           000092   559 _DPS	=	0x0092
                           000098   560 _S0CON	=	0x0098
                           00009A   561 _IEN2	=	0x009a
                           00009B   562 _S1CON	=	0x009b
                           0000A0   563 _P2	=	0x00a0
                           0000A8   564 _IEN0	=	0x00a8
                           0000A9   565 _IP0	=	0x00a9
                           0000B8   566 _IEN1	=	0x00b8
                           0000B9   567 _IP1	=	0x00b9
                           0000C0   568 _IRCON	=	0x00c0
                           0000D0   569 _PSW	=	0x00d0
                           0000E0   570 _ACC	=	0x00e0
                           0000E8   571 _IRCON2	=	0x00e8
                           0000F0   572 _B	=	0x00f0
                           0000B4   573 _ADCCON1	=	0x00b4
                           0000B5   574 _ADCCON2	=	0x00b5
                           0000B6   575 _ADCCON3	=	0x00b6
                           0000BA   576 _ADCL	=	0x00ba
                           0000BB   577 _ADCH	=	0x00bb
                           0000BC   578 _RNDL	=	0x00bc
                           0000BD   579 _RNDH	=	0x00bd
                           0000B1   580 _ENCDI	=	0x00b1
                           0000B2   581 _ENCDO	=	0x00b2
                           0000B3   582 _ENCCS	=	0x00b3
                           0000D1   583 _DMAIRQ	=	0x00d1
                           0000D2   584 _DMA1CFGL	=	0x00d2
                           0000D3   585 _DMA1CFGH	=	0x00d3
                           0000D4   586 _DMA0CFGL	=	0x00d4
                           0000D5   587 _DMA0CFGH	=	0x00d5
                           0000D6   588 _DMAARM	=	0x00d6
                           0000D7   589 _DMAREQ	=	0x00d7
                           000089   590 _P0IFG	=	0x0089
                           00008A   591 _P1IFG	=	0x008a
                           00008B   592 _P2IFG	=	0x008b
                           00008C   593 _PICTL	=	0x008c
                           0000AB   594 _P0IEN	=	0x00ab
                           00008D   595 _P1IEN	=	0x008d
                           0000AC   596 _P2IEN	=	0x00ac
                           00008F   597 _P0INP	=	0x008f
                           0000F1   598 _PERCFG	=	0x00f1
                           0000F2   599 _APCFG	=	0x00f2
                           0000F3   600 _P0SEL	=	0x00f3
                           0000F4   601 _P1SEL	=	0x00f4
                           0000F5   602 _P2SEL	=	0x00f5
                           0000F6   603 _P1INP	=	0x00f6
                           0000F7   604 _P2INP	=	0x00f7
                           0000FD   605 _P0DIR	=	0x00fd
                           0000FE   606 _P1DIR	=	0x00fe
                           0000FF   607 _P2DIR	=	0x00ff
                           0000AE   608 _PMUX	=	0x00ae
                           000093   609 _MPAGE	=	0x0093
                           000093   610 __XPAGE	=	0x0093
                           0000C7   611 _MEMCTR	=	0x00c7
                           00009F   612 _FMAP	=	0x009f
                           00009F   613 _PSBANK	=	0x009f
                           000091   614 _RFIRQF1	=	0x0091
                           0000D9   615 _RFD	=	0x00d9
                           0000E1   616 _RFST	=	0x00e1
                           0000E9   617 _RFIRQF0	=	0x00e9
                           0000BF   618 _RFERRF	=	0x00bf
                           000095   619 _ST0	=	0x0095
                           000096   620 _ST1	=	0x0096
                           000097   621 _ST2	=	0x0097
                           0000AD   622 _STLOAD	=	0x00ad
                           0000BE   623 _SLEEPCMD	=	0x00be
                           00009D   624 _SLEEPSTA	=	0x009d
                           0000C6   625 _CLKCONCMD	=	0x00c6
                           00009E   626 _CLKCONSTA	=	0x009e
                           0000DA   627 _T1CC0L	=	0x00da
                           0000DB   628 _T1CC0H	=	0x00db
                           0000DC   629 _T1CC1L	=	0x00dc
                           0000DD   630 _T1CC1H	=	0x00dd
                           0000DE   631 _T1CC2L	=	0x00de
                           0000DF   632 _T1CC2H	=	0x00df
                           0000E2   633 _T1CNTL	=	0x00e2
                           0000E3   634 _T1CNTH	=	0x00e3
                           0000E4   635 _T1CTL	=	0x00e4
                           0000E5   636 _T1CCTL0	=	0x00e5
                           0000E6   637 _T1CCTL1	=	0x00e6
                           0000E7   638 _T1CCTL2	=	0x00e7
                           0000AF   639 _T1STAT	=	0x00af
                           000094   640 _T2CTRL	=	0x0094
                           00009C   641 _T2EVTCFG	=	0x009c
                           0000A1   642 _T2IRQF	=	0x00a1
                           0000A2   643 _T2M0	=	0x00a2
                           0000A3   644 _T2M1	=	0x00a3
                           0000A4   645 _T2MOVF0	=	0x00a4
                           0000A5   646 _T2MOVF1	=	0x00a5
                           0000A6   647 _T2MOVF2	=	0x00a6
                           0000A7   648 _T2IRQM	=	0x00a7
                           0000C3   649 _T2MSEL	=	0x00c3
                           0000CA   650 _T3CNT	=	0x00ca
                           0000CB   651 _T3CTL	=	0x00cb
                           0000CC   652 _T3CCTL0	=	0x00cc
                           0000CD   653 _T3CC0	=	0x00cd
                           0000CE   654 _T3CCTL1	=	0x00ce
                           0000CF   655 _T3CC1	=	0x00cf
                           0000EA   656 _T4CNT	=	0x00ea
                           0000EB   657 _T4CTL	=	0x00eb
                           0000EC   658 _T4CCTL0	=	0x00ec
                           0000ED   659 _T4CC0	=	0x00ed
                           0000EE   660 _T4CCTL1	=	0x00ee
                           0000EF   661 _T4CC1	=	0x00ef
                           0000D8   662 _TIMIF	=	0x00d8
                           000086   663 _U0CSR	=	0x0086
                           0000C1   664 _U0DBUF	=	0x00c1
                           0000C2   665 _U0BAUD	=	0x00c2
                           0000C4   666 _U0UCR	=	0x00c4
                           0000C5   667 _U0GCR	=	0x00c5
                           0000F8   668 _U1CSR	=	0x00f8
                           0000F9   669 _U1DBUF	=	0x00f9
                           0000FA   670 _U1BAUD	=	0x00fa
                           0000FB   671 _U1UCR	=	0x00fb
                           0000FC   672 _U1GCR	=	0x00fc
                           0000C9   673 _WDCTL	=	0x00c9
                                    674 ;--------------------------------------------------------
                                    675 ; special function bits
                                    676 ;--------------------------------------------------------
                                    677 	.area RSEG    (ABS,DATA)
      000000                        678 	.org 0x0000
                           000087   679 _P0_7	=	0x0087
                           000086   680 _P0_6	=	0x0086
                           000085   681 _P0_5	=	0x0085
                           000084   682 _P0_4	=	0x0084
                           000083   683 _P0_3	=	0x0083
                           000082   684 _P0_2	=	0x0082
                           000081   685 _P0_1	=	0x0081
                           000080   686 _P0_0	=	0x0080
                           00008F   687 _URX1IF	=	0x008f
                           00008D   688 _ADCIF	=	0x008d
                           00008B   689 _URX0IF	=	0x008b
                           00008A   690 _IT1	=	0x008a
                           000089   691 _RFERRIF	=	0x0089
                           000088   692 _IT0	=	0x0088
                           000097   693 _P1_7	=	0x0097
                           000096   694 _P1_6	=	0x0096
                           000095   695 _P1_5	=	0x0095
                           000094   696 _P1_4	=	0x0094
                           000093   697 _P1_3	=	0x0093
                           000092   698 _P1_2	=	0x0092
                           000091   699 _P1_1	=	0x0091
                           000090   700 _P1_0	=	0x0090
                           000099   701 _ENCIF_1	=	0x0099
                           000098   702 _ENCIF_0	=	0x0098
                           0000A7   703 _P2_7	=	0x00a7
                           0000A6   704 _P2_6	=	0x00a6
                           0000A5   705 _P2_5	=	0x00a5
                           0000A4   706 _P2_4	=	0x00a4
                           0000A3   707 _P2_3	=	0x00a3
                           0000A2   708 _P2_2	=	0x00a2
                           0000A1   709 _P2_1	=	0x00a1
                           0000A0   710 _P2_0	=	0x00a0
                           0000AF   711 _EA	=	0x00af
                           0000AD   712 _STIE	=	0x00ad
                           0000AC   713 _ENCIE	=	0x00ac
                           0000AB   714 _URX1IE	=	0x00ab
                           0000AA   715 _URX0IE	=	0x00aa
                           0000A9   716 _ADCIE	=	0x00a9
                           0000A8   717 _RFERRIE	=	0x00a8
                           0000BD   718 _P0IE	=	0x00bd
                           0000BC   719 _T4IE	=	0x00bc
                           0000BB   720 _T3IE	=	0x00bb
                           0000BA   721 _T2IE	=	0x00ba
                           0000B9   722 _T1IE	=	0x00b9
                           0000B8   723 _DMAIE	=	0x00b8
                           0000C7   724 _STIF	=	0x00c7
                           0000C5   725 _P0IF	=	0x00c5
                           0000C4   726 _T4IF	=	0x00c4
                           0000C3   727 _T3IF	=	0x00c3
                           0000C2   728 _T2IF	=	0x00c2
                           0000C1   729 _T1IF	=	0x00c1
                           0000C0   730 _DMAIF	=	0x00c0
                           0000D7   731 _CY	=	0x00d7
                           0000D6   732 _AC	=	0x00d6
                           0000D5   733 _F0	=	0x00d5
                           0000D4   734 _RS1	=	0x00d4
                           0000D3   735 _RS0	=	0x00d3
                           0000D2   736 _OV	=	0x00d2
                           0000D1   737 _F1	=	0x00d1
                           0000D0   738 _P	=	0x00d0
                           0000E7   739 _ACC_7	=	0x00e7
                           0000E6   740 _ACC_6	=	0x00e6
                           0000E5   741 _ACC_5	=	0x00e5
                           0000E4   742 _ACC_4	=	0x00e4
                           0000E3   743 _ACC_3	=	0x00e3
                           0000E2   744 _ACC_2	=	0x00e2
                           0000E1   745 _ACC_1	=	0x00e1
                           0000E0   746 _ACC_0	=	0x00e0
                           0000EC   747 _WDTIF	=	0x00ec
                           0000EB   748 _P1IF	=	0x00eb
                           0000EA   749 _UTX1IF	=	0x00ea
                           0000E9   750 _UTX0IF	=	0x00e9
                           0000E8   751 _P2IF	=	0x00e8
                           0000F7   752 _B_7	=	0x00f7
                           0000F6   753 _B_6	=	0x00f6
                           0000F5   754 _B_5	=	0x00f5
                           0000F4   755 _B_4	=	0x00f4
                           0000F3   756 _B_3	=	0x00f3
                           0000F2   757 _B_2	=	0x00f2
                           0000F1   758 _B_1	=	0x00f1
                           0000F0   759 _B_0	=	0x00f0
                           0000DE   760 _OVFIM	=	0x00de
                           0000DD   761 _T4CH1IF	=	0x00dd
                           0000DC   762 _T4CH0IF	=	0x00dc
                           0000DB   763 _T4OVFIF	=	0x00db
                           0000DA   764 _T3CH1IF	=	0x00da
                           0000D9   765 _T3CH0IF	=	0x00d9
                           0000D8   766 _T3OVFIF	=	0x00d8
                           0000FF   767 _MODE	=	0x00ff
                           0000FE   768 _RE	=	0x00fe
                           0000FD   769 _SLAVE	=	0x00fd
                           0000FC   770 _FE	=	0x00fc
                           0000FB   771 _ERR	=	0x00fb
                           0000FA   772 _RX_BYTE	=	0x00fa
                           0000F9   773 _TX_BYTE	=	0x00f9
                           0000F8   774 _ACTIVE	=	0x00f8
                                    775 ;--------------------------------------------------------
                                    776 ; overlayable register banks
                                    777 ;--------------------------------------------------------
                                    778 	.area REG_BANK_0	(REL,OVR,DATA)
      000000                        779 	.ds 8
                                    780 ;--------------------------------------------------------
                                    781 ; overlayable bit register bank
                                    782 ;--------------------------------------------------------
                                    783 	.area BIT_BANK	(REL,OVR,DATA)
      000000                        784 bits:
      000000                        785 	.ds 1
                           008000   786 	b0 = bits[0]
                           008100   787 	b1 = bits[1]
                           008200   788 	b2 = bits[2]
                           008300   789 	b3 = bits[3]
                           008400   790 	b4 = bits[4]
                           008500   791 	b5 = bits[5]
                           008600   792 	b6 = bits[6]
                           008700   793 	b7 = bits[7]
                                    794 ;--------------------------------------------------------
                                    795 ; internal ram data
                                    796 ;--------------------------------------------------------
                                    797 	.area DSEG    (DATA)
      000000                        798 _debouncetimer:
      000000                        799 	.ds 4
                                    800 ;--------------------------------------------------------
                                    801 ; overlayable items in internal ram 
                                    802 ;--------------------------------------------------------
                                    803 ;--------------------------------------------------------
                                    804 ; indirectly addressable internal ram data
                                    805 ;--------------------------------------------------------
                                    806 	.area ISEG    (DATA)
                                    807 ;--------------------------------------------------------
                                    808 ; absolute internal ram data
                                    809 ;--------------------------------------------------------
                                    810 	.area IABS    (ABS,DATA)
                                    811 	.area IABS    (ABS,DATA)
                                    812 ;--------------------------------------------------------
                                    813 ; bit data
                                    814 ;--------------------------------------------------------
                                    815 	.area BSEG    (BIT)
                                    816 ;--------------------------------------------------------
                                    817 ; paged external ram data
                                    818 ;--------------------------------------------------------
                                    819 	.area PSEG    (PAG,XDATA)
                                    820 ;--------------------------------------------------------
                                    821 ; external ram data
                                    822 ;--------------------------------------------------------
                                    823 	.area XSEG    (XDATA)
                           0061A6   824 _MONMUX	=	0x61a6
                           0061A6   825 _OPAMPMC	=	0x61a6
                           006230   826 _I2CCFG	=	0x6230
                           006231   827 _I2CSTAT	=	0x6231
                           006232   828 _I2CDATA	=	0x6232
                           006233   829 _I2CADDR	=	0x6233
                           006234   830 _I2CWC	=	0x6234
                           006235   831 _I2CIO	=	0x6235
                           006243   832 _OBSSEL0	=	0x6243
                           006244   833 _OBSSEL1	=	0x6244
                           006245   834 _OBSSEL2	=	0x6245
                           006246   835 _OBSSEL3	=	0x6246
                           006247   836 _OBSSEL4	=	0x6247
                           006248   837 _OBSSEL5	=	0x6248
                           006249   838 _CHVER	=	0x6249
                           00624A   839 _CHIPID	=	0x624a
                           00624B   840 _TESTREG0	=	0x624b
                           006260   841 _DBGDATA	=	0x6260
                           006262   842 _SRCRC	=	0x6262
                           006264   843 _BATTMON	=	0x6264
                           006265   844 _IVCTRL	=	0x6265
                           006270   845 _FCTL	=	0x6270
                           006271   846 _FADDRL	=	0x6271
                           006272   847 _FADDRH	=	0x6272
                           006273   848 _FWDATA	=	0x6273
                           006276   849 _CHIPINFO0	=	0x6276
                           006277   850 _CHIPINFO1	=	0x6277
                           006281   851 _IRCTL	=	0x6281
                           006290   852 _CLD	=	0x6290
                           0062A0   853 _XX_T1CCTL0	=	0x62a0
                           0062A1   854 _XX_T1CCTL1	=	0x62a1
                           0062A2   855 _XX_T1CCTL2	=	0x62a2
                           0062A3   856 _T1CCTL3	=	0x62a3
                           0062A4   857 _T1CCTL4	=	0x62a4
                           0062A6   858 _XX_T1CC0L	=	0x62a6
                           0062A7   859 _XX_T1CC0H	=	0x62a7
                           0062A8   860 _XX_T1CC1L	=	0x62a8
                           0062A9   861 _XX_T1CC1H	=	0x62a9
                           0062AA   862 _XX_T1CC2L	=	0x62aa
                           0062AB   863 _XX_T1CC2H	=	0x62ab
                           0062AC   864 _T1CC3L	=	0x62ac
                           0062AD   865 _T1CC3H	=	0x62ad
                           0062AE   866 _T1CC4L	=	0x62ae
                           0062AF   867 _T1CC4H	=	0x62af
                           0062B0   868 _STCC	=	0x62b0
                           0062B1   869 _STCS	=	0x62b1
                           0062B2   870 _STCV0	=	0x62b2
                           0062B3   871 _STCV1	=	0x62b3
                           0062B4   872 _STCV2	=	0x62b4
                           0062C0   873 _OPAMPC	=	0x62c0
                           0062C1   874 _OPAMPS	=	0x62c1
                           0062D0   875 _CMPCTL	=	0x62d0
                           006000   876 _RFCORE_RAM	=	0x6000
                           006000   877 _RXFIFO	=	0x6000
                           006080   878 _TXFIFO	=	0x6080
                           006100   879 _SRC_ADDR_TABLE	=	0x6100
                           006160   880 _SRCRESMASK0	=	0x6160
                           006161   881 _SRCRESMASK1	=	0x6161
                           006162   882 _SRCRESMASK2	=	0x6162
                           006163   883 _SRCRESINDEX	=	0x6163
                           006164   884 _SRCEXTPENDEN0	=	0x6164
                           006165   885 _SRCEXTPENDEN1	=	0x6165
                           006166   886 _SRCEXTPENDEN2	=	0x6166
                           006167   887 _SRCSHORTPENDEN0	=	0x6167
                           006168   888 _SRCSHORTPENDEN1	=	0x6168
                           006169   889 _SRCSHORTPENDEN2	=	0x6169
                           00616A   890 _EXT_ADDR0	=	0x616a
                           00616B   891 _EXT_ADDR1	=	0x616b
                           00616C   892 _EXT_ADDR2	=	0x616c
                           00616D   893 _EXT_ADDR3	=	0x616d
                           00616E   894 _EXT_ADDR4	=	0x616e
                           00616F   895 _EXT_ADDR5	=	0x616f
                           006170   896 _EXT_ADDR6	=	0x6170
                           006171   897 _EXT_ADDR7	=	0x6171
                           006172   898 _PAN_ID0	=	0x6172
                           006173   899 _PAN_ID1	=	0x6173
                           006174   900 _SHORT_ADDR0	=	0x6174
                           006175   901 _SHORT_ADDR1	=	0x6175
                           006180   902 _FRMFILT0	=	0x6180
                           006181   903 _FRMFILT1	=	0x6181
                           006182   904 _SRCMATCH	=	0x6182
                           006183   905 _SRCSHORTEN0	=	0x6183
                           006184   906 _SRCSHORTEN1	=	0x6184
                           006185   907 _SRCSHORTEN2	=	0x6185
                           006186   908 _SRCEXTEN0	=	0x6186
                           006187   909 _SRCEXTEN1	=	0x6187
                           006188   910 _SRCEXTEN2	=	0x6188
                           006189   911 _FRMCTRL0	=	0x6189
                           00618A   912 _FRMCTRL1	=	0x618a
                           00618B   913 _RXENABLE	=	0x618b
                           00618C   914 _RXMASKSET	=	0x618c
                           00618D   915 _RXMASKCLR	=	0x618d
                           00618E   916 _FREQTUNE	=	0x618e
                           00618F   917 _FREQCTRL	=	0x618f
                           006190   918 _TXPOWER	=	0x6190
                           006191   919 _TXCTRL	=	0x6191
                           006192   920 _FSMSTAT0	=	0x6192
                           006193   921 _FSMSTAT1	=	0x6193
                           006194   922 _FIFOPCTRL	=	0x6194
                           006195   923 _FSMCTRL	=	0x6195
                           006196   924 _CCACTRL0	=	0x6196
                           006197   925 _CCACTRL1	=	0x6197
                           006198   926 _RSSI	=	0x6198
                           006199   927 _RSSISTAT	=	0x6199
                           00619A   928 _RXFIRST	=	0x619a
                           00619B   929 _RXFIFOCNT	=	0x619b
                           00619C   930 _TXFIFOCNT	=	0x619c
                           00619D   931 _RXFIRST_PTR	=	0x619d
                           00619E   932 _RXLAST_PTR	=	0x619e
                           00619F   933 _RXP1_PTR	=	0x619f
                           0061A1   934 _TXFIRST_PTR	=	0x61a1
                           0061A2   935 _TXLAST_PTR	=	0x61a2
                           0061A3   936 _RFIRQM0	=	0x61a3
                           0061A4   937 _RFIRQM1	=	0x61a4
                           0061A5   938 _RFERRM	=	0x61a5
                           0061A7   939 _RFRND	=	0x61a7
                           0061A8   940 _MDMCTRL0	=	0x61a8
                           0061A9   941 _MDMCTRL1	=	0x61a9
                           0061AA   942 _FREQEST	=	0x61aa
                           0061AB   943 _RXCTRL	=	0x61ab
                           0061AC   944 _FSCTRL	=	0x61ac
                           0061AD   945 _FSCAL0	=	0x61ad
                           0061AE   946 _FSCAL1	=	0x61ae
                           0061AF   947 _FSCAL2	=	0x61af
                           0061B0   948 _FSCAL3	=	0x61b0
                           0061B1   949 _AGCCTRL0	=	0x61b1
                           0061B2   950 _AGCCTRL1	=	0x61b2
                           0061B3   951 _AGCCTRL2	=	0x61b3
                           0061B4   952 _AGCCTRL3	=	0x61b4
                           0061B5   953 _ADCTEST0	=	0x61b5
                           0061B6   954 _ADCTEST1	=	0x61b6
                           0061B7   955 _ADCTEST2	=	0x61b7
                           0061B8   956 _MDMTEST0	=	0x61b8
                           0061B9   957 _MDMTEST1	=	0x61b9
                           0061BA   958 _DACTEST0	=	0x61ba
                           0061BB   959 _DACTEST1	=	0x61bb
                           0061BC   960 _DACTEST2	=	0x61bc
                           0061BD   961 _ATEST	=	0x61bd
                           0061BE   962 _PTEST0	=	0x61be
                           0061BF   963 _PTEST1	=	0x61bf
                           0061FA   964 _TXFILTCFG	=	0x61fa
                           0061EB   965 _RFC_OBS_CTRL0	=	0x61eb
                           0061EC   966 _RFC_OBS_CTRL1	=	0x61ec
                           0061ED   967 _RFC_OBS_CTRL2	=	0x61ed
                           0061C0   968 _CSPPROG0	=	0x61c0
                           0061C1   969 _CSPPROG1	=	0x61c1
                           0061C2   970 _CSPPROG2	=	0x61c2
                           0061C3   971 _CSPPROG3	=	0x61c3
                           0061C4   972 _CSPPROG4	=	0x61c4
                           0061C5   973 _CSPPROG5	=	0x61c5
                           0061C6   974 _CSPPROG6	=	0x61c6
                           0061C7   975 _CSPPROG7	=	0x61c7
                           0061C8   976 _CSPPROG8	=	0x61c8
                           0061C9   977 _CSPPROG9	=	0x61c9
                           0061CA   978 _CSPPROG10	=	0x61ca
                           0061CB   979 _CSPPROG11	=	0x61cb
                           0061CC   980 _CSPPROG12	=	0x61cc
                           0061CD   981 _CSPPROG13	=	0x61cd
                           0061CE   982 _CSPPROG14	=	0x61ce
                           0061CF   983 _CSPPROG15	=	0x61cf
                           0061D0   984 _CSPPROG16	=	0x61d0
                           0061D1   985 _CSPPROG17	=	0x61d1
                           0061D2   986 _CSPPROG18	=	0x61d2
                           0061D3   987 _CSPPROG19	=	0x61d3
                           0061D4   988 _CSPPROG20	=	0x61d4
                           0061D5   989 _CSPPROG21	=	0x61d5
                           0061D6   990 _CSPPROG22	=	0x61d6
                           0061D7   991 _CSPPROG23	=	0x61d7
                           0061E0   992 _CSPCTRL	=	0x61e0
                           0061E1   993 _CSPSTAT	=	0x61e1
                           0061E2   994 _CSPX	=	0x61e2
                           0061E3   995 _CSPY	=	0x61e3
                           0061E4   996 _CSPZ	=	0x61e4
                           0061E5   997 _CSPT	=	0x61e5
                           006200   998 _USBADDR	=	0x6200
                           006201   999 _USBPOW	=	0x6201
                           006202  1000 _USBIIF	=	0x6202
                           006204  1001 _USBOIF	=	0x6204
                           006206  1002 _USBCIF	=	0x6206
                           006207  1003 _USBIIE	=	0x6207
                           006209  1004 _USBOIE	=	0x6209
                           00620B  1005 _USBCIE	=	0x620b
                           00620C  1006 _USBFRML	=	0x620c
                           00620D  1007 _USBFRMH	=	0x620d
                           00620E  1008 _USBINDEX	=	0x620e
                           00620F  1009 _USBCTRL	=	0x620f
                           006210  1010 _USBMAXI	=	0x6210
                           006211  1011 _USBCS0	=	0x6211
                           006211  1012 _USBCSIL	=	0x6211
                           006212  1013 _USBCSIH	=	0x6212
                           006213  1014 _USBMAXO	=	0x6213
                           006214  1015 _USBCSOL	=	0x6214
                           006215  1016 _USBCSOH	=	0x6215
                           006216  1017 _USBCNT0	=	0x6216
                           006216  1018 _USBCNTL	=	0x6216
                           006217  1019 _USBCNTH	=	0x6217
                           006220  1020 _USBF0	=	0x6220
                           006222  1021 _USBF1	=	0x6222
                           006224  1022 _USBF2	=	0x6224
                           006226  1023 _USBF3	=	0x6226
                           006228  1024 _USBF4	=	0x6228
                           00622A  1025 _USBF5	=	0x622a
                           007080  1026 _X_P0	=	0x7080
                           007086  1027 _X_U0CSR	=	0x7086
                           007089  1028 _X_P0IFG	=	0x7089
                           00708A  1029 _X_P1IFG	=	0x708a
                           00708B  1030 _X_P2IFG	=	0x708b
                           00708C  1031 _X_PICTL	=	0x708c
                           00708D  1032 _X_P1IEN	=	0x708d
                           00708F  1033 _X_P0INP	=	0x708f
                           007090  1034 _X_P1	=	0x7090
                           007091  1035 _X_RFIRQF1	=	0x7091
                           007093  1036 _X_MPAGE	=	0x7093
                           007093  1037 _X__XPAGE	=	0x7093
                           007094  1038 _X_T2CTRL	=	0x7094
                           007095  1039 _X_ST0	=	0x7095
                           007096  1040 _X_ST1	=	0x7096
                           007097  1041 _X_ST2	=	0x7097
                           00709C  1042 _X_T2EVTCFG	=	0x709c
                           00709D  1043 _X_SLEEPSTA	=	0x709d
                           00709E  1044 _X_CLKCONSTA	=	0x709e
                           00709F  1045 _X_FMAP	=	0x709f
                           00709F  1046 _X_PSBANK	=	0x709f
                           0070A0  1047 _X_P2	=	0x70a0
                           0070A1  1048 _X_T2IRQF	=	0x70a1
                           0070A2  1049 _X_T2M0	=	0x70a2
                           0070A3  1050 _X_T2M1	=	0x70a3
                           0070A4  1051 _X_T2MOVF0	=	0x70a4
                           0070A5  1052 _X_T2MOVF1	=	0x70a5
                           0070A6  1053 _X_T2MOVF2	=	0x70a6
                           0070A7  1054 _X_T2IRQM	=	0x70a7
                           0070AB  1055 _X_P0IEN	=	0x70ab
                           0070AC  1056 _X_P2IEN	=	0x70ac
                           0070AD  1057 _X_STLOAD	=	0x70ad
                           0070AE  1058 _X_PMUX	=	0x70ae
                           0070AF  1059 _X_T1STAT	=	0x70af
                           0070B1  1060 _X_ENCDI	=	0x70b1
                           0070B2  1061 _X_ENCDO	=	0x70b2
                           0070B3  1062 _X_ENCCS	=	0x70b3
                           0070B4  1063 _X_ADCCON1	=	0x70b4
                           0070B5  1064 _X_ADCCON2	=	0x70b5
                           0070B6  1065 _X_ADCCON3	=	0x70b6
                           0070BA  1066 _X_ADCL	=	0x70ba
                           0070BB  1067 _X_ADCH	=	0x70bb
                           0070BC  1068 _X_RNDL	=	0x70bc
                           0070BD  1069 _X_RNDH	=	0x70bd
                           0070BE  1070 _X_SLEEPCMD	=	0x70be
                           0070BF  1071 _X_RFERRF	=	0x70bf
                           0070C1  1072 _X_U0DBUF	=	0x70c1
                           0070C2  1073 _X_U0BAUD	=	0x70c2
                           0070C3  1074 _X_T2MSEL	=	0x70c3
                           0070C4  1075 _X_U0UCR	=	0x70c4
                           0070C5  1076 _X_U0GCR	=	0x70c5
                           0070C6  1077 _X_CLKCONCMD	=	0x70c6
                           0070C7  1078 _X_MEMCTR	=	0x70c7
                           0070C9  1079 _X_WDCTL	=	0x70c9
                           0070CA  1080 _X_T3CNT	=	0x70ca
                           0070CB  1081 _X_T3CTL	=	0x70cb
                           0070CC  1082 _X_T3CCTL0	=	0x70cc
                           0070CD  1083 _X_T3CC0	=	0x70cd
                           0070CE  1084 _X_T3CCTL1	=	0x70ce
                           0070CF  1085 _X_T3CC1	=	0x70cf
                           0070D1  1086 _X_DMAIRQ	=	0x70d1
                           0070D2  1087 _X_DMA1CFGL	=	0x70d2
                           0070D3  1088 _X_DMA1CFGH	=	0x70d3
                           0070D4  1089 _X_DMA0CFGL	=	0x70d4
                           0070D5  1090 _X_DMA0CFGH	=	0x70d5
                           0070D6  1091 _X_DMAARM	=	0x70d6
                           0070D7  1092 _X_DMAREQ	=	0x70d7
                           0070D8  1093 _X_TIMIF	=	0x70d8
                           0070D9  1094 _X_RFD	=	0x70d9
                           0070DA  1095 _X_T1CC0L	=	0x70da
                           0070DB  1096 _X_T1CC0H	=	0x70db
                           0070DC  1097 _X_T1CC1L	=	0x70dc
                           0070DD  1098 _X_T1CC1H	=	0x70dd
                           0070DE  1099 _X_T1CC2L	=	0x70de
                           0070DF  1100 _X_T1CC2H	=	0x70df
                           0070E1  1101 _X_RFST	=	0x70e1
                           0070E2  1102 _X_T1CNTL	=	0x70e2
                           0070E3  1103 _X_T1CNTH	=	0x70e3
                           0070E4  1104 _X_T1CTL	=	0x70e4
                           0070E5  1105 _X_T1CCTL0	=	0x70e5
                           0070E6  1106 _X_T1CCTL1	=	0x70e6
                           0070E7  1107 _X_T1CCTL2	=	0x70e7
                           0070E9  1108 _X_RFIRQF0	=	0x70e9
                           0070EA  1109 _X_T4CNT	=	0x70ea
                           0070EB  1110 _X_T4CTL	=	0x70eb
                           0070EC  1111 _X_T4CCTL0	=	0x70ec
                           0070ED  1112 _X_T4CC0	=	0x70ed
                           0070EE  1113 _X_T4CCTL1	=	0x70ee
                           0070EF  1114 _X_T4CC1	=	0x70ef
                           0070F1  1115 _X_PERCFG	=	0x70f1
                           0070F2  1116 _X_APCFG	=	0x70f2
                           0070F3  1117 _X_P0SEL	=	0x70f3
                           0070F4  1118 _X_P1SEL	=	0x70f4
                           0070F5  1119 _X_P2SEL	=	0x70f5
                           0070F6  1120 _X_P1INP	=	0x70f6
                           0070F7  1121 _X_P2INP	=	0x70f7
                           0070F8  1122 _X_U1CSR	=	0x70f8
                           0070F9  1123 _X_U1DBUF	=	0x70f9
                           0070FA  1124 _X_U1BAUD	=	0x70fa
                           0070FB  1125 _X_U1UCR	=	0x70fb
                           0070FC  1126 _X_U1GCR	=	0x70fc
                           0070FD  1127 _X_P0DIR	=	0x70fd
                           0070FE  1128 _X_P1DIR	=	0x70fe
                           0070FF  1129 _X_P2DIR	=	0x70ff
                           007800  1130 _X_INFOPAGE	=	0x7800
                           00780C  1131 _X_IEEE_ADDR	=	0x780c
                                   1132 ;--------------------------------------------------------
                                   1133 ; absolute external ram data
                                   1134 ;--------------------------------------------------------
                                   1135 	.area XABS    (ABS,XDATA)
                                   1136 ;--------------------------------------------------------
                                   1137 ; external initialized ram data
                                   1138 ;--------------------------------------------------------
                                   1139 	.area XISEG   (XDATA)
                                   1140 	.area HOME    (CODE)
                                   1141 	.area GSINIT0 (CODE)
                                   1142 	.area GSINIT1 (CODE)
                                   1143 	.area GSINIT2 (CODE)
                                   1144 	.area GSINIT3 (CODE)
                                   1145 	.area GSINIT4 (CODE)
                                   1146 	.area GSINIT5 (CODE)
                                   1147 	.area GSINIT  (CODE)
                                   1148 	.area GSFINAL (CODE)
                                   1149 	.area CSEG    (CODE)
                                   1150 ;--------------------------------------------------------
                                   1151 ; global & static initialisations
                                   1152 ;--------------------------------------------------------
                                   1153 	.area HOME    (CODE)
                                   1154 	.area GSINIT  (CODE)
                                   1155 	.area GSFINAL (CODE)
                                   1156 	.area GSINIT  (CODE)
                                   1157 ;--------------------------------------------------------
                                   1158 ; Home
                                   1159 ;--------------------------------------------------------
                                   1160 	.area HOME    (CODE)
                                   1161 	.area HOME    (CODE)
                                   1162 ;--------------------------------------------------------
                                   1163 ; code
                                   1164 ;--------------------------------------------------------
                                   1165 	.area BANK1   (CODE)
                                   1166 ;------------------------------------------------------------
                                   1167 ;Allocation info for local variables in function 'value'
                                   1168 ;------------------------------------------------------------
                                   1169 ;type                      Allocated to registers r6 r7 
                                   1170 ;adc                       Allocated to registers r7 
                                   1171 ;command                   Allocated to registers 
                                   1172 ;------------------------------------------------------------
                                   1173 ;	../../../../platform/cc2530eb/dev/joystick-sensor.c:14: value(int type)
                                   1174 ;	-----------------------------------------
                                   1175 ;	 function value
                                   1176 ;	-----------------------------------------
      000000                       1177 _value:
                           000007  1178 	ar7 = 0x07
                           000006  1179 	ar6 = 0x06
                           000005  1180 	ar5 = 0x05
                           000004  1181 	ar4 = 0x04
                           000003  1182 	ar3 = 0x03
                           000002  1183 	ar2 = 0x02
                           000001  1184 	ar1 = 0x01
                           000000  1185 	ar0 = 0x00
      000000 AE 82            [24] 1186 	mov	r6,dpl
      000002 AF 83            [24] 1187 	mov	r7,dph
                                   1188 ;	../../../../platform/cc2530eb/dev/joystick-sensor.c:28: ADCIF = 0;
      000004 C2 8D            [12] 1189 	clr	_ADCIF
                                   1190 ;	../../../../platform/cc2530eb/dev/joystick-sensor.c:32: switch(type) {
      000006 BE 00 05         [24] 1191 	cjne	r6,#0x00,00158$
      000009 BF 00 02         [24] 1192 	cjne	r7,#0x00,00158$
      00000C 80 05            [24] 1193 	sjmp	00103$
      00000E                       1194 00158$:
                                   1195 ;	../../../../platform/cc2530eb/dev/joystick-sensor.c:40: return -1;
      00000E 90 FF FF         [24] 1196 	mov	dptr,#0xFFFF
                                   1197 ;	../../../../platform/cc2530eb/dev/joystick-sensor.c:41: }
      000011 80 49            [24] 1198 	sjmp	00123$
      000013                       1199 00103$:
                                   1200 ;	../../../../platform/cc2530eb/dev/joystick-sensor.c:44: ADCCON3 = command;
      000013 75 B6 86         [24] 1201 	mov	_ADCCON3,#0x86
                                   1202 ;	../../../../platform/cc2530eb/dev/joystick-sensor.c:50: while(!ADCIF);
      000016                       1203 00104$:
                                   1204 ;	../../../../platform/cc2530eb/dev/joystick-sensor.c:53: ADCIF = 0;
      000016 10 8D 02         [24] 1205 	jbc	_ADCIF,00159$
      000019 80 FB            [24] 1206 	sjmp	00104$
      00001B                       1207 00159$:
                                   1208 ;	../../../../platform/cc2530eb/dev/joystick-sensor.c:56: adc = ADCH;
      00001B AF BB            [24] 1209 	mov	r7,_ADCH
                                   1210 ;	../../../../platform/cc2530eb/dev/joystick-sensor.c:57: if ((adc >= 2) && (adc) <= 38)
      00001D BF 02 00         [24] 1211 	cjne	r7,#0x02,00160$
      000020                       1212 00160$:
      000020 40 0A            [24] 1213 	jc	00120$
      000022 EF               [12] 1214 	mov	a,r7
      000023 24 D9            [12] 1215 	add	a,#0xff - 0x26
      000025 40 05            [24] 1216 	jc	00120$
                                   1217 ;	../../../../platform/cc2530eb/dev/joystick-sensor.c:59: return JOYSTICK_UP;
      000027 90 00 02         [24] 1218 	mov	dptr,#0x0002
      00002A 80 30            [24] 1219 	sjmp	00123$
      00002C                       1220 00120$:
                                   1221 ;	../../../../platform/cc2530eb/dev/joystick-sensor.c:60: } else if ((adc >= 74) && (adc <= 88))
      00002C BF 4A 00         [24] 1222 	cjne	r7,#0x4A,00163$
      00002F                       1223 00163$:
      00002F 40 0A            [24] 1224 	jc	00116$
      000031 EF               [12] 1225 	mov	a,r7
      000032 24 A7            [12] 1226 	add	a,#0xff - 0x58
      000034 40 05            [24] 1227 	jc	00116$
                                   1228 ;	../../../../platform/cc2530eb/dev/joystick-sensor.c:62: return JOYSTICK_RIGHT;
      000036 90 00 10         [24] 1229 	mov	dptr,#0x0010
      000039 80 21            [24] 1230 	sjmp	00123$
      00003B                       1231 00116$:
                                   1232 ;	../../../../platform/cc2530eb/dev/joystick-sensor.c:63: } else if ((adc >= 60) && (adc <= 73))
      00003B BF 3C 00         [24] 1233 	cjne	r7,#0x3C,00166$
      00003E                       1234 00166$:
      00003E 40 0A            [24] 1235 	jc	00112$
      000040 EF               [12] 1236 	mov	a,r7
      000041 24 B6            [12] 1237 	add	a,#0xff - 0x49
      000043 40 05            [24] 1238 	jc	00112$
                                   1239 ;	../../../../platform/cc2530eb/dev/joystick-sensor.c:65: return JOYSTICK_LEFT;
      000045 90 00 08         [24] 1240 	mov	dptr,#0x0008
      000048 80 12            [24] 1241 	sjmp	00123$
      00004A                       1242 00112$:
                                   1243 ;	../../../../platform/cc2530eb/dev/joystick-sensor.c:66: } else if ((adc >= 39) && (adc <= 59))
      00004A BF 27 00         [24] 1244 	cjne	r7,#0x27,00169$
      00004D                       1245 00169$:
      00004D 40 0A            [24] 1246 	jc	00108$
      00004F EF               [12] 1247 	mov	a,r7
      000050 24 C4            [12] 1248 	add	a,#0xff - 0x3B
      000052 40 05            [24] 1249 	jc	00108$
                                   1250 ;	../../../../platform/cc2530eb/dev/joystick-sensor.c:68: return JOYSTICK_DOWN;
      000054 90 00 04         [24] 1251 	mov	dptr,#0x0004
      000057 80 03            [24] 1252 	sjmp	00123$
      000059                       1253 00108$:
                                   1254 ;	../../../../platform/cc2530eb/dev/joystick-sensor.c:71: return JOYSTICK_CENTER;
      000059 90 00 01         [24] 1255 	mov	dptr,#0x0001
      00005C                       1256 00123$:
      00005C 02r00r00         [24] 1257 	ljmp	__sdcc_banked_ret
                                   1258 ;------------------------------------------------------------
                                   1259 ;Allocation info for local variables in function 'status'
                                   1260 ;------------------------------------------------------------
                                   1261 ;type                      Allocated to registers r6 r7 
                                   1262 ;------------------------------------------------------------
                                   1263 ;	../../../../platform/cc2530eb/dev/joystick-sensor.c:76: status(int type)
                                   1264 ;	-----------------------------------------
                                   1265 ;	 function status
                                   1266 ;	-----------------------------------------
      00005F                       1267 _status:
      00005F AE 82            [24] 1268 	mov	r6,dpl
      000061 AF 83            [24] 1269 	mov	r7,dph
                                   1270 ;	../../../../platform/cc2530eb/dev/joystick-sensor.c:78: switch(type) {
      000063 BE 81 05         [24] 1271 	cjne	r6,#0x81,00109$
      000066 BF 00 02         [24] 1272 	cjne	r7,#0x00,00109$
      000069 80 06            [24] 1273 	sjmp	00102$
      00006B                       1274 00109$:
      00006B BE 82 10         [24] 1275 	cjne	r6,#0x82,00103$
      00006E BF 00 0D         [24] 1276 	cjne	r7,#0x00,00103$
                                   1277 ;	../../../../platform/cc2530eb/dev/joystick-sensor.c:80: case SENSORS_READY:
      000071                       1278 00102$:
                                   1279 ;	../../../../platform/cc2530eb/dev/joystick-sensor.c:81: return PORT_IRQ_ENABLED(JOYSTICK_PORT, JOYSTICK_PIN);
      000071 74 01            [12] 1280 	mov	a,#0x01
      000073 55 AC            [12] 1281 	anl	a,_P2IEN
      000075 FF               [12] 1282 	mov	r7,a
      000076 7E 00            [12] 1283 	mov	r6,#0x00
      000078 8F 82            [24] 1284 	mov	dpl,r7
      00007A 8E 83            [24] 1285 	mov	dph,r6
                                   1286 ;	../../../../platform/cc2530eb/dev/joystick-sensor.c:82: }
      00007C 80 03            [24] 1287 	sjmp	00104$
      00007E                       1288 00103$:
                                   1289 ;	../../../../platform/cc2530eb/dev/joystick-sensor.c:83: return 0;
      00007E 90 00 00         [24] 1290 	mov	dptr,#0x0000
      000081                       1291 00104$:
      000081 02r00r00         [24] 1292 	ljmp	__sdcc_banked_ret
                                   1293 ;------------------------------------------------------------
                                   1294 ;Allocation info for local variables in function 'configure'
                                   1295 ;------------------------------------------------------------
                                   1296 ;value                     Allocated to stack - sp -4
                                   1297 ;type                      Allocated to registers r6 r7 
                                   1298 ;------------------------------------------------------------
                                   1299 ;	../../../../platform/cc2530eb/dev/joystick-sensor.c:87: configure(int type, int value)
                                   1300 ;	-----------------------------------------
                                   1301 ;	 function configure
                                   1302 ;	-----------------------------------------
      000084                       1303 _configure:
      000084 AE 82            [24] 1304 	mov	r6,dpl
      000086 AF 83            [24] 1305 	mov	r7,dph
                                   1306 ;	../../../../platform/cc2530eb/dev/joystick-sensor.c:89: switch(type) {
      000088 BE 80 05         [24] 1307 	cjne	r6,#0x80,00147$
      00008B BF 00 02         [24] 1308 	cjne	r7,#0x00,00147$
      00008E 80 08            [24] 1309 	sjmp	00102$
      000090                       1310 00147$:
                                   1311 ;	../../../../platform/cc2530eb/dev/joystick-sensor.c:91: PORT_IRQ_EDGE_RISE(JOYSTICK_PORT, JOYSTICK_PIN);
      000090 BE 81 6E         [24] 1312 	cjne	r6,#0x81,00132$
      000093 BF 00 6B         [24] 1313 	cjne	r7,#0x00,00132$
      000096 80 1D            [24] 1314 	sjmp	00111$
      000098                       1315 00102$:
      000098 AF 8C            [24] 1316 	mov	r7,_PICTL
      00009A 74 F7            [12] 1317 	mov	a,#0xF7
      00009C 5F               [12] 1318 	anl	a,r7
      00009D F5 8C            [12] 1319 	mov	_PICTL,a
                                   1320 ;	../../../../platform/cc2530eb/dev/joystick-sensor.c:92: PORT_FUNC_GPIO(JOYSTICK_PORT, JOYSTICK_PIN);
      00009F AF F5            [24] 1321 	mov	r7,_P2SEL
      0000A1 74 FE            [12] 1322 	mov	a,#0xFE
      0000A3 5F               [12] 1323 	anl	a,r7
      0000A4 F5 F5            [12] 1324 	mov	_P2SEL,a
                                   1325 ;	../../../../platform/cc2530eb/dev/joystick-sensor.c:93: PORT_DIR_INPUT(JOYSTICK_PORT, JOYSTICK_PIN);
      0000A6 AF FF            [24] 1326 	mov	r7,_P2DIR
      0000A8 74 FE            [12] 1327 	mov	a,#0xFE
      0000AA 5F               [12] 1328 	anl	a,r7
      0000AB F5 FF            [12] 1329 	mov	_P2DIR,a
                                   1330 ;	../../../../platform/cc2530eb/dev/joystick-sensor.c:94: APCFG |= 0x40; /* ENABLE P0_6 Channels */
      0000AD 43 F2 40         [24] 1331 	orl	_APCFG,#0x40
                                   1332 ;	../../../../platform/cc2530eb/dev/joystick-sensor.c:95: return 1;
      0000B0 90 00 01         [24] 1333 	mov	dptr,#0x0001
                                   1334 ;	../../../../platform/cc2530eb/dev/joystick-sensor.c:96: case SENSORS_ACTIVE:
      0000B3 80 4F            [24] 1335 	sjmp	00133$
      0000B5                       1336 00111$:
                                   1337 ;	../../../../platform/cc2530eb/dev/joystick-sensor.c:97: if(value)
      0000B5 E5 81            [12] 1338 	mov	a,sp
      0000B7 24 FC            [12] 1339 	add	a,#0xfc
      0000B9 F8               [12] 1340 	mov	r0,a
      0000BA E6               [12] 1341 	mov	a,@r0
      0000BB 08               [12] 1342 	inc	r0
      0000BC 46               [12] 1343 	orl	a,@r0
      0000BD 60 2F            [24] 1344 	jz	00126$
                                   1345 ;	../../../../platform/cc2530eb/dev/joystick-sensor.c:99: if (!PORT_IRQ_ENABLED(JOYSTICK_PORT, JOYSTICK_PIN))
      0000BF E5 AC            [12] 1346 	mov	a,_P2IEN
      0000C1 FF               [12] 1347 	mov	r7,a
      0000C2 20 E0 37         [24] 1348 	jb	acc.0,00131$
                                   1349 ;	../../../../platform/cc2530eb/dev/joystick-sensor.c:101: timer_set(&debouncetimer, 0);
      0000C5 E4               [12] 1350 	clr	a
      0000C6 C0 E0            [24] 1351 	push	acc
      0000C8 C0 E0            [24] 1352 	push	acc
      0000CA 90r00r00         [24] 1353 	mov	dptr,#_debouncetimer
      0000CD 75 F0 40         [24] 1354 	mov	b,#0x40
      0000D0 78r00            [12] 1355 	mov	r0,#_timer_set
      0000D2 79s00            [12] 1356 	mov	r1,#(_timer_set >> 8)
      0000D4 7As00            [12] 1357 	mov	r2,#(_timer_set >> 16)
      0000D6 12r00r00         [24] 1358 	lcall	__sdcc_banked_call
      0000D9 15 81            [12] 1359 	dec	sp
      0000DB 15 81            [12] 1360 	dec	sp
                                   1361 ;	../../../../platform/cc2530eb/dev/joystick-sensor.c:102: PORT_IRQ_FLAG_OFF(JOYSTICK_PORT, JOYSTICK_PIN);
      0000DD AF 8B            [24] 1362 	mov	r7,_P2IFG
      0000DF 74 FE            [12] 1363 	mov	a,#0xFE
      0000E1 5F               [12] 1364 	anl	a,r7
      0000E2 F5 8B            [12] 1365 	mov	_P2IFG,a
      0000E4 C2 E8            [12] 1366 	clr	_P2IF
                                   1367 ;	../../../../platform/cc2530eb/dev/joystick-sensor.c:103: PORT_IRQ_ENABLE(JOYSTICK_PORT, JOYSTICK_PIN);
      0000E6 43 AC 01         [24] 1368 	orl	_P2IEN,#0x01
      0000E9 43 9A 02         [24] 1369 	orl	_IEN2,#0x02
                                   1370 ;	../../../../platform/cc2530eb/dev/joystick-sensor.c:107: PORT_IRQ_DISABLE(JOYSTICK_PORT, JOYSTICK_PIN);
      0000EC 80 0E            [24] 1371 	sjmp	00131$
      0000EE                       1372 00126$:
      0000EE AF AC            [24] 1373 	mov	r7,_P2IEN
      0000F0 74 FE            [12] 1374 	mov	a,#0xFE
      0000F2 5F               [12] 1375 	anl	a,r7
      0000F3 F5 AC            [12] 1376 	mov	_P2IEN,a
      0000F5 AF 9A            [24] 1377 	mov	r7,_IEN2
      0000F7 74 FD            [12] 1378 	mov	a,#0xFD
      0000F9 5F               [12] 1379 	anl	a,r7
      0000FA F5 9A            [12] 1380 	mov	_IEN2,a
      0000FC                       1381 00131$:
                                   1382 ;	../../../../platform/cc2530eb/dev/joystick-sensor.c:109: return 1;
      0000FC 90 00 01         [24] 1383 	mov	dptr,#0x0001
                                   1384 ;	../../../../platform/cc2530eb/dev/joystick-sensor.c:110: }
      0000FF 80 03            [24] 1385 	sjmp	00133$
      000101                       1386 00132$:
                                   1387 ;	../../../../platform/cc2530eb/dev/joystick-sensor.c:111: return 0;
      000101 90 00 00         [24] 1388 	mov	dptr,#0x0000
      000104                       1389 00133$:
      000104 02r00r00         [24] 1390 	ljmp	__sdcc_banked_ret
                                   1391 ;------------------------------------------------------------
                                   1392 ;Allocation info for local variables in function 'port_2_isr'
                                   1393 ;------------------------------------------------------------
                                   1394 ;	../../../../platform/cc2530eb/dev/joystick-sensor.c:123: port_2_isr(void) __interrupt(P2INT_VECTOR)
                                   1395 ;	-----------------------------------------
                                   1396 ;	 function port_2_isr
                                   1397 ;	-----------------------------------------
      000107                       1398 _port_2_isr:
      000107 C0*00            [24] 1399 	push	bits
      000109 C0 E0            [24] 1400 	push	acc
      00010B C0 F0            [24] 1401 	push	b
      00010D C0 82            [24] 1402 	push	dpl
      00010F C0 83            [24] 1403 	push	dph
      000111 C0 07            [24] 1404 	push	(0+7)
      000113 C0 06            [24] 1405 	push	(0+6)
      000115 C0 05            [24] 1406 	push	(0+5)
      000117 C0 04            [24] 1407 	push	(0+4)
      000119 C0 03            [24] 1408 	push	(0+3)
      00011B C0 02            [24] 1409 	push	(0+2)
      00011D C0 01            [24] 1410 	push	(0+1)
      00011F C0 00            [24] 1411 	push	(0+0)
      000121 C0 D0            [24] 1412 	push	psw
      000123 75 D0 00         [24] 1413 	mov	psw,#0x00
                                   1414 ;	../../../../platform/cc2530eb/dev/joystick-sensor.c:125: EA = 0;
      000126 C2 AF            [12] 1415 	clr	_EA
                                   1416 ;	../../../../platform/cc2530eb/dev/joystick-sensor.c:130: if(PORT_IRQ_CHECK(JOYSTICK_PORT, JOYSTICK_PIN)) {
      000128 E5 8B            [12] 1417 	mov	a,_P2IFG
      00012A FF               [12] 1418 	mov	r7,a
      00012B 30 E0 41         [24] 1419 	jnb	acc.0,00107$
                                   1420 ;	../../../../platform/cc2530eb/dev/joystick-sensor.c:131: if(timer_expired(&debouncetimer)) {
      00012E 90r00r00         [24] 1421 	mov	dptr,#_debouncetimer
      000131 75 F0 40         [24] 1422 	mov	b,#0x40
      000134 78r00            [12] 1423 	mov	r0,#_timer_expired
      000136 79s00            [12] 1424 	mov	r1,#(_timer_expired >> 8)
      000138 7As00            [12] 1425 	mov	r2,#(_timer_expired >> 16)
      00013A 12r00r00         [24] 1426 	lcall	__sdcc_banked_call
      00013D E5 82            [12] 1427 	mov	a,dpl
      00013F 85 83 F0         [24] 1428 	mov	b,dph
      000142 45 F0            [12] 1429 	orl	a,b
      000144 60 29            [24] 1430 	jz	00107$
                                   1431 ;	../../../../platform/cc2530eb/dev/joystick-sensor.c:132: timer_set(&debouncetimer, CLOCK_SECOND / 8);
      000146 74 10            [12] 1432 	mov	a,#0x10
      000148 C0 E0            [24] 1433 	push	acc
      00014A E4               [12] 1434 	clr	a
      00014B C0 E0            [24] 1435 	push	acc
      00014D 90r00r00         [24] 1436 	mov	dptr,#_debouncetimer
      000150 75 F0 40         [24] 1437 	mov	b,#0x40
      000153 78r00            [12] 1438 	mov	r0,#_timer_set
      000155 79s00            [12] 1439 	mov	r1,#(_timer_set >> 8)
      000157 7As00            [12] 1440 	mov	r2,#(_timer_set >> 16)
      000159 12r00r00         [24] 1441 	lcall	__sdcc_banked_call
      00015C 15 81            [12] 1442 	dec	sp
      00015E 15 81            [12] 1443 	dec	sp
                                   1444 ;	../../../../platform/cc2530eb/dev/joystick-sensor.c:133: sensors_changed(&joystick_sensor);
      000160 90r00r00         [24] 1445 	mov	dptr,#_joystick_sensor
      000163 75 F0 80         [24] 1446 	mov	b,#0x80
      000166 78r00            [12] 1447 	mov	r0,#_sensors_changed
      000168 79s00            [12] 1448 	mov	r1,#(_sensors_changed >> 8)
      00016A 7As00            [12] 1449 	mov	r2,#(_sensors_changed >> 16)
      00016C 12r00r00         [24] 1450 	lcall	__sdcc_banked_call
                                   1451 ;	../../../../platform/cc2530eb/dev/joystick-sensor.c:137: PORT_IRQ_FLAG_OFF(JOYSTICK_PORT, JOYSTICK_PIN);
      00016F                       1452 00107$:
      00016F AF 8B            [24] 1453 	mov	r7,_P2IFG
      000171 74 FE            [12] 1454 	mov	a,#0xFE
      000173 5F               [12] 1455 	anl	a,r7
      000174 F5 8B            [12] 1456 	mov	_P2IFG,a
      000176 C2 E8            [12] 1457 	clr	_P2IF
                                   1458 ;	../../../../platform/cc2530eb/dev/joystick-sensor.c:140: EA = 1;
      000178 D2 AF            [12] 1459 	setb	_EA
      00017A D0 D0            [24] 1460 	pop	psw
      00017C D0 00            [24] 1461 	pop	(0+0)
      00017E D0 01            [24] 1462 	pop	(0+1)
      000180 D0 02            [24] 1463 	pop	(0+2)
      000182 D0 03            [24] 1464 	pop	(0+3)
      000184 D0 04            [24] 1465 	pop	(0+4)
      000186 D0 05            [24] 1466 	pop	(0+5)
      000188 D0 06            [24] 1467 	pop	(0+6)
      00018A D0 07            [24] 1468 	pop	(0+7)
      00018C D0 83            [24] 1469 	pop	dph
      00018E D0 82            [24] 1470 	pop	dpl
      000190 D0 F0            [24] 1471 	pop	b
      000192 D0 E0            [24] 1472 	pop	acc
      000194 D0*00            [24] 1473 	pop	bits
      000196 32               [24] 1474 	reti
                                   1475 	.area CSEG    (CODE)
                                   1476 	.area CONST   (CODE)
      000000                       1477 _joystick_sensor:
      000000r0Cs00 80              1478 	.byte _str_0,(_str_0 >> 8),#0x80
      000003r00s00s00              1479 	.byte _value,(_value >> 8),(_value >> 16)
      000006r84s00s00              1480 	.byte _configure,(_configure >> 8),(_configure >> 16)
      000009r5Fs00s00              1481 	.byte _status,(_status >> 8),(_status >> 16)
      00000C                       1482 _str_0:
      00000C 4A 6F 79 73 74 69 63  1483 	.ascii "Joystick"
             6B
      000014 00                    1484 	.db 0x00
                                   1485 	.area XINIT   (CODE)
                                   1486 	.area CABS    (ABS,CODE)
