                                      1 ;--------------------------------------------------------
                                      2 ; File Created by SDCC : free open source ANSI-C Compiler
                                      3 ; Version 3.3.1 #8804 (Aug  6 2013) (Linux)
                                      4 ; This file was generated Mon Aug 25 04:16:21 2014
                                      5 ;--------------------------------------------------------
                                      6 	.module nullrdc_noframer
                                      7 	.optsdcc -mmcs51 --model-huge
                                      8 	
                                      9 ;--------------------------------------------------------
                                     10 ; Public variables in this module
                                     11 ;--------------------------------------------------------
                                     12 	.globl _nullrdc_noframer_driver
                                     13 	.globl _queuebuf_to_packetbuf
                                     14 	.globl _packetbuf_totlen
                                     15 	.globl _packetbuf_hdrptr
                                     16 ;--------------------------------------------------------
                                     17 ; special function registers
                                     18 ;--------------------------------------------------------
                                     19 	.area RSEG    (ABS,DATA)
      000000                         20 	.org 0x0000
                                     21 ;--------------------------------------------------------
                                     22 ; special function bits
                                     23 ;--------------------------------------------------------
                                     24 	.area RSEG    (ABS,DATA)
      000000                         25 	.org 0x0000
                                     26 ;--------------------------------------------------------
                                     27 ; overlayable register banks
                                     28 ;--------------------------------------------------------
                                     29 	.area REG_BANK_0	(REL,OVR,DATA)
      000000                         30 	.ds 8
                                     31 ;--------------------------------------------------------
                                     32 ; internal ram data
                                     33 ;--------------------------------------------------------
                                     34 	.area DSEG    (DATA)
                                     35 ;--------------------------------------------------------
                                     36 ; overlayable items in internal ram 
                                     37 ;--------------------------------------------------------
                                     38 ;--------------------------------------------------------
                                     39 ; indirectly addressable internal ram data
                                     40 ;--------------------------------------------------------
                                     41 	.area ISEG    (DATA)
                                     42 ;--------------------------------------------------------
                                     43 ; absolute internal ram data
                                     44 ;--------------------------------------------------------
                                     45 	.area IABS    (ABS,DATA)
                                     46 	.area IABS    (ABS,DATA)
                                     47 ;--------------------------------------------------------
                                     48 ; bit data
                                     49 ;--------------------------------------------------------
                                     50 	.area BSEG    (BIT)
                                     51 ;--------------------------------------------------------
                                     52 ; paged external ram data
                                     53 ;--------------------------------------------------------
                                     54 	.area PSEG    (PAG,XDATA)
                                     55 ;--------------------------------------------------------
                                     56 ; external ram data
                                     57 ;--------------------------------------------------------
                                     58 	.area XSEG    (XDATA)
                                     59 ;--------------------------------------------------------
                                     60 ; absolute external ram data
                                     61 ;--------------------------------------------------------
                                     62 	.area XABS    (ABS,XDATA)
                                     63 ;--------------------------------------------------------
                                     64 ; external initialized ram data
                                     65 ;--------------------------------------------------------
                                     66 	.area XISEG   (XDATA)
                                     67 	.area HOME    (CODE)
                                     68 	.area GSINIT0 (CODE)
                                     69 	.area GSINIT1 (CODE)
                                     70 	.area GSINIT2 (CODE)
                                     71 	.area GSINIT3 (CODE)
                                     72 	.area GSINIT4 (CODE)
                                     73 	.area GSINIT5 (CODE)
                                     74 	.area GSINIT  (CODE)
                                     75 	.area GSFINAL (CODE)
                                     76 	.area CSEG    (CODE)
                                     77 ;--------------------------------------------------------
                                     78 ; global & static initialisations
                                     79 ;--------------------------------------------------------
                                     80 	.area HOME    (CODE)
                                     81 	.area GSINIT  (CODE)
                                     82 	.area GSFINAL (CODE)
                                     83 	.area GSINIT  (CODE)
                                     84 ;--------------------------------------------------------
                                     85 ; Home
                                     86 ;--------------------------------------------------------
                                     87 	.area HOME    (CODE)
                                     88 	.area HOME    (CODE)
                                     89 ;--------------------------------------------------------
                                     90 ; code
                                     91 ;--------------------------------------------------------
                                     92 	.area BANK1   (CODE)
                                     93 ;------------------------------------------------------------
                                     94 ;Allocation info for local variables in function 'send_packet'
                                     95 ;------------------------------------------------------------
                                     96 ;ptr                       Allocated to stack - sp -10
                                     97 ;sent                      Allocated to stack - sp -4
                                     98 ;ret                       Allocated to registers r6 r7 
                                     99 ;sloc0                     Allocated to stack - sp -1
                                    100 ;------------------------------------------------------------
                                    101 ;	../../../../core/net/mac/nullrdc-noframer.c:48: send_packet(mac_callback_t sent, void *ptr)
                                    102 ;	-----------------------------------------
                                    103 ;	 function send_packet
                                    104 ;	-----------------------------------------
      000000                        105 _send_packet:
                           000007   106 	ar7 = 0x07
                           000006   107 	ar6 = 0x06
                           000005   108 	ar5 = 0x05
                           000004   109 	ar4 = 0x04
                           000003   110 	ar3 = 0x03
                           000002   111 	ar2 = 0x02
                           000001   112 	ar1 = 0x01
                           000000   113 	ar0 = 0x00
      000000 C0 82            [24]  114 	push	dpl
      000002 C0 83            [24]  115 	push	dph
      000004 C0 F0            [24]  116 	push	b
      000006 05 81            [12]  117 	inc	sp
      000008 05 81            [12]  118 	inc	sp
                                    119 ;	../../../../core/net/mac/nullrdc-noframer.c:51: if(NETSTACK_RADIO.send(packetbuf_hdrptr(), packetbuf_totlen()) == RADIO_TX_OK) {
      00000A 90r00r09         [24]  120 	mov	dptr,#(_cc2530_rf_driver + 0x0009)
      00000D E4               [12]  121 	clr	a
      00000E 93               [24]  122 	movc	a,@a+dptr
      00000F FA               [12]  123 	mov	r2,a
      000010 A3               [24]  124 	inc	dptr
      000011 E4               [12]  125 	clr	a
      000012 93               [24]  126 	movc	a,@a+dptr
      000013 FB               [12]  127 	mov	r3,a
      000014 A3               [24]  128 	inc	dptr
      000015 E4               [12]  129 	clr	a
      000016 93               [24]  130 	movc	a,@a+dptr
      000017 FC               [12]  131 	mov	r4,a
      000018 C0 04            [24]  132 	push	ar4
      00001A C0 03            [24]  133 	push	ar3
      00001C C0 02            [24]  134 	push	ar2
      00001E 78r00            [12]  135 	mov	r0,#_packetbuf_totlen
      000020 79s00            [12]  136 	mov	r1,#(_packetbuf_totlen >> 8)
      000022 7As00            [12]  137 	mov	r2,#(_packetbuf_totlen >> 16)
      000024 12r00r00         [24]  138 	lcall	__sdcc_banked_call
      000027 C8               [12]  139 	xch	a,r0
      000028 E5 81            [12]  140 	mov	a,sp
      00002A 24 FC            [12]  141 	add	a,#0xfc
      00002C C8               [12]  142 	xch	a,r0
      00002D A6 82            [24]  143 	mov	@r0,dpl
      00002F 08               [12]  144 	inc	r0
      000030 A6 83            [24]  145 	mov	@r0,dph
      000032 78r00            [12]  146 	mov	r0,#_packetbuf_hdrptr
      000034 79s00            [12]  147 	mov	r1,#(_packetbuf_hdrptr >> 8)
      000036 7As00            [12]  148 	mov	r2,#(_packetbuf_hdrptr >> 16)
      000038 12r00r00         [24]  149 	lcall	__sdcc_banked_call
      00003B AD 82            [24]  150 	mov	r5,dpl
      00003D AE 83            [24]  151 	mov	r6,dph
      00003F AF F0            [24]  152 	mov	r7,b
      000041 D0 02            [24]  153 	pop	ar2
      000043 D0 03            [24]  154 	pop	ar3
      000045 D0 04            [24]  155 	pop	ar4
      000047 C0 04            [24]  156 	push	ar4
      000049 A8 81            [24]  157 	mov	r0,sp
      00004B 18               [12]  158 	dec	r0
      00004C 18               [12]  159 	dec	r0
      00004D E6               [12]  160 	mov	a,@r0
      00004E C0 E0            [24]  161 	push	acc
      000050 08               [12]  162 	inc	r0
      000051 E6               [12]  163 	mov	a,@r0
      000052 C0 E0            [24]  164 	push	acc
      000054 C0 02            [24]  165 	push	ar2
      000056 C0 03            [24]  166 	push	ar3
      000058 C0 04            [24]  167 	push	ar4
      00005A 8D 82            [24]  168 	mov	dpl,r5
      00005C 8E 83            [24]  169 	mov	dph,r6
      00005E 8F F0            [24]  170 	mov	b,r7
      000060 D0 02            [24]  171 	pop	ar2
      000062 D0 01            [24]  172 	pop	ar1
      000064 D0 00            [24]  173 	pop	ar0
      000066 12r00r00         [24]  174 	lcall	__sdcc_banked_call
      000069 AA 82            [24]  175 	mov	r2,dpl
      00006B AB 83            [24]  176 	mov	r3,dph
      00006D 15 81            [12]  177 	dec	sp
      00006F 15 81            [12]  178 	dec	sp
      000071 D0 04            [24]  179 	pop	ar4
      000073 EA               [12]  180 	mov	a,r2
      000074 4B               [12]  181 	orl	a,r3
                                    182 ;	../../../../core/net/mac/nullrdc-noframer.c:52: ret = MAC_TX_OK;
      000075 70 04            [24]  183 	jnz	00102$
      000077 FE               [12]  184 	mov	r6,a
      000078 FF               [12]  185 	mov	r7,a
      000079 80 04            [24]  186 	sjmp	00106$
      00007B                        187 00102$:
                                    188 ;	../../../../core/net/mac/nullrdc-noframer.c:54: ret =  MAC_TX_ERR;
      00007B 7E 04            [12]  189 	mov	r6,#0x04
      00007D 7F 00            [12]  190 	mov	r7,#0x00
                                    191 ;	../../../../core/net/mac/nullrdc-noframer.c:56: mac_call_sent_callback(sent, ptr, ret, 1);
      00007F                        192 00106$:
      00007F E5 81            [12]  193 	mov	a,sp
      000081 24 FC            [12]  194 	add	a,#0xfc
      000083 F8               [12]  195 	mov	r0,a
      000084 E6               [12]  196 	mov	a,@r0
      000085 08               [12]  197 	inc	r0
      000086 46               [12]  198 	orl	a,@r0
      000087 60 37            [24]  199 	jz	00109$
      000089 74 01            [12]  200 	mov	a,#0x01
      00008B C0 E0            [24]  201 	push	acc
      00008D E4               [12]  202 	clr	a
      00008E C0 E0            [24]  203 	push	acc
      000090 C0 06            [24]  204 	push	ar6
      000092 C0 07            [24]  205 	push	ar7
      000094 E5 81            [12]  206 	mov	a,sp
      000096 24 F8            [12]  207 	add	a,#0xf8
      000098 F8               [12]  208 	mov	r0,a
      000099 E6               [12]  209 	mov	a,@r0
      00009A C0 E0            [24]  210 	push	acc
      00009C 08               [12]  211 	inc	r0
      00009D E6               [12]  212 	mov	a,@r0
      00009E C0 E0            [24]  213 	push	acc
      0000A0 08               [12]  214 	inc	r0
      0000A1 E6               [12]  215 	mov	a,@r0
      0000A2 C0 E0            [24]  216 	push	acc
      0000A4 E5 81            [12]  217 	mov	a,sp
      0000A6 24 EF            [12]  218 	add	a,#0xef
      0000A8 F8               [12]  219 	mov	r0,a
      0000A9 86 82            [24]  220 	mov	dpl,@r0
      0000AB 08               [12]  221 	inc	r0
      0000AC 86 83            [24]  222 	mov	dph,@r0
      0000AE 08               [12]  223 	inc	r0
      0000AF 86 F0            [24]  224 	mov	b,@r0
      0000B1 D0 02            [24]  225 	pop	ar2
      0000B3 D0 01            [24]  226 	pop	ar1
      0000B5 D0 00            [24]  227 	pop	ar0
      0000B7 12r00r00         [24]  228 	lcall	__sdcc_banked_call
      0000BA E5 81            [12]  229 	mov	a,sp
      0000BC 24 FC            [12]  230 	add	a,#0xfc
      0000BE F5 81            [12]  231 	mov	sp,a
      0000C0                        232 00109$:
      0000C0 E5 81            [12]  233 	mov	a,sp
      0000C2 24 FB            [12]  234 	add	a,#0xFB
      0000C4 F5 81            [12]  235 	mov	sp,a
      0000C6 02r00r00         [24]  236 	ljmp	__sdcc_banked_ret
                                    237 ;------------------------------------------------------------
                                    238 ;Allocation info for local variables in function 'send_list'
                                    239 ;------------------------------------------------------------
                                    240 ;ptr                       Allocated to stack - sp -5
                                    241 ;buf_list                  Allocated to stack - sp -8
                                    242 ;sent                      Allocated to registers r5 r6 r7 
                                    243 ;------------------------------------------------------------
                                    244 ;	../../../../core/net/mac/nullrdc-noframer.c:60: send_list(mac_callback_t sent, void *ptr, struct rdc_buf_list *buf_list)
                                    245 ;	-----------------------------------------
                                    246 ;	 function send_list
                                    247 ;	-----------------------------------------
      0000C9                        248 _send_list:
      0000C9 AD 82            [24]  249 	mov	r5,dpl
      0000CB AE 83            [24]  250 	mov	r6,dph
      0000CD AF F0            [24]  251 	mov	r7,b
                                    252 ;	../../../../core/net/mac/nullrdc-noframer.c:62: if(buf_list != NULL) {
      0000CF E5 81            [12]  253 	mov	a,sp
      0000D1 24 F8            [12]  254 	add	a,#0xf8
      0000D3 F8               [12]  255 	mov	r0,a
      0000D4 E6               [12]  256 	mov	a,@r0
      0000D5 08               [12]  257 	inc	r0
      0000D6 46               [12]  258 	orl	a,@r0
      0000D7 60 68            [24]  259 	jz	00103$
                                    260 ;	../../../../core/net/mac/nullrdc-noframer.c:63: queuebuf_to_packetbuf(buf_list->buf);
      0000D9 E5 81            [12]  261 	mov	a,sp
      0000DB 24 F8            [12]  262 	add	a,#0xf8
      0000DD F8               [12]  263 	mov	r0,a
      0000DE 86 02            [24]  264 	mov	ar2,@r0
      0000E0 08               [12]  265 	inc	r0
      0000E1 86 03            [24]  266 	mov	ar3,@r0
      0000E3 08               [12]  267 	inc	r0
      0000E4 86 04            [24]  268 	mov	ar4,@r0
      0000E6 74 03            [12]  269 	mov	a,#0x03
      0000E8 2A               [12]  270 	add	a,r2
      0000E9 FA               [12]  271 	mov	r2,a
      0000EA E4               [12]  272 	clr	a
      0000EB 3B               [12]  273 	addc	a,r3
      0000EC FB               [12]  274 	mov	r3,a
      0000ED 8A 82            [24]  275 	mov	dpl,r2
      0000EF 8B 83            [24]  276 	mov	dph,r3
      0000F1 8C F0            [24]  277 	mov	b,r4
      0000F3 12r00r00         [24]  278 	lcall	__gptrget
      0000F6 FA               [12]  279 	mov	r2,a
      0000F7 A3               [24]  280 	inc	dptr
      0000F8 12r00r00         [24]  281 	lcall	__gptrget
      0000FB FB               [12]  282 	mov	r3,a
      0000FC A3               [24]  283 	inc	dptr
      0000FD 12r00r00         [24]  284 	lcall	__gptrget
      000100 FC               [12]  285 	mov	r4,a
      000101 8A 82            [24]  286 	mov	dpl,r2
      000103 8B 83            [24]  287 	mov	dph,r3
      000105 8C F0            [24]  288 	mov	b,r4
      000107 C0 07            [24]  289 	push	ar7
      000109 C0 06            [24]  290 	push	ar6
      00010B C0 05            [24]  291 	push	ar5
      00010D 78r00            [12]  292 	mov	r0,#_queuebuf_to_packetbuf
      00010F 79s00            [12]  293 	mov	r1,#(_queuebuf_to_packetbuf >> 8)
      000111 7As00            [12]  294 	mov	r2,#(_queuebuf_to_packetbuf >> 16)
      000113 12r00r00         [24]  295 	lcall	__sdcc_banked_call
      000116 D0 05            [24]  296 	pop	ar5
      000118 D0 06            [24]  297 	pop	ar6
      00011A D0 07            [24]  298 	pop	ar7
                                    299 ;	../../../../core/net/mac/nullrdc-noframer.c:64: send_packet(sent, ptr);
      00011C E5 81            [12]  300 	mov	a,sp
      00011E 24 FB            [12]  301 	add	a,#0xfb
      000120 F8               [12]  302 	mov	r0,a
      000121 E6               [12]  303 	mov	a,@r0
      000122 C0 E0            [24]  304 	push	acc
      000124 08               [12]  305 	inc	r0
      000125 E6               [12]  306 	mov	a,@r0
      000126 C0 E0            [24]  307 	push	acc
      000128 08               [12]  308 	inc	r0
      000129 E6               [12]  309 	mov	a,@r0
      00012A C0 E0            [24]  310 	push	acc
      00012C 8D 82            [24]  311 	mov	dpl,r5
      00012E 8E 83            [24]  312 	mov	dph,r6
      000130 8F F0            [24]  313 	mov	b,r7
      000132 78r00            [12]  314 	mov	r0,#_send_packet
      000134 79s00            [12]  315 	mov	r1,#(_send_packet >> 8)
      000136 7As00            [12]  316 	mov	r2,#(_send_packet >> 16)
      000138 12r00r00         [24]  317 	lcall	__sdcc_banked_call
      00013B 15 81            [12]  318 	dec	sp
      00013D 15 81            [12]  319 	dec	sp
      00013F 15 81            [12]  320 	dec	sp
      000141                        321 00103$:
      000141 02r00r00         [24]  322 	ljmp	__sdcc_banked_ret
                                    323 ;------------------------------------------------------------
                                    324 ;Allocation info for local variables in function 'packet_input'
                                    325 ;------------------------------------------------------------
                                    326 ;	../../../../core/net/mac/nullrdc-noframer.c:69: packet_input(void)
                                    327 ;	-----------------------------------------
                                    328 ;	 function packet_input
                                    329 ;	-----------------------------------------
      000144                        330 _packet_input:
                                    331 ;	../../../../core/net/mac/nullrdc-noframer.c:71: NETSTACK_MAC.input();
      000144 90r00r09         [24]  332 	mov	dptr,#(_csma_driver + 0x0009)
      000147 E4               [12]  333 	clr	a
      000148 93               [24]  334 	movc	a,@a+dptr
      000149 FD               [12]  335 	mov	r5,a
      00014A A3               [24]  336 	inc	dptr
      00014B E4               [12]  337 	clr	a
      00014C 93               [24]  338 	movc	a,@a+dptr
      00014D FE               [12]  339 	mov	r6,a
      00014E A3               [24]  340 	inc	dptr
      00014F E4               [12]  341 	clr	a
      000150 93               [24]  342 	movc	a,@a+dptr
      000151 FF               [12]  343 	mov	r7,a
      000152 C0 07            [24]  344 	push	ar7
      000154 C0 06            [24]  345 	push	ar6
      000156 C0 05            [24]  346 	push	ar5
      000158 C0 05            [24]  347 	push	ar5
      00015A C0 06            [24]  348 	push	ar6
      00015C C0 07            [24]  349 	push	ar7
      00015E D0 02            [24]  350 	pop	ar2
      000160 D0 01            [24]  351 	pop	ar1
      000162 D0 00            [24]  352 	pop	ar0
      000164 12r00r00         [24]  353 	lcall	__sdcc_banked_call
      000167 D0 05            [24]  354 	pop	ar5
      000169 D0 06            [24]  355 	pop	ar6
      00016B D0 07            [24]  356 	pop	ar7
      00016D 02r00r00         [24]  357 	ljmp	__sdcc_banked_ret
                                    358 ;------------------------------------------------------------
                                    359 ;Allocation info for local variables in function 'on'
                                    360 ;------------------------------------------------------------
                                    361 ;	../../../../core/net/mac/nullrdc-noframer.c:75: on(void)
                                    362 ;	-----------------------------------------
                                    363 ;	 function on
                                    364 ;	-----------------------------------------
      000170                        365 _on:
                                    366 ;	../../../../core/net/mac/nullrdc-noframer.c:77: return NETSTACK_RADIO.on();
      000170 90r00r18         [24]  367 	mov	dptr,#(_cc2530_rf_driver + 0x0018)
      000173 E4               [12]  368 	clr	a
      000174 93               [24]  369 	movc	a,@a+dptr
      000175 FD               [12]  370 	mov	r5,a
      000176 A3               [24]  371 	inc	dptr
      000177 E4               [12]  372 	clr	a
      000178 93               [24]  373 	movc	a,@a+dptr
      000179 FE               [12]  374 	mov	r6,a
      00017A A3               [24]  375 	inc	dptr
      00017B E4               [12]  376 	clr	a
      00017C 93               [24]  377 	movc	a,@a+dptr
      00017D FF               [12]  378 	mov	r7,a
      00017E C0 07            [24]  379 	push	ar7
      000180 C0 05            [24]  380 	push	ar5
      000182 C0 06            [24]  381 	push	ar6
      000184 C0 07            [24]  382 	push	ar7
      000186 D0 02            [24]  383 	pop	ar2
      000188 D0 01            [24]  384 	pop	ar1
      00018A D0 00            [24]  385 	pop	ar0
      00018C 12r00r00         [24]  386 	lcall	__sdcc_banked_call
      00018F AD 82            [24]  387 	mov	r5,dpl
      000191 AE 83            [24]  388 	mov	r6,dph
      000193 D0 07            [24]  389 	pop	ar7
      000195 8D 82            [24]  390 	mov	dpl,r5
      000197 8E 83            [24]  391 	mov	dph,r6
      000199 02r00r00         [24]  392 	ljmp	__sdcc_banked_ret
                                    393 ;------------------------------------------------------------
                                    394 ;Allocation info for local variables in function 'off'
                                    395 ;------------------------------------------------------------
                                    396 ;keep_radio_on             Allocated to registers r6 r7 
                                    397 ;------------------------------------------------------------
                                    398 ;	../../../../core/net/mac/nullrdc-noframer.c:81: off(int keep_radio_on)
                                    399 ;	-----------------------------------------
                                    400 ;	 function off
                                    401 ;	-----------------------------------------
      00019C                        402 _off:
      00019C AE 82            [24]  403 	mov	r6,dpl
      00019E AF 83            [24]  404 	mov	r7,dph
                                    405 ;	../../../../core/net/mac/nullrdc-noframer.c:83: if(keep_radio_on) {
      0001A0 EE               [12]  406 	mov	a,r6
      0001A1 4F               [12]  407 	orl	a,r7
      0001A2 60 2B            [24]  408 	jz	00102$
                                    409 ;	../../../../core/net/mac/nullrdc-noframer.c:84: return NETSTACK_RADIO.on();
      0001A4 90r00r18         [24]  410 	mov	dptr,#(_cc2530_rf_driver + 0x0018)
      0001A7 E4               [12]  411 	clr	a
      0001A8 93               [24]  412 	movc	a,@a+dptr
      0001A9 FD               [12]  413 	mov	r5,a
      0001AA A3               [24]  414 	inc	dptr
      0001AB E4               [12]  415 	clr	a
      0001AC 93               [24]  416 	movc	a,@a+dptr
      0001AD FE               [12]  417 	mov	r6,a
      0001AE A3               [24]  418 	inc	dptr
      0001AF E4               [12]  419 	clr	a
      0001B0 93               [24]  420 	movc	a,@a+dptr
      0001B1 FF               [12]  421 	mov	r7,a
      0001B2 C0 07            [24]  422 	push	ar7
      0001B4 C0 05            [24]  423 	push	ar5
      0001B6 C0 06            [24]  424 	push	ar6
      0001B8 C0 07            [24]  425 	push	ar7
      0001BA D0 02            [24]  426 	pop	ar2
      0001BC D0 01            [24]  427 	pop	ar1
      0001BE D0 00            [24]  428 	pop	ar0
      0001C0 12r00r00         [24]  429 	lcall	__sdcc_banked_call
      0001C3 AD 82            [24]  430 	mov	r5,dpl
      0001C5 AE 83            [24]  431 	mov	r6,dph
      0001C7 D0 07            [24]  432 	pop	ar7
      0001C9 8D 82            [24]  433 	mov	dpl,r5
      0001CB 8E 83            [24]  434 	mov	dph,r6
      0001CD 80 29            [24]  435 	sjmp	00104$
      0001CF                        436 00102$:
                                    437 ;	../../../../core/net/mac/nullrdc-noframer.c:86: return NETSTACK_RADIO.off();
      0001CF 90r00r1B         [24]  438 	mov	dptr,#(_cc2530_rf_driver + 0x001b)
      0001D2 E4               [12]  439 	clr	a
      0001D3 93               [24]  440 	movc	a,@a+dptr
      0001D4 FD               [12]  441 	mov	r5,a
      0001D5 A3               [24]  442 	inc	dptr
      0001D6 E4               [12]  443 	clr	a
      0001D7 93               [24]  444 	movc	a,@a+dptr
      0001D8 FE               [12]  445 	mov	r6,a
      0001D9 A3               [24]  446 	inc	dptr
      0001DA E4               [12]  447 	clr	a
      0001DB 93               [24]  448 	movc	a,@a+dptr
      0001DC FF               [12]  449 	mov	r7,a
      0001DD C0 07            [24]  450 	push	ar7
      0001DF C0 05            [24]  451 	push	ar5
      0001E1 C0 06            [24]  452 	push	ar6
      0001E3 C0 07            [24]  453 	push	ar7
      0001E5 D0 02            [24]  454 	pop	ar2
      0001E7 D0 01            [24]  455 	pop	ar1
      0001E9 D0 00            [24]  456 	pop	ar0
      0001EB 12r00r00         [24]  457 	lcall	__sdcc_banked_call
      0001EE AD 82            [24]  458 	mov	r5,dpl
      0001F0 AE 83            [24]  459 	mov	r6,dph
      0001F2 D0 07            [24]  460 	pop	ar7
      0001F4 8D 82            [24]  461 	mov	dpl,r5
      0001F6 8E 83            [24]  462 	mov	dph,r6
      0001F8                        463 00104$:
      0001F8 02r00r00         [24]  464 	ljmp	__sdcc_banked_ret
                                    465 ;------------------------------------------------------------
                                    466 ;Allocation info for local variables in function 'channel_check_interval'
                                    467 ;------------------------------------------------------------
                                    468 ;	../../../../core/net/mac/nullrdc-noframer.c:91: channel_check_interval(void)
                                    469 ;	-----------------------------------------
                                    470 ;	 function channel_check_interval
                                    471 ;	-----------------------------------------
      0001FB                        472 _channel_check_interval:
                                    473 ;	../../../../core/net/mac/nullrdc-noframer.c:93: return 0;
      0001FB 90 00 00         [24]  474 	mov	dptr,#0x0000
      0001FE 02r00r00         [24]  475 	ljmp	__sdcc_banked_ret
                                    476 ;------------------------------------------------------------
                                    477 ;Allocation info for local variables in function 'init'
                                    478 ;------------------------------------------------------------
                                    479 ;	../../../../core/net/mac/nullrdc-noframer.c:97: init(void)
                                    480 ;	-----------------------------------------
                                    481 ;	 function init
                                    482 ;	-----------------------------------------
      000201                        483 _init:
                                    484 ;	../../../../core/net/mac/nullrdc-noframer.c:99: on();
      000201 78r70            [12]  485 	mov	r0,#_on
      000203 79s01            [12]  486 	mov	r1,#(_on >> 8)
      000205 7As00            [12]  487 	mov	r2,#(_on >> 16)
      000207 12r00r00         [24]  488 	lcall	__sdcc_banked_call
      00020A 02r00r00         [24]  489 	ljmp	__sdcc_banked_ret
                                    490 	.area CSEG    (CODE)
                                    491 	.area CONST   (CODE)
      000000                        492 _nullrdc_noframer_driver:
      000000r18s00 80               493 	.byte _str_0,(_str_0 >> 8),#0x80
      000003r01s02s00               494 	.byte _init,(_init >> 8),(_init >> 16)
      000006r00s00s00               495 	.byte _send_packet,(_send_packet >> 8),(_send_packet >> 16)
      000009rC9s00s00               496 	.byte _send_list,(_send_list >> 8),(_send_list >> 16)
      00000Cr44s01s00               497 	.byte _packet_input,(_packet_input >> 8),(_packet_input >> 16)
      00000Fr70s01s00               498 	.byte _on,(_on >> 8),(_on >> 16)
      000012r9Cs01s00               499 	.byte _off,(_off >> 8),(_off >> 16)
      000015rFBs01s00               500 	.byte _channel_check_interval,(_channel_check_interval >> 8),(_channel_check_interval >> 16)
      000018                        501 _str_0:
      000018 6E 75 6C 6C 72 64 63   502 	.ascii "nullrdc-noframer"
             2D 6E 6F 66 72 61 6D
             65 72
      000028 00                     503 	.db 0x00
                                    504 	.area XINIT   (CODE)
                                    505 	.area CABS    (ABS,CODE)
