                                      1 ;--------------------------------------------------------
                                      2 ; File Created by SDCC : free open source ANSI-C Compiler
                                      3 ; Version 3.3.1 #8804 (Aug  6 2013) (Linux)
                                      4 ; This file was generated Mon Aug 25 04:16:50 2014
                                      5 ;--------------------------------------------------------
                                      6 	.module nullradio
                                      7 	.optsdcc -mmcs51 --model-huge
                                      8 	
                                      9 ;--------------------------------------------------------
                                     10 ; Public variables in this module
                                     11 ;--------------------------------------------------------
                                     12 	.globl _nullradio_driver
                                     13 ;--------------------------------------------------------
                                     14 ; special function registers
                                     15 ;--------------------------------------------------------
                                     16 	.area RSEG    (ABS,DATA)
      000000                         17 	.org 0x0000
                                     18 ;--------------------------------------------------------
                                     19 ; special function bits
                                     20 ;--------------------------------------------------------
                                     21 	.area RSEG    (ABS,DATA)
      000000                         22 	.org 0x0000
                                     23 ;--------------------------------------------------------
                                     24 ; overlayable register banks
                                     25 ;--------------------------------------------------------
                                     26 	.area REG_BANK_0	(REL,OVR,DATA)
      000000                         27 	.ds 8
                                     28 ;--------------------------------------------------------
                                     29 ; internal ram data
                                     30 ;--------------------------------------------------------
                                     31 	.area DSEG    (DATA)
                                     32 ;--------------------------------------------------------
                                     33 ; overlayable items in internal ram 
                                     34 ;--------------------------------------------------------
                                     35 ;--------------------------------------------------------
                                     36 ; indirectly addressable internal ram data
                                     37 ;--------------------------------------------------------
                                     38 	.area ISEG    (DATA)
                                     39 ;--------------------------------------------------------
                                     40 ; absolute internal ram data
                                     41 ;--------------------------------------------------------
                                     42 	.area IABS    (ABS,DATA)
                                     43 	.area IABS    (ABS,DATA)
                                     44 ;--------------------------------------------------------
                                     45 ; bit data
                                     46 ;--------------------------------------------------------
                                     47 	.area BSEG    (BIT)
                                     48 ;--------------------------------------------------------
                                     49 ; paged external ram data
                                     50 ;--------------------------------------------------------
                                     51 	.area PSEG    (PAG,XDATA)
                                     52 ;--------------------------------------------------------
                                     53 ; external ram data
                                     54 ;--------------------------------------------------------
                                     55 	.area XSEG    (XDATA)
                                     56 ;--------------------------------------------------------
                                     57 ; absolute external ram data
                                     58 ;--------------------------------------------------------
                                     59 	.area XABS    (ABS,XDATA)
                                     60 ;--------------------------------------------------------
                                     61 ; external initialized ram data
                                     62 ;--------------------------------------------------------
                                     63 	.area XISEG   (XDATA)
                                     64 	.area HOME    (CODE)
                                     65 	.area GSINIT0 (CODE)
                                     66 	.area GSINIT1 (CODE)
                                     67 	.area GSINIT2 (CODE)
                                     68 	.area GSINIT3 (CODE)
                                     69 	.area GSINIT4 (CODE)
                                     70 	.area GSINIT5 (CODE)
                                     71 	.area GSINIT  (CODE)
                                     72 	.area GSFINAL (CODE)
                                     73 	.area CSEG    (CODE)
                                     74 ;--------------------------------------------------------
                                     75 ; global & static initialisations
                                     76 ;--------------------------------------------------------
                                     77 	.area HOME    (CODE)
                                     78 	.area GSINIT  (CODE)
                                     79 	.area GSFINAL (CODE)
                                     80 	.area GSINIT  (CODE)
                                     81 ;--------------------------------------------------------
                                     82 ; Home
                                     83 ;--------------------------------------------------------
                                     84 	.area HOME    (CODE)
                                     85 	.area HOME    (CODE)
                                     86 ;--------------------------------------------------------
                                     87 ; code
                                     88 ;--------------------------------------------------------
                                     89 	.area BANK1   (CODE)
                                     90 ;------------------------------------------------------------
                                     91 ;Allocation info for local variables in function 'init'
                                     92 ;------------------------------------------------------------
                                     93 ;	../../../../core/dev/nullradio.c:6: init(void)
                                     94 ;	-----------------------------------------
                                     95 ;	 function init
                                     96 ;	-----------------------------------------
      000000                         97 _init:
                           000007    98 	ar7 = 0x07
                           000006    99 	ar6 = 0x06
                           000005   100 	ar5 = 0x05
                           000004   101 	ar4 = 0x04
                           000003   102 	ar3 = 0x03
                           000002   103 	ar2 = 0x02
                           000001   104 	ar1 = 0x01
                           000000   105 	ar0 = 0x00
                                    106 ;	../../../../core/dev/nullradio.c:8: return 0;
      000000 90 00 00         [24]  107 	mov	dptr,#0x0000
      000003 02r00r00         [24]  108 	ljmp	__sdcc_banked_ret
                                    109 ;------------------------------------------------------------
                                    110 ;Allocation info for local variables in function 'prepare'
                                    111 ;------------------------------------------------------------
                                    112 ;payload_len               Allocated to stack - sp -4
                                    113 ;payload                   Allocated to registers 
                                    114 ;------------------------------------------------------------
                                    115 ;	../../../../core/dev/nullradio.c:12: prepare(const void *payload, unsigned short payload_len)
                                    116 ;	-----------------------------------------
                                    117 ;	 function prepare
                                    118 ;	-----------------------------------------
      000006                        119 _prepare:
                                    120 ;	../../../../core/dev/nullradio.c:14: return 1;
      000006 90 00 01         [24]  121 	mov	dptr,#0x0001
      000009 02r00r00         [24]  122 	ljmp	__sdcc_banked_ret
                                    123 ;------------------------------------------------------------
                                    124 ;Allocation info for local variables in function 'transmit'
                                    125 ;------------------------------------------------------------
                                    126 ;transmit_len              Allocated to registers 
                                    127 ;------------------------------------------------------------
                                    128 ;	../../../../core/dev/nullradio.c:18: transmit(unsigned short transmit_len)
                                    129 ;	-----------------------------------------
                                    130 ;	 function transmit
                                    131 ;	-----------------------------------------
      00000C                        132 _transmit:
                                    133 ;	../../../../core/dev/nullradio.c:20: return RADIO_TX_OK;
      00000C 90 00 00         [24]  134 	mov	dptr,#0x0000
      00000F 02r00r00         [24]  135 	ljmp	__sdcc_banked_ret
                                    136 ;------------------------------------------------------------
                                    137 ;Allocation info for local variables in function 'send'
                                    138 ;------------------------------------------------------------
                                    139 ;payload_len               Allocated to stack - sp -4
                                    140 ;payload                   Allocated to registers r5 r6 r7 
                                    141 ;------------------------------------------------------------
                                    142 ;	../../../../core/dev/nullradio.c:24: send(const void *payload, unsigned short payload_len)
                                    143 ;	-----------------------------------------
                                    144 ;	 function send
                                    145 ;	-----------------------------------------
      000012                        146 _send:
      000012 AD 82            [24]  147 	mov	r5,dpl
      000014 AE 83            [24]  148 	mov	r6,dph
      000016 AF F0            [24]  149 	mov	r7,b
                                    150 ;	../../../../core/dev/nullradio.c:26: prepare(payload, payload_len);
      000018 E5 81            [12]  151 	mov	a,sp
      00001A 24 FC            [12]  152 	add	a,#0xfc
      00001C F8               [12]  153 	mov	r0,a
      00001D E6               [12]  154 	mov	a,@r0
      00001E C0 E0            [24]  155 	push	acc
      000020 08               [12]  156 	inc	r0
      000021 E6               [12]  157 	mov	a,@r0
      000022 C0 E0            [24]  158 	push	acc
      000024 8D 82            [24]  159 	mov	dpl,r5
      000026 8E 83            [24]  160 	mov	dph,r6
      000028 8F F0            [24]  161 	mov	b,r7
      00002A 78r06            [12]  162 	mov	r0,#_prepare
      00002C 79s00            [12]  163 	mov	r1,#(_prepare >> 8)
      00002E 7As00            [12]  164 	mov	r2,#(_prepare >> 16)
      000030 12r00r00         [24]  165 	lcall	__sdcc_banked_call
      000033 15 81            [12]  166 	dec	sp
      000035 15 81            [12]  167 	dec	sp
                                    168 ;	../../../../core/dev/nullradio.c:27: return transmit(payload_len);
      000037 E5 81            [12]  169 	mov	a,sp
      000039 24 FC            [12]  170 	add	a,#0xfc
      00003B F8               [12]  171 	mov	r0,a
      00003C 86 82            [24]  172 	mov	dpl,@r0
      00003E 08               [12]  173 	inc	r0
      00003F 86 83            [24]  174 	mov	dph,@r0
      000041 78r0C            [12]  175 	mov	r0,#_transmit
      000043 79s00            [12]  176 	mov	r1,#(_transmit >> 8)
      000045 7As00            [12]  177 	mov	r2,#(_transmit >> 16)
      000047 12r00r00         [24]  178 	lcall	__sdcc_banked_call
      00004A AE 82            [24]  179 	mov	r6,dpl
      00004C AF 83            [24]  180 	mov  r7,dph
      00004E 02r00r00         [24]  181 	ljmp	__sdcc_banked_ret
                                    182 ;------------------------------------------------------------
                                    183 ;Allocation info for local variables in function 'read'
                                    184 ;------------------------------------------------------------
                                    185 ;buf_len                   Allocated to stack - sp -4
                                    186 ;buf                       Allocated to registers 
                                    187 ;------------------------------------------------------------
                                    188 ;	../../../../core/dev/nullradio.c:31: read(void *buf, unsigned short buf_len)
                                    189 ;	-----------------------------------------
                                    190 ;	 function read
                                    191 ;	-----------------------------------------
      000051                        192 _read:
                                    193 ;	../../../../core/dev/nullradio.c:33: return 0;
      000051 90 00 00         [24]  194 	mov	dptr,#0x0000
      000054 02r00r00         [24]  195 	ljmp	__sdcc_banked_ret
                                    196 ;------------------------------------------------------------
                                    197 ;Allocation info for local variables in function 'channel_clear'
                                    198 ;------------------------------------------------------------
                                    199 ;	../../../../core/dev/nullradio.c:37: channel_clear(void)
                                    200 ;	-----------------------------------------
                                    201 ;	 function channel_clear
                                    202 ;	-----------------------------------------
      000057                        203 _channel_clear:
                                    204 ;	../../../../core/dev/nullradio.c:39: return 1;
      000057 90 00 01         [24]  205 	mov	dptr,#0x0001
      00005A 02r00r00         [24]  206 	ljmp	__sdcc_banked_ret
                                    207 ;------------------------------------------------------------
                                    208 ;Allocation info for local variables in function 'receiving_packet'
                                    209 ;------------------------------------------------------------
                                    210 ;	../../../../core/dev/nullradio.c:43: receiving_packet(void)
                                    211 ;	-----------------------------------------
                                    212 ;	 function receiving_packet
                                    213 ;	-----------------------------------------
      00005D                        214 _receiving_packet:
                                    215 ;	../../../../core/dev/nullradio.c:45: return 0;
      00005D 90 00 00         [24]  216 	mov	dptr,#0x0000
      000060 02r00r00         [24]  217 	ljmp	__sdcc_banked_ret
                                    218 ;------------------------------------------------------------
                                    219 ;Allocation info for local variables in function 'pending_packet'
                                    220 ;------------------------------------------------------------
                                    221 ;	../../../../core/dev/nullradio.c:49: pending_packet(void)
                                    222 ;	-----------------------------------------
                                    223 ;	 function pending_packet
                                    224 ;	-----------------------------------------
      000063                        225 _pending_packet:
                                    226 ;	../../../../core/dev/nullradio.c:51: return 0;
      000063 90 00 00         [24]  227 	mov	dptr,#0x0000
      000066 02r00r00         [24]  228 	ljmp	__sdcc_banked_ret
                                    229 ;------------------------------------------------------------
                                    230 ;Allocation info for local variables in function 'on'
                                    231 ;------------------------------------------------------------
                                    232 ;	../../../../core/dev/nullradio.c:55: on(void)
                                    233 ;	-----------------------------------------
                                    234 ;	 function on
                                    235 ;	-----------------------------------------
      000069                        236 _on:
                                    237 ;	../../../../core/dev/nullradio.c:57: return 0;
      000069 90 00 00         [24]  238 	mov	dptr,#0x0000
      00006C 02r00r00         [24]  239 	ljmp	__sdcc_banked_ret
                                    240 ;------------------------------------------------------------
                                    241 ;Allocation info for local variables in function 'off'
                                    242 ;------------------------------------------------------------
                                    243 ;	../../../../core/dev/nullradio.c:61: off(void)
                                    244 ;	-----------------------------------------
                                    245 ;	 function off
                                    246 ;	-----------------------------------------
      00006F                        247 _off:
                                    248 ;	../../../../core/dev/nullradio.c:63: return 0;
      00006F 90 00 00         [24]  249 	mov	dptr,#0x0000
      000072 02r00r00         [24]  250 	ljmp	__sdcc_banked_ret
                                    251 	.area CSEG    (CODE)
                                    252 	.area CONST   (CODE)
      000000                        253 _nullradio_driver:
      000000r00s00s00               254 	.byte _init,(_init >> 8),(_init >> 16)
      000003r06s00s00               255 	.byte _prepare,(_prepare >> 8),(_prepare >> 16)
      000006r0Cs00s00               256 	.byte _transmit,(_transmit >> 8),(_transmit >> 16)
      000009r12s00s00               257 	.byte _send,(_send >> 8),(_send >> 16)
      00000Cr51s00s00               258 	.byte _read,(_read >> 8),(_read >> 16)
      00000Fr57s00s00               259 	.byte _channel_clear,(_channel_clear >> 8),(_channel_clear >> 16)
      000012r5Ds00s00               260 	.byte _receiving_packet,(_receiving_packet >> 8),(_receiving_packet >> 16)
      000015r63s00s00               261 	.byte _pending_packet,(_pending_packet >> 8),(_pending_packet >> 16)
      000018r69s00s00               262 	.byte _on,(_on >> 8),(_on >> 16)
      00001Br6Fs00s00               263 	.byte _off,(_off >> 8),(_off >> 16)
                                    264 	.area XINIT   (CODE)
                                    265 	.area CABS    (ABS,CODE)
