                                      1 ;--------------------------------------------------------
                                      2 ; File Created by SDCC : free open source ANSI-C Compiler
                                      3 ; Version 3.3.1 #8804 (Aug  6 2013) (Linux)
                                      4 ; This file was generated Mon Aug 25 04:16:44 2014
                                      5 ;--------------------------------------------------------
                                      6 	.module resolv
                                      7 	.optsdcc -mmcs51 --model-huge
                                      8 	
                                      9 ;--------------------------------------------------------
                                     10 ; Public variables in this module
                                     11 ;--------------------------------------------------------
                                     12 	.globl _process_alloc_event
                                     13 	.globl _ACTIVE
                                     14 	.globl _TX_BYTE
                                     15 	.globl _RX_BYTE
                                     16 	.globl _ERR
                                     17 	.globl _FE
                                     18 	.globl _SLAVE
                                     19 	.globl _RE
                                     20 	.globl _MODE
                                     21 	.globl _T3OVFIF
                                     22 	.globl _T3CH0IF
                                     23 	.globl _T3CH1IF
                                     24 	.globl _T4OVFIF
                                     25 	.globl _T4CH0IF
                                     26 	.globl _T4CH1IF
                                     27 	.globl _OVFIM
                                     28 	.globl _B_0
                                     29 	.globl _B_1
                                     30 	.globl _B_2
                                     31 	.globl _B_3
                                     32 	.globl _B_4
                                     33 	.globl _B_5
                                     34 	.globl _B_6
                                     35 	.globl _B_7
                                     36 	.globl _P2IF
                                     37 	.globl _UTX0IF
                                     38 	.globl _UTX1IF
                                     39 	.globl _P1IF
                                     40 	.globl _WDTIF
                                     41 	.globl _ACC_0
                                     42 	.globl _ACC_1
                                     43 	.globl _ACC_2
                                     44 	.globl _ACC_3
                                     45 	.globl _ACC_4
                                     46 	.globl _ACC_5
                                     47 	.globl _ACC_6
                                     48 	.globl _ACC_7
                                     49 	.globl _P
                                     50 	.globl _F1
                                     51 	.globl _OV
                                     52 	.globl _RS0
                                     53 	.globl _RS1
                                     54 	.globl _F0
                                     55 	.globl _AC
                                     56 	.globl _CY
                                     57 	.globl _DMAIF
                                     58 	.globl _T1IF
                                     59 	.globl _T2IF
                                     60 	.globl _T3IF
                                     61 	.globl _T4IF
                                     62 	.globl _P0IF
                                     63 	.globl _STIF
                                     64 	.globl _DMAIE
                                     65 	.globl _T1IE
                                     66 	.globl _T2IE
                                     67 	.globl _T3IE
                                     68 	.globl _T4IE
                                     69 	.globl _P0IE
                                     70 	.globl _RFERRIE
                                     71 	.globl _ADCIE
                                     72 	.globl _URX0IE
                                     73 	.globl _URX1IE
                                     74 	.globl _ENCIE
                                     75 	.globl _STIE
                                     76 	.globl _EA
                                     77 	.globl _P2_0
                                     78 	.globl _P2_1
                                     79 	.globl _P2_2
                                     80 	.globl _P2_3
                                     81 	.globl _P2_4
                                     82 	.globl _P2_5
                                     83 	.globl _P2_6
                                     84 	.globl _P2_7
                                     85 	.globl _ENCIF_0
                                     86 	.globl _ENCIF_1
                                     87 	.globl _P1_0
                                     88 	.globl _P1_1
                                     89 	.globl _P1_2
                                     90 	.globl _P1_3
                                     91 	.globl _P1_4
                                     92 	.globl _P1_5
                                     93 	.globl _P1_6
                                     94 	.globl _P1_7
                                     95 	.globl _IT0
                                     96 	.globl _RFERRIF
                                     97 	.globl _IT1
                                     98 	.globl _URX0IF
                                     99 	.globl _ADCIF
                                    100 	.globl _URX1IF
                                    101 	.globl _P0_0
                                    102 	.globl _P0_1
                                    103 	.globl _P0_2
                                    104 	.globl _P0_3
                                    105 	.globl _P0_4
                                    106 	.globl _P0_5
                                    107 	.globl _P0_6
                                    108 	.globl _P0_7
                                    109 	.globl _WDCTL
                                    110 	.globl _U1GCR
                                    111 	.globl _U1UCR
                                    112 	.globl _U1BAUD
                                    113 	.globl _U1DBUF
                                    114 	.globl _U1CSR
                                    115 	.globl _U0GCR
                                    116 	.globl _U0UCR
                                    117 	.globl _U0BAUD
                                    118 	.globl _U0DBUF
                                    119 	.globl _U0CSR
                                    120 	.globl _TIMIF
                                    121 	.globl _T4CC1
                                    122 	.globl _T4CCTL1
                                    123 	.globl _T4CC0
                                    124 	.globl _T4CCTL0
                                    125 	.globl _T4CTL
                                    126 	.globl _T4CNT
                                    127 	.globl _T3CC1
                                    128 	.globl _T3CCTL1
                                    129 	.globl _T3CC0
                                    130 	.globl _T3CCTL0
                                    131 	.globl _T3CTL
                                    132 	.globl _T3CNT
                                    133 	.globl _T2MSEL
                                    134 	.globl _T2IRQM
                                    135 	.globl _T2MOVF2
                                    136 	.globl _T2MOVF1
                                    137 	.globl _T2MOVF0
                                    138 	.globl _T2M1
                                    139 	.globl _T2M0
                                    140 	.globl _T2IRQF
                                    141 	.globl _T2EVTCFG
                                    142 	.globl _T2CTRL
                                    143 	.globl _T1STAT
                                    144 	.globl _T1CCTL2
                                    145 	.globl _T1CCTL1
                                    146 	.globl _T1CCTL0
                                    147 	.globl _T1CTL
                                    148 	.globl _T1CNTH
                                    149 	.globl _T1CNTL
                                    150 	.globl _T1CC2H
                                    151 	.globl _T1CC2L
                                    152 	.globl _T1CC1H
                                    153 	.globl _T1CC1L
                                    154 	.globl _T1CC0H
                                    155 	.globl _T1CC0L
                                    156 	.globl _CLKCONSTA
                                    157 	.globl _CLKCONCMD
                                    158 	.globl _SLEEPSTA
                                    159 	.globl _SLEEPCMD
                                    160 	.globl _STLOAD
                                    161 	.globl _ST2
                                    162 	.globl _ST1
                                    163 	.globl _ST0
                                    164 	.globl _RFERRF
                                    165 	.globl _RFIRQF0
                                    166 	.globl _RFST
                                    167 	.globl _RFD
                                    168 	.globl _RFIRQF1
                                    169 	.globl _PSBANK
                                    170 	.globl _FMAP
                                    171 	.globl _MEMCTR
                                    172 	.globl __XPAGE
                                    173 	.globl _MPAGE
                                    174 	.globl _PMUX
                                    175 	.globl _P2DIR
                                    176 	.globl _P1DIR
                                    177 	.globl _P0DIR
                                    178 	.globl _P2INP
                                    179 	.globl _P1INP
                                    180 	.globl _P2SEL
                                    181 	.globl _P1SEL
                                    182 	.globl _P0SEL
                                    183 	.globl _APCFG
                                    184 	.globl _PERCFG
                                    185 	.globl _P0INP
                                    186 	.globl _P2IEN
                                    187 	.globl _P1IEN
                                    188 	.globl _P0IEN
                                    189 	.globl _PICTL
                                    190 	.globl _P2IFG
                                    191 	.globl _P1IFG
                                    192 	.globl _P0IFG
                                    193 	.globl _DMAREQ
                                    194 	.globl _DMAARM
                                    195 	.globl _DMA0CFGH
                                    196 	.globl _DMA0CFGL
                                    197 	.globl _DMA1CFGH
                                    198 	.globl _DMA1CFGL
                                    199 	.globl _DMAIRQ
                                    200 	.globl _ENCCS
                                    201 	.globl _ENCDO
                                    202 	.globl _ENCDI
                                    203 	.globl _RNDH
                                    204 	.globl _RNDL
                                    205 	.globl _ADCH
                                    206 	.globl _ADCL
                                    207 	.globl _ADCCON3
                                    208 	.globl _ADCCON2
                                    209 	.globl _ADCCON1
                                    210 	.globl _B
                                    211 	.globl _IRCON2
                                    212 	.globl _ACC
                                    213 	.globl _PSW
                                    214 	.globl _IRCON
                                    215 	.globl _IP1
                                    216 	.globl _IEN1
                                    217 	.globl _IP0
                                    218 	.globl _IEN0
                                    219 	.globl _P2
                                    220 	.globl _S1CON
                                    221 	.globl _IEN2
                                    222 	.globl _S0CON
                                    223 	.globl _DPS
                                    224 	.globl _P1
                                    225 	.globl _TCON
                                    226 	.globl _PCON
                                    227 	.globl _DPH1
                                    228 	.globl _DPL1
                                    229 	.globl _DPH0
                                    230 	.globl _DPL0
                                    231 	.globl _SP
                                    232 	.globl _P0
                                    233 	.globl _resolv_process
                                    234 	.globl _resolv_event_found
                                    235 	.globl _X_IEEE_ADDR
                                    236 	.globl _X_INFOPAGE
                                    237 	.globl _X_P2DIR
                                    238 	.globl _X_P1DIR
                                    239 	.globl _X_P0DIR
                                    240 	.globl _X_U1GCR
                                    241 	.globl _X_U1UCR
                                    242 	.globl _X_U1BAUD
                                    243 	.globl _X_U1DBUF
                                    244 	.globl _X_U1CSR
                                    245 	.globl _X_P2INP
                                    246 	.globl _X_P1INP
                                    247 	.globl _X_P2SEL
                                    248 	.globl _X_P1SEL
                                    249 	.globl _X_P0SEL
                                    250 	.globl _X_APCFG
                                    251 	.globl _X_PERCFG
                                    252 	.globl _X_T4CC1
                                    253 	.globl _X_T4CCTL1
                                    254 	.globl _X_T4CC0
                                    255 	.globl _X_T4CCTL0
                                    256 	.globl _X_T4CTL
                                    257 	.globl _X_T4CNT
                                    258 	.globl _X_RFIRQF0
                                    259 	.globl _X_T1CCTL2
                                    260 	.globl _X_T1CCTL1
                                    261 	.globl _X_T1CCTL0
                                    262 	.globl _X_T1CTL
                                    263 	.globl _X_T1CNTH
                                    264 	.globl _X_T1CNTL
                                    265 	.globl _X_RFST
                                    266 	.globl _X_T1CC2H
                                    267 	.globl _X_T1CC2L
                                    268 	.globl _X_T1CC1H
                                    269 	.globl _X_T1CC1L
                                    270 	.globl _X_T1CC0H
                                    271 	.globl _X_T1CC0L
                                    272 	.globl _X_RFD
                                    273 	.globl _X_TIMIF
                                    274 	.globl _X_DMAREQ
                                    275 	.globl _X_DMAARM
                                    276 	.globl _X_DMA0CFGH
                                    277 	.globl _X_DMA0CFGL
                                    278 	.globl _X_DMA1CFGH
                                    279 	.globl _X_DMA1CFGL
                                    280 	.globl _X_DMAIRQ
                                    281 	.globl _X_T3CC1
                                    282 	.globl _X_T3CCTL1
                                    283 	.globl _X_T3CC0
                                    284 	.globl _X_T3CCTL0
                                    285 	.globl _X_T3CTL
                                    286 	.globl _X_T3CNT
                                    287 	.globl _X_WDCTL
                                    288 	.globl _X_MEMCTR
                                    289 	.globl _X_CLKCONCMD
                                    290 	.globl _X_U0GCR
                                    291 	.globl _X_U0UCR
                                    292 	.globl _X_T2MSEL
                                    293 	.globl _X_U0BAUD
                                    294 	.globl _X_U0DBUF
                                    295 	.globl _X_RFERRF
                                    296 	.globl _X_SLEEPCMD
                                    297 	.globl _X_RNDH
                                    298 	.globl _X_RNDL
                                    299 	.globl _X_ADCH
                                    300 	.globl _X_ADCL
                                    301 	.globl _X_ADCCON3
                                    302 	.globl _X_ADCCON2
                                    303 	.globl _X_ADCCON1
                                    304 	.globl _X_ENCCS
                                    305 	.globl _X_ENCDO
                                    306 	.globl _X_ENCDI
                                    307 	.globl _X_T1STAT
                                    308 	.globl _X_PMUX
                                    309 	.globl _X_STLOAD
                                    310 	.globl _X_P2IEN
                                    311 	.globl _X_P0IEN
                                    312 	.globl _X_T2IRQM
                                    313 	.globl _X_T2MOVF2
                                    314 	.globl _X_T2MOVF1
                                    315 	.globl _X_T2MOVF0
                                    316 	.globl _X_T2M1
                                    317 	.globl _X_T2M0
                                    318 	.globl _X_T2IRQF
                                    319 	.globl _X_P2
                                    320 	.globl _X_PSBANK
                                    321 	.globl _X_FMAP
                                    322 	.globl _X_CLKCONSTA
                                    323 	.globl _X_SLEEPSTA
                                    324 	.globl _X_T2EVTCFG
                                    325 	.globl _X_ST2
                                    326 	.globl _X_ST1
                                    327 	.globl _X_ST0
                                    328 	.globl _X_T2CTRL
                                    329 	.globl _X__XPAGE
                                    330 	.globl _X_MPAGE
                                    331 	.globl _X_RFIRQF1
                                    332 	.globl _X_P1
                                    333 	.globl _X_P0INP
                                    334 	.globl _X_P1IEN
                                    335 	.globl _X_PICTL
                                    336 	.globl _X_P2IFG
                                    337 	.globl _X_P1IFG
                                    338 	.globl _X_P0IFG
                                    339 	.globl _X_U0CSR
                                    340 	.globl _X_P0
                                    341 	.globl _USBF5
                                    342 	.globl _USBF4
                                    343 	.globl _USBF3
                                    344 	.globl _USBF2
                                    345 	.globl _USBF1
                                    346 	.globl _USBF0
                                    347 	.globl _USBCNTH
                                    348 	.globl _USBCNTL
                                    349 	.globl _USBCNT0
                                    350 	.globl _USBCSOH
                                    351 	.globl _USBCSOL
                                    352 	.globl _USBMAXO
                                    353 	.globl _USBCSIH
                                    354 	.globl _USBCSIL
                                    355 	.globl _USBCS0
                                    356 	.globl _USBMAXI
                                    357 	.globl _USBCTRL
                                    358 	.globl _USBINDEX
                                    359 	.globl _USBFRMH
                                    360 	.globl _USBFRML
                                    361 	.globl _USBCIE
                                    362 	.globl _USBOIE
                                    363 	.globl _USBIIE
                                    364 	.globl _USBCIF
                                    365 	.globl _USBOIF
                                    366 	.globl _USBIIF
                                    367 	.globl _USBPOW
                                    368 	.globl _USBADDR
                                    369 	.globl _CSPT
                                    370 	.globl _CSPZ
                                    371 	.globl _CSPY
                                    372 	.globl _CSPX
                                    373 	.globl _CSPSTAT
                                    374 	.globl _CSPCTRL
                                    375 	.globl _CSPPROG23
                                    376 	.globl _CSPPROG22
                                    377 	.globl _CSPPROG21
                                    378 	.globl _CSPPROG20
                                    379 	.globl _CSPPROG19
                                    380 	.globl _CSPPROG18
                                    381 	.globl _CSPPROG17
                                    382 	.globl _CSPPROG16
                                    383 	.globl _CSPPROG15
                                    384 	.globl _CSPPROG14
                                    385 	.globl _CSPPROG13
                                    386 	.globl _CSPPROG12
                                    387 	.globl _CSPPROG11
                                    388 	.globl _CSPPROG10
                                    389 	.globl _CSPPROG9
                                    390 	.globl _CSPPROG8
                                    391 	.globl _CSPPROG7
                                    392 	.globl _CSPPROG6
                                    393 	.globl _CSPPROG5
                                    394 	.globl _CSPPROG4
                                    395 	.globl _CSPPROG3
                                    396 	.globl _CSPPROG2
                                    397 	.globl _CSPPROG1
                                    398 	.globl _CSPPROG0
                                    399 	.globl _RFC_OBS_CTRL2
                                    400 	.globl _RFC_OBS_CTRL1
                                    401 	.globl _RFC_OBS_CTRL0
                                    402 	.globl _TXFILTCFG
                                    403 	.globl _PTEST1
                                    404 	.globl _PTEST0
                                    405 	.globl _ATEST
                                    406 	.globl _DACTEST2
                                    407 	.globl _DACTEST1
                                    408 	.globl _DACTEST0
                                    409 	.globl _MDMTEST1
                                    410 	.globl _MDMTEST0
                                    411 	.globl _ADCTEST2
                                    412 	.globl _ADCTEST1
                                    413 	.globl _ADCTEST0
                                    414 	.globl _AGCCTRL3
                                    415 	.globl _AGCCTRL2
                                    416 	.globl _AGCCTRL1
                                    417 	.globl _AGCCTRL0
                                    418 	.globl _FSCAL3
                                    419 	.globl _FSCAL2
                                    420 	.globl _FSCAL1
                                    421 	.globl _FSCAL0
                                    422 	.globl _FSCTRL
                                    423 	.globl _RXCTRL
                                    424 	.globl _FREQEST
                                    425 	.globl _MDMCTRL1
                                    426 	.globl _MDMCTRL0
                                    427 	.globl _RFRND
                                    428 	.globl _RFERRM
                                    429 	.globl _RFIRQM1
                                    430 	.globl _RFIRQM0
                                    431 	.globl _TXLAST_PTR
                                    432 	.globl _TXFIRST_PTR
                                    433 	.globl _RXP1_PTR
                                    434 	.globl _RXLAST_PTR
                                    435 	.globl _RXFIRST_PTR
                                    436 	.globl _TXFIFOCNT
                                    437 	.globl _RXFIFOCNT
                                    438 	.globl _RXFIRST
                                    439 	.globl _RSSISTAT
                                    440 	.globl _RSSI
                                    441 	.globl _CCACTRL1
                                    442 	.globl _CCACTRL0
                                    443 	.globl _FSMCTRL
                                    444 	.globl _FIFOPCTRL
                                    445 	.globl _FSMSTAT1
                                    446 	.globl _FSMSTAT0
                                    447 	.globl _TXCTRL
                                    448 	.globl _TXPOWER
                                    449 	.globl _FREQCTRL
                                    450 	.globl _FREQTUNE
                                    451 	.globl _RXMASKCLR
                                    452 	.globl _RXMASKSET
                                    453 	.globl _RXENABLE
                                    454 	.globl _FRMCTRL1
                                    455 	.globl _FRMCTRL0
                                    456 	.globl _SRCEXTEN2
                                    457 	.globl _SRCEXTEN1
                                    458 	.globl _SRCEXTEN0
                                    459 	.globl _SRCSHORTEN2
                                    460 	.globl _SRCSHORTEN1
                                    461 	.globl _SRCSHORTEN0
                                    462 	.globl _SRCMATCH
                                    463 	.globl _FRMFILT1
                                    464 	.globl _FRMFILT0
                                    465 	.globl _SHORT_ADDR1
                                    466 	.globl _SHORT_ADDR0
                                    467 	.globl _PAN_ID1
                                    468 	.globl _PAN_ID0
                                    469 	.globl _EXT_ADDR7
                                    470 	.globl _EXT_ADDR6
                                    471 	.globl _EXT_ADDR5
                                    472 	.globl _EXT_ADDR4
                                    473 	.globl _EXT_ADDR3
                                    474 	.globl _EXT_ADDR2
                                    475 	.globl _EXT_ADDR1
                                    476 	.globl _EXT_ADDR0
                                    477 	.globl _SRCSHORTPENDEN2
                                    478 	.globl _SRCSHORTPENDEN1
                                    479 	.globl _SRCSHORTPENDEN0
                                    480 	.globl _SRCEXTPENDEN2
                                    481 	.globl _SRCEXTPENDEN1
                                    482 	.globl _SRCEXTPENDEN0
                                    483 	.globl _SRCRESINDEX
                                    484 	.globl _SRCRESMASK2
                                    485 	.globl _SRCRESMASK1
                                    486 	.globl _SRCRESMASK0
                                    487 	.globl _SRC_ADDR_TABLE
                                    488 	.globl _TXFIFO
                                    489 	.globl _RXFIFO
                                    490 	.globl _RFCORE_RAM
                                    491 	.globl _CMPCTL
                                    492 	.globl _OPAMPS
                                    493 	.globl _OPAMPC
                                    494 	.globl _STCV2
                                    495 	.globl _STCV1
                                    496 	.globl _STCV0
                                    497 	.globl _STCS
                                    498 	.globl _STCC
                                    499 	.globl _T1CC4H
                                    500 	.globl _T1CC4L
                                    501 	.globl _T1CC3H
                                    502 	.globl _T1CC3L
                                    503 	.globl _XX_T1CC2H
                                    504 	.globl _XX_T1CC2L
                                    505 	.globl _XX_T1CC1H
                                    506 	.globl _XX_T1CC1L
                                    507 	.globl _XX_T1CC0H
                                    508 	.globl _XX_T1CC0L
                                    509 	.globl _T1CCTL4
                                    510 	.globl _T1CCTL3
                                    511 	.globl _XX_T1CCTL2
                                    512 	.globl _XX_T1CCTL1
                                    513 	.globl _XX_T1CCTL0
                                    514 	.globl _CLD
                                    515 	.globl _IRCTL
                                    516 	.globl _CHIPINFO1
                                    517 	.globl _CHIPINFO0
                                    518 	.globl _FWDATA
                                    519 	.globl _FADDRH
                                    520 	.globl _FADDRL
                                    521 	.globl _FCTL
                                    522 	.globl _IVCTRL
                                    523 	.globl _BATTMON
                                    524 	.globl _SRCRC
                                    525 	.globl _DBGDATA
                                    526 	.globl _TESTREG0
                                    527 	.globl _CHIPID
                                    528 	.globl _CHVER
                                    529 	.globl _OBSSEL5
                                    530 	.globl _OBSSEL4
                                    531 	.globl _OBSSEL3
                                    532 	.globl _OBSSEL2
                                    533 	.globl _OBSSEL1
                                    534 	.globl _OBSSEL0
                                    535 	.globl _I2CIO
                                    536 	.globl _I2CWC
                                    537 	.globl _I2CADDR
                                    538 	.globl _I2CDATA
                                    539 	.globl _I2CSTAT
                                    540 	.globl _I2CCFG
                                    541 	.globl _OPAMPMC
                                    542 	.globl _MONMUX
                                    543 	.globl _resolv_conf
                                    544 	.globl _resolv_getserver
                                    545 	.globl _resolv_lookup
                                    546 	.globl _resolv_query
                                    547 ;--------------------------------------------------------
                                    548 ; special function registers
                                    549 ;--------------------------------------------------------
                                    550 	.area RSEG    (ABS,DATA)
      000000                        551 	.org 0x0000
                           000080   552 _P0	=	0x0080
                           000081   553 _SP	=	0x0081
                           000082   554 _DPL0	=	0x0082
                           000083   555 _DPH0	=	0x0083
                           000084   556 _DPL1	=	0x0084
                           000085   557 _DPH1	=	0x0085
                           000087   558 _PCON	=	0x0087
                           000088   559 _TCON	=	0x0088
                           000090   560 _P1	=	0x0090
                           000092   561 _DPS	=	0x0092
                           000098   562 _S0CON	=	0x0098
                           00009A   563 _IEN2	=	0x009a
                           00009B   564 _S1CON	=	0x009b
                           0000A0   565 _P2	=	0x00a0
                           0000A8   566 _IEN0	=	0x00a8
                           0000A9   567 _IP0	=	0x00a9
                           0000B8   568 _IEN1	=	0x00b8
                           0000B9   569 _IP1	=	0x00b9
                           0000C0   570 _IRCON	=	0x00c0
                           0000D0   571 _PSW	=	0x00d0
                           0000E0   572 _ACC	=	0x00e0
                           0000E8   573 _IRCON2	=	0x00e8
                           0000F0   574 _B	=	0x00f0
                           0000B4   575 _ADCCON1	=	0x00b4
                           0000B5   576 _ADCCON2	=	0x00b5
                           0000B6   577 _ADCCON3	=	0x00b6
                           0000BA   578 _ADCL	=	0x00ba
                           0000BB   579 _ADCH	=	0x00bb
                           0000BC   580 _RNDL	=	0x00bc
                           0000BD   581 _RNDH	=	0x00bd
                           0000B1   582 _ENCDI	=	0x00b1
                           0000B2   583 _ENCDO	=	0x00b2
                           0000B3   584 _ENCCS	=	0x00b3
                           0000D1   585 _DMAIRQ	=	0x00d1
                           0000D2   586 _DMA1CFGL	=	0x00d2
                           0000D3   587 _DMA1CFGH	=	0x00d3
                           0000D4   588 _DMA0CFGL	=	0x00d4
                           0000D5   589 _DMA0CFGH	=	0x00d5
                           0000D6   590 _DMAARM	=	0x00d6
                           0000D7   591 _DMAREQ	=	0x00d7
                           000089   592 _P0IFG	=	0x0089
                           00008A   593 _P1IFG	=	0x008a
                           00008B   594 _P2IFG	=	0x008b
                           00008C   595 _PICTL	=	0x008c
                           0000AB   596 _P0IEN	=	0x00ab
                           00008D   597 _P1IEN	=	0x008d
                           0000AC   598 _P2IEN	=	0x00ac
                           00008F   599 _P0INP	=	0x008f
                           0000F1   600 _PERCFG	=	0x00f1
                           0000F2   601 _APCFG	=	0x00f2
                           0000F3   602 _P0SEL	=	0x00f3
                           0000F4   603 _P1SEL	=	0x00f4
                           0000F5   604 _P2SEL	=	0x00f5
                           0000F6   605 _P1INP	=	0x00f6
                           0000F7   606 _P2INP	=	0x00f7
                           0000FD   607 _P0DIR	=	0x00fd
                           0000FE   608 _P1DIR	=	0x00fe
                           0000FF   609 _P2DIR	=	0x00ff
                           0000AE   610 _PMUX	=	0x00ae
                           000093   611 _MPAGE	=	0x0093
                           000093   612 __XPAGE	=	0x0093
                           0000C7   613 _MEMCTR	=	0x00c7
                           00009F   614 _FMAP	=	0x009f
                           00009F   615 _PSBANK	=	0x009f
                           000091   616 _RFIRQF1	=	0x0091
                           0000D9   617 _RFD	=	0x00d9
                           0000E1   618 _RFST	=	0x00e1
                           0000E9   619 _RFIRQF0	=	0x00e9
                           0000BF   620 _RFERRF	=	0x00bf
                           000095   621 _ST0	=	0x0095
                           000096   622 _ST1	=	0x0096
                           000097   623 _ST2	=	0x0097
                           0000AD   624 _STLOAD	=	0x00ad
                           0000BE   625 _SLEEPCMD	=	0x00be
                           00009D   626 _SLEEPSTA	=	0x009d
                           0000C6   627 _CLKCONCMD	=	0x00c6
                           00009E   628 _CLKCONSTA	=	0x009e
                           0000DA   629 _T1CC0L	=	0x00da
                           0000DB   630 _T1CC0H	=	0x00db
                           0000DC   631 _T1CC1L	=	0x00dc
                           0000DD   632 _T1CC1H	=	0x00dd
                           0000DE   633 _T1CC2L	=	0x00de
                           0000DF   634 _T1CC2H	=	0x00df
                           0000E2   635 _T1CNTL	=	0x00e2
                           0000E3   636 _T1CNTH	=	0x00e3
                           0000E4   637 _T1CTL	=	0x00e4
                           0000E5   638 _T1CCTL0	=	0x00e5
                           0000E6   639 _T1CCTL1	=	0x00e6
                           0000E7   640 _T1CCTL2	=	0x00e7
                           0000AF   641 _T1STAT	=	0x00af
                           000094   642 _T2CTRL	=	0x0094
                           00009C   643 _T2EVTCFG	=	0x009c
                           0000A1   644 _T2IRQF	=	0x00a1
                           0000A2   645 _T2M0	=	0x00a2
                           0000A3   646 _T2M1	=	0x00a3
                           0000A4   647 _T2MOVF0	=	0x00a4
                           0000A5   648 _T2MOVF1	=	0x00a5
                           0000A6   649 _T2MOVF2	=	0x00a6
                           0000A7   650 _T2IRQM	=	0x00a7
                           0000C3   651 _T2MSEL	=	0x00c3
                           0000CA   652 _T3CNT	=	0x00ca
                           0000CB   653 _T3CTL	=	0x00cb
                           0000CC   654 _T3CCTL0	=	0x00cc
                           0000CD   655 _T3CC0	=	0x00cd
                           0000CE   656 _T3CCTL1	=	0x00ce
                           0000CF   657 _T3CC1	=	0x00cf
                           0000EA   658 _T4CNT	=	0x00ea
                           0000EB   659 _T4CTL	=	0x00eb
                           0000EC   660 _T4CCTL0	=	0x00ec
                           0000ED   661 _T4CC0	=	0x00ed
                           0000EE   662 _T4CCTL1	=	0x00ee
                           0000EF   663 _T4CC1	=	0x00ef
                           0000D8   664 _TIMIF	=	0x00d8
                           000086   665 _U0CSR	=	0x0086
                           0000C1   666 _U0DBUF	=	0x00c1
                           0000C2   667 _U0BAUD	=	0x00c2
                           0000C4   668 _U0UCR	=	0x00c4
                           0000C5   669 _U0GCR	=	0x00c5
                           0000F8   670 _U1CSR	=	0x00f8
                           0000F9   671 _U1DBUF	=	0x00f9
                           0000FA   672 _U1BAUD	=	0x00fa
                           0000FB   673 _U1UCR	=	0x00fb
                           0000FC   674 _U1GCR	=	0x00fc
                           0000C9   675 _WDCTL	=	0x00c9
                                    676 ;--------------------------------------------------------
                                    677 ; special function bits
                                    678 ;--------------------------------------------------------
                                    679 	.area RSEG    (ABS,DATA)
      000000                        680 	.org 0x0000
                           000087   681 _P0_7	=	0x0087
                           000086   682 _P0_6	=	0x0086
                           000085   683 _P0_5	=	0x0085
                           000084   684 _P0_4	=	0x0084
                           000083   685 _P0_3	=	0x0083
                           000082   686 _P0_2	=	0x0082
                           000081   687 _P0_1	=	0x0081
                           000080   688 _P0_0	=	0x0080
                           00008F   689 _URX1IF	=	0x008f
                           00008D   690 _ADCIF	=	0x008d
                           00008B   691 _URX0IF	=	0x008b
                           00008A   692 _IT1	=	0x008a
                           000089   693 _RFERRIF	=	0x0089
                           000088   694 _IT0	=	0x0088
                           000097   695 _P1_7	=	0x0097
                           000096   696 _P1_6	=	0x0096
                           000095   697 _P1_5	=	0x0095
                           000094   698 _P1_4	=	0x0094
                           000093   699 _P1_3	=	0x0093
                           000092   700 _P1_2	=	0x0092
                           000091   701 _P1_1	=	0x0091
                           000090   702 _P1_0	=	0x0090
                           000099   703 _ENCIF_1	=	0x0099
                           000098   704 _ENCIF_0	=	0x0098
                           0000A7   705 _P2_7	=	0x00a7
                           0000A6   706 _P2_6	=	0x00a6
                           0000A5   707 _P2_5	=	0x00a5
                           0000A4   708 _P2_4	=	0x00a4
                           0000A3   709 _P2_3	=	0x00a3
                           0000A2   710 _P2_2	=	0x00a2
                           0000A1   711 _P2_1	=	0x00a1
                           0000A0   712 _P2_0	=	0x00a0
                           0000AF   713 _EA	=	0x00af
                           0000AD   714 _STIE	=	0x00ad
                           0000AC   715 _ENCIE	=	0x00ac
                           0000AB   716 _URX1IE	=	0x00ab
                           0000AA   717 _URX0IE	=	0x00aa
                           0000A9   718 _ADCIE	=	0x00a9
                           0000A8   719 _RFERRIE	=	0x00a8
                           0000BD   720 _P0IE	=	0x00bd
                           0000BC   721 _T4IE	=	0x00bc
                           0000BB   722 _T3IE	=	0x00bb
                           0000BA   723 _T2IE	=	0x00ba
                           0000B9   724 _T1IE	=	0x00b9
                           0000B8   725 _DMAIE	=	0x00b8
                           0000C7   726 _STIF	=	0x00c7
                           0000C5   727 _P0IF	=	0x00c5
                           0000C4   728 _T4IF	=	0x00c4
                           0000C3   729 _T3IF	=	0x00c3
                           0000C2   730 _T2IF	=	0x00c2
                           0000C1   731 _T1IF	=	0x00c1
                           0000C0   732 _DMAIF	=	0x00c0
                           0000D7   733 _CY	=	0x00d7
                           0000D6   734 _AC	=	0x00d6
                           0000D5   735 _F0	=	0x00d5
                           0000D4   736 _RS1	=	0x00d4
                           0000D3   737 _RS0	=	0x00d3
                           0000D2   738 _OV	=	0x00d2
                           0000D1   739 _F1	=	0x00d1
                           0000D0   740 _P	=	0x00d0
                           0000E7   741 _ACC_7	=	0x00e7
                           0000E6   742 _ACC_6	=	0x00e6
                           0000E5   743 _ACC_5	=	0x00e5
                           0000E4   744 _ACC_4	=	0x00e4
                           0000E3   745 _ACC_3	=	0x00e3
                           0000E2   746 _ACC_2	=	0x00e2
                           0000E1   747 _ACC_1	=	0x00e1
                           0000E0   748 _ACC_0	=	0x00e0
                           0000EC   749 _WDTIF	=	0x00ec
                           0000EB   750 _P1IF	=	0x00eb
                           0000EA   751 _UTX1IF	=	0x00ea
                           0000E9   752 _UTX0IF	=	0x00e9
                           0000E8   753 _P2IF	=	0x00e8
                           0000F7   754 _B_7	=	0x00f7
                           0000F6   755 _B_6	=	0x00f6
                           0000F5   756 _B_5	=	0x00f5
                           0000F4   757 _B_4	=	0x00f4
                           0000F3   758 _B_3	=	0x00f3
                           0000F2   759 _B_2	=	0x00f2
                           0000F1   760 _B_1	=	0x00f1
                           0000F0   761 _B_0	=	0x00f0
                           0000DE   762 _OVFIM	=	0x00de
                           0000DD   763 _T4CH1IF	=	0x00dd
                           0000DC   764 _T4CH0IF	=	0x00dc
                           0000DB   765 _T4OVFIF	=	0x00db
                           0000DA   766 _T3CH1IF	=	0x00da
                           0000D9   767 _T3CH0IF	=	0x00d9
                           0000D8   768 _T3OVFIF	=	0x00d8
                           0000FF   769 _MODE	=	0x00ff
                           0000FE   770 _RE	=	0x00fe
                           0000FD   771 _SLAVE	=	0x00fd
                           0000FC   772 _FE	=	0x00fc
                           0000FB   773 _ERR	=	0x00fb
                           0000FA   774 _RX_BYTE	=	0x00fa
                           0000F9   775 _TX_BYTE	=	0x00f9
                           0000F8   776 _ACTIVE	=	0x00f8
                                    777 ;--------------------------------------------------------
                                    778 ; overlayable register banks
                                    779 ;--------------------------------------------------------
                                    780 	.area REG_BANK_0	(REL,OVR,DATA)
      000000                        781 	.ds 8
                                    782 ;--------------------------------------------------------
                                    783 ; internal ram data
                                    784 ;--------------------------------------------------------
                                    785 	.area DSEG    (DATA)
                                    786 ;--------------------------------------------------------
                                    787 ; overlayable items in internal ram 
                                    788 ;--------------------------------------------------------
                                    789 ;--------------------------------------------------------
                                    790 ; indirectly addressable internal ram data
                                    791 ;--------------------------------------------------------
                                    792 	.area ISEG    (DATA)
                                    793 ;--------------------------------------------------------
                                    794 ; absolute internal ram data
                                    795 ;--------------------------------------------------------
                                    796 	.area IABS    (ABS,DATA)
                                    797 	.area IABS    (ABS,DATA)
                                    798 ;--------------------------------------------------------
                                    799 ; bit data
                                    800 ;--------------------------------------------------------
                                    801 	.area BSEG    (BIT)
                                    802 ;--------------------------------------------------------
                                    803 ; paged external ram data
                                    804 ;--------------------------------------------------------
                                    805 	.area PSEG    (PAG,XDATA)
                                    806 ;--------------------------------------------------------
                                    807 ; external ram data
                                    808 ;--------------------------------------------------------
                                    809 	.area XSEG    (XDATA)
                           0061A6   810 _MONMUX	=	0x61a6
                           0061A6   811 _OPAMPMC	=	0x61a6
                           006230   812 _I2CCFG	=	0x6230
                           006231   813 _I2CSTAT	=	0x6231
                           006232   814 _I2CDATA	=	0x6232
                           006233   815 _I2CADDR	=	0x6233
                           006234   816 _I2CWC	=	0x6234
                           006235   817 _I2CIO	=	0x6235
                           006243   818 _OBSSEL0	=	0x6243
                           006244   819 _OBSSEL1	=	0x6244
                           006245   820 _OBSSEL2	=	0x6245
                           006246   821 _OBSSEL3	=	0x6246
                           006247   822 _OBSSEL4	=	0x6247
                           006248   823 _OBSSEL5	=	0x6248
                           006249   824 _CHVER	=	0x6249
                           00624A   825 _CHIPID	=	0x624a
                           00624B   826 _TESTREG0	=	0x624b
                           006260   827 _DBGDATA	=	0x6260
                           006262   828 _SRCRC	=	0x6262
                           006264   829 _BATTMON	=	0x6264
                           006265   830 _IVCTRL	=	0x6265
                           006270   831 _FCTL	=	0x6270
                           006271   832 _FADDRL	=	0x6271
                           006272   833 _FADDRH	=	0x6272
                           006273   834 _FWDATA	=	0x6273
                           006276   835 _CHIPINFO0	=	0x6276
                           006277   836 _CHIPINFO1	=	0x6277
                           006281   837 _IRCTL	=	0x6281
                           006290   838 _CLD	=	0x6290
                           0062A0   839 _XX_T1CCTL0	=	0x62a0
                           0062A1   840 _XX_T1CCTL1	=	0x62a1
                           0062A2   841 _XX_T1CCTL2	=	0x62a2
                           0062A3   842 _T1CCTL3	=	0x62a3
                           0062A4   843 _T1CCTL4	=	0x62a4
                           0062A6   844 _XX_T1CC0L	=	0x62a6
                           0062A7   845 _XX_T1CC0H	=	0x62a7
                           0062A8   846 _XX_T1CC1L	=	0x62a8
                           0062A9   847 _XX_T1CC1H	=	0x62a9
                           0062AA   848 _XX_T1CC2L	=	0x62aa
                           0062AB   849 _XX_T1CC2H	=	0x62ab
                           0062AC   850 _T1CC3L	=	0x62ac
                           0062AD   851 _T1CC3H	=	0x62ad
                           0062AE   852 _T1CC4L	=	0x62ae
                           0062AF   853 _T1CC4H	=	0x62af
                           0062B0   854 _STCC	=	0x62b0
                           0062B1   855 _STCS	=	0x62b1
                           0062B2   856 _STCV0	=	0x62b2
                           0062B3   857 _STCV1	=	0x62b3
                           0062B4   858 _STCV2	=	0x62b4
                           0062C0   859 _OPAMPC	=	0x62c0
                           0062C1   860 _OPAMPS	=	0x62c1
                           0062D0   861 _CMPCTL	=	0x62d0
                           006000   862 _RFCORE_RAM	=	0x6000
                           006000   863 _RXFIFO	=	0x6000
                           006080   864 _TXFIFO	=	0x6080
                           006100   865 _SRC_ADDR_TABLE	=	0x6100
                           006160   866 _SRCRESMASK0	=	0x6160
                           006161   867 _SRCRESMASK1	=	0x6161
                           006162   868 _SRCRESMASK2	=	0x6162
                           006163   869 _SRCRESINDEX	=	0x6163
                           006164   870 _SRCEXTPENDEN0	=	0x6164
                           006165   871 _SRCEXTPENDEN1	=	0x6165
                           006166   872 _SRCEXTPENDEN2	=	0x6166
                           006167   873 _SRCSHORTPENDEN0	=	0x6167
                           006168   874 _SRCSHORTPENDEN1	=	0x6168
                           006169   875 _SRCSHORTPENDEN2	=	0x6169
                           00616A   876 _EXT_ADDR0	=	0x616a
                           00616B   877 _EXT_ADDR1	=	0x616b
                           00616C   878 _EXT_ADDR2	=	0x616c
                           00616D   879 _EXT_ADDR3	=	0x616d
                           00616E   880 _EXT_ADDR4	=	0x616e
                           00616F   881 _EXT_ADDR5	=	0x616f
                           006170   882 _EXT_ADDR6	=	0x6170
                           006171   883 _EXT_ADDR7	=	0x6171
                           006172   884 _PAN_ID0	=	0x6172
                           006173   885 _PAN_ID1	=	0x6173
                           006174   886 _SHORT_ADDR0	=	0x6174
                           006175   887 _SHORT_ADDR1	=	0x6175
                           006180   888 _FRMFILT0	=	0x6180
                           006181   889 _FRMFILT1	=	0x6181
                           006182   890 _SRCMATCH	=	0x6182
                           006183   891 _SRCSHORTEN0	=	0x6183
                           006184   892 _SRCSHORTEN1	=	0x6184
                           006185   893 _SRCSHORTEN2	=	0x6185
                           006186   894 _SRCEXTEN0	=	0x6186
                           006187   895 _SRCEXTEN1	=	0x6187
                           006188   896 _SRCEXTEN2	=	0x6188
                           006189   897 _FRMCTRL0	=	0x6189
                           00618A   898 _FRMCTRL1	=	0x618a
                           00618B   899 _RXENABLE	=	0x618b
                           00618C   900 _RXMASKSET	=	0x618c
                           00618D   901 _RXMASKCLR	=	0x618d
                           00618E   902 _FREQTUNE	=	0x618e
                           00618F   903 _FREQCTRL	=	0x618f
                           006190   904 _TXPOWER	=	0x6190
                           006191   905 _TXCTRL	=	0x6191
                           006192   906 _FSMSTAT0	=	0x6192
                           006193   907 _FSMSTAT1	=	0x6193
                           006194   908 _FIFOPCTRL	=	0x6194
                           006195   909 _FSMCTRL	=	0x6195
                           006196   910 _CCACTRL0	=	0x6196
                           006197   911 _CCACTRL1	=	0x6197
                           006198   912 _RSSI	=	0x6198
                           006199   913 _RSSISTAT	=	0x6199
                           00619A   914 _RXFIRST	=	0x619a
                           00619B   915 _RXFIFOCNT	=	0x619b
                           00619C   916 _TXFIFOCNT	=	0x619c
                           00619D   917 _RXFIRST_PTR	=	0x619d
                           00619E   918 _RXLAST_PTR	=	0x619e
                           00619F   919 _RXP1_PTR	=	0x619f
                           0061A1   920 _TXFIRST_PTR	=	0x61a1
                           0061A2   921 _TXLAST_PTR	=	0x61a2
                           0061A3   922 _RFIRQM0	=	0x61a3
                           0061A4   923 _RFIRQM1	=	0x61a4
                           0061A5   924 _RFERRM	=	0x61a5
                           0061A7   925 _RFRND	=	0x61a7
                           0061A8   926 _MDMCTRL0	=	0x61a8
                           0061A9   927 _MDMCTRL1	=	0x61a9
                           0061AA   928 _FREQEST	=	0x61aa
                           0061AB   929 _RXCTRL	=	0x61ab
                           0061AC   930 _FSCTRL	=	0x61ac
                           0061AD   931 _FSCAL0	=	0x61ad
                           0061AE   932 _FSCAL1	=	0x61ae
                           0061AF   933 _FSCAL2	=	0x61af
                           0061B0   934 _FSCAL3	=	0x61b0
                           0061B1   935 _AGCCTRL0	=	0x61b1
                           0061B2   936 _AGCCTRL1	=	0x61b2
                           0061B3   937 _AGCCTRL2	=	0x61b3
                           0061B4   938 _AGCCTRL3	=	0x61b4
                           0061B5   939 _ADCTEST0	=	0x61b5
                           0061B6   940 _ADCTEST1	=	0x61b6
                           0061B7   941 _ADCTEST2	=	0x61b7
                           0061B8   942 _MDMTEST0	=	0x61b8
                           0061B9   943 _MDMTEST1	=	0x61b9
                           0061BA   944 _DACTEST0	=	0x61ba
                           0061BB   945 _DACTEST1	=	0x61bb
                           0061BC   946 _DACTEST2	=	0x61bc
                           0061BD   947 _ATEST	=	0x61bd
                           0061BE   948 _PTEST0	=	0x61be
                           0061BF   949 _PTEST1	=	0x61bf
                           0061FA   950 _TXFILTCFG	=	0x61fa
                           0061EB   951 _RFC_OBS_CTRL0	=	0x61eb
                           0061EC   952 _RFC_OBS_CTRL1	=	0x61ec
                           0061ED   953 _RFC_OBS_CTRL2	=	0x61ed
                           0061C0   954 _CSPPROG0	=	0x61c0
                           0061C1   955 _CSPPROG1	=	0x61c1
                           0061C2   956 _CSPPROG2	=	0x61c2
                           0061C3   957 _CSPPROG3	=	0x61c3
                           0061C4   958 _CSPPROG4	=	0x61c4
                           0061C5   959 _CSPPROG5	=	0x61c5
                           0061C6   960 _CSPPROG6	=	0x61c6
                           0061C7   961 _CSPPROG7	=	0x61c7
                           0061C8   962 _CSPPROG8	=	0x61c8
                           0061C9   963 _CSPPROG9	=	0x61c9
                           0061CA   964 _CSPPROG10	=	0x61ca
                           0061CB   965 _CSPPROG11	=	0x61cb
                           0061CC   966 _CSPPROG12	=	0x61cc
                           0061CD   967 _CSPPROG13	=	0x61cd
                           0061CE   968 _CSPPROG14	=	0x61ce
                           0061CF   969 _CSPPROG15	=	0x61cf
                           0061D0   970 _CSPPROG16	=	0x61d0
                           0061D1   971 _CSPPROG17	=	0x61d1
                           0061D2   972 _CSPPROG18	=	0x61d2
                           0061D3   973 _CSPPROG19	=	0x61d3
                           0061D4   974 _CSPPROG20	=	0x61d4
                           0061D5   975 _CSPPROG21	=	0x61d5
                           0061D6   976 _CSPPROG22	=	0x61d6
                           0061D7   977 _CSPPROG23	=	0x61d7
                           0061E0   978 _CSPCTRL	=	0x61e0
                           0061E1   979 _CSPSTAT	=	0x61e1
                           0061E2   980 _CSPX	=	0x61e2
                           0061E3   981 _CSPY	=	0x61e3
                           0061E4   982 _CSPZ	=	0x61e4
                           0061E5   983 _CSPT	=	0x61e5
                           006200   984 _USBADDR	=	0x6200
                           006201   985 _USBPOW	=	0x6201
                           006202   986 _USBIIF	=	0x6202
                           006204   987 _USBOIF	=	0x6204
                           006206   988 _USBCIF	=	0x6206
                           006207   989 _USBIIE	=	0x6207
                           006209   990 _USBOIE	=	0x6209
                           00620B   991 _USBCIE	=	0x620b
                           00620C   992 _USBFRML	=	0x620c
                           00620D   993 _USBFRMH	=	0x620d
                           00620E   994 _USBINDEX	=	0x620e
                           00620F   995 _USBCTRL	=	0x620f
                           006210   996 _USBMAXI	=	0x6210
                           006211   997 _USBCS0	=	0x6211
                           006211   998 _USBCSIL	=	0x6211
                           006212   999 _USBCSIH	=	0x6212
                           006213  1000 _USBMAXO	=	0x6213
                           006214  1001 _USBCSOL	=	0x6214
                           006215  1002 _USBCSOH	=	0x6215
                           006216  1003 _USBCNT0	=	0x6216
                           006216  1004 _USBCNTL	=	0x6216
                           006217  1005 _USBCNTH	=	0x6217
                           006220  1006 _USBF0	=	0x6220
                           006222  1007 _USBF1	=	0x6222
                           006224  1008 _USBF2	=	0x6224
                           006226  1009 _USBF3	=	0x6226
                           006228  1010 _USBF4	=	0x6228
                           00622A  1011 _USBF5	=	0x622a
                           007080  1012 _X_P0	=	0x7080
                           007086  1013 _X_U0CSR	=	0x7086
                           007089  1014 _X_P0IFG	=	0x7089
                           00708A  1015 _X_P1IFG	=	0x708a
                           00708B  1016 _X_P2IFG	=	0x708b
                           00708C  1017 _X_PICTL	=	0x708c
                           00708D  1018 _X_P1IEN	=	0x708d
                           00708F  1019 _X_P0INP	=	0x708f
                           007090  1020 _X_P1	=	0x7090
                           007091  1021 _X_RFIRQF1	=	0x7091
                           007093  1022 _X_MPAGE	=	0x7093
                           007093  1023 _X__XPAGE	=	0x7093
                           007094  1024 _X_T2CTRL	=	0x7094
                           007095  1025 _X_ST0	=	0x7095
                           007096  1026 _X_ST1	=	0x7096
                           007097  1027 _X_ST2	=	0x7097
                           00709C  1028 _X_T2EVTCFG	=	0x709c
                           00709D  1029 _X_SLEEPSTA	=	0x709d
                           00709E  1030 _X_CLKCONSTA	=	0x709e
                           00709F  1031 _X_FMAP	=	0x709f
                           00709F  1032 _X_PSBANK	=	0x709f
                           0070A0  1033 _X_P2	=	0x70a0
                           0070A1  1034 _X_T2IRQF	=	0x70a1
                           0070A2  1035 _X_T2M0	=	0x70a2
                           0070A3  1036 _X_T2M1	=	0x70a3
                           0070A4  1037 _X_T2MOVF0	=	0x70a4
                           0070A5  1038 _X_T2MOVF1	=	0x70a5
                           0070A6  1039 _X_T2MOVF2	=	0x70a6
                           0070A7  1040 _X_T2IRQM	=	0x70a7
                           0070AB  1041 _X_P0IEN	=	0x70ab
                           0070AC  1042 _X_P2IEN	=	0x70ac
                           0070AD  1043 _X_STLOAD	=	0x70ad
                           0070AE  1044 _X_PMUX	=	0x70ae
                           0070AF  1045 _X_T1STAT	=	0x70af
                           0070B1  1046 _X_ENCDI	=	0x70b1
                           0070B2  1047 _X_ENCDO	=	0x70b2
                           0070B3  1048 _X_ENCCS	=	0x70b3
                           0070B4  1049 _X_ADCCON1	=	0x70b4
                           0070B5  1050 _X_ADCCON2	=	0x70b5
                           0070B6  1051 _X_ADCCON3	=	0x70b6
                           0070BA  1052 _X_ADCL	=	0x70ba
                           0070BB  1053 _X_ADCH	=	0x70bb
                           0070BC  1054 _X_RNDL	=	0x70bc
                           0070BD  1055 _X_RNDH	=	0x70bd
                           0070BE  1056 _X_SLEEPCMD	=	0x70be
                           0070BF  1057 _X_RFERRF	=	0x70bf
                           0070C1  1058 _X_U0DBUF	=	0x70c1
                           0070C2  1059 _X_U0BAUD	=	0x70c2
                           0070C3  1060 _X_T2MSEL	=	0x70c3
                           0070C4  1061 _X_U0UCR	=	0x70c4
                           0070C5  1062 _X_U0GCR	=	0x70c5
                           0070C6  1063 _X_CLKCONCMD	=	0x70c6
                           0070C7  1064 _X_MEMCTR	=	0x70c7
                           0070C9  1065 _X_WDCTL	=	0x70c9
                           0070CA  1066 _X_T3CNT	=	0x70ca
                           0070CB  1067 _X_T3CTL	=	0x70cb
                           0070CC  1068 _X_T3CCTL0	=	0x70cc
                           0070CD  1069 _X_T3CC0	=	0x70cd
                           0070CE  1070 _X_T3CCTL1	=	0x70ce
                           0070CF  1071 _X_T3CC1	=	0x70cf
                           0070D1  1072 _X_DMAIRQ	=	0x70d1
                           0070D2  1073 _X_DMA1CFGL	=	0x70d2
                           0070D3  1074 _X_DMA1CFGH	=	0x70d3
                           0070D4  1075 _X_DMA0CFGL	=	0x70d4
                           0070D5  1076 _X_DMA0CFGH	=	0x70d5
                           0070D6  1077 _X_DMAARM	=	0x70d6
                           0070D7  1078 _X_DMAREQ	=	0x70d7
                           0070D8  1079 _X_TIMIF	=	0x70d8
                           0070D9  1080 _X_RFD	=	0x70d9
                           0070DA  1081 _X_T1CC0L	=	0x70da
                           0070DB  1082 _X_T1CC0H	=	0x70db
                           0070DC  1083 _X_T1CC1L	=	0x70dc
                           0070DD  1084 _X_T1CC1H	=	0x70dd
                           0070DE  1085 _X_T1CC2L	=	0x70de
                           0070DF  1086 _X_T1CC2H	=	0x70df
                           0070E1  1087 _X_RFST	=	0x70e1
                           0070E2  1088 _X_T1CNTL	=	0x70e2
                           0070E3  1089 _X_T1CNTH	=	0x70e3
                           0070E4  1090 _X_T1CTL	=	0x70e4
                           0070E5  1091 _X_T1CCTL0	=	0x70e5
                           0070E6  1092 _X_T1CCTL1	=	0x70e6
                           0070E7  1093 _X_T1CCTL2	=	0x70e7
                           0070E9  1094 _X_RFIRQF0	=	0x70e9
                           0070EA  1095 _X_T4CNT	=	0x70ea
                           0070EB  1096 _X_T4CTL	=	0x70eb
                           0070EC  1097 _X_T4CCTL0	=	0x70ec
                           0070ED  1098 _X_T4CC0	=	0x70ed
                           0070EE  1099 _X_T4CCTL1	=	0x70ee
                           0070EF  1100 _X_T4CC1	=	0x70ef
                           0070F1  1101 _X_PERCFG	=	0x70f1
                           0070F2  1102 _X_APCFG	=	0x70f2
                           0070F3  1103 _X_P0SEL	=	0x70f3
                           0070F4  1104 _X_P1SEL	=	0x70f4
                           0070F5  1105 _X_P2SEL	=	0x70f5
                           0070F6  1106 _X_P1INP	=	0x70f6
                           0070F7  1107 _X_P2INP	=	0x70f7
                           0070F8  1108 _X_U1CSR	=	0x70f8
                           0070F9  1109 _X_U1DBUF	=	0x70f9
                           0070FA  1110 _X_U1BAUD	=	0x70fa
                           0070FB  1111 _X_U1UCR	=	0x70fb
                           0070FC  1112 _X_U1GCR	=	0x70fc
                           0070FD  1113 _X_P0DIR	=	0x70fd
                           0070FE  1114 _X_P1DIR	=	0x70fe
                           0070FF  1115 _X_P2DIR	=	0x70ff
                           007800  1116 _X_INFOPAGE	=	0x7800
                           00780C  1117 _X_IEEE_ADDR	=	0x780c
      000000                       1118 _resolv_event_found::
      000000                       1119 	.ds 1
                                   1120 ;--------------------------------------------------------
                                   1121 ; absolute external ram data
                                   1122 ;--------------------------------------------------------
                                   1123 	.area XABS    (ABS,XDATA)
                                   1124 ;--------------------------------------------------------
                                   1125 ; external initialized ram data
                                   1126 ;--------------------------------------------------------
                                   1127 	.area XISEG   (XDATA)
      000000                       1128 _resolv_process::
      000000                       1129 	.ds 10
                                   1130 	.area HOME    (CODE)
                                   1131 	.area GSINIT0 (CODE)
                                   1132 	.area GSINIT1 (CODE)
                                   1133 	.area GSINIT2 (CODE)
                                   1134 	.area GSINIT3 (CODE)
                                   1135 	.area GSINIT4 (CODE)
                                   1136 	.area GSINIT5 (CODE)
                                   1137 	.area GSINIT  (CODE)
                                   1138 	.area GSFINAL (CODE)
                                   1139 	.area CSEG    (CODE)
                                   1140 ;--------------------------------------------------------
                                   1141 ; global & static initialisations
                                   1142 ;--------------------------------------------------------
                                   1143 	.area HOME    (CODE)
                                   1144 	.area GSINIT  (CODE)
                                   1145 	.area GSFINAL (CODE)
                                   1146 	.area GSINIT  (CODE)
                                   1147 ;--------------------------------------------------------
                                   1148 ; Home
                                   1149 ;--------------------------------------------------------
                                   1150 	.area HOME    (CODE)
                                   1151 	.area HOME    (CODE)
                                   1152 ;--------------------------------------------------------
                                   1153 ; code
                                   1154 ;--------------------------------------------------------
                                   1155 	.area BANK1   (CODE)
                                   1156 ;------------------------------------------------------------
                                   1157 ;Allocation info for local variables in function 'resolv_conf'
                                   1158 ;------------------------------------------------------------
                                   1159 ;dnsserver                 Allocated to registers 
                                   1160 ;------------------------------------------------------------
                                   1161 ;	../../../../core/net/resolv.c:84: void resolv_conf(const uip_ipaddr_t *dnsserver) { }
                                   1162 ;	-----------------------------------------
                                   1163 ;	 function resolv_conf
                                   1164 ;	-----------------------------------------
      000000                       1165 _resolv_conf:
                           000007  1166 	ar7 = 0x07
                           000006  1167 	ar6 = 0x06
                           000005  1168 	ar5 = 0x05
                           000004  1169 	ar4 = 0x04
                           000003  1170 	ar3 = 0x03
                           000002  1171 	ar2 = 0x02
                           000001  1172 	ar1 = 0x01
                           000000  1173 	ar0 = 0x00
      000000 02r00r00         [24] 1174 	ljmp	__sdcc_banked_ret
                                   1175 ;------------------------------------------------------------
                                   1176 ;Allocation info for local variables in function 'resolv_getserver'
                                   1177 ;------------------------------------------------------------
                                   1178 ;	../../../../core/net/resolv.c:85: uip_ipaddr_t *resolv_getserver(void) { return NULL; }
                                   1179 ;	-----------------------------------------
                                   1180 ;	 function resolv_getserver
                                   1181 ;	-----------------------------------------
      000003                       1182 _resolv_getserver:
      000003 90 00 00         [24] 1183 	mov	dptr,#0x0000
      000006 75 F0 00         [24] 1184 	mov	b,#0x00
      000009 02r00r00         [24] 1185 	ljmp	__sdcc_banked_ret
                                   1186 ;------------------------------------------------------------
                                   1187 ;Allocation info for local variables in function 'resolv_lookup'
                                   1188 ;------------------------------------------------------------
                                   1189 ;name                      Allocated to registers 
                                   1190 ;------------------------------------------------------------
                                   1191 ;	../../../../core/net/resolv.c:86: uip_ipaddr_t *resolv_lookup(const char *name) { return NULL; }
                                   1192 ;	-----------------------------------------
                                   1193 ;	 function resolv_lookup
                                   1194 ;	-----------------------------------------
      00000C                       1195 _resolv_lookup:
      00000C 90 00 00         [24] 1196 	mov	dptr,#0x0000
      00000F 75 F0 00         [24] 1197 	mov	b,#0x00
      000012 02r00r00         [24] 1198 	ljmp	__sdcc_banked_ret
                                   1199 ;------------------------------------------------------------
                                   1200 ;Allocation info for local variables in function 'resolv_query'
                                   1201 ;------------------------------------------------------------
                                   1202 ;name                      Allocated to registers 
                                   1203 ;------------------------------------------------------------
                                   1204 ;	../../../../core/net/resolv.c:87: void resolv_query(const char *name) { }
                                   1205 ;	-----------------------------------------
                                   1206 ;	 function resolv_query
                                   1207 ;	-----------------------------------------
      000015                       1208 _resolv_query:
      000015 02r00r00         [24] 1209 	ljmp	__sdcc_banked_ret
                                   1210 ;------------------------------------------------------------
                                   1211 ;Allocation info for local variables in function 'process_thread_resolv_process'
                                   1212 ;------------------------------------------------------------
                                   1213 ;ev                        Allocated to stack - sp -3
                                   1214 ;data                      Allocated to stack - sp -6
                                   1215 ;process_pt                Allocated to registers r5 r6 r7 
                                   1216 ;PT_YIELD_FLAG             Allocated to registers 
                                   1217 ;------------------------------------------------------------
                                   1218 ;	../../../../core/net/resolv.c:89: PROCESS_THREAD(resolv_process, ev, data)
                                   1219 ;	-----------------------------------------
                                   1220 ;	 function process_thread_resolv_process
                                   1221 ;	-----------------------------------------
      000018                       1222 _process_thread_resolv_process:
                                   1223 ;	../../../../core/net/resolv.c:91: PROCESS_BEGIN();
      000018 AD 82            [24] 1224 	mov	r5,dpl
      00001A AE 83            [24] 1225 	mov	r6,dph
      00001C AF F0            [24] 1226 	mov	r7,b
      00001E 12r00r00         [24] 1227 	lcall	__gptrget
      000021 FB               [12] 1228 	mov	r3,a
      000022 A3               [24] 1229 	inc	dptr
      000023 12r00r00         [24] 1230 	lcall	__gptrget
      000026 FC               [12] 1231 	mov	r4,a
      000027 BB 00 1E         [24] 1232 	cjne	r3,#0x00,00102$
      00002A BC 00 1B         [24] 1233 	cjne	r4,#0x00,00102$
                                   1234 ;	../../../../core/net/resolv.c:92: resolv_event_found = process_alloc_event();
      00002D C0 07            [24] 1235 	push	ar7
      00002F C0 06            [24] 1236 	push	ar6
      000031 C0 05            [24] 1237 	push	ar5
      000033 78r00            [12] 1238 	mov	r0,#_process_alloc_event
      000035 79s00            [12] 1239 	mov	r1,#(_process_alloc_event >> 8)
      000037 7As00            [12] 1240 	mov	r2,#(_process_alloc_event >> 16)
      000039 12r00r00         [24] 1241 	lcall	__sdcc_banked_call
      00003C E5 82            [12] 1242 	mov	a,dpl
      00003E D0 05            [24] 1243 	pop	ar5
      000040 D0 06            [24] 1244 	pop	ar6
      000042 D0 07            [24] 1245 	pop	ar7
      000044 90r00r00         [24] 1246 	mov	dptr,#_resolv_event_found
      000047 F0               [24] 1247 	movx	@dptr,a
                                   1248 ;	../../../../core/net/resolv.c:93: PROCESS_END();
      000048                       1249 00102$:
      000048 8D 82            [24] 1250 	mov	dpl,r5
      00004A 8E 83            [24] 1251 	mov	dph,r6
      00004C 8F F0            [24] 1252 	mov	b,r7
      00004E E4               [12] 1253 	clr	a
      00004F 12r00r00         [24] 1254 	lcall	__gptrput
      000052 A3               [24] 1255 	inc	dptr
      000053 E4               [12] 1256 	clr	a
      000054 12r00r00         [24] 1257 	lcall	__gptrput
      000057 75 82 03         [24] 1258 	mov	dpl,#0x03
      00005A 02r00r00         [24] 1259 	ljmp	__sdcc_banked_ret
                                   1260 	.area CSEG    (CODE)
                                   1261 	.area CONST   (CODE)
                                   1262 	.area XINIT   (CODE)
      000000                       1263 __xinit__resolv_process:
                                   1264 ; generic printIvalPtr
      000000 00 00 00              1265 	.byte #0x00,#0x00,#0x00
      000003r18s00s00              1266 	.byte _process_thread_resolv_process,(_process_thread_resolv_process >> 8),(_process_thread_resolv_process >> 16)
      000006 00 00                 1267 	.byte #0x00,#0x00	; 0
      000008 00                    1268 	.db #0x00	; 0
      000009 00                    1269 	.db #0x00	; 0
                                   1270 	.area CABS    (ABS,CODE)
