                                      1 ;--------------------------------------------------------
                                      2 ; File Created by SDCC : free open source ANSI-C Compiler
                                      3 ; Version 3.3.1 #8804 (Aug  6 2013) (Linux)
                                      4 ; This file was generated Mon Aug 25 04:16:29 2014
                                      5 ;--------------------------------------------------------
                                      6 	.module serial_line
                                      7 	.optsdcc -mmcs51 --model-huge
                                      8 	
                                      9 ;--------------------------------------------------------
                                     10 ; Public variables in this module
                                     11 ;--------------------------------------------------------
                                     12 	.globl _ringbuf_get
                                     13 	.globl _ringbuf_put
                                     14 	.globl _ringbuf_init
                                     15 	.globl _process_poll
                                     16 	.globl _process_alloc_event
                                     17 	.globl _process_post
                                     18 	.globl _process_start
                                     19 	.globl _ACTIVE
                                     20 	.globl _TX_BYTE
                                     21 	.globl _RX_BYTE
                                     22 	.globl _ERR
                                     23 	.globl _FE
                                     24 	.globl _SLAVE
                                     25 	.globl _RE
                                     26 	.globl _MODE
                                     27 	.globl _T3OVFIF
                                     28 	.globl _T3CH0IF
                                     29 	.globl _T3CH1IF
                                     30 	.globl _T4OVFIF
                                     31 	.globl _T4CH0IF
                                     32 	.globl _T4CH1IF
                                     33 	.globl _OVFIM
                                     34 	.globl _B_0
                                     35 	.globl _B_1
                                     36 	.globl _B_2
                                     37 	.globl _B_3
                                     38 	.globl _B_4
                                     39 	.globl _B_5
                                     40 	.globl _B_6
                                     41 	.globl _B_7
                                     42 	.globl _P2IF
                                     43 	.globl _UTX0IF
                                     44 	.globl _UTX1IF
                                     45 	.globl _P1IF
                                     46 	.globl _WDTIF
                                     47 	.globl _ACC_0
                                     48 	.globl _ACC_1
                                     49 	.globl _ACC_2
                                     50 	.globl _ACC_3
                                     51 	.globl _ACC_4
                                     52 	.globl _ACC_5
                                     53 	.globl _ACC_6
                                     54 	.globl _ACC_7
                                     55 	.globl _P
                                     56 	.globl _F1
                                     57 	.globl _OV
                                     58 	.globl _RS0
                                     59 	.globl _RS1
                                     60 	.globl _F0
                                     61 	.globl _AC
                                     62 	.globl _CY
                                     63 	.globl _DMAIF
                                     64 	.globl _T1IF
                                     65 	.globl _T2IF
                                     66 	.globl _T3IF
                                     67 	.globl _T4IF
                                     68 	.globl _P0IF
                                     69 	.globl _STIF
                                     70 	.globl _DMAIE
                                     71 	.globl _T1IE
                                     72 	.globl _T2IE
                                     73 	.globl _T3IE
                                     74 	.globl _T4IE
                                     75 	.globl _P0IE
                                     76 	.globl _RFERRIE
                                     77 	.globl _ADCIE
                                     78 	.globl _URX0IE
                                     79 	.globl _URX1IE
                                     80 	.globl _ENCIE
                                     81 	.globl _STIE
                                     82 	.globl _EA
                                     83 	.globl _P2_0
                                     84 	.globl _P2_1
                                     85 	.globl _P2_2
                                     86 	.globl _P2_3
                                     87 	.globl _P2_4
                                     88 	.globl _P2_5
                                     89 	.globl _P2_6
                                     90 	.globl _P2_7
                                     91 	.globl _ENCIF_0
                                     92 	.globl _ENCIF_1
                                     93 	.globl _P1_0
                                     94 	.globl _P1_1
                                     95 	.globl _P1_2
                                     96 	.globl _P1_3
                                     97 	.globl _P1_4
                                     98 	.globl _P1_5
                                     99 	.globl _P1_6
                                    100 	.globl _P1_7
                                    101 	.globl _IT0
                                    102 	.globl _RFERRIF
                                    103 	.globl _IT1
                                    104 	.globl _URX0IF
                                    105 	.globl _ADCIF
                                    106 	.globl _URX1IF
                                    107 	.globl _P0_0
                                    108 	.globl _P0_1
                                    109 	.globl _P0_2
                                    110 	.globl _P0_3
                                    111 	.globl _P0_4
                                    112 	.globl _P0_5
                                    113 	.globl _P0_6
                                    114 	.globl _P0_7
                                    115 	.globl _WDCTL
                                    116 	.globl _U1GCR
                                    117 	.globl _U1UCR
                                    118 	.globl _U1BAUD
                                    119 	.globl _U1DBUF
                                    120 	.globl _U1CSR
                                    121 	.globl _U0GCR
                                    122 	.globl _U0UCR
                                    123 	.globl _U0BAUD
                                    124 	.globl _U0DBUF
                                    125 	.globl _U0CSR
                                    126 	.globl _TIMIF
                                    127 	.globl _T4CC1
                                    128 	.globl _T4CCTL1
                                    129 	.globl _T4CC0
                                    130 	.globl _T4CCTL0
                                    131 	.globl _T4CTL
                                    132 	.globl _T4CNT
                                    133 	.globl _T3CC1
                                    134 	.globl _T3CCTL1
                                    135 	.globl _T3CC0
                                    136 	.globl _T3CCTL0
                                    137 	.globl _T3CTL
                                    138 	.globl _T3CNT
                                    139 	.globl _T2MSEL
                                    140 	.globl _T2IRQM
                                    141 	.globl _T2MOVF2
                                    142 	.globl _T2MOVF1
                                    143 	.globl _T2MOVF0
                                    144 	.globl _T2M1
                                    145 	.globl _T2M0
                                    146 	.globl _T2IRQF
                                    147 	.globl _T2EVTCFG
                                    148 	.globl _T2CTRL
                                    149 	.globl _T1STAT
                                    150 	.globl _T1CCTL2
                                    151 	.globl _T1CCTL1
                                    152 	.globl _T1CCTL0
                                    153 	.globl _T1CTL
                                    154 	.globl _T1CNTH
                                    155 	.globl _T1CNTL
                                    156 	.globl _T1CC2H
                                    157 	.globl _T1CC2L
                                    158 	.globl _T1CC1H
                                    159 	.globl _T1CC1L
                                    160 	.globl _T1CC0H
                                    161 	.globl _T1CC0L
                                    162 	.globl _CLKCONSTA
                                    163 	.globl _CLKCONCMD
                                    164 	.globl _SLEEPSTA
                                    165 	.globl _SLEEPCMD
                                    166 	.globl _STLOAD
                                    167 	.globl _ST2
                                    168 	.globl _ST1
                                    169 	.globl _ST0
                                    170 	.globl _RFERRF
                                    171 	.globl _RFIRQF0
                                    172 	.globl _RFST
                                    173 	.globl _RFD
                                    174 	.globl _RFIRQF1
                                    175 	.globl _PSBANK
                                    176 	.globl _FMAP
                                    177 	.globl _MEMCTR
                                    178 	.globl __XPAGE
                                    179 	.globl _MPAGE
                                    180 	.globl _PMUX
                                    181 	.globl _P2DIR
                                    182 	.globl _P1DIR
                                    183 	.globl _P0DIR
                                    184 	.globl _P2INP
                                    185 	.globl _P1INP
                                    186 	.globl _P2SEL
                                    187 	.globl _P1SEL
                                    188 	.globl _P0SEL
                                    189 	.globl _APCFG
                                    190 	.globl _PERCFG
                                    191 	.globl _P0INP
                                    192 	.globl _P2IEN
                                    193 	.globl _P1IEN
                                    194 	.globl _P0IEN
                                    195 	.globl _PICTL
                                    196 	.globl _P2IFG
                                    197 	.globl _P1IFG
                                    198 	.globl _P0IFG
                                    199 	.globl _DMAREQ
                                    200 	.globl _DMAARM
                                    201 	.globl _DMA0CFGH
                                    202 	.globl _DMA0CFGL
                                    203 	.globl _DMA1CFGH
                                    204 	.globl _DMA1CFGL
                                    205 	.globl _DMAIRQ
                                    206 	.globl _ENCCS
                                    207 	.globl _ENCDO
                                    208 	.globl _ENCDI
                                    209 	.globl _RNDH
                                    210 	.globl _RNDL
                                    211 	.globl _ADCH
                                    212 	.globl _ADCL
                                    213 	.globl _ADCCON3
                                    214 	.globl _ADCCON2
                                    215 	.globl _ADCCON1
                                    216 	.globl _B
                                    217 	.globl _IRCON2
                                    218 	.globl _ACC
                                    219 	.globl _PSW
                                    220 	.globl _IRCON
                                    221 	.globl _IP1
                                    222 	.globl _IEN1
                                    223 	.globl _IP0
                                    224 	.globl _IEN0
                                    225 	.globl _P2
                                    226 	.globl _S1CON
                                    227 	.globl _IEN2
                                    228 	.globl _S0CON
                                    229 	.globl _DPS
                                    230 	.globl _P1
                                    231 	.globl _TCON
                                    232 	.globl _PCON
                                    233 	.globl _DPH1
                                    234 	.globl _DPL1
                                    235 	.globl _DPH0
                                    236 	.globl _DPL0
                                    237 	.globl _SP
                                    238 	.globl _P0
                                    239 	.globl _serial_line_process
                                    240 	.globl _serial_line_event_message
                                    241 	.globl _X_IEEE_ADDR
                                    242 	.globl _X_INFOPAGE
                                    243 	.globl _X_P2DIR
                                    244 	.globl _X_P1DIR
                                    245 	.globl _X_P0DIR
                                    246 	.globl _X_U1GCR
                                    247 	.globl _X_U1UCR
                                    248 	.globl _X_U1BAUD
                                    249 	.globl _X_U1DBUF
                                    250 	.globl _X_U1CSR
                                    251 	.globl _X_P2INP
                                    252 	.globl _X_P1INP
                                    253 	.globl _X_P2SEL
                                    254 	.globl _X_P1SEL
                                    255 	.globl _X_P0SEL
                                    256 	.globl _X_APCFG
                                    257 	.globl _X_PERCFG
                                    258 	.globl _X_T4CC1
                                    259 	.globl _X_T4CCTL1
                                    260 	.globl _X_T4CC0
                                    261 	.globl _X_T4CCTL0
                                    262 	.globl _X_T4CTL
                                    263 	.globl _X_T4CNT
                                    264 	.globl _X_RFIRQF0
                                    265 	.globl _X_T1CCTL2
                                    266 	.globl _X_T1CCTL1
                                    267 	.globl _X_T1CCTL0
                                    268 	.globl _X_T1CTL
                                    269 	.globl _X_T1CNTH
                                    270 	.globl _X_T1CNTL
                                    271 	.globl _X_RFST
                                    272 	.globl _X_T1CC2H
                                    273 	.globl _X_T1CC2L
                                    274 	.globl _X_T1CC1H
                                    275 	.globl _X_T1CC1L
                                    276 	.globl _X_T1CC0H
                                    277 	.globl _X_T1CC0L
                                    278 	.globl _X_RFD
                                    279 	.globl _X_TIMIF
                                    280 	.globl _X_DMAREQ
                                    281 	.globl _X_DMAARM
                                    282 	.globl _X_DMA0CFGH
                                    283 	.globl _X_DMA0CFGL
                                    284 	.globl _X_DMA1CFGH
                                    285 	.globl _X_DMA1CFGL
                                    286 	.globl _X_DMAIRQ
                                    287 	.globl _X_T3CC1
                                    288 	.globl _X_T3CCTL1
                                    289 	.globl _X_T3CC0
                                    290 	.globl _X_T3CCTL0
                                    291 	.globl _X_T3CTL
                                    292 	.globl _X_T3CNT
                                    293 	.globl _X_WDCTL
                                    294 	.globl _X_MEMCTR
                                    295 	.globl _X_CLKCONCMD
                                    296 	.globl _X_U0GCR
                                    297 	.globl _X_U0UCR
                                    298 	.globl _X_T2MSEL
                                    299 	.globl _X_U0BAUD
                                    300 	.globl _X_U0DBUF
                                    301 	.globl _X_RFERRF
                                    302 	.globl _X_SLEEPCMD
                                    303 	.globl _X_RNDH
                                    304 	.globl _X_RNDL
                                    305 	.globl _X_ADCH
                                    306 	.globl _X_ADCL
                                    307 	.globl _X_ADCCON3
                                    308 	.globl _X_ADCCON2
                                    309 	.globl _X_ADCCON1
                                    310 	.globl _X_ENCCS
                                    311 	.globl _X_ENCDO
                                    312 	.globl _X_ENCDI
                                    313 	.globl _X_T1STAT
                                    314 	.globl _X_PMUX
                                    315 	.globl _X_STLOAD
                                    316 	.globl _X_P2IEN
                                    317 	.globl _X_P0IEN
                                    318 	.globl _X_T2IRQM
                                    319 	.globl _X_T2MOVF2
                                    320 	.globl _X_T2MOVF1
                                    321 	.globl _X_T2MOVF0
                                    322 	.globl _X_T2M1
                                    323 	.globl _X_T2M0
                                    324 	.globl _X_T2IRQF
                                    325 	.globl _X_P2
                                    326 	.globl _X_PSBANK
                                    327 	.globl _X_FMAP
                                    328 	.globl _X_CLKCONSTA
                                    329 	.globl _X_SLEEPSTA
                                    330 	.globl _X_T2EVTCFG
                                    331 	.globl _X_ST2
                                    332 	.globl _X_ST1
                                    333 	.globl _X_ST0
                                    334 	.globl _X_T2CTRL
                                    335 	.globl _X__XPAGE
                                    336 	.globl _X_MPAGE
                                    337 	.globl _X_RFIRQF1
                                    338 	.globl _X_P1
                                    339 	.globl _X_P0INP
                                    340 	.globl _X_P1IEN
                                    341 	.globl _X_PICTL
                                    342 	.globl _X_P2IFG
                                    343 	.globl _X_P1IFG
                                    344 	.globl _X_P0IFG
                                    345 	.globl _X_U0CSR
                                    346 	.globl _X_P0
                                    347 	.globl _USBF5
                                    348 	.globl _USBF4
                                    349 	.globl _USBF3
                                    350 	.globl _USBF2
                                    351 	.globl _USBF1
                                    352 	.globl _USBF0
                                    353 	.globl _USBCNTH
                                    354 	.globl _USBCNTL
                                    355 	.globl _USBCNT0
                                    356 	.globl _USBCSOH
                                    357 	.globl _USBCSOL
                                    358 	.globl _USBMAXO
                                    359 	.globl _USBCSIH
                                    360 	.globl _USBCSIL
                                    361 	.globl _USBCS0
                                    362 	.globl _USBMAXI
                                    363 	.globl _USBCTRL
                                    364 	.globl _USBINDEX
                                    365 	.globl _USBFRMH
                                    366 	.globl _USBFRML
                                    367 	.globl _USBCIE
                                    368 	.globl _USBOIE
                                    369 	.globl _USBIIE
                                    370 	.globl _USBCIF
                                    371 	.globl _USBOIF
                                    372 	.globl _USBIIF
                                    373 	.globl _USBPOW
                                    374 	.globl _USBADDR
                                    375 	.globl _CSPT
                                    376 	.globl _CSPZ
                                    377 	.globl _CSPY
                                    378 	.globl _CSPX
                                    379 	.globl _CSPSTAT
                                    380 	.globl _CSPCTRL
                                    381 	.globl _CSPPROG23
                                    382 	.globl _CSPPROG22
                                    383 	.globl _CSPPROG21
                                    384 	.globl _CSPPROG20
                                    385 	.globl _CSPPROG19
                                    386 	.globl _CSPPROG18
                                    387 	.globl _CSPPROG17
                                    388 	.globl _CSPPROG16
                                    389 	.globl _CSPPROG15
                                    390 	.globl _CSPPROG14
                                    391 	.globl _CSPPROG13
                                    392 	.globl _CSPPROG12
                                    393 	.globl _CSPPROG11
                                    394 	.globl _CSPPROG10
                                    395 	.globl _CSPPROG9
                                    396 	.globl _CSPPROG8
                                    397 	.globl _CSPPROG7
                                    398 	.globl _CSPPROG6
                                    399 	.globl _CSPPROG5
                                    400 	.globl _CSPPROG4
                                    401 	.globl _CSPPROG3
                                    402 	.globl _CSPPROG2
                                    403 	.globl _CSPPROG1
                                    404 	.globl _CSPPROG0
                                    405 	.globl _RFC_OBS_CTRL2
                                    406 	.globl _RFC_OBS_CTRL1
                                    407 	.globl _RFC_OBS_CTRL0
                                    408 	.globl _TXFILTCFG
                                    409 	.globl _PTEST1
                                    410 	.globl _PTEST0
                                    411 	.globl _ATEST
                                    412 	.globl _DACTEST2
                                    413 	.globl _DACTEST1
                                    414 	.globl _DACTEST0
                                    415 	.globl _MDMTEST1
                                    416 	.globl _MDMTEST0
                                    417 	.globl _ADCTEST2
                                    418 	.globl _ADCTEST1
                                    419 	.globl _ADCTEST0
                                    420 	.globl _AGCCTRL3
                                    421 	.globl _AGCCTRL2
                                    422 	.globl _AGCCTRL1
                                    423 	.globl _AGCCTRL0
                                    424 	.globl _FSCAL3
                                    425 	.globl _FSCAL2
                                    426 	.globl _FSCAL1
                                    427 	.globl _FSCAL0
                                    428 	.globl _FSCTRL
                                    429 	.globl _RXCTRL
                                    430 	.globl _FREQEST
                                    431 	.globl _MDMCTRL1
                                    432 	.globl _MDMCTRL0
                                    433 	.globl _RFRND
                                    434 	.globl _RFERRM
                                    435 	.globl _RFIRQM1
                                    436 	.globl _RFIRQM0
                                    437 	.globl _TXLAST_PTR
                                    438 	.globl _TXFIRST_PTR
                                    439 	.globl _RXP1_PTR
                                    440 	.globl _RXLAST_PTR
                                    441 	.globl _RXFIRST_PTR
                                    442 	.globl _TXFIFOCNT
                                    443 	.globl _RXFIFOCNT
                                    444 	.globl _RXFIRST
                                    445 	.globl _RSSISTAT
                                    446 	.globl _RSSI
                                    447 	.globl _CCACTRL1
                                    448 	.globl _CCACTRL0
                                    449 	.globl _FSMCTRL
                                    450 	.globl _FIFOPCTRL
                                    451 	.globl _FSMSTAT1
                                    452 	.globl _FSMSTAT0
                                    453 	.globl _TXCTRL
                                    454 	.globl _TXPOWER
                                    455 	.globl _FREQCTRL
                                    456 	.globl _FREQTUNE
                                    457 	.globl _RXMASKCLR
                                    458 	.globl _RXMASKSET
                                    459 	.globl _RXENABLE
                                    460 	.globl _FRMCTRL1
                                    461 	.globl _FRMCTRL0
                                    462 	.globl _SRCEXTEN2
                                    463 	.globl _SRCEXTEN1
                                    464 	.globl _SRCEXTEN0
                                    465 	.globl _SRCSHORTEN2
                                    466 	.globl _SRCSHORTEN1
                                    467 	.globl _SRCSHORTEN0
                                    468 	.globl _SRCMATCH
                                    469 	.globl _FRMFILT1
                                    470 	.globl _FRMFILT0
                                    471 	.globl _SHORT_ADDR1
                                    472 	.globl _SHORT_ADDR0
                                    473 	.globl _PAN_ID1
                                    474 	.globl _PAN_ID0
                                    475 	.globl _EXT_ADDR7
                                    476 	.globl _EXT_ADDR6
                                    477 	.globl _EXT_ADDR5
                                    478 	.globl _EXT_ADDR4
                                    479 	.globl _EXT_ADDR3
                                    480 	.globl _EXT_ADDR2
                                    481 	.globl _EXT_ADDR1
                                    482 	.globl _EXT_ADDR0
                                    483 	.globl _SRCSHORTPENDEN2
                                    484 	.globl _SRCSHORTPENDEN1
                                    485 	.globl _SRCSHORTPENDEN0
                                    486 	.globl _SRCEXTPENDEN2
                                    487 	.globl _SRCEXTPENDEN1
                                    488 	.globl _SRCEXTPENDEN0
                                    489 	.globl _SRCRESINDEX
                                    490 	.globl _SRCRESMASK2
                                    491 	.globl _SRCRESMASK1
                                    492 	.globl _SRCRESMASK0
                                    493 	.globl _SRC_ADDR_TABLE
                                    494 	.globl _TXFIFO
                                    495 	.globl _RXFIFO
                                    496 	.globl _RFCORE_RAM
                                    497 	.globl _CMPCTL
                                    498 	.globl _OPAMPS
                                    499 	.globl _OPAMPC
                                    500 	.globl _STCV2
                                    501 	.globl _STCV1
                                    502 	.globl _STCV0
                                    503 	.globl _STCS
                                    504 	.globl _STCC
                                    505 	.globl _T1CC4H
                                    506 	.globl _T1CC4L
                                    507 	.globl _T1CC3H
                                    508 	.globl _T1CC3L
                                    509 	.globl _XX_T1CC2H
                                    510 	.globl _XX_T1CC2L
                                    511 	.globl _XX_T1CC1H
                                    512 	.globl _XX_T1CC1L
                                    513 	.globl _XX_T1CC0H
                                    514 	.globl _XX_T1CC0L
                                    515 	.globl _T1CCTL4
                                    516 	.globl _T1CCTL3
                                    517 	.globl _XX_T1CCTL2
                                    518 	.globl _XX_T1CCTL1
                                    519 	.globl _XX_T1CCTL0
                                    520 	.globl _CLD
                                    521 	.globl _IRCTL
                                    522 	.globl _CHIPINFO1
                                    523 	.globl _CHIPINFO0
                                    524 	.globl _FWDATA
                                    525 	.globl _FADDRH
                                    526 	.globl _FADDRL
                                    527 	.globl _FCTL
                                    528 	.globl _IVCTRL
                                    529 	.globl _BATTMON
                                    530 	.globl _SRCRC
                                    531 	.globl _DBGDATA
                                    532 	.globl _TESTREG0
                                    533 	.globl _CHIPID
                                    534 	.globl _CHVER
                                    535 	.globl _OBSSEL5
                                    536 	.globl _OBSSEL4
                                    537 	.globl _OBSSEL3
                                    538 	.globl _OBSSEL2
                                    539 	.globl _OBSSEL1
                                    540 	.globl _OBSSEL0
                                    541 	.globl _I2CIO
                                    542 	.globl _I2CWC
                                    543 	.globl _I2CADDR
                                    544 	.globl _I2CDATA
                                    545 	.globl _I2CSTAT
                                    546 	.globl _I2CCFG
                                    547 	.globl _OPAMPMC
                                    548 	.globl _MONMUX
                                    549 	.globl _serial_line_input_byte
                                    550 	.globl _serial_line_init
                                    551 ;--------------------------------------------------------
                                    552 ; special function registers
                                    553 ;--------------------------------------------------------
                                    554 	.area RSEG    (ABS,DATA)
      000000                        555 	.org 0x0000
                           000080   556 _P0	=	0x0080
                           000081   557 _SP	=	0x0081
                           000082   558 _DPL0	=	0x0082
                           000083   559 _DPH0	=	0x0083
                           000084   560 _DPL1	=	0x0084
                           000085   561 _DPH1	=	0x0085
                           000087   562 _PCON	=	0x0087
                           000088   563 _TCON	=	0x0088
                           000090   564 _P1	=	0x0090
                           000092   565 _DPS	=	0x0092
                           000098   566 _S0CON	=	0x0098
                           00009A   567 _IEN2	=	0x009a
                           00009B   568 _S1CON	=	0x009b
                           0000A0   569 _P2	=	0x00a0
                           0000A8   570 _IEN0	=	0x00a8
                           0000A9   571 _IP0	=	0x00a9
                           0000B8   572 _IEN1	=	0x00b8
                           0000B9   573 _IP1	=	0x00b9
                           0000C0   574 _IRCON	=	0x00c0
                           0000D0   575 _PSW	=	0x00d0
                           0000E0   576 _ACC	=	0x00e0
                           0000E8   577 _IRCON2	=	0x00e8
                           0000F0   578 _B	=	0x00f0
                           0000B4   579 _ADCCON1	=	0x00b4
                           0000B5   580 _ADCCON2	=	0x00b5
                           0000B6   581 _ADCCON3	=	0x00b6
                           0000BA   582 _ADCL	=	0x00ba
                           0000BB   583 _ADCH	=	0x00bb
                           0000BC   584 _RNDL	=	0x00bc
                           0000BD   585 _RNDH	=	0x00bd
                           0000B1   586 _ENCDI	=	0x00b1
                           0000B2   587 _ENCDO	=	0x00b2
                           0000B3   588 _ENCCS	=	0x00b3
                           0000D1   589 _DMAIRQ	=	0x00d1
                           0000D2   590 _DMA1CFGL	=	0x00d2
                           0000D3   591 _DMA1CFGH	=	0x00d3
                           0000D4   592 _DMA0CFGL	=	0x00d4
                           0000D5   593 _DMA0CFGH	=	0x00d5
                           0000D6   594 _DMAARM	=	0x00d6
                           0000D7   595 _DMAREQ	=	0x00d7
                           000089   596 _P0IFG	=	0x0089
                           00008A   597 _P1IFG	=	0x008a
                           00008B   598 _P2IFG	=	0x008b
                           00008C   599 _PICTL	=	0x008c
                           0000AB   600 _P0IEN	=	0x00ab
                           00008D   601 _P1IEN	=	0x008d
                           0000AC   602 _P2IEN	=	0x00ac
                           00008F   603 _P0INP	=	0x008f
                           0000F1   604 _PERCFG	=	0x00f1
                           0000F2   605 _APCFG	=	0x00f2
                           0000F3   606 _P0SEL	=	0x00f3
                           0000F4   607 _P1SEL	=	0x00f4
                           0000F5   608 _P2SEL	=	0x00f5
                           0000F6   609 _P1INP	=	0x00f6
                           0000F7   610 _P2INP	=	0x00f7
                           0000FD   611 _P0DIR	=	0x00fd
                           0000FE   612 _P1DIR	=	0x00fe
                           0000FF   613 _P2DIR	=	0x00ff
                           0000AE   614 _PMUX	=	0x00ae
                           000093   615 _MPAGE	=	0x0093
                           000093   616 __XPAGE	=	0x0093
                           0000C7   617 _MEMCTR	=	0x00c7
                           00009F   618 _FMAP	=	0x009f
                           00009F   619 _PSBANK	=	0x009f
                           000091   620 _RFIRQF1	=	0x0091
                           0000D9   621 _RFD	=	0x00d9
                           0000E1   622 _RFST	=	0x00e1
                           0000E9   623 _RFIRQF0	=	0x00e9
                           0000BF   624 _RFERRF	=	0x00bf
                           000095   625 _ST0	=	0x0095
                           000096   626 _ST1	=	0x0096
                           000097   627 _ST2	=	0x0097
                           0000AD   628 _STLOAD	=	0x00ad
                           0000BE   629 _SLEEPCMD	=	0x00be
                           00009D   630 _SLEEPSTA	=	0x009d
                           0000C6   631 _CLKCONCMD	=	0x00c6
                           00009E   632 _CLKCONSTA	=	0x009e
                           0000DA   633 _T1CC0L	=	0x00da
                           0000DB   634 _T1CC0H	=	0x00db
                           0000DC   635 _T1CC1L	=	0x00dc
                           0000DD   636 _T1CC1H	=	0x00dd
                           0000DE   637 _T1CC2L	=	0x00de
                           0000DF   638 _T1CC2H	=	0x00df
                           0000E2   639 _T1CNTL	=	0x00e2
                           0000E3   640 _T1CNTH	=	0x00e3
                           0000E4   641 _T1CTL	=	0x00e4
                           0000E5   642 _T1CCTL0	=	0x00e5
                           0000E6   643 _T1CCTL1	=	0x00e6
                           0000E7   644 _T1CCTL2	=	0x00e7
                           0000AF   645 _T1STAT	=	0x00af
                           000094   646 _T2CTRL	=	0x0094
                           00009C   647 _T2EVTCFG	=	0x009c
                           0000A1   648 _T2IRQF	=	0x00a1
                           0000A2   649 _T2M0	=	0x00a2
                           0000A3   650 _T2M1	=	0x00a3
                           0000A4   651 _T2MOVF0	=	0x00a4
                           0000A5   652 _T2MOVF1	=	0x00a5
                           0000A6   653 _T2MOVF2	=	0x00a6
                           0000A7   654 _T2IRQM	=	0x00a7
                           0000C3   655 _T2MSEL	=	0x00c3
                           0000CA   656 _T3CNT	=	0x00ca
                           0000CB   657 _T3CTL	=	0x00cb
                           0000CC   658 _T3CCTL0	=	0x00cc
                           0000CD   659 _T3CC0	=	0x00cd
                           0000CE   660 _T3CCTL1	=	0x00ce
                           0000CF   661 _T3CC1	=	0x00cf
                           0000EA   662 _T4CNT	=	0x00ea
                           0000EB   663 _T4CTL	=	0x00eb
                           0000EC   664 _T4CCTL0	=	0x00ec
                           0000ED   665 _T4CC0	=	0x00ed
                           0000EE   666 _T4CCTL1	=	0x00ee
                           0000EF   667 _T4CC1	=	0x00ef
                           0000D8   668 _TIMIF	=	0x00d8
                           000086   669 _U0CSR	=	0x0086
                           0000C1   670 _U0DBUF	=	0x00c1
                           0000C2   671 _U0BAUD	=	0x00c2
                           0000C4   672 _U0UCR	=	0x00c4
                           0000C5   673 _U0GCR	=	0x00c5
                           0000F8   674 _U1CSR	=	0x00f8
                           0000F9   675 _U1DBUF	=	0x00f9
                           0000FA   676 _U1BAUD	=	0x00fa
                           0000FB   677 _U1UCR	=	0x00fb
                           0000FC   678 _U1GCR	=	0x00fc
                           0000C9   679 _WDCTL	=	0x00c9
                                    680 ;--------------------------------------------------------
                                    681 ; special function bits
                                    682 ;--------------------------------------------------------
                                    683 	.area RSEG    (ABS,DATA)
      000000                        684 	.org 0x0000
                           000087   685 _P0_7	=	0x0087
                           000086   686 _P0_6	=	0x0086
                           000085   687 _P0_5	=	0x0085
                           000084   688 _P0_4	=	0x0084
                           000083   689 _P0_3	=	0x0083
                           000082   690 _P0_2	=	0x0082
                           000081   691 _P0_1	=	0x0081
                           000080   692 _P0_0	=	0x0080
                           00008F   693 _URX1IF	=	0x008f
                           00008D   694 _ADCIF	=	0x008d
                           00008B   695 _URX0IF	=	0x008b
                           00008A   696 _IT1	=	0x008a
                           000089   697 _RFERRIF	=	0x0089
                           000088   698 _IT0	=	0x0088
                           000097   699 _P1_7	=	0x0097
                           000096   700 _P1_6	=	0x0096
                           000095   701 _P1_5	=	0x0095
                           000094   702 _P1_4	=	0x0094
                           000093   703 _P1_3	=	0x0093
                           000092   704 _P1_2	=	0x0092
                           000091   705 _P1_1	=	0x0091
                           000090   706 _P1_0	=	0x0090
                           000099   707 _ENCIF_1	=	0x0099
                           000098   708 _ENCIF_0	=	0x0098
                           0000A7   709 _P2_7	=	0x00a7
                           0000A6   710 _P2_6	=	0x00a6
                           0000A5   711 _P2_5	=	0x00a5
                           0000A4   712 _P2_4	=	0x00a4
                           0000A3   713 _P2_3	=	0x00a3
                           0000A2   714 _P2_2	=	0x00a2
                           0000A1   715 _P2_1	=	0x00a1
                           0000A0   716 _P2_0	=	0x00a0
                           0000AF   717 _EA	=	0x00af
                           0000AD   718 _STIE	=	0x00ad
                           0000AC   719 _ENCIE	=	0x00ac
                           0000AB   720 _URX1IE	=	0x00ab
                           0000AA   721 _URX0IE	=	0x00aa
                           0000A9   722 _ADCIE	=	0x00a9
                           0000A8   723 _RFERRIE	=	0x00a8
                           0000BD   724 _P0IE	=	0x00bd
                           0000BC   725 _T4IE	=	0x00bc
                           0000BB   726 _T3IE	=	0x00bb
                           0000BA   727 _T2IE	=	0x00ba
                           0000B9   728 _T1IE	=	0x00b9
                           0000B8   729 _DMAIE	=	0x00b8
                           0000C7   730 _STIF	=	0x00c7
                           0000C5   731 _P0IF	=	0x00c5
                           0000C4   732 _T4IF	=	0x00c4
                           0000C3   733 _T3IF	=	0x00c3
                           0000C2   734 _T2IF	=	0x00c2
                           0000C1   735 _T1IF	=	0x00c1
                           0000C0   736 _DMAIF	=	0x00c0
                           0000D7   737 _CY	=	0x00d7
                           0000D6   738 _AC	=	0x00d6
                           0000D5   739 _F0	=	0x00d5
                           0000D4   740 _RS1	=	0x00d4
                           0000D3   741 _RS0	=	0x00d3
                           0000D2   742 _OV	=	0x00d2
                           0000D1   743 _F1	=	0x00d1
                           0000D0   744 _P	=	0x00d0
                           0000E7   745 _ACC_7	=	0x00e7
                           0000E6   746 _ACC_6	=	0x00e6
                           0000E5   747 _ACC_5	=	0x00e5
                           0000E4   748 _ACC_4	=	0x00e4
                           0000E3   749 _ACC_3	=	0x00e3
                           0000E2   750 _ACC_2	=	0x00e2
                           0000E1   751 _ACC_1	=	0x00e1
                           0000E0   752 _ACC_0	=	0x00e0
                           0000EC   753 _WDTIF	=	0x00ec
                           0000EB   754 _P1IF	=	0x00eb
                           0000EA   755 _UTX1IF	=	0x00ea
                           0000E9   756 _UTX0IF	=	0x00e9
                           0000E8   757 _P2IF	=	0x00e8
                           0000F7   758 _B_7	=	0x00f7
                           0000F6   759 _B_6	=	0x00f6
                           0000F5   760 _B_5	=	0x00f5
                           0000F4   761 _B_4	=	0x00f4
                           0000F3   762 _B_3	=	0x00f3
                           0000F2   763 _B_2	=	0x00f2
                           0000F1   764 _B_1	=	0x00f1
                           0000F0   765 _B_0	=	0x00f0
                           0000DE   766 _OVFIM	=	0x00de
                           0000DD   767 _T4CH1IF	=	0x00dd
                           0000DC   768 _T4CH0IF	=	0x00dc
                           0000DB   769 _T4OVFIF	=	0x00db
                           0000DA   770 _T3CH1IF	=	0x00da
                           0000D9   771 _T3CH0IF	=	0x00d9
                           0000D8   772 _T3OVFIF	=	0x00d8
                           0000FF   773 _MODE	=	0x00ff
                           0000FE   774 _RE	=	0x00fe
                           0000FD   775 _SLAVE	=	0x00fd
                           0000FC   776 _FE	=	0x00fc
                           0000FB   777 _ERR	=	0x00fb
                           0000FA   778 _RX_BYTE	=	0x00fa
                           0000F9   779 _TX_BYTE	=	0x00f9
                           0000F8   780 _ACTIVE	=	0x00f8
                                    781 ;--------------------------------------------------------
                                    782 ; overlayable register banks
                                    783 ;--------------------------------------------------------
                                    784 	.area REG_BANK_0	(REL,OVR,DATA)
      000000                        785 	.ds 8
                                    786 ;--------------------------------------------------------
                                    787 ; internal ram data
                                    788 ;--------------------------------------------------------
                                    789 	.area DSEG    (DATA)
                                    790 ;--------------------------------------------------------
                                    791 ; overlayable items in internal ram 
                                    792 ;--------------------------------------------------------
                                    793 ;--------------------------------------------------------
                                    794 ; indirectly addressable internal ram data
                                    795 ;--------------------------------------------------------
                                    796 	.area ISEG    (DATA)
                                    797 ;--------------------------------------------------------
                                    798 ; absolute internal ram data
                                    799 ;--------------------------------------------------------
                                    800 	.area IABS    (ABS,DATA)
                                    801 	.area IABS    (ABS,DATA)
                                    802 ;--------------------------------------------------------
                                    803 ; bit data
                                    804 ;--------------------------------------------------------
                                    805 	.area BSEG    (BIT)
                                    806 ;--------------------------------------------------------
                                    807 ; paged external ram data
                                    808 ;--------------------------------------------------------
                                    809 	.area PSEG    (PAG,XDATA)
                                    810 ;--------------------------------------------------------
                                    811 ; external ram data
                                    812 ;--------------------------------------------------------
                                    813 	.area XSEG    (XDATA)
                           0061A6   814 _MONMUX	=	0x61a6
                           0061A6   815 _OPAMPMC	=	0x61a6
                           006230   816 _I2CCFG	=	0x6230
                           006231   817 _I2CSTAT	=	0x6231
                           006232   818 _I2CDATA	=	0x6232
                           006233   819 _I2CADDR	=	0x6233
                           006234   820 _I2CWC	=	0x6234
                           006235   821 _I2CIO	=	0x6235
                           006243   822 _OBSSEL0	=	0x6243
                           006244   823 _OBSSEL1	=	0x6244
                           006245   824 _OBSSEL2	=	0x6245
                           006246   825 _OBSSEL3	=	0x6246
                           006247   826 _OBSSEL4	=	0x6247
                           006248   827 _OBSSEL5	=	0x6248
                           006249   828 _CHVER	=	0x6249
                           00624A   829 _CHIPID	=	0x624a
                           00624B   830 _TESTREG0	=	0x624b
                           006260   831 _DBGDATA	=	0x6260
                           006262   832 _SRCRC	=	0x6262
                           006264   833 _BATTMON	=	0x6264
                           006265   834 _IVCTRL	=	0x6265
                           006270   835 _FCTL	=	0x6270
                           006271   836 _FADDRL	=	0x6271
                           006272   837 _FADDRH	=	0x6272
                           006273   838 _FWDATA	=	0x6273
                           006276   839 _CHIPINFO0	=	0x6276
                           006277   840 _CHIPINFO1	=	0x6277
                           006281   841 _IRCTL	=	0x6281
                           006290   842 _CLD	=	0x6290
                           0062A0   843 _XX_T1CCTL0	=	0x62a0
                           0062A1   844 _XX_T1CCTL1	=	0x62a1
                           0062A2   845 _XX_T1CCTL2	=	0x62a2
                           0062A3   846 _T1CCTL3	=	0x62a3
                           0062A4   847 _T1CCTL4	=	0x62a4
                           0062A6   848 _XX_T1CC0L	=	0x62a6
                           0062A7   849 _XX_T1CC0H	=	0x62a7
                           0062A8   850 _XX_T1CC1L	=	0x62a8
                           0062A9   851 _XX_T1CC1H	=	0x62a9
                           0062AA   852 _XX_T1CC2L	=	0x62aa
                           0062AB   853 _XX_T1CC2H	=	0x62ab
                           0062AC   854 _T1CC3L	=	0x62ac
                           0062AD   855 _T1CC3H	=	0x62ad
                           0062AE   856 _T1CC4L	=	0x62ae
                           0062AF   857 _T1CC4H	=	0x62af
                           0062B0   858 _STCC	=	0x62b0
                           0062B1   859 _STCS	=	0x62b1
                           0062B2   860 _STCV0	=	0x62b2
                           0062B3   861 _STCV1	=	0x62b3
                           0062B4   862 _STCV2	=	0x62b4
                           0062C0   863 _OPAMPC	=	0x62c0
                           0062C1   864 _OPAMPS	=	0x62c1
                           0062D0   865 _CMPCTL	=	0x62d0
                           006000   866 _RFCORE_RAM	=	0x6000
                           006000   867 _RXFIFO	=	0x6000
                           006080   868 _TXFIFO	=	0x6080
                           006100   869 _SRC_ADDR_TABLE	=	0x6100
                           006160   870 _SRCRESMASK0	=	0x6160
                           006161   871 _SRCRESMASK1	=	0x6161
                           006162   872 _SRCRESMASK2	=	0x6162
                           006163   873 _SRCRESINDEX	=	0x6163
                           006164   874 _SRCEXTPENDEN0	=	0x6164
                           006165   875 _SRCEXTPENDEN1	=	0x6165
                           006166   876 _SRCEXTPENDEN2	=	0x6166
                           006167   877 _SRCSHORTPENDEN0	=	0x6167
                           006168   878 _SRCSHORTPENDEN1	=	0x6168
                           006169   879 _SRCSHORTPENDEN2	=	0x6169
                           00616A   880 _EXT_ADDR0	=	0x616a
                           00616B   881 _EXT_ADDR1	=	0x616b
                           00616C   882 _EXT_ADDR2	=	0x616c
                           00616D   883 _EXT_ADDR3	=	0x616d
                           00616E   884 _EXT_ADDR4	=	0x616e
                           00616F   885 _EXT_ADDR5	=	0x616f
                           006170   886 _EXT_ADDR6	=	0x6170
                           006171   887 _EXT_ADDR7	=	0x6171
                           006172   888 _PAN_ID0	=	0x6172
                           006173   889 _PAN_ID1	=	0x6173
                           006174   890 _SHORT_ADDR0	=	0x6174
                           006175   891 _SHORT_ADDR1	=	0x6175
                           006180   892 _FRMFILT0	=	0x6180
                           006181   893 _FRMFILT1	=	0x6181
                           006182   894 _SRCMATCH	=	0x6182
                           006183   895 _SRCSHORTEN0	=	0x6183
                           006184   896 _SRCSHORTEN1	=	0x6184
                           006185   897 _SRCSHORTEN2	=	0x6185
                           006186   898 _SRCEXTEN0	=	0x6186
                           006187   899 _SRCEXTEN1	=	0x6187
                           006188   900 _SRCEXTEN2	=	0x6188
                           006189   901 _FRMCTRL0	=	0x6189
                           00618A   902 _FRMCTRL1	=	0x618a
                           00618B   903 _RXENABLE	=	0x618b
                           00618C   904 _RXMASKSET	=	0x618c
                           00618D   905 _RXMASKCLR	=	0x618d
                           00618E   906 _FREQTUNE	=	0x618e
                           00618F   907 _FREQCTRL	=	0x618f
                           006190   908 _TXPOWER	=	0x6190
                           006191   909 _TXCTRL	=	0x6191
                           006192   910 _FSMSTAT0	=	0x6192
                           006193   911 _FSMSTAT1	=	0x6193
                           006194   912 _FIFOPCTRL	=	0x6194
                           006195   913 _FSMCTRL	=	0x6195
                           006196   914 _CCACTRL0	=	0x6196
                           006197   915 _CCACTRL1	=	0x6197
                           006198   916 _RSSI	=	0x6198
                           006199   917 _RSSISTAT	=	0x6199
                           00619A   918 _RXFIRST	=	0x619a
                           00619B   919 _RXFIFOCNT	=	0x619b
                           00619C   920 _TXFIFOCNT	=	0x619c
                           00619D   921 _RXFIRST_PTR	=	0x619d
                           00619E   922 _RXLAST_PTR	=	0x619e
                           00619F   923 _RXP1_PTR	=	0x619f
                           0061A1   924 _TXFIRST_PTR	=	0x61a1
                           0061A2   925 _TXLAST_PTR	=	0x61a2
                           0061A3   926 _RFIRQM0	=	0x61a3
                           0061A4   927 _RFIRQM1	=	0x61a4
                           0061A5   928 _RFERRM	=	0x61a5
                           0061A7   929 _RFRND	=	0x61a7
                           0061A8   930 _MDMCTRL0	=	0x61a8
                           0061A9   931 _MDMCTRL1	=	0x61a9
                           0061AA   932 _FREQEST	=	0x61aa
                           0061AB   933 _RXCTRL	=	0x61ab
                           0061AC   934 _FSCTRL	=	0x61ac
                           0061AD   935 _FSCAL0	=	0x61ad
                           0061AE   936 _FSCAL1	=	0x61ae
                           0061AF   937 _FSCAL2	=	0x61af
                           0061B0   938 _FSCAL3	=	0x61b0
                           0061B1   939 _AGCCTRL0	=	0x61b1
                           0061B2   940 _AGCCTRL1	=	0x61b2
                           0061B3   941 _AGCCTRL2	=	0x61b3
                           0061B4   942 _AGCCTRL3	=	0x61b4
                           0061B5   943 _ADCTEST0	=	0x61b5
                           0061B6   944 _ADCTEST1	=	0x61b6
                           0061B7   945 _ADCTEST2	=	0x61b7
                           0061B8   946 _MDMTEST0	=	0x61b8
                           0061B9   947 _MDMTEST1	=	0x61b9
                           0061BA   948 _DACTEST0	=	0x61ba
                           0061BB   949 _DACTEST1	=	0x61bb
                           0061BC   950 _DACTEST2	=	0x61bc
                           0061BD   951 _ATEST	=	0x61bd
                           0061BE   952 _PTEST0	=	0x61be
                           0061BF   953 _PTEST1	=	0x61bf
                           0061FA   954 _TXFILTCFG	=	0x61fa
                           0061EB   955 _RFC_OBS_CTRL0	=	0x61eb
                           0061EC   956 _RFC_OBS_CTRL1	=	0x61ec
                           0061ED   957 _RFC_OBS_CTRL2	=	0x61ed
                           0061C0   958 _CSPPROG0	=	0x61c0
                           0061C1   959 _CSPPROG1	=	0x61c1
                           0061C2   960 _CSPPROG2	=	0x61c2
                           0061C3   961 _CSPPROG3	=	0x61c3
                           0061C4   962 _CSPPROG4	=	0x61c4
                           0061C5   963 _CSPPROG5	=	0x61c5
                           0061C6   964 _CSPPROG6	=	0x61c6
                           0061C7   965 _CSPPROG7	=	0x61c7
                           0061C8   966 _CSPPROG8	=	0x61c8
                           0061C9   967 _CSPPROG9	=	0x61c9
                           0061CA   968 _CSPPROG10	=	0x61ca
                           0061CB   969 _CSPPROG11	=	0x61cb
                           0061CC   970 _CSPPROG12	=	0x61cc
                           0061CD   971 _CSPPROG13	=	0x61cd
                           0061CE   972 _CSPPROG14	=	0x61ce
                           0061CF   973 _CSPPROG15	=	0x61cf
                           0061D0   974 _CSPPROG16	=	0x61d0
                           0061D1   975 _CSPPROG17	=	0x61d1
                           0061D2   976 _CSPPROG18	=	0x61d2
                           0061D3   977 _CSPPROG19	=	0x61d3
                           0061D4   978 _CSPPROG20	=	0x61d4
                           0061D5   979 _CSPPROG21	=	0x61d5
                           0061D6   980 _CSPPROG22	=	0x61d6
                           0061D7   981 _CSPPROG23	=	0x61d7
                           0061E0   982 _CSPCTRL	=	0x61e0
                           0061E1   983 _CSPSTAT	=	0x61e1
                           0061E2   984 _CSPX	=	0x61e2
                           0061E3   985 _CSPY	=	0x61e3
                           0061E4   986 _CSPZ	=	0x61e4
                           0061E5   987 _CSPT	=	0x61e5
                           006200   988 _USBADDR	=	0x6200
                           006201   989 _USBPOW	=	0x6201
                           006202   990 _USBIIF	=	0x6202
                           006204   991 _USBOIF	=	0x6204
                           006206   992 _USBCIF	=	0x6206
                           006207   993 _USBIIE	=	0x6207
                           006209   994 _USBOIE	=	0x6209
                           00620B   995 _USBCIE	=	0x620b
                           00620C   996 _USBFRML	=	0x620c
                           00620D   997 _USBFRMH	=	0x620d
                           00620E   998 _USBINDEX	=	0x620e
                           00620F   999 _USBCTRL	=	0x620f
                           006210  1000 _USBMAXI	=	0x6210
                           006211  1001 _USBCS0	=	0x6211
                           006211  1002 _USBCSIL	=	0x6211
                           006212  1003 _USBCSIH	=	0x6212
                           006213  1004 _USBMAXO	=	0x6213
                           006214  1005 _USBCSOL	=	0x6214
                           006215  1006 _USBCSOH	=	0x6215
                           006216  1007 _USBCNT0	=	0x6216
                           006216  1008 _USBCNTL	=	0x6216
                           006217  1009 _USBCNTH	=	0x6217
                           006220  1010 _USBF0	=	0x6220
                           006222  1011 _USBF1	=	0x6222
                           006224  1012 _USBF2	=	0x6224
                           006226  1013 _USBF3	=	0x6226
                           006228  1014 _USBF4	=	0x6228
                           00622A  1015 _USBF5	=	0x622a
                           007080  1016 _X_P0	=	0x7080
                           007086  1017 _X_U0CSR	=	0x7086
                           007089  1018 _X_P0IFG	=	0x7089
                           00708A  1019 _X_P1IFG	=	0x708a
                           00708B  1020 _X_P2IFG	=	0x708b
                           00708C  1021 _X_PICTL	=	0x708c
                           00708D  1022 _X_P1IEN	=	0x708d
                           00708F  1023 _X_P0INP	=	0x708f
                           007090  1024 _X_P1	=	0x7090
                           007091  1025 _X_RFIRQF1	=	0x7091
                           007093  1026 _X_MPAGE	=	0x7093
                           007093  1027 _X__XPAGE	=	0x7093
                           007094  1028 _X_T2CTRL	=	0x7094
                           007095  1029 _X_ST0	=	0x7095
                           007096  1030 _X_ST1	=	0x7096
                           007097  1031 _X_ST2	=	0x7097
                           00709C  1032 _X_T2EVTCFG	=	0x709c
                           00709D  1033 _X_SLEEPSTA	=	0x709d
                           00709E  1034 _X_CLKCONSTA	=	0x709e
                           00709F  1035 _X_FMAP	=	0x709f
                           00709F  1036 _X_PSBANK	=	0x709f
                           0070A0  1037 _X_P2	=	0x70a0
                           0070A1  1038 _X_T2IRQF	=	0x70a1
                           0070A2  1039 _X_T2M0	=	0x70a2
                           0070A3  1040 _X_T2M1	=	0x70a3
                           0070A4  1041 _X_T2MOVF0	=	0x70a4
                           0070A5  1042 _X_T2MOVF1	=	0x70a5
                           0070A6  1043 _X_T2MOVF2	=	0x70a6
                           0070A7  1044 _X_T2IRQM	=	0x70a7
                           0070AB  1045 _X_P0IEN	=	0x70ab
                           0070AC  1046 _X_P2IEN	=	0x70ac
                           0070AD  1047 _X_STLOAD	=	0x70ad
                           0070AE  1048 _X_PMUX	=	0x70ae
                           0070AF  1049 _X_T1STAT	=	0x70af
                           0070B1  1050 _X_ENCDI	=	0x70b1
                           0070B2  1051 _X_ENCDO	=	0x70b2
                           0070B3  1052 _X_ENCCS	=	0x70b3
                           0070B4  1053 _X_ADCCON1	=	0x70b4
                           0070B5  1054 _X_ADCCON2	=	0x70b5
                           0070B6  1055 _X_ADCCON3	=	0x70b6
                           0070BA  1056 _X_ADCL	=	0x70ba
                           0070BB  1057 _X_ADCH	=	0x70bb
                           0070BC  1058 _X_RNDL	=	0x70bc
                           0070BD  1059 _X_RNDH	=	0x70bd
                           0070BE  1060 _X_SLEEPCMD	=	0x70be
                           0070BF  1061 _X_RFERRF	=	0x70bf
                           0070C1  1062 _X_U0DBUF	=	0x70c1
                           0070C2  1063 _X_U0BAUD	=	0x70c2
                           0070C3  1064 _X_T2MSEL	=	0x70c3
                           0070C4  1065 _X_U0UCR	=	0x70c4
                           0070C5  1066 _X_U0GCR	=	0x70c5
                           0070C6  1067 _X_CLKCONCMD	=	0x70c6
                           0070C7  1068 _X_MEMCTR	=	0x70c7
                           0070C9  1069 _X_WDCTL	=	0x70c9
                           0070CA  1070 _X_T3CNT	=	0x70ca
                           0070CB  1071 _X_T3CTL	=	0x70cb
                           0070CC  1072 _X_T3CCTL0	=	0x70cc
                           0070CD  1073 _X_T3CC0	=	0x70cd
                           0070CE  1074 _X_T3CCTL1	=	0x70ce
                           0070CF  1075 _X_T3CC1	=	0x70cf
                           0070D1  1076 _X_DMAIRQ	=	0x70d1
                           0070D2  1077 _X_DMA1CFGL	=	0x70d2
                           0070D3  1078 _X_DMA1CFGH	=	0x70d3
                           0070D4  1079 _X_DMA0CFGL	=	0x70d4
                           0070D5  1080 _X_DMA0CFGH	=	0x70d5
                           0070D6  1081 _X_DMAARM	=	0x70d6
                           0070D7  1082 _X_DMAREQ	=	0x70d7
                           0070D8  1083 _X_TIMIF	=	0x70d8
                           0070D9  1084 _X_RFD	=	0x70d9
                           0070DA  1085 _X_T1CC0L	=	0x70da
                           0070DB  1086 _X_T1CC0H	=	0x70db
                           0070DC  1087 _X_T1CC1L	=	0x70dc
                           0070DD  1088 _X_T1CC1H	=	0x70dd
                           0070DE  1089 _X_T1CC2L	=	0x70de
                           0070DF  1090 _X_T1CC2H	=	0x70df
                           0070E1  1091 _X_RFST	=	0x70e1
                           0070E2  1092 _X_T1CNTL	=	0x70e2
                           0070E3  1093 _X_T1CNTH	=	0x70e3
                           0070E4  1094 _X_T1CTL	=	0x70e4
                           0070E5  1095 _X_T1CCTL0	=	0x70e5
                           0070E6  1096 _X_T1CCTL1	=	0x70e6
                           0070E7  1097 _X_T1CCTL2	=	0x70e7
                           0070E9  1098 _X_RFIRQF0	=	0x70e9
                           0070EA  1099 _X_T4CNT	=	0x70ea
                           0070EB  1100 _X_T4CTL	=	0x70eb
                           0070EC  1101 _X_T4CCTL0	=	0x70ec
                           0070ED  1102 _X_T4CC0	=	0x70ed
                           0070EE  1103 _X_T4CCTL1	=	0x70ee
                           0070EF  1104 _X_T4CC1	=	0x70ef
                           0070F1  1105 _X_PERCFG	=	0x70f1
                           0070F2  1106 _X_APCFG	=	0x70f2
                           0070F3  1107 _X_P0SEL	=	0x70f3
                           0070F4  1108 _X_P1SEL	=	0x70f4
                           0070F5  1109 _X_P2SEL	=	0x70f5
                           0070F6  1110 _X_P1INP	=	0x70f6
                           0070F7  1111 _X_P2INP	=	0x70f7
                           0070F8  1112 _X_U1CSR	=	0x70f8
                           0070F9  1113 _X_U1DBUF	=	0x70f9
                           0070FA  1114 _X_U1BAUD	=	0x70fa
                           0070FB  1115 _X_U1UCR	=	0x70fb
                           0070FC  1116 _X_U1GCR	=	0x70fc
                           0070FD  1117 _X_P0DIR	=	0x70fd
                           0070FE  1118 _X_P1DIR	=	0x70fe
                           0070FF  1119 _X_P2DIR	=	0x70ff
                           007800  1120 _X_INFOPAGE	=	0x7800
                           00780C  1121 _X_IEEE_ADDR	=	0x780c
      000000                       1122 _rxbuf:
      000000                       1123 	.ds 6
      000006                       1124 _rxbuf_data:
      000006                       1125 	.ds 128
      000086                       1126 _serial_line_event_message::
      000086                       1127 	.ds 1
      000087                       1128 _serial_line_input_byte_overflow_1_93:
      000087                       1129 	.ds 1
      000088                       1130 _process_thread_serial_line_process_buf_1_100:
      000088                       1131 	.ds 128
      000108                       1132 _process_thread_serial_line_process_ptr_1_100:
      000108                       1133 	.ds 2
                                   1134 ;--------------------------------------------------------
                                   1135 ; absolute external ram data
                                   1136 ;--------------------------------------------------------
                                   1137 	.area XABS    (ABS,XDATA)
                                   1138 ;--------------------------------------------------------
                                   1139 ; external initialized ram data
                                   1140 ;--------------------------------------------------------
                                   1141 	.area XISEG   (XDATA)
      000000                       1142 _serial_line_process::
      000000                       1143 	.ds 10
                                   1144 	.area HOME    (CODE)
                                   1145 	.area GSINIT0 (CODE)
                                   1146 	.area GSINIT1 (CODE)
                                   1147 	.area GSINIT2 (CODE)
                                   1148 	.area GSINIT3 (CODE)
                                   1149 	.area GSINIT4 (CODE)
                                   1150 	.area GSINIT5 (CODE)
                                   1151 	.area GSINIT  (CODE)
                                   1152 	.area GSFINAL (CODE)
                                   1153 	.area CSEG    (CODE)
                                   1154 ;--------------------------------------------------------
                                   1155 ; global & static initialisations
                                   1156 ;--------------------------------------------------------
                                   1157 	.area HOME    (CODE)
                                   1158 	.area GSINIT  (CODE)
                                   1159 	.area GSFINAL (CODE)
                                   1160 	.area GSINIT  (CODE)
                                   1161 ;------------------------------------------------------------
                                   1162 ;Allocation info for local variables in function 'serial_line_input_byte'
                                   1163 ;------------------------------------------------------------
                                   1164 ;c                         Allocated to registers r7 
                                   1165 ;overflow                  Allocated with name '_serial_line_input_byte_overflow_1_93'
                                   1166 ;------------------------------------------------------------
                                   1167 ;	../../../../core/dev/serial-line.c:62: static uint8_t overflow = 0; /* Buffer overflow: ignore until END */
      000000 90r00r87         [24] 1168 	mov	dptr,#_serial_line_input_byte_overflow_1_93
      000003 E4               [12] 1169 	clr	a
      000004 F0               [24] 1170 	movx	@dptr,a
                                   1171 ;--------------------------------------------------------
                                   1172 ; Home
                                   1173 ;--------------------------------------------------------
                                   1174 	.area HOME    (CODE)
                                   1175 	.area HOME    (CODE)
                                   1176 ;--------------------------------------------------------
                                   1177 ; code
                                   1178 ;--------------------------------------------------------
                                   1179 	.area BANK1   (CODE)
                                   1180 ;------------------------------------------------------------
                                   1181 ;Allocation info for local variables in function 'serial_line_input_byte'
                                   1182 ;------------------------------------------------------------
                                   1183 ;c                         Allocated to registers r7 
                                   1184 ;overflow                  Allocated with name '_serial_line_input_byte_overflow_1_93'
                                   1185 ;------------------------------------------------------------
                                   1186 ;	../../../../core/dev/serial-line.c:60: serial_line_input_byte(unsigned char c)
                                   1187 ;	-----------------------------------------
                                   1188 ;	 function serial_line_input_byte
                                   1189 ;	-----------------------------------------
      000000                       1190 _serial_line_input_byte:
                           000007  1191 	ar7 = 0x07
                           000006  1192 	ar6 = 0x06
                           000005  1193 	ar5 = 0x05
                           000004  1194 	ar4 = 0x04
                           000003  1195 	ar3 = 0x03
                           000002  1196 	ar2 = 0x02
                           000001  1197 	ar1 = 0x01
                           000000  1198 	ar0 = 0x00
      000000 AF 82            [24] 1199 	mov	r7,dpl
                                   1200 ;	../../../../core/dev/serial-line.c:64: if(IGNORE_CHAR(c)) {
      000002 BF 0D 05         [24] 1201 	cjne	r7,#0x0D,00102$
                                   1202 ;	../../../../core/dev/serial-line.c:65: return 0;
      000005 90 00 00         [24] 1203 	mov	dptr,#0x0000
      000008 80 5F            [24] 1204 	sjmp	00111$
      00000A                       1205 00102$:
                                   1206 ;	../../../../core/dev/serial-line.c:68: if(!overflow) {
      00000A 90r00r87         [24] 1207 	mov	dptr,#_serial_line_input_byte_overflow_1_93
      00000D E0               [24] 1208 	movx	a,@dptr
      00000E FE               [12] 1209 	mov	r6,a
      00000F 70 23            [24] 1210 	jnz	00109$
                                   1211 ;	../../../../core/dev/serial-line.c:70: if(ringbuf_put(&rxbuf, c) == 0) {
      000011 C0 07            [24] 1212 	push	ar7
      000013 90r00r00         [24] 1213 	mov	dptr,#_rxbuf
      000016 75 F0 00         [24] 1214 	mov	b,#0x00
      000019 78r00            [12] 1215 	mov	r0,#_ringbuf_put
      00001B 79s00            [12] 1216 	mov	r1,#(_ringbuf_put >> 8)
      00001D 7As00            [12] 1217 	mov	r2,#(_ringbuf_put >> 16)
      00001F 12r00r00         [24] 1218 	lcall	__sdcc_banked_call
      000022 AD 82            [24] 1219 	mov	r5,dpl
      000024 AE 83            [24] 1220 	mov	r6,dph
      000026 15 81            [12] 1221 	dec	sp
      000028 ED               [12] 1222 	mov	a,r5
      000029 4E               [12] 1223 	orl	a,r6
      00002A 70 2B            [24] 1224 	jnz	00110$
                                   1225 ;	../../../../core/dev/serial-line.c:72: overflow = 1;
      00002C 90r00r87         [24] 1226 	mov	dptr,#_serial_line_input_byte_overflow_1_93
      00002F 74 01            [12] 1227 	mov	a,#0x01
      000031 F0               [24] 1228 	movx	@dptr,a
      000032 80 23            [24] 1229 	sjmp	00110$
      000034                       1230 00109$:
                                   1231 ;	../../../../core/dev/serial-line.c:77: if(c == END && ringbuf_put(&rxbuf, c) != 0) {
      000034 BF 0A 20         [24] 1232 	cjne	r7,#0x0A,00110$
      000037 C0 07            [24] 1233 	push	ar7
      000039 90r00r00         [24] 1234 	mov	dptr,#_rxbuf
      00003C 75 F0 00         [24] 1235 	mov	b,#0x00
      00003F 78r00            [12] 1236 	mov	r0,#_ringbuf_put
      000041 79s00            [12] 1237 	mov	r1,#(_ringbuf_put >> 8)
      000043 7As00            [12] 1238 	mov	r2,#(_ringbuf_put >> 16)
      000045 12r00r00         [24] 1239 	lcall	__sdcc_banked_call
      000048 AE 82            [24] 1240 	mov	r6,dpl
      00004A AF 83            [24] 1241 	mov	r7,dph
      00004C 15 81            [12] 1242 	dec	sp
      00004E EE               [12] 1243 	mov	a,r6
      00004F 4F               [12] 1244 	orl	a,r7
      000050 60 05            [24] 1245 	jz	00110$
                                   1246 ;	../../../../core/dev/serial-line.c:78: overflow = 0;
      000052 90r00r87         [24] 1247 	mov	dptr,#_serial_line_input_byte_overflow_1_93
      000055 E4               [12] 1248 	clr	a
      000056 F0               [24] 1249 	movx	@dptr,a
      000057                       1250 00110$:
                                   1251 ;	../../../../core/dev/serial-line.c:83: process_poll(&serial_line_process);
      000057 90r00r00         [24] 1252 	mov	dptr,#_serial_line_process
      00005A 75 F0 00         [24] 1253 	mov	b,#0x00
      00005D 78r00            [12] 1254 	mov	r0,#_process_poll
      00005F 79s00            [12] 1255 	mov	r1,#(_process_poll >> 8)
      000061 7As00            [12] 1256 	mov	r2,#(_process_poll >> 16)
      000063 12r00r00         [24] 1257 	lcall	__sdcc_banked_call
                                   1258 ;	../../../../core/dev/serial-line.c:84: return 1;
      000066 90 00 01         [24] 1259 	mov	dptr,#0x0001
      000069                       1260 00111$:
      000069 02r00r00         [24] 1261 	ljmp	__sdcc_banked_ret
                                   1262 ;------------------------------------------------------------
                                   1263 ;Allocation info for local variables in function 'process_thread_serial_line_process'
                                   1264 ;------------------------------------------------------------
                                   1265 ;ev                        Allocated to stack - sp -5
                                   1266 ;data                      Allocated to stack - sp -8
                                   1267 ;process_pt                Allocated to registers r5 r6 r7 
                                   1268 ;PT_YIELD_FLAG             Allocated to registers r4 
                                   1269 ;c                         Allocated to stack - sp -1
                                   1270 ;buf                       Allocated with name '_process_thread_serial_line_process_buf_1_100'
                                   1271 ;ptr                       Allocated with name '_process_thread_serial_line_process_ptr_1_100'
                                   1272 ;------------------------------------------------------------
                                   1273 ;	../../../../core/dev/serial-line.c:87: PROCESS_THREAD(serial_line_process, ev, data)
                                   1274 ;	-----------------------------------------
                                   1275 ;	 function process_thread_serial_line_process
                                   1276 ;	-----------------------------------------
      00006C                       1277 _process_thread_serial_line_process:
      00006C 05 81            [12] 1278 	inc	sp
      00006E 05 81            [12] 1279 	inc	sp
                                   1280 ;	../../../../core/dev/serial-line.c:92: PROCESS_BEGIN();
      000070 AD 82            [24] 1281 	mov	r5,dpl
      000072 AE 83            [24] 1282 	mov	r6,dph
      000074 AF F0            [24] 1283 	mov	r7,b
      000076 7C 01            [12] 1284 	mov	r4,#0x01
      000078 12r00r00         [24] 1285 	lcall	__gptrget
      00007B FA               [12] 1286 	mov	r2,a
      00007C A3               [24] 1287 	inc	dptr
      00007D 12r00r00         [24] 1288 	lcall	__gptrget
      000080 FB               [12] 1289 	mov	r3,a
      000081 BA 00 05         [24] 1290 	cjne	r2,#0x00,00161$
      000084 BB 00 02         [24] 1291 	cjne	r3,#0x00,00161$
      000087 80 14            [24] 1292 	sjmp	00101$
      000089                       1293 00161$:
      000089 BA 67 05         [24] 1294 	cjne	r2,#0x67,00162$
      00008C BB 00 02         [24] 1295 	cjne	r3,#0x00,00162$
      00008F 80 72            [24] 1296 	sjmp	00102$
      000091                       1297 00162$:
      000091 BA 79 06         [24] 1298 	cjne	r2,#0x79,00163$
      000094 BB 00 03         [24] 1299 	cjne	r3,#0x00,00163$
      000097 02r01rFF         [24] 1300 	ljmp	00110$
      00009A                       1301 00163$:
      00009A 02r02r1C         [24] 1302 	ljmp	00128$
      00009D                       1303 00101$:
                                   1304 ;	../../../../core/dev/serial-line.c:94: serial_line_event_message = process_alloc_event();
      00009D C0 07            [24] 1305 	push	ar7
      00009F C0 06            [24] 1306 	push	ar6
      0000A1 C0 05            [24] 1307 	push	ar5
      0000A3 78r00            [12] 1308 	mov	r0,#_process_alloc_event
      0000A5 79s00            [12] 1309 	mov	r1,#(_process_alloc_event >> 8)
      0000A7 7As00            [12] 1310 	mov	r2,#(_process_alloc_event >> 16)
      0000A9 12r00r00         [24] 1311 	lcall	__sdcc_banked_call
      0000AC E5 82            [12] 1312 	mov	a,dpl
      0000AE D0 05            [24] 1313 	pop	ar5
      0000B0 D0 06            [24] 1314 	pop	ar6
      0000B2 D0 07            [24] 1315 	pop	ar7
      0000B4 90r00r86         [24] 1316 	mov	dptr,#_serial_line_event_message
      0000B7 F0               [24] 1317 	movx	@dptr,a
                                   1318 ;	../../../../core/dev/serial-line.c:95: ptr = 0;
      0000B8 90r01r08         [24] 1319 	mov	dptr,#_process_thread_serial_line_process_ptr_1_100
      0000BB E4               [12] 1320 	clr	a
      0000BC F0               [24] 1321 	movx	@dptr,a
      0000BD E4               [12] 1322 	clr	a
      0000BE A3               [24] 1323 	inc	dptr
      0000BF F0               [24] 1324 	movx	@dptr,a
                                   1325 ;	../../../../core/dev/serial-line.c:97: while(1) {
      0000C0                       1326 00126$:
                                   1327 ;	../../../../core/dev/serial-line.c:99: int c = ringbuf_get(&rxbuf);
      0000C0 90r00r00         [24] 1328 	mov	dptr,#_rxbuf
      0000C3 75 F0 00         [24] 1329 	mov	b,#0x00
      0000C6 C0 07            [24] 1330 	push	ar7
      0000C8 C0 06            [24] 1331 	push	ar6
      0000CA C0 05            [24] 1332 	push	ar5
      0000CC 78r00            [12] 1333 	mov	r0,#_ringbuf_get
      0000CE 79s00            [12] 1334 	mov	r1,#(_ringbuf_get >> 8)
      0000D0 7As00            [12] 1335 	mov	r2,#(_ringbuf_get >> 16)
      0000D2 12r00r00         [24] 1336 	lcall	__sdcc_banked_call
      0000D5 AA 82            [24] 1337 	mov	r2,dpl
      0000D7 AB 83            [24] 1338 	mov	r3,dph
      0000D9 D0 05            [24] 1339 	pop	ar5
      0000DB D0 06            [24] 1340 	pop	ar6
      0000DD D0 07            [24] 1341 	pop	ar7
      0000DF A8 81            [24] 1342 	mov	r0,sp
      0000E1 18               [12] 1343 	dec	r0
      0000E2 A6 02            [24] 1344 	mov	@r0,ar2
      0000E4 08               [12] 1345 	inc	r0
      0000E5 A6 03            [24] 1346 	mov	@r0,ar3
                                   1347 ;	../../../../core/dev/serial-line.c:101: if(c == -1) {
      0000E7 A8 81            [24] 1348 	mov	r0,sp
      0000E9 18               [12] 1349 	dec	r0
      0000EA B6 FF 1F         [24] 1350 	cjne	@r0,#0xFF,00123$
      0000ED 08               [12] 1351 	inc	r0
      0000EE B6 FF 1B         [24] 1352 	cjne	@r0,#0xFF,00123$
                                   1353 ;	../../../../core/dev/serial-line.c:103: PROCESS_YIELD();
      0000F1 7C 00            [12] 1354 	mov	r4,#0x00
      0000F3 8D 82            [24] 1355 	mov	dpl,r5
      0000F5 8E 83            [24] 1356 	mov	dph,r6
      0000F7 8F F0            [24] 1357 	mov	b,r7
      0000F9 74 67            [12] 1358 	mov	a,#0x67
      0000FB 12r00r00         [24] 1359 	lcall	__gptrput
      0000FE A3               [24] 1360 	inc	dptr
      0000FF E4               [12] 1361 	clr	a
      000100 12r00r00         [24] 1362 	lcall	__gptrput
      000103                       1363 00102$:
      000103 EC               [12] 1364 	mov	a,r4
      000104 70 BA            [24] 1365 	jnz	00126$
      000106 75 82 01         [24] 1366 	mov	dpl,#0x01
      000109 02r02r2E         [24] 1367 	ljmp	00129$
      00010C                       1368 00123$:
                                   1369 ;	../../../../core/dev/serial-line.c:105: if(c != END) {
      00010C A8 81            [24] 1370 	mov	r0,sp
      00010E 18               [12] 1371 	dec	r0
      00010F B6 0A 06         [24] 1372 	cjne	@r0,#0x0A,00167$
      000112 08               [12] 1373 	inc	r0
      000113 B6 00 02         [24] 1374 	cjne	@r0,#0x00,00167$
      000116 80 42            [24] 1375 	sjmp	00120$
      000118                       1376 00167$:
                                   1377 ;	../../../../core/dev/serial-line.c:106: if(ptr < BUFSIZE-1) {
      000118 90r01r08         [24] 1378 	mov	dptr,#_process_thread_serial_line_process_ptr_1_100
      00011B E0               [24] 1379 	movx	a,@dptr
      00011C FA               [12] 1380 	mov	r2,a
      00011D A3               [24] 1381 	inc	dptr
      00011E E0               [24] 1382 	movx	a,@dptr
      00011F FB               [12] 1383 	mov	r3,a
      000120 C3               [12] 1384 	clr	c
      000121 EA               [12] 1385 	mov	a,r2
      000122 94 7F            [12] 1386 	subb	a,#0x7F
      000124 EB               [12] 1387 	mov	a,r3
      000125 64 80            [12] 1388 	xrl	a,#0x80
      000127 94 80            [12] 1389 	subb	a,#0x80
      000129 50 95            [24] 1390 	jnc	00126$
                                   1391 ;	../../../../core/dev/serial-line.c:107: buf[ptr++] = (uint8_t)c;
      00012B C0 05            [24] 1392 	push	ar5
      00012D C0 06            [24] 1393 	push	ar6
      00012F C0 07            [24] 1394 	push	ar7
      000131 90r01r08         [24] 1395 	mov	dptr,#_process_thread_serial_line_process_ptr_1_100
      000134 74 01            [12] 1396 	mov	a,#0x01
      000136 2A               [12] 1397 	add	a,r2
      000137 F0               [24] 1398 	movx	@dptr,a
      000138 E4               [12] 1399 	clr	a
      000139 3B               [12] 1400 	addc	a,r3
      00013A A3               [24] 1401 	inc	dptr
      00013B F0               [24] 1402 	movx	@dptr,a
      00013C EA               [12] 1403 	mov	a,r2
      00013D 24r88            [12] 1404 	add	a,#_process_thread_serial_line_process_buf_1_100
      00013F FA               [12] 1405 	mov	r2,a
      000140 EB               [12] 1406 	mov	a,r3
      000141 34s00            [12] 1407 	addc	a,#(_process_thread_serial_line_process_buf_1_100 >> 8)
      000143 FB               [12] 1408 	mov	r3,a
      000144 E5 81            [12] 1409 	mov	a,sp
      000146 24 FC            [12] 1410 	add	a,#0xfc
      000148 F8               [12] 1411 	mov	r0,a
      000149 86 07            [24] 1412 	mov	ar7,@r0
      00014B 8A 82            [24] 1413 	mov	dpl,r2
      00014D 8B 83            [24] 1414 	mov	dph,r3
      00014F EF               [12] 1415 	mov	a,r7
      000150 F0               [24] 1416 	movx	@dptr,a
      000151 D0 07            [24] 1417 	pop	ar7
      000153 D0 06            [24] 1418 	pop	ar6
      000155 D0 05            [24] 1419 	pop	ar5
      000157 02r00rC0         [24] 1420 	ljmp	00126$
      00015A                       1421 00120$:
                                   1422 ;	../../../../core/dev/serial-line.c:113: buf[ptr++] = (uint8_t)'\0';
      00015A C0 05            [24] 1423 	push	ar5
      00015C C0 06            [24] 1424 	push	ar6
      00015E C0 07            [24] 1425 	push	ar7
      000160 90r01r08         [24] 1426 	mov	dptr,#_process_thread_serial_line_process_ptr_1_100
      000163 E0               [24] 1427 	movx	a,@dptr
      000164 FA               [12] 1428 	mov	r2,a
      000165 A3               [24] 1429 	inc	dptr
      000166 E0               [24] 1430 	movx	a,@dptr
      000167 FB               [12] 1431 	mov	r3,a
      000168 90r01r08         [24] 1432 	mov	dptr,#_process_thread_serial_line_process_ptr_1_100
      00016B 74 01            [12] 1433 	mov	a,#0x01
      00016D 2A               [12] 1434 	add	a,r2
      00016E F0               [24] 1435 	movx	@dptr,a
      00016F E4               [12] 1436 	clr	a
      000170 3B               [12] 1437 	addc	a,r3
      000171 A3               [24] 1438 	inc	dptr
      000172 F0               [24] 1439 	movx	@dptr,a
      000173 EA               [12] 1440 	mov	a,r2
      000174 24r88            [12] 1441 	add	a,#_process_thread_serial_line_process_buf_1_100
      000176 F5 82            [12] 1442 	mov	dpl,a
      000178 EB               [12] 1443 	mov	a,r3
      000179 34s00            [12] 1444 	addc	a,#(_process_thread_serial_line_process_buf_1_100 >> 8)
      00017B F5 83            [12] 1445 	mov	dph,a
      00017D E4               [12] 1446 	clr	a
      00017E F0               [24] 1447 	movx	@dptr,a
                                   1448 ;	../../../../core/dev/serial-line.c:116: process_post(PROCESS_BROADCAST, serial_line_event_message, buf);
      00017F C0 07            [24] 1449 	push	ar7
      000181 C0 06            [24] 1450 	push	ar6
      000183 C0 05            [24] 1451 	push	ar5
      000185 74r88            [12] 1452 	mov	a,#_process_thread_serial_line_process_buf_1_100
      000187 C0 E0            [24] 1453 	push	acc
      000189 74s00            [12] 1454 	mov	a,#(_process_thread_serial_line_process_buf_1_100 >> 8)
      00018B C0 E0            [24] 1455 	push	acc
      00018D E4               [12] 1456 	clr	a
      00018E C0 E0            [24] 1457 	push	acc
      000190 90r00r86         [24] 1458 	mov	dptr,#_serial_line_event_message
      000193 E0               [24] 1459 	movx	a,@dptr
      000194 C0 E0            [24] 1460 	push	acc
      000196 90 00 00         [24] 1461 	mov	dptr,#0x0000
      000199 75 F0 00         [24] 1462 	mov	b,#0x00
      00019C 78r00            [12] 1463 	mov	r0,#_process_post
      00019E 79s00            [12] 1464 	mov	r1,#(_process_post >> 8)
      0001A0 7As00            [12] 1465 	mov	r2,#(_process_post >> 16)
      0001A2 12r00r00         [24] 1466 	lcall	__sdcc_banked_call
      0001A5 E5 81            [12] 1467 	mov	a,sp
      0001A7 24 FC            [12] 1468 	add	a,#0xfc
      0001A9 F5 81            [12] 1469 	mov	sp,a
      0001AB D0 05            [24] 1470 	pop	ar5
      0001AD D0 06            [24] 1471 	pop	ar6
      0001AF D0 07            [24] 1472 	pop	ar7
                                   1473 ;	../../../../core/dev/serial-line.c:120: process_post(PROCESS_CURRENT(), PROCESS_EVENT_CONTINUE, NULL)) {
      0001B1 90r00r00         [24] 1474 	mov	dptr,#_process_current
      0001B4 E0               [24] 1475 	movx	a,@dptr
      0001B5 FA               [12] 1476 	mov	r2,a
      0001B6 A3               [24] 1477 	inc	dptr
      0001B7 E0               [24] 1478 	movx	a,@dptr
      0001B8 FB               [12] 1479 	mov	r3,a
      0001B9 A3               [24] 1480 	inc	dptr
      0001BA E0               [24] 1481 	movx	a,@dptr
      0001BB FF               [12] 1482 	mov	r7,a
      0001BC C0 05            [24] 1483 	push	ar5
      0001BE E4               [12] 1484 	clr	a
      0001BF C0 E0            [24] 1485 	push	acc
      0001C1 C0 E0            [24] 1486 	push	acc
      0001C3 C0 E0            [24] 1487 	push	acc
      0001C5 74 85            [12] 1488 	mov	a,#0x85
      0001C7 C0 E0            [24] 1489 	push	acc
      0001C9 8A 82            [24] 1490 	mov	dpl,r2
      0001CB 8B 83            [24] 1491 	mov	dph,r3
      0001CD 8F F0            [24] 1492 	mov	b,r7
      0001CF 78r00            [12] 1493 	mov	r0,#_process_post
      0001D1 79s00            [12] 1494 	mov	r1,#(_process_post >> 8)
      0001D3 7As00            [12] 1495 	mov	r2,#(_process_post >> 16)
      0001D5 12r00r00         [24] 1496 	lcall	__sdcc_banked_call
      0001D8 AE 82            [24] 1497 	mov	r6,dpl
      0001DA AF 83            [24] 1498 	mov	r7,dph
      0001DC E5 81            [12] 1499 	mov	a,sp
      0001DE 24 FC            [12] 1500 	add	a,#0xfc
      0001E0 F5 81            [12] 1501 	mov	sp,a
      0001E2 D0 05            [24] 1502 	pop	ar5
      0001E4 EE               [12] 1503 	mov	a,r6
      0001E5 4F               [12] 1504 	orl	a,r7
      0001E6 D0 07            [24] 1505 	pop	ar7
      0001E8 D0 06            [24] 1506 	pop	ar6
      0001EA D0 05            [24] 1507 	pop	ar5
                                   1508 ;	../../../../core/dev/serial-line.c:121: PROCESS_WAIT_EVENT_UNTIL(ev == PROCESS_EVENT_CONTINUE);
      0001EC 70 23            [24] 1509 	jnz	00118$
      0001EE FC               [12] 1510 	mov	r4,a
      0001EF 8D 82            [24] 1511 	mov	dpl,r5
      0001F1 8E 83            [24] 1512 	mov	dph,r6
      0001F3 8F F0            [24] 1513 	mov	b,r7
      0001F5 74 79            [12] 1514 	mov	a,#0x79
      0001F7 12r00r00         [24] 1515 	lcall	__gptrput
      0001FA A3               [24] 1516 	inc	dptr
      0001FB E4               [12] 1517 	clr	a
      0001FC 12r00r00         [24] 1518 	lcall	__gptrput
      0001FF                       1519 00110$:
      0001FF EC               [12] 1520 	mov	a,r4
      000200 60 0A            [24] 1521 	jz	00111$
      000202 E5 81            [12] 1522 	mov	a,sp
      000204 24 FB            [12] 1523 	add	a,#0xfb
      000206 F8               [12] 1524 	mov	r0,a
      000207 B6 85 02         [24] 1525 	cjne	@r0,#0x85,00171$
      00020A 80 05            [24] 1526 	sjmp	00118$
      00020C                       1527 00171$:
      00020C                       1528 00111$:
      00020C 75 82 01         [24] 1529 	mov	dpl,#0x01
      00020F 80 1D            [24] 1530 	sjmp	00129$
      000211                       1531 00118$:
                                   1532 ;	../../../../core/dev/serial-line.c:123: ptr = 0;
      000211 90r01r08         [24] 1533 	mov	dptr,#_process_thread_serial_line_process_ptr_1_100
      000214 E4               [12] 1534 	clr	a
      000215 F0               [24] 1535 	movx	@dptr,a
      000216 E4               [12] 1536 	clr	a
      000217 A3               [24] 1537 	inc	dptr
      000218 F0               [24] 1538 	movx	@dptr,a
      000219 02r00rC0         [24] 1539 	ljmp	00126$
                                   1540 ;	../../../../core/dev/serial-line.c:128: PROCESS_END();
      00021C                       1541 00128$:
      00021C 8D 82            [24] 1542 	mov	dpl,r5
      00021E 8E 83            [24] 1543 	mov	dph,r6
      000220 8F F0            [24] 1544 	mov	b,r7
      000222 E4               [12] 1545 	clr	a
      000223 12r00r00         [24] 1546 	lcall	__gptrput
      000226 A3               [24] 1547 	inc	dptr
      000227 E4               [12] 1548 	clr	a
      000228 12r00r00         [24] 1549 	lcall	__gptrput
      00022B 75 82 03         [24] 1550 	mov	dpl,#0x03
      00022E                       1551 00129$:
      00022E 15 81            [12] 1552 	dec	sp
      000230 15 81            [12] 1553 	dec	sp
      000232 02r00r00         [24] 1554 	ljmp	__sdcc_banked_ret
                                   1555 ;------------------------------------------------------------
                                   1556 ;Allocation info for local variables in function 'serial_line_init'
                                   1557 ;------------------------------------------------------------
                                   1558 ;	../../../../core/dev/serial-line.c:132: serial_line_init(void)
                                   1559 ;	-----------------------------------------
                                   1560 ;	 function serial_line_init
                                   1561 ;	-----------------------------------------
      000235                       1562 _serial_line_init:
                                   1563 ;	../../../../core/dev/serial-line.c:134: ringbuf_init(&rxbuf, rxbuf_data, sizeof(rxbuf_data));
      000235 74 80            [12] 1564 	mov	a,#0x80
      000237 C0 E0            [24] 1565 	push	acc
      000239 74r06            [12] 1566 	mov	a,#_rxbuf_data
      00023B C0 E0            [24] 1567 	push	acc
      00023D 74s00            [12] 1568 	mov	a,#(_rxbuf_data >> 8)
      00023F C0 E0            [24] 1569 	push	acc
      000241 E4               [12] 1570 	clr	a
      000242 C0 E0            [24] 1571 	push	acc
      000244 90r00r00         [24] 1572 	mov	dptr,#_rxbuf
      000247 75 F0 00         [24] 1573 	mov	b,#0x00
      00024A 78r00            [12] 1574 	mov	r0,#_ringbuf_init
      00024C 79s00            [12] 1575 	mov	r1,#(_ringbuf_init >> 8)
      00024E 7As00            [12] 1576 	mov	r2,#(_ringbuf_init >> 16)
      000250 12r00r00         [24] 1577 	lcall	__sdcc_banked_call
      000253 E5 81            [12] 1578 	mov	a,sp
      000255 24 FC            [12] 1579 	add	a,#0xfc
      000257 F5 81            [12] 1580 	mov	sp,a
                                   1581 ;	../../../../core/dev/serial-line.c:135: process_start(&serial_line_process, NULL);
      000259 E4               [12] 1582 	clr	a
      00025A C0 E0            [24] 1583 	push	acc
      00025C C0 E0            [24] 1584 	push	acc
      00025E C0 E0            [24] 1585 	push	acc
      000260 90r00r00         [24] 1586 	mov	dptr,#_serial_line_process
      000263 75 F0 00         [24] 1587 	mov	b,#0x00
      000266 78r00            [12] 1588 	mov	r0,#_process_start
      000268 79s00            [12] 1589 	mov	r1,#(_process_start >> 8)
      00026A 7As00            [12] 1590 	mov	r2,#(_process_start >> 16)
      00026C 12r00r00         [24] 1591 	lcall	__sdcc_banked_call
      00026F 15 81            [12] 1592 	dec	sp
      000271 15 81            [12] 1593 	dec	sp
      000273 15 81            [12] 1594 	dec	sp
      000275 02r00r00         [24] 1595 	ljmp	__sdcc_banked_ret
                                   1596 	.area CSEG    (CODE)
                                   1597 	.area CONST   (CODE)
                                   1598 	.area XINIT   (CODE)
      000000                       1599 __xinit__serial_line_process:
                                   1600 ; generic printIvalPtr
      000000 00 00 00              1601 	.byte #0x00,#0x00,#0x00
      000003r6Cs00s00              1602 	.byte _process_thread_serial_line_process,(_process_thread_serial_line_process >> 8),(_process_thread_serial_line_process >> 16)
      000006 00 00                 1603 	.byte #0x00,#0x00	; 0
      000008 00                    1604 	.db #0x00	; 0
      000009 00                    1605 	.db #0x00	; 0
                                   1606 	.area CABS    (ABS,CODE)
