                                      1 ;--------------------------------------------------------
                                      2 ; File Created by SDCC : free open source ANSI-C Compiler
                                      3 ; Version 3.3.1 #8804 (Aug  6 2013) (Linux)
                                      4 ; This file was generated Mon Aug 25 04:16:44 2014
                                      5 ;--------------------------------------------------------
                                      6 	.module uip_split
                                      7 	.optsdcc -mmcs51 --model-huge
                                      8 	
                                      9 ;--------------------------------------------------------
                                     10 ; Public variables in this module
                                     11 ;--------------------------------------------------------
                                     12 	.globl _uip_tcpchksum
                                     13 	.globl _uip_add32
                                     14 	.globl _tcpip_ipv6_output
                                     15 	.globl _memcpy
                                     16 	.globl _ACTIVE
                                     17 	.globl _TX_BYTE
                                     18 	.globl _RX_BYTE
                                     19 	.globl _ERR
                                     20 	.globl _FE
                                     21 	.globl _SLAVE
                                     22 	.globl _RE
                                     23 	.globl _MODE
                                     24 	.globl _T3OVFIF
                                     25 	.globl _T3CH0IF
                                     26 	.globl _T3CH1IF
                                     27 	.globl _T4OVFIF
                                     28 	.globl _T4CH0IF
                                     29 	.globl _T4CH1IF
                                     30 	.globl _OVFIM
                                     31 	.globl _B_0
                                     32 	.globl _B_1
                                     33 	.globl _B_2
                                     34 	.globl _B_3
                                     35 	.globl _B_4
                                     36 	.globl _B_5
                                     37 	.globl _B_6
                                     38 	.globl _B_7
                                     39 	.globl _P2IF
                                     40 	.globl _UTX0IF
                                     41 	.globl _UTX1IF
                                     42 	.globl _P1IF
                                     43 	.globl _WDTIF
                                     44 	.globl _ACC_0
                                     45 	.globl _ACC_1
                                     46 	.globl _ACC_2
                                     47 	.globl _ACC_3
                                     48 	.globl _ACC_4
                                     49 	.globl _ACC_5
                                     50 	.globl _ACC_6
                                     51 	.globl _ACC_7
                                     52 	.globl _P
                                     53 	.globl _F1
                                     54 	.globl _OV
                                     55 	.globl _RS0
                                     56 	.globl _RS1
                                     57 	.globl _F0
                                     58 	.globl _AC
                                     59 	.globl _CY
                                     60 	.globl _DMAIF
                                     61 	.globl _T1IF
                                     62 	.globl _T2IF
                                     63 	.globl _T3IF
                                     64 	.globl _T4IF
                                     65 	.globl _P0IF
                                     66 	.globl _STIF
                                     67 	.globl _DMAIE
                                     68 	.globl _T1IE
                                     69 	.globl _T2IE
                                     70 	.globl _T3IE
                                     71 	.globl _T4IE
                                     72 	.globl _P0IE
                                     73 	.globl _RFERRIE
                                     74 	.globl _ADCIE
                                     75 	.globl _URX0IE
                                     76 	.globl _URX1IE
                                     77 	.globl _ENCIE
                                     78 	.globl _STIE
                                     79 	.globl _EA
                                     80 	.globl _P2_0
                                     81 	.globl _P2_1
                                     82 	.globl _P2_2
                                     83 	.globl _P2_3
                                     84 	.globl _P2_4
                                     85 	.globl _P2_5
                                     86 	.globl _P2_6
                                     87 	.globl _P2_7
                                     88 	.globl _ENCIF_0
                                     89 	.globl _ENCIF_1
                                     90 	.globl _P1_0
                                     91 	.globl _P1_1
                                     92 	.globl _P1_2
                                     93 	.globl _P1_3
                                     94 	.globl _P1_4
                                     95 	.globl _P1_5
                                     96 	.globl _P1_6
                                     97 	.globl _P1_7
                                     98 	.globl _IT0
                                     99 	.globl _RFERRIF
                                    100 	.globl _IT1
                                    101 	.globl _URX0IF
                                    102 	.globl _ADCIF
                                    103 	.globl _URX1IF
                                    104 	.globl _P0_0
                                    105 	.globl _P0_1
                                    106 	.globl _P0_2
                                    107 	.globl _P0_3
                                    108 	.globl _P0_4
                                    109 	.globl _P0_5
                                    110 	.globl _P0_6
                                    111 	.globl _P0_7
                                    112 	.globl _WDCTL
                                    113 	.globl _U1GCR
                                    114 	.globl _U1UCR
                                    115 	.globl _U1BAUD
                                    116 	.globl _U1DBUF
                                    117 	.globl _U1CSR
                                    118 	.globl _U0GCR
                                    119 	.globl _U0UCR
                                    120 	.globl _U0BAUD
                                    121 	.globl _U0DBUF
                                    122 	.globl _U0CSR
                                    123 	.globl _TIMIF
                                    124 	.globl _T4CC1
                                    125 	.globl _T4CCTL1
                                    126 	.globl _T4CC0
                                    127 	.globl _T4CCTL0
                                    128 	.globl _T4CTL
                                    129 	.globl _T4CNT
                                    130 	.globl _T3CC1
                                    131 	.globl _T3CCTL1
                                    132 	.globl _T3CC0
                                    133 	.globl _T3CCTL0
                                    134 	.globl _T3CTL
                                    135 	.globl _T3CNT
                                    136 	.globl _T2MSEL
                                    137 	.globl _T2IRQM
                                    138 	.globl _T2MOVF2
                                    139 	.globl _T2MOVF1
                                    140 	.globl _T2MOVF0
                                    141 	.globl _T2M1
                                    142 	.globl _T2M0
                                    143 	.globl _T2IRQF
                                    144 	.globl _T2EVTCFG
                                    145 	.globl _T2CTRL
                                    146 	.globl _T1STAT
                                    147 	.globl _T1CCTL2
                                    148 	.globl _T1CCTL1
                                    149 	.globl _T1CCTL0
                                    150 	.globl _T1CTL
                                    151 	.globl _T1CNTH
                                    152 	.globl _T1CNTL
                                    153 	.globl _T1CC2H
                                    154 	.globl _T1CC2L
                                    155 	.globl _T1CC1H
                                    156 	.globl _T1CC1L
                                    157 	.globl _T1CC0H
                                    158 	.globl _T1CC0L
                                    159 	.globl _CLKCONSTA
                                    160 	.globl _CLKCONCMD
                                    161 	.globl _SLEEPSTA
                                    162 	.globl _SLEEPCMD
                                    163 	.globl _STLOAD
                                    164 	.globl _ST2
                                    165 	.globl _ST1
                                    166 	.globl _ST0
                                    167 	.globl _RFERRF
                                    168 	.globl _RFIRQF0
                                    169 	.globl _RFST
                                    170 	.globl _RFD
                                    171 	.globl _RFIRQF1
                                    172 	.globl _PSBANK
                                    173 	.globl _FMAP
                                    174 	.globl _MEMCTR
                                    175 	.globl __XPAGE
                                    176 	.globl _MPAGE
                                    177 	.globl _PMUX
                                    178 	.globl _P2DIR
                                    179 	.globl _P1DIR
                                    180 	.globl _P0DIR
                                    181 	.globl _P2INP
                                    182 	.globl _P1INP
                                    183 	.globl _P2SEL
                                    184 	.globl _P1SEL
                                    185 	.globl _P0SEL
                                    186 	.globl _APCFG
                                    187 	.globl _PERCFG
                                    188 	.globl _P0INP
                                    189 	.globl _P2IEN
                                    190 	.globl _P1IEN
                                    191 	.globl _P0IEN
                                    192 	.globl _PICTL
                                    193 	.globl _P2IFG
                                    194 	.globl _P1IFG
                                    195 	.globl _P0IFG
                                    196 	.globl _DMAREQ
                                    197 	.globl _DMAARM
                                    198 	.globl _DMA0CFGH
                                    199 	.globl _DMA0CFGL
                                    200 	.globl _DMA1CFGH
                                    201 	.globl _DMA1CFGL
                                    202 	.globl _DMAIRQ
                                    203 	.globl _ENCCS
                                    204 	.globl _ENCDO
                                    205 	.globl _ENCDI
                                    206 	.globl _RNDH
                                    207 	.globl _RNDL
                                    208 	.globl _ADCH
                                    209 	.globl _ADCL
                                    210 	.globl _ADCCON3
                                    211 	.globl _ADCCON2
                                    212 	.globl _ADCCON1
                                    213 	.globl _B
                                    214 	.globl _IRCON2
                                    215 	.globl _ACC
                                    216 	.globl _PSW
                                    217 	.globl _IRCON
                                    218 	.globl _IP1
                                    219 	.globl _IEN1
                                    220 	.globl _IP0
                                    221 	.globl _IEN0
                                    222 	.globl _P2
                                    223 	.globl _S1CON
                                    224 	.globl _IEN2
                                    225 	.globl _S0CON
                                    226 	.globl _DPS
                                    227 	.globl _P1
                                    228 	.globl _TCON
                                    229 	.globl _PCON
                                    230 	.globl _DPH1
                                    231 	.globl _DPL1
                                    232 	.globl _DPH0
                                    233 	.globl _DPL0
                                    234 	.globl _SP
                                    235 	.globl _P0
                                    236 	.globl _X_IEEE_ADDR
                                    237 	.globl _X_INFOPAGE
                                    238 	.globl _X_P2DIR
                                    239 	.globl _X_P1DIR
                                    240 	.globl _X_P0DIR
                                    241 	.globl _X_U1GCR
                                    242 	.globl _X_U1UCR
                                    243 	.globl _X_U1BAUD
                                    244 	.globl _X_U1DBUF
                                    245 	.globl _X_U1CSR
                                    246 	.globl _X_P2INP
                                    247 	.globl _X_P1INP
                                    248 	.globl _X_P2SEL
                                    249 	.globl _X_P1SEL
                                    250 	.globl _X_P0SEL
                                    251 	.globl _X_APCFG
                                    252 	.globl _X_PERCFG
                                    253 	.globl _X_T4CC1
                                    254 	.globl _X_T4CCTL1
                                    255 	.globl _X_T4CC0
                                    256 	.globl _X_T4CCTL0
                                    257 	.globl _X_T4CTL
                                    258 	.globl _X_T4CNT
                                    259 	.globl _X_RFIRQF0
                                    260 	.globl _X_T1CCTL2
                                    261 	.globl _X_T1CCTL1
                                    262 	.globl _X_T1CCTL0
                                    263 	.globl _X_T1CTL
                                    264 	.globl _X_T1CNTH
                                    265 	.globl _X_T1CNTL
                                    266 	.globl _X_RFST
                                    267 	.globl _X_T1CC2H
                                    268 	.globl _X_T1CC2L
                                    269 	.globl _X_T1CC1H
                                    270 	.globl _X_T1CC1L
                                    271 	.globl _X_T1CC0H
                                    272 	.globl _X_T1CC0L
                                    273 	.globl _X_RFD
                                    274 	.globl _X_TIMIF
                                    275 	.globl _X_DMAREQ
                                    276 	.globl _X_DMAARM
                                    277 	.globl _X_DMA0CFGH
                                    278 	.globl _X_DMA0CFGL
                                    279 	.globl _X_DMA1CFGH
                                    280 	.globl _X_DMA1CFGL
                                    281 	.globl _X_DMAIRQ
                                    282 	.globl _X_T3CC1
                                    283 	.globl _X_T3CCTL1
                                    284 	.globl _X_T3CC0
                                    285 	.globl _X_T3CCTL0
                                    286 	.globl _X_T3CTL
                                    287 	.globl _X_T3CNT
                                    288 	.globl _X_WDCTL
                                    289 	.globl _X_MEMCTR
                                    290 	.globl _X_CLKCONCMD
                                    291 	.globl _X_U0GCR
                                    292 	.globl _X_U0UCR
                                    293 	.globl _X_T2MSEL
                                    294 	.globl _X_U0BAUD
                                    295 	.globl _X_U0DBUF
                                    296 	.globl _X_RFERRF
                                    297 	.globl _X_SLEEPCMD
                                    298 	.globl _X_RNDH
                                    299 	.globl _X_RNDL
                                    300 	.globl _X_ADCH
                                    301 	.globl _X_ADCL
                                    302 	.globl _X_ADCCON3
                                    303 	.globl _X_ADCCON2
                                    304 	.globl _X_ADCCON1
                                    305 	.globl _X_ENCCS
                                    306 	.globl _X_ENCDO
                                    307 	.globl _X_ENCDI
                                    308 	.globl _X_T1STAT
                                    309 	.globl _X_PMUX
                                    310 	.globl _X_STLOAD
                                    311 	.globl _X_P2IEN
                                    312 	.globl _X_P0IEN
                                    313 	.globl _X_T2IRQM
                                    314 	.globl _X_T2MOVF2
                                    315 	.globl _X_T2MOVF1
                                    316 	.globl _X_T2MOVF0
                                    317 	.globl _X_T2M1
                                    318 	.globl _X_T2M0
                                    319 	.globl _X_T2IRQF
                                    320 	.globl _X_P2
                                    321 	.globl _X_PSBANK
                                    322 	.globl _X_FMAP
                                    323 	.globl _X_CLKCONSTA
                                    324 	.globl _X_SLEEPSTA
                                    325 	.globl _X_T2EVTCFG
                                    326 	.globl _X_ST2
                                    327 	.globl _X_ST1
                                    328 	.globl _X_ST0
                                    329 	.globl _X_T2CTRL
                                    330 	.globl _X__XPAGE
                                    331 	.globl _X_MPAGE
                                    332 	.globl _X_RFIRQF1
                                    333 	.globl _X_P1
                                    334 	.globl _X_P0INP
                                    335 	.globl _X_P1IEN
                                    336 	.globl _X_PICTL
                                    337 	.globl _X_P2IFG
                                    338 	.globl _X_P1IFG
                                    339 	.globl _X_P0IFG
                                    340 	.globl _X_U0CSR
                                    341 	.globl _X_P0
                                    342 	.globl _USBF5
                                    343 	.globl _USBF4
                                    344 	.globl _USBF3
                                    345 	.globl _USBF2
                                    346 	.globl _USBF1
                                    347 	.globl _USBF0
                                    348 	.globl _USBCNTH
                                    349 	.globl _USBCNTL
                                    350 	.globl _USBCNT0
                                    351 	.globl _USBCSOH
                                    352 	.globl _USBCSOL
                                    353 	.globl _USBMAXO
                                    354 	.globl _USBCSIH
                                    355 	.globl _USBCSIL
                                    356 	.globl _USBCS0
                                    357 	.globl _USBMAXI
                                    358 	.globl _USBCTRL
                                    359 	.globl _USBINDEX
                                    360 	.globl _USBFRMH
                                    361 	.globl _USBFRML
                                    362 	.globl _USBCIE
                                    363 	.globl _USBOIE
                                    364 	.globl _USBIIE
                                    365 	.globl _USBCIF
                                    366 	.globl _USBOIF
                                    367 	.globl _USBIIF
                                    368 	.globl _USBPOW
                                    369 	.globl _USBADDR
                                    370 	.globl _CSPT
                                    371 	.globl _CSPZ
                                    372 	.globl _CSPY
                                    373 	.globl _CSPX
                                    374 	.globl _CSPSTAT
                                    375 	.globl _CSPCTRL
                                    376 	.globl _CSPPROG23
                                    377 	.globl _CSPPROG22
                                    378 	.globl _CSPPROG21
                                    379 	.globl _CSPPROG20
                                    380 	.globl _CSPPROG19
                                    381 	.globl _CSPPROG18
                                    382 	.globl _CSPPROG17
                                    383 	.globl _CSPPROG16
                                    384 	.globl _CSPPROG15
                                    385 	.globl _CSPPROG14
                                    386 	.globl _CSPPROG13
                                    387 	.globl _CSPPROG12
                                    388 	.globl _CSPPROG11
                                    389 	.globl _CSPPROG10
                                    390 	.globl _CSPPROG9
                                    391 	.globl _CSPPROG8
                                    392 	.globl _CSPPROG7
                                    393 	.globl _CSPPROG6
                                    394 	.globl _CSPPROG5
                                    395 	.globl _CSPPROG4
                                    396 	.globl _CSPPROG3
                                    397 	.globl _CSPPROG2
                                    398 	.globl _CSPPROG1
                                    399 	.globl _CSPPROG0
                                    400 	.globl _RFC_OBS_CTRL2
                                    401 	.globl _RFC_OBS_CTRL1
                                    402 	.globl _RFC_OBS_CTRL0
                                    403 	.globl _TXFILTCFG
                                    404 	.globl _PTEST1
                                    405 	.globl _PTEST0
                                    406 	.globl _ATEST
                                    407 	.globl _DACTEST2
                                    408 	.globl _DACTEST1
                                    409 	.globl _DACTEST0
                                    410 	.globl _MDMTEST1
                                    411 	.globl _MDMTEST0
                                    412 	.globl _ADCTEST2
                                    413 	.globl _ADCTEST1
                                    414 	.globl _ADCTEST0
                                    415 	.globl _AGCCTRL3
                                    416 	.globl _AGCCTRL2
                                    417 	.globl _AGCCTRL1
                                    418 	.globl _AGCCTRL0
                                    419 	.globl _FSCAL3
                                    420 	.globl _FSCAL2
                                    421 	.globl _FSCAL1
                                    422 	.globl _FSCAL0
                                    423 	.globl _FSCTRL
                                    424 	.globl _RXCTRL
                                    425 	.globl _FREQEST
                                    426 	.globl _MDMCTRL1
                                    427 	.globl _MDMCTRL0
                                    428 	.globl _RFRND
                                    429 	.globl _RFERRM
                                    430 	.globl _RFIRQM1
                                    431 	.globl _RFIRQM0
                                    432 	.globl _TXLAST_PTR
                                    433 	.globl _TXFIRST_PTR
                                    434 	.globl _RXP1_PTR
                                    435 	.globl _RXLAST_PTR
                                    436 	.globl _RXFIRST_PTR
                                    437 	.globl _TXFIFOCNT
                                    438 	.globl _RXFIFOCNT
                                    439 	.globl _RXFIRST
                                    440 	.globl _RSSISTAT
                                    441 	.globl _RSSI
                                    442 	.globl _CCACTRL1
                                    443 	.globl _CCACTRL0
                                    444 	.globl _FSMCTRL
                                    445 	.globl _FIFOPCTRL
                                    446 	.globl _FSMSTAT1
                                    447 	.globl _FSMSTAT0
                                    448 	.globl _TXCTRL
                                    449 	.globl _TXPOWER
                                    450 	.globl _FREQCTRL
                                    451 	.globl _FREQTUNE
                                    452 	.globl _RXMASKCLR
                                    453 	.globl _RXMASKSET
                                    454 	.globl _RXENABLE
                                    455 	.globl _FRMCTRL1
                                    456 	.globl _FRMCTRL0
                                    457 	.globl _SRCEXTEN2
                                    458 	.globl _SRCEXTEN1
                                    459 	.globl _SRCEXTEN0
                                    460 	.globl _SRCSHORTEN2
                                    461 	.globl _SRCSHORTEN1
                                    462 	.globl _SRCSHORTEN0
                                    463 	.globl _SRCMATCH
                                    464 	.globl _FRMFILT1
                                    465 	.globl _FRMFILT0
                                    466 	.globl _SHORT_ADDR1
                                    467 	.globl _SHORT_ADDR0
                                    468 	.globl _PAN_ID1
                                    469 	.globl _PAN_ID0
                                    470 	.globl _EXT_ADDR7
                                    471 	.globl _EXT_ADDR6
                                    472 	.globl _EXT_ADDR5
                                    473 	.globl _EXT_ADDR4
                                    474 	.globl _EXT_ADDR3
                                    475 	.globl _EXT_ADDR2
                                    476 	.globl _EXT_ADDR1
                                    477 	.globl _EXT_ADDR0
                                    478 	.globl _SRCSHORTPENDEN2
                                    479 	.globl _SRCSHORTPENDEN1
                                    480 	.globl _SRCSHORTPENDEN0
                                    481 	.globl _SRCEXTPENDEN2
                                    482 	.globl _SRCEXTPENDEN1
                                    483 	.globl _SRCEXTPENDEN0
                                    484 	.globl _SRCRESINDEX
                                    485 	.globl _SRCRESMASK2
                                    486 	.globl _SRCRESMASK1
                                    487 	.globl _SRCRESMASK0
                                    488 	.globl _SRC_ADDR_TABLE
                                    489 	.globl _TXFIFO
                                    490 	.globl _RXFIFO
                                    491 	.globl _RFCORE_RAM
                                    492 	.globl _CMPCTL
                                    493 	.globl _OPAMPS
                                    494 	.globl _OPAMPC
                                    495 	.globl _STCV2
                                    496 	.globl _STCV1
                                    497 	.globl _STCV0
                                    498 	.globl _STCS
                                    499 	.globl _STCC
                                    500 	.globl _T1CC4H
                                    501 	.globl _T1CC4L
                                    502 	.globl _T1CC3H
                                    503 	.globl _T1CC3L
                                    504 	.globl _XX_T1CC2H
                                    505 	.globl _XX_T1CC2L
                                    506 	.globl _XX_T1CC1H
                                    507 	.globl _XX_T1CC1L
                                    508 	.globl _XX_T1CC0H
                                    509 	.globl _XX_T1CC0L
                                    510 	.globl _T1CCTL4
                                    511 	.globl _T1CCTL3
                                    512 	.globl _XX_T1CCTL2
                                    513 	.globl _XX_T1CCTL1
                                    514 	.globl _XX_T1CCTL0
                                    515 	.globl _CLD
                                    516 	.globl _IRCTL
                                    517 	.globl _CHIPINFO1
                                    518 	.globl _CHIPINFO0
                                    519 	.globl _FWDATA
                                    520 	.globl _FADDRH
                                    521 	.globl _FADDRL
                                    522 	.globl _FCTL
                                    523 	.globl _IVCTRL
                                    524 	.globl _BATTMON
                                    525 	.globl _SRCRC
                                    526 	.globl _DBGDATA
                                    527 	.globl _TESTREG0
                                    528 	.globl _CHIPID
                                    529 	.globl _CHVER
                                    530 	.globl _OBSSEL5
                                    531 	.globl _OBSSEL4
                                    532 	.globl _OBSSEL3
                                    533 	.globl _OBSSEL2
                                    534 	.globl _OBSSEL1
                                    535 	.globl _OBSSEL0
                                    536 	.globl _I2CIO
                                    537 	.globl _I2CWC
                                    538 	.globl _I2CADDR
                                    539 	.globl _I2CDATA
                                    540 	.globl _I2CSTAT
                                    541 	.globl _I2CCFG
                                    542 	.globl _OPAMPMC
                                    543 	.globl _MONMUX
                                    544 	.globl _uip_split_output
                                    545 ;--------------------------------------------------------
                                    546 ; special function registers
                                    547 ;--------------------------------------------------------
                                    548 	.area RSEG    (ABS,DATA)
      000000                        549 	.org 0x0000
                           000080   550 _P0	=	0x0080
                           000081   551 _SP	=	0x0081
                           000082   552 _DPL0	=	0x0082
                           000083   553 _DPH0	=	0x0083
                           000084   554 _DPL1	=	0x0084
                           000085   555 _DPH1	=	0x0085
                           000087   556 _PCON	=	0x0087
                           000088   557 _TCON	=	0x0088
                           000090   558 _P1	=	0x0090
                           000092   559 _DPS	=	0x0092
                           000098   560 _S0CON	=	0x0098
                           00009A   561 _IEN2	=	0x009a
                           00009B   562 _S1CON	=	0x009b
                           0000A0   563 _P2	=	0x00a0
                           0000A8   564 _IEN0	=	0x00a8
                           0000A9   565 _IP0	=	0x00a9
                           0000B8   566 _IEN1	=	0x00b8
                           0000B9   567 _IP1	=	0x00b9
                           0000C0   568 _IRCON	=	0x00c0
                           0000D0   569 _PSW	=	0x00d0
                           0000E0   570 _ACC	=	0x00e0
                           0000E8   571 _IRCON2	=	0x00e8
                           0000F0   572 _B	=	0x00f0
                           0000B4   573 _ADCCON1	=	0x00b4
                           0000B5   574 _ADCCON2	=	0x00b5
                           0000B6   575 _ADCCON3	=	0x00b6
                           0000BA   576 _ADCL	=	0x00ba
                           0000BB   577 _ADCH	=	0x00bb
                           0000BC   578 _RNDL	=	0x00bc
                           0000BD   579 _RNDH	=	0x00bd
                           0000B1   580 _ENCDI	=	0x00b1
                           0000B2   581 _ENCDO	=	0x00b2
                           0000B3   582 _ENCCS	=	0x00b3
                           0000D1   583 _DMAIRQ	=	0x00d1
                           0000D2   584 _DMA1CFGL	=	0x00d2
                           0000D3   585 _DMA1CFGH	=	0x00d3
                           0000D4   586 _DMA0CFGL	=	0x00d4
                           0000D5   587 _DMA0CFGH	=	0x00d5
                           0000D6   588 _DMAARM	=	0x00d6
                           0000D7   589 _DMAREQ	=	0x00d7
                           000089   590 _P0IFG	=	0x0089
                           00008A   591 _P1IFG	=	0x008a
                           00008B   592 _P2IFG	=	0x008b
                           00008C   593 _PICTL	=	0x008c
                           0000AB   594 _P0IEN	=	0x00ab
                           00008D   595 _P1IEN	=	0x008d
                           0000AC   596 _P2IEN	=	0x00ac
                           00008F   597 _P0INP	=	0x008f
                           0000F1   598 _PERCFG	=	0x00f1
                           0000F2   599 _APCFG	=	0x00f2
                           0000F3   600 _P0SEL	=	0x00f3
                           0000F4   601 _P1SEL	=	0x00f4
                           0000F5   602 _P2SEL	=	0x00f5
                           0000F6   603 _P1INP	=	0x00f6
                           0000F7   604 _P2INP	=	0x00f7
                           0000FD   605 _P0DIR	=	0x00fd
                           0000FE   606 _P1DIR	=	0x00fe
                           0000FF   607 _P2DIR	=	0x00ff
                           0000AE   608 _PMUX	=	0x00ae
                           000093   609 _MPAGE	=	0x0093
                           000093   610 __XPAGE	=	0x0093
                           0000C7   611 _MEMCTR	=	0x00c7
                           00009F   612 _FMAP	=	0x009f
                           00009F   613 _PSBANK	=	0x009f
                           000091   614 _RFIRQF1	=	0x0091
                           0000D9   615 _RFD	=	0x00d9
                           0000E1   616 _RFST	=	0x00e1
                           0000E9   617 _RFIRQF0	=	0x00e9
                           0000BF   618 _RFERRF	=	0x00bf
                           000095   619 _ST0	=	0x0095
                           000096   620 _ST1	=	0x0096
                           000097   621 _ST2	=	0x0097
                           0000AD   622 _STLOAD	=	0x00ad
                           0000BE   623 _SLEEPCMD	=	0x00be
                           00009D   624 _SLEEPSTA	=	0x009d
                           0000C6   625 _CLKCONCMD	=	0x00c6
                           00009E   626 _CLKCONSTA	=	0x009e
                           0000DA   627 _T1CC0L	=	0x00da
                           0000DB   628 _T1CC0H	=	0x00db
                           0000DC   629 _T1CC1L	=	0x00dc
                           0000DD   630 _T1CC1H	=	0x00dd
                           0000DE   631 _T1CC2L	=	0x00de
                           0000DF   632 _T1CC2H	=	0x00df
                           0000E2   633 _T1CNTL	=	0x00e2
                           0000E3   634 _T1CNTH	=	0x00e3
                           0000E4   635 _T1CTL	=	0x00e4
                           0000E5   636 _T1CCTL0	=	0x00e5
                           0000E6   637 _T1CCTL1	=	0x00e6
                           0000E7   638 _T1CCTL2	=	0x00e7
                           0000AF   639 _T1STAT	=	0x00af
                           000094   640 _T2CTRL	=	0x0094
                           00009C   641 _T2EVTCFG	=	0x009c
                           0000A1   642 _T2IRQF	=	0x00a1
                           0000A2   643 _T2M0	=	0x00a2
                           0000A3   644 _T2M1	=	0x00a3
                           0000A4   645 _T2MOVF0	=	0x00a4
                           0000A5   646 _T2MOVF1	=	0x00a5
                           0000A6   647 _T2MOVF2	=	0x00a6
                           0000A7   648 _T2IRQM	=	0x00a7
                           0000C3   649 _T2MSEL	=	0x00c3
                           0000CA   650 _T3CNT	=	0x00ca
                           0000CB   651 _T3CTL	=	0x00cb
                           0000CC   652 _T3CCTL0	=	0x00cc
                           0000CD   653 _T3CC0	=	0x00cd
                           0000CE   654 _T3CCTL1	=	0x00ce
                           0000CF   655 _T3CC1	=	0x00cf
                           0000EA   656 _T4CNT	=	0x00ea
                           0000EB   657 _T4CTL	=	0x00eb
                           0000EC   658 _T4CCTL0	=	0x00ec
                           0000ED   659 _T4CC0	=	0x00ed
                           0000EE   660 _T4CCTL1	=	0x00ee
                           0000EF   661 _T4CC1	=	0x00ef
                           0000D8   662 _TIMIF	=	0x00d8
                           000086   663 _U0CSR	=	0x0086
                           0000C1   664 _U0DBUF	=	0x00c1
                           0000C2   665 _U0BAUD	=	0x00c2
                           0000C4   666 _U0UCR	=	0x00c4
                           0000C5   667 _U0GCR	=	0x00c5
                           0000F8   668 _U1CSR	=	0x00f8
                           0000F9   669 _U1DBUF	=	0x00f9
                           0000FA   670 _U1BAUD	=	0x00fa
                           0000FB   671 _U1UCR	=	0x00fb
                           0000FC   672 _U1GCR	=	0x00fc
                           0000C9   673 _WDCTL	=	0x00c9
                                    674 ;--------------------------------------------------------
                                    675 ; special function bits
                                    676 ;--------------------------------------------------------
                                    677 	.area RSEG    (ABS,DATA)
      000000                        678 	.org 0x0000
                           000087   679 _P0_7	=	0x0087
                           000086   680 _P0_6	=	0x0086
                           000085   681 _P0_5	=	0x0085
                           000084   682 _P0_4	=	0x0084
                           000083   683 _P0_3	=	0x0083
                           000082   684 _P0_2	=	0x0082
                           000081   685 _P0_1	=	0x0081
                           000080   686 _P0_0	=	0x0080
                           00008F   687 _URX1IF	=	0x008f
                           00008D   688 _ADCIF	=	0x008d
                           00008B   689 _URX0IF	=	0x008b
                           00008A   690 _IT1	=	0x008a
                           000089   691 _RFERRIF	=	0x0089
                           000088   692 _IT0	=	0x0088
                           000097   693 _P1_7	=	0x0097
                           000096   694 _P1_6	=	0x0096
                           000095   695 _P1_5	=	0x0095
                           000094   696 _P1_4	=	0x0094
                           000093   697 _P1_3	=	0x0093
                           000092   698 _P1_2	=	0x0092
                           000091   699 _P1_1	=	0x0091
                           000090   700 _P1_0	=	0x0090
                           000099   701 _ENCIF_1	=	0x0099
                           000098   702 _ENCIF_0	=	0x0098
                           0000A7   703 _P2_7	=	0x00a7
                           0000A6   704 _P2_6	=	0x00a6
                           0000A5   705 _P2_5	=	0x00a5
                           0000A4   706 _P2_4	=	0x00a4
                           0000A3   707 _P2_3	=	0x00a3
                           0000A2   708 _P2_2	=	0x00a2
                           0000A1   709 _P2_1	=	0x00a1
                           0000A0   710 _P2_0	=	0x00a0
                           0000AF   711 _EA	=	0x00af
                           0000AD   712 _STIE	=	0x00ad
                           0000AC   713 _ENCIE	=	0x00ac
                           0000AB   714 _URX1IE	=	0x00ab
                           0000AA   715 _URX0IE	=	0x00aa
                           0000A9   716 _ADCIE	=	0x00a9
                           0000A8   717 _RFERRIE	=	0x00a8
                           0000BD   718 _P0IE	=	0x00bd
                           0000BC   719 _T4IE	=	0x00bc
                           0000BB   720 _T3IE	=	0x00bb
                           0000BA   721 _T2IE	=	0x00ba
                           0000B9   722 _T1IE	=	0x00b9
                           0000B8   723 _DMAIE	=	0x00b8
                           0000C7   724 _STIF	=	0x00c7
                           0000C5   725 _P0IF	=	0x00c5
                           0000C4   726 _T4IF	=	0x00c4
                           0000C3   727 _T3IF	=	0x00c3
                           0000C2   728 _T2IF	=	0x00c2
                           0000C1   729 _T1IF	=	0x00c1
                           0000C0   730 _DMAIF	=	0x00c0
                           0000D7   731 _CY	=	0x00d7
                           0000D6   732 _AC	=	0x00d6
                           0000D5   733 _F0	=	0x00d5
                           0000D4   734 _RS1	=	0x00d4
                           0000D3   735 _RS0	=	0x00d3
                           0000D2   736 _OV	=	0x00d2
                           0000D1   737 _F1	=	0x00d1
                           0000D0   738 _P	=	0x00d0
                           0000E7   739 _ACC_7	=	0x00e7
                           0000E6   740 _ACC_6	=	0x00e6
                           0000E5   741 _ACC_5	=	0x00e5
                           0000E4   742 _ACC_4	=	0x00e4
                           0000E3   743 _ACC_3	=	0x00e3
                           0000E2   744 _ACC_2	=	0x00e2
                           0000E1   745 _ACC_1	=	0x00e1
                           0000E0   746 _ACC_0	=	0x00e0
                           0000EC   747 _WDTIF	=	0x00ec
                           0000EB   748 _P1IF	=	0x00eb
                           0000EA   749 _UTX1IF	=	0x00ea
                           0000E9   750 _UTX0IF	=	0x00e9
                           0000E8   751 _P2IF	=	0x00e8
                           0000F7   752 _B_7	=	0x00f7
                           0000F6   753 _B_6	=	0x00f6
                           0000F5   754 _B_5	=	0x00f5
                           0000F4   755 _B_4	=	0x00f4
                           0000F3   756 _B_3	=	0x00f3
                           0000F2   757 _B_2	=	0x00f2
                           0000F1   758 _B_1	=	0x00f1
                           0000F0   759 _B_0	=	0x00f0
                           0000DE   760 _OVFIM	=	0x00de
                           0000DD   761 _T4CH1IF	=	0x00dd
                           0000DC   762 _T4CH0IF	=	0x00dc
                           0000DB   763 _T4OVFIF	=	0x00db
                           0000DA   764 _T3CH1IF	=	0x00da
                           0000D9   765 _T3CH0IF	=	0x00d9
                           0000D8   766 _T3OVFIF	=	0x00d8
                           0000FF   767 _MODE	=	0x00ff
                           0000FE   768 _RE	=	0x00fe
                           0000FD   769 _SLAVE	=	0x00fd
                           0000FC   770 _FE	=	0x00fc
                           0000FB   771 _ERR	=	0x00fb
                           0000FA   772 _RX_BYTE	=	0x00fa
                           0000F9   773 _TX_BYTE	=	0x00f9
                           0000F8   774 _ACTIVE	=	0x00f8
                                    775 ;--------------------------------------------------------
                                    776 ; overlayable register banks
                                    777 ;--------------------------------------------------------
                                    778 	.area REG_BANK_0	(REL,OVR,DATA)
      000000                        779 	.ds 8
                                    780 ;--------------------------------------------------------
                                    781 ; internal ram data
                                    782 ;--------------------------------------------------------
                                    783 	.area DSEG    (DATA)
                                    784 ;--------------------------------------------------------
                                    785 ; overlayable items in internal ram 
                                    786 ;--------------------------------------------------------
                                    787 ;--------------------------------------------------------
                                    788 ; indirectly addressable internal ram data
                                    789 ;--------------------------------------------------------
                                    790 	.area ISEG    (DATA)
                                    791 ;--------------------------------------------------------
                                    792 ; absolute internal ram data
                                    793 ;--------------------------------------------------------
                                    794 	.area IABS    (ABS,DATA)
                                    795 	.area IABS    (ABS,DATA)
                                    796 ;--------------------------------------------------------
                                    797 ; bit data
                                    798 ;--------------------------------------------------------
                                    799 	.area BSEG    (BIT)
                                    800 ;--------------------------------------------------------
                                    801 ; paged external ram data
                                    802 ;--------------------------------------------------------
                                    803 	.area PSEG    (PAG,XDATA)
                                    804 ;--------------------------------------------------------
                                    805 ; external ram data
                                    806 ;--------------------------------------------------------
                                    807 	.area XSEG    (XDATA)
                           0061A6   808 _MONMUX	=	0x61a6
                           0061A6   809 _OPAMPMC	=	0x61a6
                           006230   810 _I2CCFG	=	0x6230
                           006231   811 _I2CSTAT	=	0x6231
                           006232   812 _I2CDATA	=	0x6232
                           006233   813 _I2CADDR	=	0x6233
                           006234   814 _I2CWC	=	0x6234
                           006235   815 _I2CIO	=	0x6235
                           006243   816 _OBSSEL0	=	0x6243
                           006244   817 _OBSSEL1	=	0x6244
                           006245   818 _OBSSEL2	=	0x6245
                           006246   819 _OBSSEL3	=	0x6246
                           006247   820 _OBSSEL4	=	0x6247
                           006248   821 _OBSSEL5	=	0x6248
                           006249   822 _CHVER	=	0x6249
                           00624A   823 _CHIPID	=	0x624a
                           00624B   824 _TESTREG0	=	0x624b
                           006260   825 _DBGDATA	=	0x6260
                           006262   826 _SRCRC	=	0x6262
                           006264   827 _BATTMON	=	0x6264
                           006265   828 _IVCTRL	=	0x6265
                           006270   829 _FCTL	=	0x6270
                           006271   830 _FADDRL	=	0x6271
                           006272   831 _FADDRH	=	0x6272
                           006273   832 _FWDATA	=	0x6273
                           006276   833 _CHIPINFO0	=	0x6276
                           006277   834 _CHIPINFO1	=	0x6277
                           006281   835 _IRCTL	=	0x6281
                           006290   836 _CLD	=	0x6290
                           0062A0   837 _XX_T1CCTL0	=	0x62a0
                           0062A1   838 _XX_T1CCTL1	=	0x62a1
                           0062A2   839 _XX_T1CCTL2	=	0x62a2
                           0062A3   840 _T1CCTL3	=	0x62a3
                           0062A4   841 _T1CCTL4	=	0x62a4
                           0062A6   842 _XX_T1CC0L	=	0x62a6
                           0062A7   843 _XX_T1CC0H	=	0x62a7
                           0062A8   844 _XX_T1CC1L	=	0x62a8
                           0062A9   845 _XX_T1CC1H	=	0x62a9
                           0062AA   846 _XX_T1CC2L	=	0x62aa
                           0062AB   847 _XX_T1CC2H	=	0x62ab
                           0062AC   848 _T1CC3L	=	0x62ac
                           0062AD   849 _T1CC3H	=	0x62ad
                           0062AE   850 _T1CC4L	=	0x62ae
                           0062AF   851 _T1CC4H	=	0x62af
                           0062B0   852 _STCC	=	0x62b0
                           0062B1   853 _STCS	=	0x62b1
                           0062B2   854 _STCV0	=	0x62b2
                           0062B3   855 _STCV1	=	0x62b3
                           0062B4   856 _STCV2	=	0x62b4
                           0062C0   857 _OPAMPC	=	0x62c0
                           0062C1   858 _OPAMPS	=	0x62c1
                           0062D0   859 _CMPCTL	=	0x62d0
                           006000   860 _RFCORE_RAM	=	0x6000
                           006000   861 _RXFIFO	=	0x6000
                           006080   862 _TXFIFO	=	0x6080
                           006100   863 _SRC_ADDR_TABLE	=	0x6100
                           006160   864 _SRCRESMASK0	=	0x6160
                           006161   865 _SRCRESMASK1	=	0x6161
                           006162   866 _SRCRESMASK2	=	0x6162
                           006163   867 _SRCRESINDEX	=	0x6163
                           006164   868 _SRCEXTPENDEN0	=	0x6164
                           006165   869 _SRCEXTPENDEN1	=	0x6165
                           006166   870 _SRCEXTPENDEN2	=	0x6166
                           006167   871 _SRCSHORTPENDEN0	=	0x6167
                           006168   872 _SRCSHORTPENDEN1	=	0x6168
                           006169   873 _SRCSHORTPENDEN2	=	0x6169
                           00616A   874 _EXT_ADDR0	=	0x616a
                           00616B   875 _EXT_ADDR1	=	0x616b
                           00616C   876 _EXT_ADDR2	=	0x616c
                           00616D   877 _EXT_ADDR3	=	0x616d
                           00616E   878 _EXT_ADDR4	=	0x616e
                           00616F   879 _EXT_ADDR5	=	0x616f
                           006170   880 _EXT_ADDR6	=	0x6170
                           006171   881 _EXT_ADDR7	=	0x6171
                           006172   882 _PAN_ID0	=	0x6172
                           006173   883 _PAN_ID1	=	0x6173
                           006174   884 _SHORT_ADDR0	=	0x6174
                           006175   885 _SHORT_ADDR1	=	0x6175
                           006180   886 _FRMFILT0	=	0x6180
                           006181   887 _FRMFILT1	=	0x6181
                           006182   888 _SRCMATCH	=	0x6182
                           006183   889 _SRCSHORTEN0	=	0x6183
                           006184   890 _SRCSHORTEN1	=	0x6184
                           006185   891 _SRCSHORTEN2	=	0x6185
                           006186   892 _SRCEXTEN0	=	0x6186
                           006187   893 _SRCEXTEN1	=	0x6187
                           006188   894 _SRCEXTEN2	=	0x6188
                           006189   895 _FRMCTRL0	=	0x6189
                           00618A   896 _FRMCTRL1	=	0x618a
                           00618B   897 _RXENABLE	=	0x618b
                           00618C   898 _RXMASKSET	=	0x618c
                           00618D   899 _RXMASKCLR	=	0x618d
                           00618E   900 _FREQTUNE	=	0x618e
                           00618F   901 _FREQCTRL	=	0x618f
                           006190   902 _TXPOWER	=	0x6190
                           006191   903 _TXCTRL	=	0x6191
                           006192   904 _FSMSTAT0	=	0x6192
                           006193   905 _FSMSTAT1	=	0x6193
                           006194   906 _FIFOPCTRL	=	0x6194
                           006195   907 _FSMCTRL	=	0x6195
                           006196   908 _CCACTRL0	=	0x6196
                           006197   909 _CCACTRL1	=	0x6197
                           006198   910 _RSSI	=	0x6198
                           006199   911 _RSSISTAT	=	0x6199
                           00619A   912 _RXFIRST	=	0x619a
                           00619B   913 _RXFIFOCNT	=	0x619b
                           00619C   914 _TXFIFOCNT	=	0x619c
                           00619D   915 _RXFIRST_PTR	=	0x619d
                           00619E   916 _RXLAST_PTR	=	0x619e
                           00619F   917 _RXP1_PTR	=	0x619f
                           0061A1   918 _TXFIRST_PTR	=	0x61a1
                           0061A2   919 _TXLAST_PTR	=	0x61a2
                           0061A3   920 _RFIRQM0	=	0x61a3
                           0061A4   921 _RFIRQM1	=	0x61a4
                           0061A5   922 _RFERRM	=	0x61a5
                           0061A7   923 _RFRND	=	0x61a7
                           0061A8   924 _MDMCTRL0	=	0x61a8
                           0061A9   925 _MDMCTRL1	=	0x61a9
                           0061AA   926 _FREQEST	=	0x61aa
                           0061AB   927 _RXCTRL	=	0x61ab
                           0061AC   928 _FSCTRL	=	0x61ac
                           0061AD   929 _FSCAL0	=	0x61ad
                           0061AE   930 _FSCAL1	=	0x61ae
                           0061AF   931 _FSCAL2	=	0x61af
                           0061B0   932 _FSCAL3	=	0x61b0
                           0061B1   933 _AGCCTRL0	=	0x61b1
                           0061B2   934 _AGCCTRL1	=	0x61b2
                           0061B3   935 _AGCCTRL2	=	0x61b3
                           0061B4   936 _AGCCTRL3	=	0x61b4
                           0061B5   937 _ADCTEST0	=	0x61b5
                           0061B6   938 _ADCTEST1	=	0x61b6
                           0061B7   939 _ADCTEST2	=	0x61b7
                           0061B8   940 _MDMTEST0	=	0x61b8
                           0061B9   941 _MDMTEST1	=	0x61b9
                           0061BA   942 _DACTEST0	=	0x61ba
                           0061BB   943 _DACTEST1	=	0x61bb
                           0061BC   944 _DACTEST2	=	0x61bc
                           0061BD   945 _ATEST	=	0x61bd
                           0061BE   946 _PTEST0	=	0x61be
                           0061BF   947 _PTEST1	=	0x61bf
                           0061FA   948 _TXFILTCFG	=	0x61fa
                           0061EB   949 _RFC_OBS_CTRL0	=	0x61eb
                           0061EC   950 _RFC_OBS_CTRL1	=	0x61ec
                           0061ED   951 _RFC_OBS_CTRL2	=	0x61ed
                           0061C0   952 _CSPPROG0	=	0x61c0
                           0061C1   953 _CSPPROG1	=	0x61c1
                           0061C2   954 _CSPPROG2	=	0x61c2
                           0061C3   955 _CSPPROG3	=	0x61c3
                           0061C4   956 _CSPPROG4	=	0x61c4
                           0061C5   957 _CSPPROG5	=	0x61c5
                           0061C6   958 _CSPPROG6	=	0x61c6
                           0061C7   959 _CSPPROG7	=	0x61c7
                           0061C8   960 _CSPPROG8	=	0x61c8
                           0061C9   961 _CSPPROG9	=	0x61c9
                           0061CA   962 _CSPPROG10	=	0x61ca
                           0061CB   963 _CSPPROG11	=	0x61cb
                           0061CC   964 _CSPPROG12	=	0x61cc
                           0061CD   965 _CSPPROG13	=	0x61cd
                           0061CE   966 _CSPPROG14	=	0x61ce
                           0061CF   967 _CSPPROG15	=	0x61cf
                           0061D0   968 _CSPPROG16	=	0x61d0
                           0061D1   969 _CSPPROG17	=	0x61d1
                           0061D2   970 _CSPPROG18	=	0x61d2
                           0061D3   971 _CSPPROG19	=	0x61d3
                           0061D4   972 _CSPPROG20	=	0x61d4
                           0061D5   973 _CSPPROG21	=	0x61d5
                           0061D6   974 _CSPPROG22	=	0x61d6
                           0061D7   975 _CSPPROG23	=	0x61d7
                           0061E0   976 _CSPCTRL	=	0x61e0
                           0061E1   977 _CSPSTAT	=	0x61e1
                           0061E2   978 _CSPX	=	0x61e2
                           0061E3   979 _CSPY	=	0x61e3
                           0061E4   980 _CSPZ	=	0x61e4
                           0061E5   981 _CSPT	=	0x61e5
                           006200   982 _USBADDR	=	0x6200
                           006201   983 _USBPOW	=	0x6201
                           006202   984 _USBIIF	=	0x6202
                           006204   985 _USBOIF	=	0x6204
                           006206   986 _USBCIF	=	0x6206
                           006207   987 _USBIIE	=	0x6207
                           006209   988 _USBOIE	=	0x6209
                           00620B   989 _USBCIE	=	0x620b
                           00620C   990 _USBFRML	=	0x620c
                           00620D   991 _USBFRMH	=	0x620d
                           00620E   992 _USBINDEX	=	0x620e
                           00620F   993 _USBCTRL	=	0x620f
                           006210   994 _USBMAXI	=	0x6210
                           006211   995 _USBCS0	=	0x6211
                           006211   996 _USBCSIL	=	0x6211
                           006212   997 _USBCSIH	=	0x6212
                           006213   998 _USBMAXO	=	0x6213
                           006214   999 _USBCSOL	=	0x6214
                           006215  1000 _USBCSOH	=	0x6215
                           006216  1001 _USBCNT0	=	0x6216
                           006216  1002 _USBCNTL	=	0x6216
                           006217  1003 _USBCNTH	=	0x6217
                           006220  1004 _USBF0	=	0x6220
                           006222  1005 _USBF1	=	0x6222
                           006224  1006 _USBF2	=	0x6224
                           006226  1007 _USBF3	=	0x6226
                           006228  1008 _USBF4	=	0x6228
                           00622A  1009 _USBF5	=	0x622a
                           007080  1010 _X_P0	=	0x7080
                           007086  1011 _X_U0CSR	=	0x7086
                           007089  1012 _X_P0IFG	=	0x7089
                           00708A  1013 _X_P1IFG	=	0x708a
                           00708B  1014 _X_P2IFG	=	0x708b
                           00708C  1015 _X_PICTL	=	0x708c
                           00708D  1016 _X_P1IEN	=	0x708d
                           00708F  1017 _X_P0INP	=	0x708f
                           007090  1018 _X_P1	=	0x7090
                           007091  1019 _X_RFIRQF1	=	0x7091
                           007093  1020 _X_MPAGE	=	0x7093
                           007093  1021 _X__XPAGE	=	0x7093
                           007094  1022 _X_T2CTRL	=	0x7094
                           007095  1023 _X_ST0	=	0x7095
                           007096  1024 _X_ST1	=	0x7096
                           007097  1025 _X_ST2	=	0x7097
                           00709C  1026 _X_T2EVTCFG	=	0x709c
                           00709D  1027 _X_SLEEPSTA	=	0x709d
                           00709E  1028 _X_CLKCONSTA	=	0x709e
                           00709F  1029 _X_FMAP	=	0x709f
                           00709F  1030 _X_PSBANK	=	0x709f
                           0070A0  1031 _X_P2	=	0x70a0
                           0070A1  1032 _X_T2IRQF	=	0x70a1
                           0070A2  1033 _X_T2M0	=	0x70a2
                           0070A3  1034 _X_T2M1	=	0x70a3
                           0070A4  1035 _X_T2MOVF0	=	0x70a4
                           0070A5  1036 _X_T2MOVF1	=	0x70a5
                           0070A6  1037 _X_T2MOVF2	=	0x70a6
                           0070A7  1038 _X_T2IRQM	=	0x70a7
                           0070AB  1039 _X_P0IEN	=	0x70ab
                           0070AC  1040 _X_P2IEN	=	0x70ac
                           0070AD  1041 _X_STLOAD	=	0x70ad
                           0070AE  1042 _X_PMUX	=	0x70ae
                           0070AF  1043 _X_T1STAT	=	0x70af
                           0070B1  1044 _X_ENCDI	=	0x70b1
                           0070B2  1045 _X_ENCDO	=	0x70b2
                           0070B3  1046 _X_ENCCS	=	0x70b3
                           0070B4  1047 _X_ADCCON1	=	0x70b4
                           0070B5  1048 _X_ADCCON2	=	0x70b5
                           0070B6  1049 _X_ADCCON3	=	0x70b6
                           0070BA  1050 _X_ADCL	=	0x70ba
                           0070BB  1051 _X_ADCH	=	0x70bb
                           0070BC  1052 _X_RNDL	=	0x70bc
                           0070BD  1053 _X_RNDH	=	0x70bd
                           0070BE  1054 _X_SLEEPCMD	=	0x70be
                           0070BF  1055 _X_RFERRF	=	0x70bf
                           0070C1  1056 _X_U0DBUF	=	0x70c1
                           0070C2  1057 _X_U0BAUD	=	0x70c2
                           0070C3  1058 _X_T2MSEL	=	0x70c3
                           0070C4  1059 _X_U0UCR	=	0x70c4
                           0070C5  1060 _X_U0GCR	=	0x70c5
                           0070C6  1061 _X_CLKCONCMD	=	0x70c6
                           0070C7  1062 _X_MEMCTR	=	0x70c7
                           0070C9  1063 _X_WDCTL	=	0x70c9
                           0070CA  1064 _X_T3CNT	=	0x70ca
                           0070CB  1065 _X_T3CTL	=	0x70cb
                           0070CC  1066 _X_T3CCTL0	=	0x70cc
                           0070CD  1067 _X_T3CC0	=	0x70cd
                           0070CE  1068 _X_T3CCTL1	=	0x70ce
                           0070CF  1069 _X_T3CC1	=	0x70cf
                           0070D1  1070 _X_DMAIRQ	=	0x70d1
                           0070D2  1071 _X_DMA1CFGL	=	0x70d2
                           0070D3  1072 _X_DMA1CFGH	=	0x70d3
                           0070D4  1073 _X_DMA0CFGL	=	0x70d4
                           0070D5  1074 _X_DMA0CFGH	=	0x70d5
                           0070D6  1075 _X_DMAARM	=	0x70d6
                           0070D7  1076 _X_DMAREQ	=	0x70d7
                           0070D8  1077 _X_TIMIF	=	0x70d8
                           0070D9  1078 _X_RFD	=	0x70d9
                           0070DA  1079 _X_T1CC0L	=	0x70da
                           0070DB  1080 _X_T1CC0H	=	0x70db
                           0070DC  1081 _X_T1CC1L	=	0x70dc
                           0070DD  1082 _X_T1CC1H	=	0x70dd
                           0070DE  1083 _X_T1CC2L	=	0x70de
                           0070DF  1084 _X_T1CC2H	=	0x70df
                           0070E1  1085 _X_RFST	=	0x70e1
                           0070E2  1086 _X_T1CNTL	=	0x70e2
                           0070E3  1087 _X_T1CNTH	=	0x70e3
                           0070E4  1088 _X_T1CTL	=	0x70e4
                           0070E5  1089 _X_T1CCTL0	=	0x70e5
                           0070E6  1090 _X_T1CCTL1	=	0x70e6
                           0070E7  1091 _X_T1CCTL2	=	0x70e7
                           0070E9  1092 _X_RFIRQF0	=	0x70e9
                           0070EA  1093 _X_T4CNT	=	0x70ea
                           0070EB  1094 _X_T4CTL	=	0x70eb
                           0070EC  1095 _X_T4CCTL0	=	0x70ec
                           0070ED  1096 _X_T4CC0	=	0x70ed
                           0070EE  1097 _X_T4CCTL1	=	0x70ee
                           0070EF  1098 _X_T4CC1	=	0x70ef
                           0070F1  1099 _X_PERCFG	=	0x70f1
                           0070F2  1100 _X_APCFG	=	0x70f2
                           0070F3  1101 _X_P0SEL	=	0x70f3
                           0070F4  1102 _X_P1SEL	=	0x70f4
                           0070F5  1103 _X_P2SEL	=	0x70f5
                           0070F6  1104 _X_P1INP	=	0x70f6
                           0070F7  1105 _X_P2INP	=	0x70f7
                           0070F8  1106 _X_U1CSR	=	0x70f8
                           0070F9  1107 _X_U1DBUF	=	0x70f9
                           0070FA  1108 _X_U1BAUD	=	0x70fa
                           0070FB  1109 _X_U1UCR	=	0x70fb
                           0070FC  1110 _X_U1GCR	=	0x70fc
                           0070FD  1111 _X_P0DIR	=	0x70fd
                           0070FE  1112 _X_P1DIR	=	0x70fe
                           0070FF  1113 _X_P2DIR	=	0x70ff
                           007800  1114 _X_INFOPAGE	=	0x7800
                           00780C  1115 _X_IEEE_ADDR	=	0x780c
                                   1116 ;--------------------------------------------------------
                                   1117 ; absolute external ram data
                                   1118 ;--------------------------------------------------------
                                   1119 	.area XABS    (ABS,XDATA)
                                   1120 ;--------------------------------------------------------
                                   1121 ; external initialized ram data
                                   1122 ;--------------------------------------------------------
                                   1123 	.area XISEG   (XDATA)
                                   1124 	.area HOME    (CODE)
                                   1125 	.area GSINIT0 (CODE)
                                   1126 	.area GSINIT1 (CODE)
                                   1127 	.area GSINIT2 (CODE)
                                   1128 	.area GSINIT3 (CODE)
                                   1129 	.area GSINIT4 (CODE)
                                   1130 	.area GSINIT5 (CODE)
                                   1131 	.area GSINIT  (CODE)
                                   1132 	.area GSFINAL (CODE)
                                   1133 	.area CSEG    (CODE)
                                   1134 ;--------------------------------------------------------
                                   1135 ; global & static initialisations
                                   1136 ;--------------------------------------------------------
                                   1137 	.area HOME    (CODE)
                                   1138 	.area GSINIT  (CODE)
                                   1139 	.area GSFINAL (CODE)
                                   1140 	.area GSINIT  (CODE)
                                   1141 ;--------------------------------------------------------
                                   1142 ; Home
                                   1143 ;--------------------------------------------------------
                                   1144 	.area HOME    (CODE)
                                   1145 	.area HOME    (CODE)
                                   1146 ;--------------------------------------------------------
                                   1147 ; code
                                   1148 ;--------------------------------------------------------
                                   1149 	.area BANK1   (CODE)
                                   1150 ;------------------------------------------------------------
                                   1151 ;Allocation info for local variables in function 'uip_split_output'
                                   1152 ;------------------------------------------------------------
                                   1153 ;tcplen                    Allocated to registers r6 r7 
                                   1154 ;len1                      Allocated to stack - sp -3
                                   1155 ;len2                      Allocated to stack - sp -1
                                   1156 ;------------------------------------------------------------
                                   1157 ;	../../../../core/net/uip-split.c:54: uip_split_output(void)
                                   1158 ;	-----------------------------------------
                                   1159 ;	 function uip_split_output
                                   1160 ;	-----------------------------------------
      000000                       1161 _uip_split_output:
                           000007  1162 	ar7 = 0x07
                           000006  1163 	ar6 = 0x06
                           000005  1164 	ar5 = 0x05
                           000004  1165 	ar4 = 0x04
                           000003  1166 	ar3 = 0x03
                           000002  1167 	ar2 = 0x02
                           000001  1168 	ar1 = 0x01
                           000000  1169 	ar0 = 0x00
      000000 E5 81            [12] 1170 	mov	a,sp
      000002 24 04            [12] 1171 	add	a,#0x04
      000004 F5 81            [12] 1172 	mov	sp,a
                                   1173 ;	../../../../core/net/uip-split.c:62: if(BUF->proto == UIP_PROTO_TCP &&
      000006 7Er00            [12] 1174 	mov	r6,#_uip_aligned_buf
      000008 7Fs00            [12] 1175 	mov	r7,#(_uip_aligned_buf >> 8)
      00000A 74 06            [12] 1176 	mov	a,#0x06
      00000C 2E               [12] 1177 	add	a,r6
      00000D F5 82            [12] 1178 	mov	dpl,a
      00000F E4               [12] 1179 	clr	a
      000010 3F               [12] 1180 	addc	a,r7
      000011 F5 83            [12] 1181 	mov	dph,a
      000013 E0               [24] 1182 	movx	a,@dptr
      000014 FF               [12] 1183 	mov	r7,a
      000015 BF 06 02         [24] 1184 	cjne	r7,#0x06,00117$
      000018 80 03            [24] 1185 	sjmp	00118$
      00001A                       1186 00117$:
      00001A 02r02r31         [24] 1187 	ljmp	00104$
      00001D                       1188 00118$:
                                   1189 ;	../../../../core/net/uip-split.c:63: uip_len >= UIP_SPLIT_SIZE + UIP_TCPIP_HLEN) {
      00001D 90r00r00         [24] 1190 	mov	dptr,#_uip_len
      000020 E0               [24] 1191 	movx	a,@dptr
      000021 FE               [12] 1192 	mov	r6,a
      000022 A3               [24] 1193 	inc	dptr
      000023 E0               [24] 1194 	movx	a,@dptr
      000024 FF               [12] 1195 	mov	r7,a
      000025 C3               [12] 1196 	clr	c
      000026 EE               [12] 1197 	mov	a,r6
      000027 94 F0            [12] 1198 	subb	a,#0xF0
      000029 EF               [12] 1199 	mov	a,r7
      00002A 94 00            [12] 1200 	subb	a,#0x00
      00002C 50 03            [24] 1201 	jnc	00119$
      00002E 02r02r31         [24] 1202 	ljmp	00104$
      000031                       1203 00119$:
                                   1204 ;	../../../../core/net/uip-split.c:65: tcplen = uip_len - UIP_TCPIP_HLEN;
      000031 EE               [12] 1205 	mov	a,r6
      000032 24 C4            [12] 1206 	add	a,#0xC4
      000034 FE               [12] 1207 	mov	r6,a
      000035 EF               [12] 1208 	mov	a,r7
      000036 34 FF            [12] 1209 	addc	a,#0xFF
                                   1210 ;	../../../../core/net/uip-split.c:68: len1 = len2 = tcplen / 2;
      000038 FF               [12] 1211 	mov	r7,a
      000039 8E 04            [24] 1212 	mov	ar4,r6
      00003B C3               [12] 1213 	clr	c
      00003C 13               [12] 1214 	rrc	a
      00003D CC               [12] 1215 	xch	a,r4
      00003E 13               [12] 1216 	rrc	a
      00003F CC               [12] 1217 	xch	a,r4
      000040 FD               [12] 1218 	mov	r5,a
      000041 A8 81            [24] 1219 	mov	r0,sp
      000043 18               [12] 1220 	dec	r0
      000044 A6 04            [24] 1221 	mov	@r0,ar4
      000046 08               [12] 1222 	inc	r0
      000047 A6 05            [24] 1223 	mov	@r0,ar5
      000049 E5 81            [12] 1224 	mov	a,sp
      00004B 24 FD            [12] 1225 	add	a,#0xfd
      00004D F8               [12] 1226 	mov	r0,a
      00004E A6 04            [24] 1227 	mov	@r0,ar4
      000050 08               [12] 1228 	inc	r0
      000051 A6 05            [24] 1229 	mov	@r0,ar5
                                   1230 ;	../../../../core/net/uip-split.c:69: if(len1 + len2 < tcplen) {
      000053 A8 81            [24] 1231 	mov	r0,sp
      000055 18               [12] 1232 	dec	r0
      000056 E6               [12] 1233 	mov	a,@r0
      000057 2C               [12] 1234 	add	a,r4
      000058 FC               [12] 1235 	mov	r4,a
      000059 08               [12] 1236 	inc	r0
      00005A E6               [12] 1237 	mov	a,@r0
      00005B 3D               [12] 1238 	addc	a,r5
      00005C FD               [12] 1239 	mov	r5,a
      00005D C3               [12] 1240 	clr	c
      00005E EC               [12] 1241 	mov	a,r4
      00005F 9E               [12] 1242 	subb	a,r6
      000060 ED               [12] 1243 	mov	a,r5
      000061 9F               [12] 1244 	subb	a,r7
      000062 50 09            [24] 1245 	jnc	00102$
                                   1246 ;	../../../../core/net/uip-split.c:70: ++len2;
      000064 A8 81            [24] 1247 	mov	r0,sp
      000066 18               [12] 1248 	dec	r0
      000067 06               [12] 1249 	inc	@r0
      000068 B6 00 02         [24] 1250 	cjne	@r0,#0x00,00121$
      00006B 08               [12] 1251 	inc	r0
      00006C 06               [12] 1252 	inc	@r0
      00006D                       1253 00121$:
      00006D                       1254 00102$:
                                   1255 ;	../../../../core/net/uip-split.c:75: uip_len = len1 + UIP_TCPIP_HLEN;
      00006D E5 81            [12] 1256 	mov	a,sp
      00006F 24 FD            [12] 1257 	add	a,#0xfd
      000071 F8               [12] 1258 	mov	r0,a
      000072 74 3C            [12] 1259 	mov	a,#0x3C
      000074 26               [12] 1260 	add	a,@r0
      000075 FC               [12] 1261 	mov	r4,a
      000076 E4               [12] 1262 	clr	a
      000077 08               [12] 1263 	inc	r0
      000078 36               [12] 1264 	addc	a,@r0
      000079 FD               [12] 1265 	mov	r5,a
      00007A 90r00r00         [24] 1266 	mov	dptr,#_uip_len
      00007D EC               [12] 1267 	mov	a,r4
      00007E F0               [24] 1268 	movx	@dptr,a
      00007F ED               [12] 1269 	mov	a,r5
      000080 A3               [24] 1270 	inc	dptr
      000081 F0               [24] 1271 	movx	@dptr,a
                                   1272 ;	../../../../core/net/uip-split.c:79: BUF->len[0] = ((uip_len - UIP_IPH_LEN) >> 8);
      000082 7Er00            [12] 1273 	mov	r6,#_uip_aligned_buf
      000084 7Fs00            [12] 1274 	mov	r7,#(_uip_aligned_buf >> 8)
      000086 8E 82            [24] 1275 	mov	dpl,r6
      000088 8F 83            [24] 1276 	mov	dph,r7
      00008A A3               [24] 1277 	inc	dptr
      00008B A3               [24] 1278 	inc	dptr
      00008C A3               [24] 1279 	inc	dptr
      00008D A3               [24] 1280 	inc	dptr
      00008E EC               [12] 1281 	mov	a,r4
      00008F 24 D8            [12] 1282 	add	a,#0xD8
      000091 ED               [12] 1283 	mov	a,r5
      000092 34 FF            [12] 1284 	addc	a,#0xFF
      000094 F0               [24] 1285 	movx	@dptr,a
                                   1286 ;	../../../../core/net/uip-split.c:80: BUF->len[1] = ((uip_len - UIP_IPH_LEN) & 0xff);
      000095 7Er00            [12] 1287 	mov	r6,#_uip_aligned_buf
      000097 7Fs00            [12] 1288 	mov	r7,#(_uip_aligned_buf >> 8)
      000099 8E 82            [24] 1289 	mov	dpl,r6
      00009B 8F 83            [24] 1290 	mov	dph,r7
      00009D A3               [24] 1291 	inc	dptr
      00009E A3               [24] 1292 	inc	dptr
      00009F A3               [24] 1293 	inc	dptr
      0000A0 A3               [24] 1294 	inc	dptr
      0000A1 A3               [24] 1295 	inc	dptr
      0000A2 EC               [12] 1296 	mov	a,r4
      0000A3 24 D8            [12] 1297 	add	a,#0xD8
      0000A5 F0               [24] 1298 	movx	@dptr,a
                                   1299 ;	../../../../core/net/uip-split.c:87: BUF->tcpchksum = 0;
      0000A6 7Er00            [12] 1300 	mov	r6,#_uip_aligned_buf
      0000A8 7Fs00            [12] 1301 	mov	r7,#(_uip_aligned_buf >> 8)
      0000AA 74 38            [12] 1302 	mov	a,#0x38
      0000AC 2E               [12] 1303 	add	a,r6
      0000AD F5 82            [12] 1304 	mov	dpl,a
      0000AF E4               [12] 1305 	clr	a
      0000B0 3F               [12] 1306 	addc	a,r7
      0000B1 F5 83            [12] 1307 	mov	dph,a
      0000B3 E4               [12] 1308 	clr	a
      0000B4 F0               [24] 1309 	movx	@dptr,a
      0000B5 E4               [12] 1310 	clr	a
      0000B6 A3               [24] 1311 	inc	dptr
      0000B7 F0               [24] 1312 	movx	@dptr,a
                                   1313 ;	../../../../core/net/uip-split.c:88: BUF->tcpchksum = ~(uip_tcpchksum());
      0000B8 7Er00            [12] 1314 	mov	r6,#_uip_aligned_buf
      0000BA 7Fs00            [12] 1315 	mov	r7,#(_uip_aligned_buf >> 8)
      0000BC 74 38            [12] 1316 	mov	a,#0x38
      0000BE 2E               [12] 1317 	add	a,r6
      0000BF FE               [12] 1318 	mov	r6,a
      0000C0 E4               [12] 1319 	clr	a
      0000C1 3F               [12] 1320 	addc	a,r7
      0000C2 FF               [12] 1321 	mov	r7,a
      0000C3 C0 07            [24] 1322 	push	ar7
      0000C5 C0 06            [24] 1323 	push	ar6
      0000C7 78r00            [12] 1324 	mov	r0,#_uip_tcpchksum
      0000C9 79s00            [12] 1325 	mov	r1,#(_uip_tcpchksum >> 8)
      0000CB 7As00            [12] 1326 	mov	r2,#(_uip_tcpchksum >> 16)
      0000CD 12r00r00         [24] 1327 	lcall	__sdcc_banked_call
      0000D0 AC 82            [24] 1328 	mov	r4,dpl
      0000D2 AD 83            [24] 1329 	mov	r5,dph
      0000D4 D0 06            [24] 1330 	pop	ar6
      0000D6 D0 07            [24] 1331 	pop	ar7
      0000D8 EC               [12] 1332 	mov	a,r4
      0000D9 F4               [12] 1333 	cpl	a
      0000DA FC               [12] 1334 	mov	r4,a
      0000DB ED               [12] 1335 	mov	a,r5
      0000DC F4               [12] 1336 	cpl	a
      0000DD FD               [12] 1337 	mov	r5,a
      0000DE 8E 82            [24] 1338 	mov	dpl,r6
      0000E0 8F 83            [24] 1339 	mov	dph,r7
      0000E2 EC               [12] 1340 	mov	a,r4
      0000E3 F0               [24] 1341 	movx	@dptr,a
      0000E4 ED               [12] 1342 	mov	a,r5
      0000E5 A3               [24] 1343 	inc	dptr
      0000E6 F0               [24] 1344 	movx	@dptr,a
                                   1345 ;	../../../../core/net/uip-split.c:99: tcpip_ipv6_output();
      0000E7 78r00            [12] 1346 	mov	r0,#_tcpip_ipv6_output
      0000E9 79s00            [12] 1347 	mov	r1,#(_tcpip_ipv6_output >> 8)
      0000EB 7As00            [12] 1348 	mov	r2,#(_tcpip_ipv6_output >> 16)
      0000ED 12r00r00         [24] 1349 	lcall	__sdcc_banked_call
                                   1350 ;	../../../../core/net/uip-split.c:109: uip_len = len2 + UIP_TCPIP_HLEN;
      0000F0 A8 81            [24] 1351 	mov	r0,sp
      0000F2 18               [12] 1352 	dec	r0
      0000F3 74 3C            [12] 1353 	mov	a,#0x3C
      0000F5 26               [12] 1354 	add	a,@r0
      0000F6 FE               [12] 1355 	mov	r6,a
      0000F7 E4               [12] 1356 	clr	a
      0000F8 08               [12] 1357 	inc	r0
      0000F9 36               [12] 1358 	addc	a,@r0
      0000FA FF               [12] 1359 	mov	r7,a
      0000FB 90r00r00         [24] 1360 	mov	dptr,#_uip_len
      0000FE EE               [12] 1361 	mov	a,r6
      0000FF F0               [24] 1362 	movx	@dptr,a
      000100 EF               [12] 1363 	mov	a,r7
      000101 A3               [24] 1364 	inc	dptr
      000102 F0               [24] 1365 	movx	@dptr,a
                                   1366 ;	../../../../core/net/uip-split.c:113: BUF->len[0] = ((uip_len - UIP_IPH_LEN) >> 8);
      000103 7Cr00            [12] 1367 	mov	r4,#_uip_aligned_buf
      000105 7Ds00            [12] 1368 	mov	r5,#(_uip_aligned_buf >> 8)
      000107 8C 82            [24] 1369 	mov	dpl,r4
      000109 8D 83            [24] 1370 	mov	dph,r5
      00010B A3               [24] 1371 	inc	dptr
      00010C A3               [24] 1372 	inc	dptr
      00010D A3               [24] 1373 	inc	dptr
      00010E A3               [24] 1374 	inc	dptr
      00010F EE               [12] 1375 	mov	a,r6
      000110 24 D8            [12] 1376 	add	a,#0xD8
      000112 EF               [12] 1377 	mov	a,r7
      000113 34 FF            [12] 1378 	addc	a,#0xFF
      000115 F0               [24] 1379 	movx	@dptr,a
                                   1380 ;	../../../../core/net/uip-split.c:114: BUF->len[1] = ((uip_len - UIP_IPH_LEN) & 0xff);
      000116 7Cr00            [12] 1381 	mov	r4,#_uip_aligned_buf
      000118 7Ds00            [12] 1382 	mov	r5,#(_uip_aligned_buf >> 8)
      00011A 8C 82            [24] 1383 	mov	dpl,r4
      00011C 8D 83            [24] 1384 	mov	dph,r5
      00011E A3               [24] 1385 	inc	dptr
      00011F A3               [24] 1386 	inc	dptr
      000120 A3               [24] 1387 	inc	dptr
      000121 A3               [24] 1388 	inc	dptr
      000122 A3               [24] 1389 	inc	dptr
      000123 EE               [12] 1390 	mov	a,r6
      000124 24 D8            [12] 1391 	add	a,#0xD8
      000126 F0               [24] 1392 	movx	@dptr,a
                                   1393 ;	../../../../core/net/uip-split.c:121: memcpy(uip_appdata, (uint8_t *)uip_appdata + len1, len2);
      000127 90r00r00         [24] 1394 	mov	dptr,#_uip_appdata
      00012A E0               [24] 1395 	movx	a,@dptr
      00012B FD               [12] 1396 	mov	r5,a
      00012C A3               [24] 1397 	inc	dptr
      00012D E0               [24] 1398 	movx	a,@dptr
      00012E FE               [12] 1399 	mov	r6,a
      00012F A3               [24] 1400 	inc	dptr
      000130 E0               [24] 1401 	movx	a,@dptr
      000131 FF               [12] 1402 	mov	r7,a
      000132 8D 02            [24] 1403 	mov	ar2,r5
      000134 8E 03            [24] 1404 	mov	ar3,r6
      000136 8F 04            [24] 1405 	mov	ar4,r7
      000138 E5 81            [12] 1406 	mov	a,sp
      00013A 24 FD            [12] 1407 	add	a,#0xfd
      00013C F8               [12] 1408 	mov	r0,a
      00013D E6               [12] 1409 	mov	a,@r0
      00013E 2A               [12] 1410 	add	a,r2
      00013F FA               [12] 1411 	mov	r2,a
      000140 08               [12] 1412 	inc	r0
      000141 E6               [12] 1413 	mov	a,@r0
      000142 3B               [12] 1414 	addc	a,r3
      000143 FB               [12] 1415 	mov	r3,a
      000144 A8 81            [24] 1416 	mov	r0,sp
      000146 18               [12] 1417 	dec	r0
      000147 E6               [12] 1418 	mov	a,@r0
      000148 C0 E0            [24] 1419 	push	acc
      00014A 08               [12] 1420 	inc	r0
      00014B E6               [12] 1421 	mov	a,@r0
      00014C C0 E0            [24] 1422 	push	acc
      00014E C0 02            [24] 1423 	push	ar2
      000150 C0 03            [24] 1424 	push	ar3
      000152 C0 04            [24] 1425 	push	ar4
      000154 8D 82            [24] 1426 	mov	dpl,r5
      000156 8E 83            [24] 1427 	mov	dph,r6
      000158 8F F0            [24] 1428 	mov	b,r7
      00015A 78r00            [12] 1429 	mov	r0,#_memcpy
      00015C 79s00            [12] 1430 	mov	r1,#(_memcpy >> 8)
      00015E 7As00            [12] 1431 	mov	r2,#(_memcpy >> 16)
      000160 12r00r00         [24] 1432 	lcall	__sdcc_banked_call
      000163 E5 81            [12] 1433 	mov	a,sp
      000165 24 FB            [12] 1434 	add	a,#0xfb
      000167 F5 81            [12] 1435 	mov	sp,a
                                   1436 ;	../../../../core/net/uip-split.c:123: uip_add32(BUF->seqno, len1);
      000169 7Er00            [12] 1437 	mov	r6,#_uip_aligned_buf
      00016B 7Fs00            [12] 1438 	mov	r7,#(_uip_aligned_buf >> 8)
      00016D 74 2C            [12] 1439 	mov	a,#0x2C
      00016F 2E               [12] 1440 	add	a,r6
      000170 FE               [12] 1441 	mov	r6,a
      000171 E4               [12] 1442 	clr	a
      000172 3F               [12] 1443 	addc	a,r7
      000173 FF               [12] 1444 	mov	r7,a
      000174 7D 00            [12] 1445 	mov	r5,#0x00
      000176 E5 81            [12] 1446 	mov	a,sp
      000178 24 FD            [12] 1447 	add	a,#0xfd
      00017A F8               [12] 1448 	mov	r0,a
      00017B E6               [12] 1449 	mov	a,@r0
      00017C C0 E0            [24] 1450 	push	acc
      00017E 08               [12] 1451 	inc	r0
      00017F E6               [12] 1452 	mov	a,@r0
      000180 C0 E0            [24] 1453 	push	acc
      000182 8E 82            [24] 1454 	mov	dpl,r6
      000184 8F 83            [24] 1455 	mov	dph,r7
      000186 8D F0            [24] 1456 	mov	b,r5
      000188 78r00            [12] 1457 	mov	r0,#_uip_add32
      00018A 79s00            [12] 1458 	mov	r1,#(_uip_add32 >> 8)
      00018C 7As00            [12] 1459 	mov	r2,#(_uip_add32 >> 16)
      00018E 12r00r00         [24] 1460 	lcall	__sdcc_banked_call
      000191 15 81            [12] 1461 	dec	sp
      000193 15 81            [12] 1462 	dec	sp
                                   1463 ;	../../../../core/net/uip-split.c:124: BUF->seqno[0] = uip_acc32[0];
      000195 7Er00            [12] 1464 	mov	r6,#_uip_aligned_buf
      000197 7Fs00            [12] 1465 	mov	r7,#(_uip_aligned_buf >> 8)
      000199 74 2C            [12] 1466 	mov	a,#0x2C
      00019B 2E               [12] 1467 	add	a,r6
      00019C FE               [12] 1468 	mov	r6,a
      00019D E4               [12] 1469 	clr	a
      00019E 3F               [12] 1470 	addc	a,r7
      00019F FF               [12] 1471 	mov	r7,a
      0001A0 90r00r00         [24] 1472 	mov	dptr,#_uip_acc32
      0001A3 E0               [24] 1473 	movx	a,@dptr
      0001A4 8E 82            [24] 1474 	mov	dpl,r6
      0001A6 8F 83            [24] 1475 	mov	dph,r7
      0001A8 F0               [24] 1476 	movx	@dptr,a
                                   1477 ;	../../../../core/net/uip-split.c:125: BUF->seqno[1] = uip_acc32[1];
      0001A9 7Er00            [12] 1478 	mov	r6,#_uip_aligned_buf
      0001AB 7Fs00            [12] 1479 	mov	r7,#(_uip_aligned_buf >> 8)
      0001AD 74 2D            [12] 1480 	mov	a,#0x2D
      0001AF 2E               [12] 1481 	add	a,r6
      0001B0 FE               [12] 1482 	mov	r6,a
      0001B1 E4               [12] 1483 	clr	a
      0001B2 3F               [12] 1484 	addc	a,r7
      0001B3 FF               [12] 1485 	mov	r7,a
      0001B4 90r00r01         [24] 1486 	mov	dptr,#(_uip_acc32 + 0x0001)
      0001B7 E0               [24] 1487 	movx	a,@dptr
      0001B8 8E 82            [24] 1488 	mov	dpl,r6
      0001BA 8F 83            [24] 1489 	mov	dph,r7
      0001BC F0               [24] 1490 	movx	@dptr,a
                                   1491 ;	../../../../core/net/uip-split.c:126: BUF->seqno[2] = uip_acc32[2];
      0001BD 7Er00            [12] 1492 	mov	r6,#_uip_aligned_buf
      0001BF 7Fs00            [12] 1493 	mov	r7,#(_uip_aligned_buf >> 8)
      0001C1 74 2E            [12] 1494 	mov	a,#0x2E
      0001C3 2E               [12] 1495 	add	a,r6
      0001C4 FE               [12] 1496 	mov	r6,a
      0001C5 E4               [12] 1497 	clr	a
      0001C6 3F               [12] 1498 	addc	a,r7
      0001C7 FF               [12] 1499 	mov	r7,a
      0001C8 90r00r02         [24] 1500 	mov	dptr,#(_uip_acc32 + 0x0002)
      0001CB E0               [24] 1501 	movx	a,@dptr
      0001CC 8E 82            [24] 1502 	mov	dpl,r6
      0001CE 8F 83            [24] 1503 	mov	dph,r7
      0001D0 F0               [24] 1504 	movx	@dptr,a
                                   1505 ;	../../../../core/net/uip-split.c:127: BUF->seqno[3] = uip_acc32[3];
      0001D1 7Er00            [12] 1506 	mov	r6,#_uip_aligned_buf
      0001D3 7Fs00            [12] 1507 	mov	r7,#(_uip_aligned_buf >> 8)
      0001D5 74 2F            [12] 1508 	mov	a,#0x2F
      0001D7 2E               [12] 1509 	add	a,r6
      0001D8 FE               [12] 1510 	mov	r6,a
      0001D9 E4               [12] 1511 	clr	a
      0001DA 3F               [12] 1512 	addc	a,r7
      0001DB FF               [12] 1513 	mov	r7,a
      0001DC 90r00r03         [24] 1514 	mov	dptr,#(_uip_acc32 + 0x0003)
      0001DF E0               [24] 1515 	movx	a,@dptr
      0001E0 8E 82            [24] 1516 	mov	dpl,r6
      0001E2 8F 83            [24] 1517 	mov	dph,r7
      0001E4 F0               [24] 1518 	movx	@dptr,a
                                   1519 ;	../../../../core/net/uip-split.c:130: BUF->tcpchksum = 0;
      0001E5 7Er00            [12] 1520 	mov	r6,#_uip_aligned_buf
      0001E7 7Fs00            [12] 1521 	mov	r7,#(_uip_aligned_buf >> 8)
      0001E9 74 38            [12] 1522 	mov	a,#0x38
      0001EB 2E               [12] 1523 	add	a,r6
      0001EC F5 82            [12] 1524 	mov	dpl,a
      0001EE E4               [12] 1525 	clr	a
      0001EF 3F               [12] 1526 	addc	a,r7
      0001F0 F5 83            [12] 1527 	mov	dph,a
      0001F2 E4               [12] 1528 	clr	a
      0001F3 F0               [24] 1529 	movx	@dptr,a
      0001F4 E4               [12] 1530 	clr	a
      0001F5 A3               [24] 1531 	inc	dptr
      0001F6 F0               [24] 1532 	movx	@dptr,a
                                   1533 ;	../../../../core/net/uip-split.c:131: BUF->tcpchksum = ~(uip_tcpchksum());
      0001F7 7Er00            [12] 1534 	mov	r6,#_uip_aligned_buf
      0001F9 7Fs00            [12] 1535 	mov	r7,#(_uip_aligned_buf >> 8)
      0001FB 74 38            [12] 1536 	mov	a,#0x38
      0001FD 2E               [12] 1537 	add	a,r6
      0001FE FE               [12] 1538 	mov	r6,a
      0001FF E4               [12] 1539 	clr	a
      000200 3F               [12] 1540 	addc	a,r7
      000201 FF               [12] 1541 	mov	r7,a
      000202 C0 07            [24] 1542 	push	ar7
      000204 C0 06            [24] 1543 	push	ar6
      000206 78r00            [12] 1544 	mov	r0,#_uip_tcpchksum
      000208 79s00            [12] 1545 	mov	r1,#(_uip_tcpchksum >> 8)
      00020A 7As00            [12] 1546 	mov	r2,#(_uip_tcpchksum >> 16)
      00020C 12r00r00         [24] 1547 	lcall	__sdcc_banked_call
      00020F AC 82            [24] 1548 	mov	r4,dpl
      000211 AD 83            [24] 1549 	mov	r5,dph
      000213 D0 06            [24] 1550 	pop	ar6
      000215 D0 07            [24] 1551 	pop	ar7
      000217 EC               [12] 1552 	mov	a,r4
      000218 F4               [12] 1553 	cpl	a
      000219 FC               [12] 1554 	mov	r4,a
      00021A ED               [12] 1555 	mov	a,r5
      00021B F4               [12] 1556 	cpl	a
      00021C FD               [12] 1557 	mov	r5,a
      00021D 8E 82            [24] 1558 	mov	dpl,r6
      00021F 8F 83            [24] 1559 	mov	dph,r7
      000221 EC               [12] 1560 	mov	a,r4
      000222 F0               [24] 1561 	movx	@dptr,a
      000223 ED               [12] 1562 	mov	a,r5
      000224 A3               [24] 1563 	inc	dptr
      000225 F0               [24] 1564 	movx	@dptr,a
                                   1565 ;	../../../../core/net/uip-split.c:142: tcpip_ipv6_output();
      000226 78r00            [12] 1566 	mov	r0,#_tcpip_ipv6_output
      000228 79s00            [12] 1567 	mov	r1,#(_tcpip_ipv6_output >> 8)
      00022A 7As00            [12] 1568 	mov	r2,#(_tcpip_ipv6_output >> 16)
      00022C 12r00r00         [24] 1569 	lcall	__sdcc_banked_call
                                   1570 ;	../../../../core/net/uip-split.c:146: return;
      00022F 80 09            [24] 1571 	sjmp	00106$
      000231                       1572 00104$:
                                   1573 ;	../../../../core/net/uip-split.c:152: tcpip_ipv6_output();
      000231 78r00            [12] 1574 	mov	r0,#_tcpip_ipv6_output
      000233 79s00            [12] 1575 	mov	r1,#(_tcpip_ipv6_output >> 8)
      000235 7As00            [12] 1576 	mov	r2,#(_tcpip_ipv6_output >> 16)
      000237 12r00r00         [24] 1577 	lcall	__sdcc_banked_call
      00023A                       1578 00106$:
      00023A E5 81            [12] 1579 	mov	a,sp
      00023C 24 FC            [12] 1580 	add	a,#0xFC
      00023E F5 81            [12] 1581 	mov	sp,a
      000240 02r00r00         [24] 1582 	ljmp	__sdcc_banked_ret
                                   1583 	.area CSEG    (CODE)
                                   1584 	.area CONST   (CODE)
                                   1585 	.area XINIT   (CODE)
                                   1586 	.area CABS    (ABS,CODE)
